<?xml version="1.0" encoding="UTF-8" standalone="no"?>
<testsuite errors="0" failures="2" name="io.cucumber.core.plugin.JUnitFormatter" skipped="0" tests="12" time="189.283">
    <testcase classname="Aetna HomePage Check" name="Aetna Student plans button check" time="16.977">
        <system-out>
            <![CDATA[Given I am in Aetna home page...............................................passed
When I click shop for a plan................................................passed
And I go Health coverage....................................................passed
And I click Student plans...................................................passed
Then I validate "Helpful links" is appeared properly........................passed
]]>
        </system-out>
    </testcase>
    <testcase classname="Aetna HomePage Check" name="Aetna Plans through an employer  check" time="16.266">
        <system-out>
            <![CDATA[Given I am in Aetna home page...............................................passed
When I click shop for a plan................................................passed
And I go Health coverage....................................................passed
And I click Plans through an employer.......................................passed
Then I validate Legal notices is appeared properly..........................passed
]]>
        </system-out>
    </testcase>
    <testcase classname="Aetna HomePage Check" name="Aetna International Plans check" time="18.253">
        <system-out>
            <![CDATA[Given I am in Aetna home page...............................................passed
When I click shop for a plan................................................passed
And I go Health coverage....................................................passed
And I click International Plans.............................................passed
Then I validate Aetna Well-being is appeared properly.......................passed
]]>
        </system-out>
    </testcase>
    <testcase classname="Aetna HomePage Check" name="Aetna find a doctor check" time="35.419">
        <failure message="element not interactable&#10;  (Session info: chrome=85.0.4183.121)&#10;Build info: version: '3.141.59', revision: 'e82be7d358', time: '2018-11-14T08:17:03'&#10;System info: host: 'Armans-MacBook-Pro.local', ip: 'fe80:0:0:0:ccc:17c9:423e:5581%en0', os.name: 'Mac OS X', os.arch: 'x86_64', os.version: '10.15.6', java.version: '11.0.7'&#10;Driver info: org.openqa.selenium.chrome.ChromeDriver&#10;Capabilities {acceptInsecureCerts: false, browserName: chrome, browserVersion: 85.0.4183.121, chrome: {chromedriverVersion: 85.0.4183.87 (cd6713ebf92fa..., userDataDir: /var/folders/kc/1437tkvj79j...}, goog:chromeOptions: {debuggerAddress: localhost:60001}, javascriptEnabled: true, networkConnectionEnabled: false, pageLoadStrategy: normal, platform: MAC, platformName: MAC, proxy: Proxy(), setWindowRect: true, strictFileInteractability: false, timeouts: {implicit: 0, pageLoad: 300000, script: 30000}, unhandledPromptBehavior: dismiss and notify, webauthn:virtualAuthenticators: true}&#10;Session ID: ff67ed226effeac370452d003bddb710" type="org.openqa.selenium.ElementNotInteractableException">
            <![CDATA[Given I am in Aetna home page...............................................passed
When I click shop for a plan................................................passed
And I go Health coverage....................................................passed
And I click find a doctor...................................................failed
Then I validate COVID-19 Alert is appeared properly.........................skipped

StackTrace:
org.openqa.selenium.ElementNotInteractableException: element not interactable
  (Session info: chrome=85.0.4183.121)
Build info: version: '3.141.59', revision: 'e82be7d358', time: '2018-11-14T08:17:03'
System info: host: 'Armans-MacBook-Pro.local', ip: 'fe80:0:0:0:ccc:17c9:423e:5581%en0', os.name: 'Mac OS X', os.arch: 'x86_64', os.version: '10.15.6', java.version: '11.0.7'
Driver info: org.openqa.selenium.chrome.ChromeDriver
Capabilities {acceptInsecureCerts: false, browserName: chrome, browserVersion: 85.0.4183.121, chrome: {chromedriverVersion: 85.0.4183.87 (cd6713ebf92fa..., userDataDir: /var/folders/kc/1437tkvj79j...}, goog:chromeOptions: {debuggerAddress: localhost:60001}, javascriptEnabled: true, networkConnectionEnabled: false, pageLoadStrategy: normal, platform: MAC, platformName: MAC, proxy: Proxy(), setWindowRect: true, strictFileInteractability: false, timeouts: {implicit: 0, pageLoad: 300000, script: 30000}, unhandledPromptBehavior: dismiss and notify, webauthn:virtualAuthenticators: true}
Session ID: ff67ed226effeac370452d003bddb710
	at java.base/jdk.internal.reflect.NativeConstructorAccessorImpl.newInstance0(Native Method)
	at java.base/jdk.internal.reflect.NativeConstructorAccessorImpl.newInstance(NativeConstructorAccessorImpl.java:62)
	at java.base/jdk.internal.reflect.DelegatingConstructorAccessorImpl.newInstance(DelegatingConstructorAccessorImpl.java:45)
	at java.base/java.lang.reflect.Constructor.newInstance(Constructor.java:490)
	at org.openqa.selenium.remote.http.W3CHttpResponseCodec.createException(W3CHttpResponseCodec.java:187)
	at org.openqa.selenium.remote.http.W3CHttpResponseCodec.decode(W3CHttpResponseCodec.java:122)
	at org.openqa.selenium.remote.http.W3CHttpResponseCodec.decode(W3CHttpResponseCodec.java:49)
	at org.openqa.selenium.remote.HttpCommandExecutor.execute(HttpCommandExecutor.java:158)
	at org.openqa.selenium.remote.service.DriverCommandExecutor.execute(DriverCommandExecutor.java:83)
	at org.openqa.selenium.remote.RemoteWebDriver.execute(RemoteWebDriver.java:552)
	at org.openqa.selenium.remote.RemoteWebElement.execute(RemoteWebElement.java:285)
	at org.openqa.selenium.remote.RemoteWebElement.click(RemoteWebElement.java:84)
	at java.base/jdk.internal.reflect.NativeMethodAccessorImpl.invoke0(Native Method)
	at java.base/jdk.internal.reflect.NativeMethodAccessorImpl.invoke(NativeMethodAccessorImpl.java:62)
	at java.base/jdk.internal.reflect.DelegatingMethodAccessorImpl.invoke(DelegatingMethodAccessorImpl.java:43)
	at java.base/java.lang.reflect.Method.invoke(Method.java:566)
	at org.openqa.selenium.support.pagefactory.internal.LocatingElementHandler.invoke(LocatingElementHandler.java:51)
	at com.sun.proxy.$Proxy25.click(Unknown Source)
	at aetnahome.AetnaHomePage.findADoctorCheck(AetnaHomePage.java:107)
	at stepdefinitions.HomePageStepDefinition.i_click_find_a_doctor(HomePageStepDefinition.java:88)
	at ✽.I click find a doctor(file:///Users/arman430/IdeaProjects/BDDWebAutomationFramework_WA_NY_Team2/Aetna/src/test/java/features/AetnaHomePage.feature:32)
]]>
        </failure>
    </testcase>
    <testcase classname="Aetna HomePage Check" name="Aetna dental plans check" time="10.425">
        <system-out>
            <![CDATA[Given I am in Aetna home page...............................................passed
When I click shop for a plan................................................passed
And I click on dental, vision and supplemental..............................passed
And I click dental plans....................................................passed
Then I validate Legal notices is appeared properly..........................passed
]]>
        </system-out>
    </testcase>
    <testcase classname="Aetna HomePage Check" name="Aetna find a dentist button check" time="13.722">
        <system-out>
            <![CDATA[Given I am in Aetna home page...............................................passed
When I click shop for a plan................................................passed
And I click on dental, vision and supplemental..............................passed
And I click find a dentist..................................................passed
Then I validate You Can: is appeared properly...............................passed
]]>
        </system-out>
    </testcase>
    <testcase classname="Aetna HomePage Check" name="Aetna vision plans button check" time="10.691">
        <system-out>
            <![CDATA[Given I am in Aetna home page...............................................passed
When I click shop for a plan................................................passed
And I click on dental, vision and supplemental..............................passed
And I click vision plans....................................................passed
Then I validate Aetna Dental Direct plan is appeared properly...............passed
]]>
        </system-out>
    </testcase>
    <testcase classname="Aetna HomePage Check" name="Aetna Shop a plan test" time="13.659">
        <system-out>
            <![CDATA[Given I am in Aetna home page...............................................passed
When I click shop for a plan................................................passed
And I go dental, vision and supplemental....................................passed
And I click find an eye doctor..............................................passed
Then I validate You Can: is appeared properly...............................passed
]]>
        </system-out>
    </testcase>
    <testcase classname="Aetna HomePage Check" name="Aetna Shop a plan  test" time="31.405">
        <failure message="no such element: Unable to locate element: {&quot;method&quot;:&quot;xpath&quot;,&quot;selector&quot;:&quot;//*[@id=&quot;textParagraph_191&quot;]&quot;}&#10;  (Session info: chrome=85.0.4183.121)&#10;For documentation on this error, please visit: https://www.seleniumhq.org/exceptions/no_such_element.html&#10;Build info: version: '3.141.59', revision: 'e82be7d358', time: '2018-11-14T08:17:03'&#10;System info: host: 'Armans-MacBook-Pro.local', ip: 'fe80:0:0:0:ccc:17c9:423e:5581%en0', os.name: 'Mac OS X', os.arch: 'x86_64', os.version: '10.15.6', java.version: '11.0.7'&#10;Driver info: org.openqa.selenium.chrome.ChromeDriver&#10;Capabilities {acceptInsecureCerts: false, browserName: chrome, browserVersion: 85.0.4183.121, chrome: {chromedriverVersion: 85.0.4183.87 (cd6713ebf92fa..., userDataDir: /var/folders/kc/1437tkvj79j...}, goog:chromeOptions: {debuggerAddress: localhost:60503}, javascriptEnabled: true, networkConnectionEnabled: false, pageLoadStrategy: normal, platform: MAC, platformName: MAC, proxy: Proxy(), setWindowRect: true, strictFileInteractability: false, timeouts: {implicit: 0, pageLoad: 300000, script: 30000}, unhandledPromptBehavior: dismiss and notify, webauthn:virtualAuthenticators: true}&#10;Session ID: b01135db04bf584902f7e1394da151e7&#10;*** Element info: {Using=xpath, value=//*[@id=&quot;textParagraph_191&quot;]}" type="org.openqa.selenium.NoSuchElementException">
            <![CDATA[Given I am in Aetna home page...............................................passed
When I click shop for a plan................................................passed
And I go dental, vision and supplemental....................................passed
And I click supplemental plans..............................................passed
Then I validate You Can: is appeared properly...............................failed

StackTrace:
org.openqa.selenium.NoSuchElementException: no such element: Unable to locate element: {"method":"xpath","selector":"//*[@id="textParagraph_191"]"}
  (Session info: chrome=85.0.4183.121)
For documentation on this error, please visit: https://www.seleniumhq.org/exceptions/no_such_element.html
Build info: version: '3.141.59', revision: 'e82be7d358', time: '2018-11-14T08:17:03'
System info: host: 'Armans-MacBook-Pro.local', ip: 'fe80:0:0:0:ccc:17c9:423e:5581%en0', os.name: 'Mac OS X', os.arch: 'x86_64', os.version: '10.15.6', java.version: '11.0.7'
Driver info: org.openqa.selenium.chrome.ChromeDriver
Capabilities {acceptInsecureCerts: false, browserName: chrome, browserVersion: 85.0.4183.121, chrome: {chromedriverVersion: 85.0.4183.87 (cd6713ebf92fa..., userDataDir: /var/folders/kc/1437tkvj79j...}, goog:chromeOptions: {debuggerAddress: localhost:60503}, javascriptEnabled: true, networkConnectionEnabled: false, pageLoadStrategy: normal, platform: MAC, platformName: MAC, proxy: Proxy(), setWindowRect: true, strictFileInteractability: false, timeouts: {implicit: 0, pageLoad: 300000, script: 30000}, unhandledPromptBehavior: dismiss and notify, webauthn:virtualAuthenticators: true}
Session ID: b01135db04bf584902f7e1394da151e7
*** Element info: {Using=xpath, value=//*[@id="textParagraph_191"]}
	at java.base/jdk.internal.reflect.NativeConstructorAccessorImpl.newInstance0(Native Method)
	at java.base/jdk.internal.reflect.NativeConstructorAccessorImpl.newInstance(NativeConstructorAccessorImpl.java:62)
	at java.base/jdk.internal.reflect.DelegatingConstructorAccessorImpl.newInstance(DelegatingConstructorAccessorImpl.java:45)
	at java.base/java.lang.reflect.Constructor.newInstance(Constructor.java:490)
	at org.openqa.selenium.remote.http.W3CHttpResponseCodec.createException(W3CHttpResponseCodec.java:187)
	at org.openqa.selenium.remote.http.W3CHttpResponseCodec.decode(W3CHttpResponseCodec.java:122)
	at org.openqa.selenium.remote.http.W3CHttpResponseCodec.decode(W3CHttpResponseCodec.java:49)
	at org.openqa.selenium.remote.HttpCommandExecutor.execute(HttpCommandExecutor.java:158)
	at org.openqa.selenium.remote.service.DriverCommandExecutor.execute(DriverCommandExecutor.java:83)
	at org.openqa.selenium.remote.RemoteWebDriver.execute(RemoteWebDriver.java:552)
	at org.openqa.selenium.remote.RemoteWebDriver.findElement(RemoteWebDriver.java:323)
	at org.openqa.selenium.remote.RemoteWebDriver.findElementByXPath(RemoteWebDriver.java:428)
	at org.openqa.selenium.By$ByXPath.findElement(By.java:353)
	at org.openqa.selenium.remote.RemoteWebDriver.findElement(RemoteWebDriver.java:315)
	at org.openqa.selenium.support.pagefactory.DefaultElementLocator.findElement(DefaultElementLocator.java:69)
	at org.openqa.selenium.support.pagefactory.internal.LocatingElementHandler.invoke(LocatingElementHandler.java:38)
	at com.sun.proxy.$Proxy25.getText(Unknown Source)
	at aetnahome.AetnaHomePage.validateFindADentistCheck(AetnaHomePage.java:129)
	at stepdefinitions.HomePageStepDefinition.i_validate_you_can_is_appeared_properly(HomePageStepDefinition.java:120)
	at ✽.I validate You Can: is appeared properly(file:///Users/arman430/IdeaProjects/BDDWebAutomationFramework_WA_NY_Team2/Aetna/src/test/java/features/AetnaHomePage.feature:68)
]]>
        </failure>
    </testcase>
    <testcase classname="Aetna HomePage Check" name="Aetna Shop a plan  test 2" time="7.262">
        <system-out>
            <![CDATA[Given I am in Aetna home page...............................................passed
When I click shop for a plan................................................passed
And I go pharmacy element...................................................passed
And I click Get pharmacy plan information...................................passed
Then I validate Aetna Medicare is appeared properly.........................passed
]]>
        </system-out>
    </testcase>
    <testcase classname="Aetna HomePage Check" name="Aetna Shop a plan  test 3" time="7.492">
        <system-out>
            <![CDATA[Given I am in Aetna home page...............................................passed
When I click shop for a plan................................................passed
And I go pharmacy element...................................................passed
And I click find a pharmacy.................................................passed
Then I validate *Required Selections is appeared properly...................passed
]]>
        </system-out>
    </testcase>
    <testcase classname="Aetna HomePage Check" name="Aetna Shop a plan test" time="7.273">
        <system-out>
            <![CDATA[Given I am in Aetna home page...............................................passed
When I click shop for a plan................................................passed
And I go pharmacy element...................................................passed
And I click find medicine and costs.........................................passed
Then I validate Already a member? is appeared properly......................passed
]]>
        </system-out>
    </testcase>
</testsuite>
