<?xml version="1.0" encoding="UTF-8" standalone="no"?>
<testsuite errors="0" failures="6" name="io.cucumber.core.plugin.JUnitFormatter" skipped="0" tests="12" time="187.321">
    <testcase classname="Aetna home page functionality test" name="Aetna Shop a plan student plans test" time="13.63">
        <system-out>
            <![CDATA[Given I am on Aetna home page...............................................passed
When I click shop for a plan................................................passed
And I go Health coverage....................................................passed
And I click Student plans...................................................passed
Then I validate "Helpful links" is appeared properly........................passed
]]>
        </system-out>
    </testcase>
    <testcase classname="Aetna home page functionality test" name="Aetna Shop a plan through an employer test" time="7.219">
        <system-out>
            <![CDATA[Given I am on Aetna home page...............................................passed
When I click shop for a plan................................................passed
And I go Health coverage....................................................passed
And I click Plans through an employer.......................................passed
Then I validate Legal notices is appeared properly..........................passed
]]>
        </system-out>
    </testcase>
    <testcase classname="Aetna home page functionality test" name="Aetna shop a plan international plans test" time="9.556">
        <system-out>
            <![CDATA[Given I am on Aetna home page...............................................passed
When I click shop for a plan................................................passed
And I go Health coverage....................................................passed
And I click International Plans.............................................passed
Then I validate Aetna Well-being is appeared properly.......................passed
]]>
        </system-out>
    </testcase>
    <testcase classname="Aetna home page functionality test" name="Aetna Shop a plan find a doctor test" time="23.376">
        <failure message="no such element: Unable to locate element: {&quot;method&quot;:&quot;xpath&quot;,&quot;selector&quot;:&quot;//h2[contains(text(),'Already a member?')]&quot;}&#10;  (Session info: chrome=85.0.4183.121)&#10;For documentation on this error, please visit: https://www.seleniumhq.org/exceptions/no_such_element.html&#10;Build info: version: '3.141.59', revision: 'e82be7d358', time: '2018-11-14T08:17:03'&#10;System info: host: 'Syeds-MacBook-Pro.local', ip: '2604:2000:b102:8800:24ab:2c28:90a:c5df%en0', os.name: 'Mac OS X', os.arch: 'x86_64', os.version: '10.14.6', java.version: '11.0.8'&#10;Driver info: org.openqa.selenium.chrome.ChromeDriver&#10;Capabilities {acceptInsecureCerts: false, browserName: chrome, browserVersion: 85.0.4183.121, chrome: {chromedriverVersion: 85.0.4183.87 (cd6713ebf92fa..., userDataDir: /var/folders/4y/llbfbmfx3tv...}, goog:chromeOptions: {debuggerAddress: localhost:55658}, javascriptEnabled: true, networkConnectionEnabled: false, pageLoadStrategy: normal, platform: MAC, platformName: MAC, proxy: Proxy(), setWindowRect: true, strictFileInteractability: false, timeouts: {implicit: 0, pageLoad: 300000, script: 30000}, unhandledPromptBehavior: dismiss and notify, webauthn:virtualAuthenticators: true}&#10;Session ID: 3f154e46784dee340f04dc5e8dd120d1&#10;*** Element info: {Using=xpath, value=//h2[contains(text(),'Already a member?')]}" type="org.openqa.selenium.NoSuchElementException">
            <![CDATA[Given I am on Aetna home page...............................................passed
When I click shop for a plan................................................passed
And I go Health coverage....................................................passed
And I click find a doctor...................................................passed
Then I validate Already a member? is appeared properly......................failed

StackTrace:
org.openqa.selenium.NoSuchElementException: no such element: Unable to locate element: {"method":"xpath","selector":"//h2[contains(text(),'Already a member?')]"}
  (Session info: chrome=85.0.4183.121)
For documentation on this error, please visit: https://www.seleniumhq.org/exceptions/no_such_element.html
Build info: version: '3.141.59', revision: 'e82be7d358', time: '2018-11-14T08:17:03'
System info: host: 'Syeds-MacBook-Pro.local', ip: '2604:2000:b102:8800:24ab:2c28:90a:c5df%en0', os.name: 'Mac OS X', os.arch: 'x86_64', os.version: '10.14.6', java.version: '11.0.8'
Driver info: org.openqa.selenium.chrome.ChromeDriver
Capabilities {acceptInsecureCerts: false, browserName: chrome, browserVersion: 85.0.4183.121, chrome: {chromedriverVersion: 85.0.4183.87 (cd6713ebf92fa..., userDataDir: /var/folders/4y/llbfbmfx3tv...}, goog:chromeOptions: {debuggerAddress: localhost:55658}, javascriptEnabled: true, networkConnectionEnabled: false, pageLoadStrategy: normal, platform: MAC, platformName: MAC, proxy: Proxy(), setWindowRect: true, strictFileInteractability: false, timeouts: {implicit: 0, pageLoad: 300000, script: 30000}, unhandledPromptBehavior: dismiss and notify, webauthn:virtualAuthenticators: true}
Session ID: 3f154e46784dee340f04dc5e8dd120d1
*** Element info: {Using=xpath, value=//h2[contains(text(),'Already a member?')]}
	at java.base/jdk.internal.reflect.NativeConstructorAccessorImpl.newInstance0(Native Method)
	at java.base/jdk.internal.reflect.NativeConstructorAccessorImpl.newInstance(NativeConstructorAccessorImpl.java:62)
	at java.base/jdk.internal.reflect.DelegatingConstructorAccessorImpl.newInstance(DelegatingConstructorAccessorImpl.java:45)
	at java.base/java.lang.reflect.Constructor.newInstance(Constructor.java:490)
	at org.openqa.selenium.remote.http.W3CHttpResponseCodec.createException(W3CHttpResponseCodec.java:187)
	at org.openqa.selenium.remote.http.W3CHttpResponseCodec.decode(W3CHttpResponseCodec.java:122)
	at org.openqa.selenium.remote.http.W3CHttpResponseCodec.decode(W3CHttpResponseCodec.java:49)
	at org.openqa.selenium.remote.HttpCommandExecutor.execute(HttpCommandExecutor.java:158)
	at org.openqa.selenium.remote.service.DriverCommandExecutor.execute(DriverCommandExecutor.java:83)
	at org.openqa.selenium.remote.RemoteWebDriver.execute(RemoteWebDriver.java:552)
	at org.openqa.selenium.remote.RemoteWebDriver.findElement(RemoteWebDriver.java:323)
	at org.openqa.selenium.remote.RemoteWebDriver.findElementByXPath(RemoteWebDriver.java:428)
	at org.openqa.selenium.By$ByXPath.findElement(By.java:353)
	at org.openqa.selenium.remote.RemoteWebDriver.findElement(RemoteWebDriver.java:315)
	at org.openqa.selenium.support.pagefactory.DefaultElementLocator.findElement(DefaultElementLocator.java:69)
	at org.openqa.selenium.support.pagefactory.internal.LocatingElementHandler.invoke(LocatingElementHandler.java:38)
	at com.sun.proxy.$Proxy26.getText(Unknown Source)
	at aetnahome.HomePage.validateFindAMedicineAndCostsCheck(HomePage.java:188)
	at stepdefinitions.HomePageStepDefinition.i_validate_already_a_member_is_appeared_properly(HomePageStepDefinition.java:183)
	at ✽.I validate Already a member? is appeared properly(file:///Users/syedhussain/IdeaProjects/BDDWebAutomationFramework_WA_NY_Team2/Aetna/src/test/java/features/HomePage.feature:32)
]]>
        </failure>
    </testcase>
    <testcase classname="Aetna home page functionality test" name="Aetna Shop a plan dental plans test" time="20.169">
        <failure message="element not interactable&#10;  (Session info: chrome=85.0.4183.121)&#10;Build info: version: '3.141.59', revision: 'e82be7d358', time: '2018-11-14T08:17:03'&#10;System info: host: 'Syeds-MacBook-Pro.local', ip: '2604:2000:b102:8800:24ab:2c28:90a:c5df%en0', os.name: 'Mac OS X', os.arch: 'x86_64', os.version: '10.14.6', java.version: '11.0.8'&#10;Driver info: org.openqa.selenium.chrome.ChromeDriver&#10;Capabilities {acceptInsecureCerts: false, browserName: chrome, browserVersion: 85.0.4183.121, chrome: {chromedriverVersion: 85.0.4183.87 (cd6713ebf92fa..., userDataDir: /var/folders/4y/llbfbmfx3tv...}, goog:chromeOptions: {debuggerAddress: localhost:55864}, javascriptEnabled: true, networkConnectionEnabled: false, pageLoadStrategy: normal, platform: MAC, platformName: MAC, proxy: Proxy(), setWindowRect: true, strictFileInteractability: false, timeouts: {implicit: 0, pageLoad: 300000, script: 30000}, unhandledPromptBehavior: dismiss and notify, webauthn:virtualAuthenticators: true}&#10;Session ID: 7903b1941b5aed5617da9e583c6c82e5" type="org.openqa.selenium.ElementNotInteractableException">
            <![CDATA[Given I am on Aetna home page...............................................passed
When I click shop for a plan................................................passed
And I go dental, vision and supplemental....................................failed
And I click dental plans....................................................skipped
Then I validate Legal notices is appeared properly..........................skipped

StackTrace:
org.openqa.selenium.ElementNotInteractableException: element not interactable
  (Session info: chrome=85.0.4183.121)
Build info: version: '3.141.59', revision: 'e82be7d358', time: '2018-11-14T08:17:03'
System info: host: 'Syeds-MacBook-Pro.local', ip: '2604:2000:b102:8800:24ab:2c28:90a:c5df%en0', os.name: 'Mac OS X', os.arch: 'x86_64', os.version: '10.14.6', java.version: '11.0.8'
Driver info: org.openqa.selenium.chrome.ChromeDriver
Capabilities {acceptInsecureCerts: false, browserName: chrome, browserVersion: 85.0.4183.121, chrome: {chromedriverVersion: 85.0.4183.87 (cd6713ebf92fa..., userDataDir: /var/folders/4y/llbfbmfx3tv...}, goog:chromeOptions: {debuggerAddress: localhost:55864}, javascriptEnabled: true, networkConnectionEnabled: false, pageLoadStrategy: normal, platform: MAC, platformName: MAC, proxy: Proxy(), setWindowRect: true, strictFileInteractability: false, timeouts: {implicit: 0, pageLoad: 300000, script: 30000}, unhandledPromptBehavior: dismiss and notify, webauthn:virtualAuthenticators: true}
Session ID: 7903b1941b5aed5617da9e583c6c82e5
	at java.base/jdk.internal.reflect.NativeConstructorAccessorImpl.newInstance0(Native Method)
	at java.base/jdk.internal.reflect.NativeConstructorAccessorImpl.newInstance(NativeConstructorAccessorImpl.java:62)
	at java.base/jdk.internal.reflect.DelegatingConstructorAccessorImpl.newInstance(DelegatingConstructorAccessorImpl.java:45)
	at java.base/java.lang.reflect.Constructor.newInstance(Constructor.java:490)
	at org.openqa.selenium.remote.http.W3CHttpResponseCodec.createException(W3CHttpResponseCodec.java:187)
	at org.openqa.selenium.remote.http.W3CHttpResponseCodec.decode(W3CHttpResponseCodec.java:122)
	at org.openqa.selenium.remote.http.W3CHttpResponseCodec.decode(W3CHttpResponseCodec.java:49)
	at org.openqa.selenium.remote.HttpCommandExecutor.execute(HttpCommandExecutor.java:158)
	at org.openqa.selenium.remote.service.DriverCommandExecutor.execute(DriverCommandExecutor.java:83)
	at org.openqa.selenium.remote.RemoteWebDriver.execute(RemoteWebDriver.java:552)
	at org.openqa.selenium.remote.RemoteWebElement.execute(RemoteWebElement.java:285)
	at org.openqa.selenium.remote.RemoteWebElement.click(RemoteWebElement.java:84)
	at java.base/jdk.internal.reflect.NativeMethodAccessorImpl.invoke0(Native Method)
	at java.base/jdk.internal.reflect.NativeMethodAccessorImpl.invoke(NativeMethodAccessorImpl.java:62)
	at java.base/jdk.internal.reflect.DelegatingMethodAccessorImpl.invoke(DelegatingMethodAccessorImpl.java:43)
	at java.base/java.lang.reflect.Method.invoke(Method.java:566)
	at org.openqa.selenium.support.pagefactory.internal.LocatingElementHandler.invoke(LocatingElementHandler.java:51)
	at com.sun.proxy.$Proxy26.click(Unknown Source)
	at aetnahome.HomePage.dentalAndVisionCheck(HomePage.java:114)
	at stepdefinitions.HomePageStepDefinition.i_go_dental_vision_and_supplemental(HomePageStepDefinition.java:101)
	at ✽.I go dental, vision and supplemental(file:///Users/syedhussain/IdeaProjects/BDDWebAutomationFramework_WA_NY_Team2/Aetna/src/test/java/features/HomePage.feature:37)
]]>
        </failure>
    </testcase>
    <testcase classname="Aetna home page functionality test" name="Aetna Shop a plan dentist test" time="11.224">
        <system-out>
            <![CDATA[Given I am on Aetna home page...............................................passed
When I click shop for a plan................................................passed
And I go dental, vision and supplemental....................................passed
And I click find a dentist..................................................passed
Then I validate You Can: is appeared properly...............................passed
]]>
        </system-out>
    </testcase>
    <testcase classname="Aetna home page functionality test" name="Aetna Shop a plan vision plans test" time="11.243">
        <system-out>
            <![CDATA[Given I am on Aetna home page...............................................passed
When I click shop for a plan................................................passed
And I go dental, vision and supplemental....................................passed
And I click vision plans....................................................passed
Then I validate Aetna Dental Direct plan is appeared properly...............passed
]]>
        </system-out>
    </testcase>
    <testcase classname="Aetna home page functionality test" name="Aetna Shop a plan functionality test" time="22.481">
        <failure message="element not interactable&#10;  (Session info: chrome=85.0.4183.121)&#10;Build info: version: '3.141.59', revision: 'e82be7d358', time: '2018-11-14T08:17:03'&#10;System info: host: 'Syeds-MacBook-Pro.local', ip: '2604:2000:b102:8800:24ab:2c28:90a:c5df%en0', os.name: 'Mac OS X', os.arch: 'x86_64', os.version: '10.14.6', java.version: '11.0.8'&#10;Driver info: org.openqa.selenium.chrome.ChromeDriver&#10;Capabilities {acceptInsecureCerts: false, browserName: chrome, browserVersion: 85.0.4183.121, chrome: {chromedriverVersion: 85.0.4183.87 (cd6713ebf92fa..., userDataDir: /var/folders/4y/llbfbmfx3tv...}, goog:chromeOptions: {debuggerAddress: localhost:56336}, javascriptEnabled: true, networkConnectionEnabled: false, pageLoadStrategy: normal, platform: MAC, platformName: MAC, proxy: Proxy(), setWindowRect: true, strictFileInteractability: false, timeouts: {implicit: 0, pageLoad: 300000, script: 30000}, unhandledPromptBehavior: dismiss and notify, webauthn:virtualAuthenticators: true}&#10;Session ID: 5d6b9748dec6547cc5a1a6abbe358acf" type="org.openqa.selenium.ElementNotInteractableException">
            <![CDATA[Given I am on Aetna home page...............................................passed
When I click shop for a plan................................................passed
And I go dental, vision and supplemental....................................failed
And I click find an eye doctor..............................................skipped
Then I validate You Can: is appeared properly...............................skipped

StackTrace:
org.openqa.selenium.ElementNotInteractableException: element not interactable
  (Session info: chrome=85.0.4183.121)
Build info: version: '3.141.59', revision: 'e82be7d358', time: '2018-11-14T08:17:03'
System info: host: 'Syeds-MacBook-Pro.local', ip: '2604:2000:b102:8800:24ab:2c28:90a:c5df%en0', os.name: 'Mac OS X', os.arch: 'x86_64', os.version: '10.14.6', java.version: '11.0.8'
Driver info: org.openqa.selenium.chrome.ChromeDriver
Capabilities {acceptInsecureCerts: false, browserName: chrome, browserVersion: 85.0.4183.121, chrome: {chromedriverVersion: 85.0.4183.87 (cd6713ebf92fa..., userDataDir: /var/folders/4y/llbfbmfx3tv...}, goog:chromeOptions: {debuggerAddress: localhost:56336}, javascriptEnabled: true, networkConnectionEnabled: false, pageLoadStrategy: normal, platform: MAC, platformName: MAC, proxy: Proxy(), setWindowRect: true, strictFileInteractability: false, timeouts: {implicit: 0, pageLoad: 300000, script: 30000}, unhandledPromptBehavior: dismiss and notify, webauthn:virtualAuthenticators: true}
Session ID: 5d6b9748dec6547cc5a1a6abbe358acf
	at java.base/jdk.internal.reflect.NativeConstructorAccessorImpl.newInstance0(Native Method)
	at java.base/jdk.internal.reflect.NativeConstructorAccessorImpl.newInstance(NativeConstructorAccessorImpl.java:62)
	at java.base/jdk.internal.reflect.DelegatingConstructorAccessorImpl.newInstance(DelegatingConstructorAccessorImpl.java:45)
	at java.base/java.lang.reflect.Constructor.newInstance(Constructor.java:490)
	at org.openqa.selenium.remote.http.W3CHttpResponseCodec.createException(W3CHttpResponseCodec.java:187)
	at org.openqa.selenium.remote.http.W3CHttpResponseCodec.decode(W3CHttpResponseCodec.java:122)
	at org.openqa.selenium.remote.http.W3CHttpResponseCodec.decode(W3CHttpResponseCodec.java:49)
	at org.openqa.selenium.remote.HttpCommandExecutor.execute(HttpCommandExecutor.java:158)
	at org.openqa.selenium.remote.service.DriverCommandExecutor.execute(DriverCommandExecutor.java:83)
	at org.openqa.selenium.remote.RemoteWebDriver.execute(RemoteWebDriver.java:552)
	at org.openqa.selenium.remote.RemoteWebElement.execute(RemoteWebElement.java:285)
	at org.openqa.selenium.remote.RemoteWebElement.click(RemoteWebElement.java:84)
	at jdk.internal.reflect.GeneratedMethodAccessor92.invoke(Unknown Source)
	at java.base/jdk.internal.reflect.DelegatingMethodAccessorImpl.invoke(DelegatingMethodAccessorImpl.java:43)
	at java.base/java.lang.reflect.Method.invoke(Method.java:566)
	at org.openqa.selenium.support.pagefactory.internal.LocatingElementHandler.invoke(LocatingElementHandler.java:51)
	at com.sun.proxy.$Proxy26.click(Unknown Source)
	at aetnahome.HomePage.dentalAndVisionCheck(HomePage.java:114)
	at stepdefinitions.HomePageStepDefinition.i_go_dental_vision_and_supplemental(HomePageStepDefinition.java:101)
	at ✽.I go dental, vision and supplemental(file:///Users/syedhussain/IdeaProjects/BDDWebAutomationFramework_WA_NY_Team2/Aetna/src/test/java/features/ShopAPlan.feature:9)
]]>
        </failure>
    </testcase>
    <testcase classname="Aetna home page functionality test" name="Aetna Shop a plan functionality test 2" time="20.989">
        <failure message="element not interactable&#10;  (Session info: chrome=85.0.4183.121)&#10;Build info: version: '3.141.59', revision: 'e82be7d358', time: '2018-11-14T08:17:03'&#10;System info: host: 'Syeds-MacBook-Pro.local', ip: '2604:2000:b102:8800:24ab:2c28:90a:c5df%en0', os.name: 'Mac OS X', os.arch: 'x86_64', os.version: '10.14.6', java.version: '11.0.8'&#10;Driver info: org.openqa.selenium.chrome.ChromeDriver&#10;Capabilities {acceptInsecureCerts: false, browserName: chrome, browserVersion: 85.0.4183.121, chrome: {chromedriverVersion: 85.0.4183.87 (cd6713ebf92fa..., userDataDir: /var/folders/4y/llbfbmfx3tv...}, goog:chromeOptions: {debuggerAddress: localhost:56514}, javascriptEnabled: true, networkConnectionEnabled: false, pageLoadStrategy: normal, platform: MAC, platformName: MAC, proxy: Proxy(), setWindowRect: true, strictFileInteractability: false, timeouts: {implicit: 0, pageLoad: 300000, script: 30000}, unhandledPromptBehavior: dismiss and notify, webauthn:virtualAuthenticators: true}&#10;Session ID: 1ebdc6419b9df365bf9cbbc2e1cdf668" type="org.openqa.selenium.ElementNotInteractableException">
            <![CDATA[Given I am on Aetna home page...............................................passed
When I click shop for a plan................................................passed
And I go dental, vision and supplemental....................................failed
And I click supplemental plans..............................................skipped
Then I validate You Can: is appeared properly...............................skipped

StackTrace:
org.openqa.selenium.ElementNotInteractableException: element not interactable
  (Session info: chrome=85.0.4183.121)
Build info: version: '3.141.59', revision: 'e82be7d358', time: '2018-11-14T08:17:03'
System info: host: 'Syeds-MacBook-Pro.local', ip: '2604:2000:b102:8800:24ab:2c28:90a:c5df%en0', os.name: 'Mac OS X', os.arch: 'x86_64', os.version: '10.14.6', java.version: '11.0.8'
Driver info: org.openqa.selenium.chrome.ChromeDriver
Capabilities {acceptInsecureCerts: false, browserName: chrome, browserVersion: 85.0.4183.121, chrome: {chromedriverVersion: 85.0.4183.87 (cd6713ebf92fa..., userDataDir: /var/folders/4y/llbfbmfx3tv...}, goog:chromeOptions: {debuggerAddress: localhost:56514}, javascriptEnabled: true, networkConnectionEnabled: false, pageLoadStrategy: normal, platform: MAC, platformName: MAC, proxy: Proxy(), setWindowRect: true, strictFileInteractability: false, timeouts: {implicit: 0, pageLoad: 300000, script: 30000}, unhandledPromptBehavior: dismiss and notify, webauthn:virtualAuthenticators: true}
Session ID: 1ebdc6419b9df365bf9cbbc2e1cdf668
	at java.base/jdk.internal.reflect.NativeConstructorAccessorImpl.newInstance0(Native Method)
	at java.base/jdk.internal.reflect.NativeConstructorAccessorImpl.newInstance(NativeConstructorAccessorImpl.java:62)
	at java.base/jdk.internal.reflect.DelegatingConstructorAccessorImpl.newInstance(DelegatingConstructorAccessorImpl.java:45)
	at java.base/java.lang.reflect.Constructor.newInstance(Constructor.java:490)
	at org.openqa.selenium.remote.http.W3CHttpResponseCodec.createException(W3CHttpResponseCodec.java:187)
	at org.openqa.selenium.remote.http.W3CHttpResponseCodec.decode(W3CHttpResponseCodec.java:122)
	at org.openqa.selenium.remote.http.W3CHttpResponseCodec.decode(W3CHttpResponseCodec.java:49)
	at org.openqa.selenium.remote.HttpCommandExecutor.execute(HttpCommandExecutor.java:158)
	at org.openqa.selenium.remote.service.DriverCommandExecutor.execute(DriverCommandExecutor.java:83)
	at org.openqa.selenium.remote.RemoteWebDriver.execute(RemoteWebDriver.java:552)
	at org.openqa.selenium.remote.RemoteWebElement.execute(RemoteWebElement.java:285)
	at org.openqa.selenium.remote.RemoteWebElement.click(RemoteWebElement.java:84)
	at jdk.internal.reflect.GeneratedMethodAccessor92.invoke(Unknown Source)
	at java.base/jdk.internal.reflect.DelegatingMethodAccessorImpl.invoke(DelegatingMethodAccessorImpl.java:43)
	at java.base/java.lang.reflect.Method.invoke(Method.java:566)
	at org.openqa.selenium.support.pagefactory.internal.LocatingElementHandler.invoke(LocatingElementHandler.java:51)
	at com.sun.proxy.$Proxy26.click(Unknown Source)
	at aetnahome.HomePage.dentalAndVisionCheck(HomePage.java:114)
	at stepdefinitions.HomePageStepDefinition.i_go_dental_vision_and_supplemental(HomePageStepDefinition.java:101)
	at ✽.I go dental, vision and supplemental(file:///Users/syedhussain/IdeaProjects/BDDWebAutomationFramework_WA_NY_Team2/Aetna/src/test/java/features/ShopAPlan.feature:16)
]]>
        </failure>
    </testcase>
    <testcase classname="Aetna home page functionality test" name="Aetna Shop a plan functionality test 3" time="20.488">
        <failure message="element not interactable&#10;  (Session info: chrome=85.0.4183.121)&#10;Build info: version: '3.141.59', revision: 'e82be7d358', time: '2018-11-14T08:17:03'&#10;System info: host: 'Syeds-MacBook-Pro.local', ip: '2604:2000:b102:8800:24ab:2c28:90a:c5df%en0', os.name: 'Mac OS X', os.arch: 'x86_64', os.version: '10.14.6', java.version: '11.0.8'&#10;Driver info: org.openqa.selenium.chrome.ChromeDriver&#10;Capabilities {acceptInsecureCerts: false, browserName: chrome, browserVersion: 85.0.4183.121, chrome: {chromedriverVersion: 85.0.4183.87 (cd6713ebf92fa..., userDataDir: /var/folders/4y/llbfbmfx3tv...}, goog:chromeOptions: {debuggerAddress: localhost:56720}, javascriptEnabled: true, networkConnectionEnabled: false, pageLoadStrategy: normal, platform: MAC, platformName: MAC, proxy: Proxy(), setWindowRect: true, strictFileInteractability: false, timeouts: {implicit: 0, pageLoad: 300000, script: 30000}, unhandledPromptBehavior: dismiss and notify, webauthn:virtualAuthenticators: true}&#10;Session ID: 353d4c9ae95858e66aa3caadb6c9bd60" type="org.openqa.selenium.ElementNotInteractableException">
            <![CDATA[Given I am on Aetna home page...............................................passed
When I click shop for a plan................................................passed
And I go pharmacy element...................................................failed
And I click Get pharmacy plan information...................................skipped
Then I validate Aetna Medicare is appeared properly.........................skipped

StackTrace:
org.openqa.selenium.ElementNotInteractableException: element not interactable
  (Session info: chrome=85.0.4183.121)
Build info: version: '3.141.59', revision: 'e82be7d358', time: '2018-11-14T08:17:03'
System info: host: 'Syeds-MacBook-Pro.local', ip: '2604:2000:b102:8800:24ab:2c28:90a:c5df%en0', os.name: 'Mac OS X', os.arch: 'x86_64', os.version: '10.14.6', java.version: '11.0.8'
Driver info: org.openqa.selenium.chrome.ChromeDriver
Capabilities {acceptInsecureCerts: false, browserName: chrome, browserVersion: 85.0.4183.121, chrome: {chromedriverVersion: 85.0.4183.87 (cd6713ebf92fa..., userDataDir: /var/folders/4y/llbfbmfx3tv...}, goog:chromeOptions: {debuggerAddress: localhost:56720}, javascriptEnabled: true, networkConnectionEnabled: false, pageLoadStrategy: normal, platform: MAC, platformName: MAC, proxy: Proxy(), setWindowRect: true, strictFileInteractability: false, timeouts: {implicit: 0, pageLoad: 300000, script: 30000}, unhandledPromptBehavior: dismiss and notify, webauthn:virtualAuthenticators: true}
Session ID: 353d4c9ae95858e66aa3caadb6c9bd60
	at java.base/jdk.internal.reflect.NativeConstructorAccessorImpl.newInstance0(Native Method)
	at java.base/jdk.internal.reflect.NativeConstructorAccessorImpl.newInstance(NativeConstructorAccessorImpl.java:62)
	at java.base/jdk.internal.reflect.DelegatingConstructorAccessorImpl.newInstance(DelegatingConstructorAccessorImpl.java:45)
	at java.base/java.lang.reflect.Constructor.newInstance(Constructor.java:490)
	at org.openqa.selenium.remote.http.W3CHttpResponseCodec.createException(W3CHttpResponseCodec.java:187)
	at org.openqa.selenium.remote.http.W3CHttpResponseCodec.decode(W3CHttpResponseCodec.java:122)
	at org.openqa.selenium.remote.http.W3CHttpResponseCodec.decode(W3CHttpResponseCodec.java:49)
	at org.openqa.selenium.remote.HttpCommandExecutor.execute(HttpCommandExecutor.java:158)
	at org.openqa.selenium.remote.service.DriverCommandExecutor.execute(DriverCommandExecutor.java:83)
	at org.openqa.selenium.remote.RemoteWebDriver.execute(RemoteWebDriver.java:552)
	at org.openqa.selenium.remote.RemoteWebElement.execute(RemoteWebElement.java:285)
	at org.openqa.selenium.remote.RemoteWebElement.click(RemoteWebElement.java:84)
	at jdk.internal.reflect.GeneratedMethodAccessor92.invoke(Unknown Source)
	at java.base/jdk.internal.reflect.DelegatingMethodAccessorImpl.invoke(DelegatingMethodAccessorImpl.java:43)
	at java.base/java.lang.reflect.Method.invoke(Method.java:566)
	at org.openqa.selenium.support.pagefactory.internal.LocatingElementHandler.invoke(LocatingElementHandler.java:51)
	at com.sun.proxy.$Proxy26.click(Unknown Source)
	at aetnahome.HomePage.pharmacyBtnCheck(HomePage.java:160)
	at stepdefinitions.HomePageStepDefinition.i_go_pharmacy_element(HomePageStepDefinition.java:151)
	at ✽.I go pharmacy element(file:///Users/syedhussain/IdeaProjects/BDDWebAutomationFramework_WA_NY_Team2/Aetna/src/test/java/features/ShopAPlan.feature:23)
]]>
        </failure>
    </testcase>
    <testcase classname="Aetna home page functionality test" name="Aetna Shop a plan functionality test 4" time="20.084">
        <failure message="element not interactable&#10;  (Session info: chrome=85.0.4183.121)&#10;Build info: version: '3.141.59', revision: 'e82be7d358', time: '2018-11-14T08:17:03'&#10;System info: host: 'Syeds-MacBook-Pro.local', ip: '2604:2000:b102:8800:24ab:2c28:90a:c5df%en0', os.name: 'Mac OS X', os.arch: 'x86_64', os.version: '10.14.6', java.version: '11.0.8'&#10;Driver info: org.openqa.selenium.chrome.ChromeDriver&#10;Capabilities {acceptInsecureCerts: false, browserName: chrome, browserVersion: 85.0.4183.121, chrome: {chromedriverVersion: 85.0.4183.87 (cd6713ebf92fa..., userDataDir: /var/folders/4y/llbfbmfx3tv...}, goog:chromeOptions: {debuggerAddress: localhost:56889}, javascriptEnabled: true, networkConnectionEnabled: false, pageLoadStrategy: normal, platform: MAC, platformName: MAC, proxy: Proxy(), setWindowRect: true, strictFileInteractability: false, timeouts: {implicit: 0, pageLoad: 300000, script: 30000}, unhandledPromptBehavior: dismiss and notify, webauthn:virtualAuthenticators: true}&#10;Session ID: e9e29fd8db8ea922d95b88d762f34bb6" type="org.openqa.selenium.ElementNotInteractableException">
            <![CDATA[Given I am on Aetna home page...............................................passed
When I click shop for a plan................................................passed
And I go pharmacy element...................................................failed
And I click find a pharmacy.................................................skipped
Then I validate *Required Selections is appeared properly...................skipped

StackTrace:
org.openqa.selenium.ElementNotInteractableException: element not interactable
  (Session info: chrome=85.0.4183.121)
Build info: version: '3.141.59', revision: 'e82be7d358', time: '2018-11-14T08:17:03'
System info: host: 'Syeds-MacBook-Pro.local', ip: '2604:2000:b102:8800:24ab:2c28:90a:c5df%en0', os.name: 'Mac OS X', os.arch: 'x86_64', os.version: '10.14.6', java.version: '11.0.8'
Driver info: org.openqa.selenium.chrome.ChromeDriver
Capabilities {acceptInsecureCerts: false, browserName: chrome, browserVersion: 85.0.4183.121, chrome: {chromedriverVersion: 85.0.4183.87 (cd6713ebf92fa..., userDataDir: /var/folders/4y/llbfbmfx3tv...}, goog:chromeOptions: {debuggerAddress: localhost:56889}, javascriptEnabled: true, networkConnectionEnabled: false, pageLoadStrategy: normal, platform: MAC, platformName: MAC, proxy: Proxy(), setWindowRect: true, strictFileInteractability: false, timeouts: {implicit: 0, pageLoad: 300000, script: 30000}, unhandledPromptBehavior: dismiss and notify, webauthn:virtualAuthenticators: true}
Session ID: e9e29fd8db8ea922d95b88d762f34bb6
	at java.base/jdk.internal.reflect.NativeConstructorAccessorImpl.newInstance0(Native Method)
	at java.base/jdk.internal.reflect.NativeConstructorAccessorImpl.newInstance(NativeConstructorAccessorImpl.java:62)
	at java.base/jdk.internal.reflect.DelegatingConstructorAccessorImpl.newInstance(DelegatingConstructorAccessorImpl.java:45)
	at java.base/java.lang.reflect.Constructor.newInstance(Constructor.java:490)
	at org.openqa.selenium.remote.http.W3CHttpResponseCodec.createException(W3CHttpResponseCodec.java:187)
	at org.openqa.selenium.remote.http.W3CHttpResponseCodec.decode(W3CHttpResponseCodec.java:122)
	at org.openqa.selenium.remote.http.W3CHttpResponseCodec.decode(W3CHttpResponseCodec.java:49)
	at org.openqa.selenium.remote.HttpCommandExecutor.execute(HttpCommandExecutor.java:158)
	at org.openqa.selenium.remote.service.DriverCommandExecutor.execute(DriverCommandExecutor.java:83)
	at org.openqa.selenium.remote.RemoteWebDriver.execute(RemoteWebDriver.java:552)
	at org.openqa.selenium.remote.RemoteWebElement.execute(RemoteWebElement.java:285)
	at org.openqa.selenium.remote.RemoteWebElement.click(RemoteWebElement.java:84)
	at jdk.internal.reflect.GeneratedMethodAccessor92.invoke(Unknown Source)
	at java.base/jdk.internal.reflect.DelegatingMethodAccessorImpl.invoke(DelegatingMethodAccessorImpl.java:43)
	at java.base/java.lang.reflect.Method.invoke(Method.java:566)
	at org.openqa.selenium.support.pagefactory.internal.LocatingElementHandler.invoke(LocatingElementHandler.java:51)
	at com.sun.proxy.$Proxy26.click(Unknown Source)
	at aetnahome.HomePage.pharmacyBtnCheck(HomePage.java:160)
	at stepdefinitions.HomePageStepDefinition.i_go_pharmacy_element(HomePageStepDefinition.java:151)
	at ✽.I go pharmacy element(file:///Users/syedhussain/IdeaProjects/BDDWebAutomationFramework_WA_NY_Team2/Aetna/src/test/java/features/ShopAPlan.feature:30)
]]>
        </failure>
    </testcase>
    <testcase classname="Aetna home page functionality test" name="Aetna Shop a plan functionality test 5" time="6.233">
        <system-out>
            <![CDATA[Given I am on Aetna home page...............................................passed
When I click shop for a plan................................................passed
And I go pharmacy element...................................................passed
And I click find medicine and costs.........................................passed
Then I validate Already a member? is appeared properly......................passed
]]>
        </system-out>
    </testcase>
</testsuite>
