<?xml version="1.0" encoding="UTF-8" standalone="no"?>
<testsuite errors="0" failures="4" name="io.cucumber.core.plugin.JUnitFormatter" skipped="0" tests="10" time="1,282.074">
    <testcase classname="Feature: Att HomePage Functionality check" name="Att deals button Functionality check with valid data" time="12.52">
        <system-out>
            <![CDATA[Given I am in att homepage..................................................passed
When I click Deals Button...................................................passed
Then I verify Wireless is appear properly...................................passed
And I verify page title as AT&T Deals on Phones, Wireless Plans, Internet & TV Services.passed
]]>
        </system-out>
    </testcase>
    <testcase classname="Feature: Att HomePage Functionality check" name="Att Wireless button Functionality check with valid data" time="13.439">
        <system-out>
            <![CDATA[Given I am in att homepage..................................................passed
When I click Wireless Button................................................passed
Then I verify LEARN HOW TO is appear properly...............................passed
And I verify page title as AT&T Wireless – Latest Phones & Best Wireless Plans.passed
]]>
        </system-out>
    </testcase>
    <testcase classname="Feature: Att HomePage Functionality check" name="Att Internet button Functionality check with valid data" time="13.047">
        <system-out>
            <![CDATA[Given I am in att homepage..................................................passed
When I click internet Button................................................passed
Then I verify AT&T INTERNET is appear properly..............................passed
And I verify page title as AT&T Internet Plans - Home Internet - AT&T® Official Site.passed
]]>
        </system-out>
    </testcase>
    <testcase classname="Feature: Att HomePage Functionality check" name="Att TV button Functionality check with valid data" time="21.894">
        <system-out>
            <![CDATA[Given I am in att homepage..................................................passed
When I click TV Button......................................................passed
And I click on shop now button..............................................passed
Then I verify Choose a TV package is appear properly........................passed
And I verify page title as Shop AT&T Bundles................................passed
]]>
        </system-out>
    </testcase>
    <testcase classname="Atnt home page sign up Functionality check" name="Atnt Sign Up Functionality check with invalid credentials" time="342.849">
        <system-out>
            <![CDATA[Given I am in att homepage..................................................passed
And I click accountIcon.....................................................passed
And I click singInButton....................................................passed
When I click on CreateButton................................................passed
And I click wireless radioButton and continueButton.........................passed
Then I enter phoneNumber and zipCode........................................passed
When I click continueButton.................................................passed
And I should be get en error message........................................passed
]]>
        </system-out>
    </testcase>
    <testcase classname="Atnt home page sign up Functionality check" name="Check signIn with invalid credentials" time="216.222">
        <failure message="no such element: Unable to locate element: {&quot;method&quot;:&quot;xpath&quot;,&quot;selector&quot;:&quot;//div[@id='errorDescArea']&quot;}&#10;  (Session info: chrome=85.0.4183.121)&#10;For documentation on this error, please visit: https://www.seleniumhq.org/exceptions/no_such_element.html&#10;Build info: version: '3.141.59', revision: 'e82be7d358', time: '2018-11-14T08:17:03'&#10;System info: host: 'DESKTOP-ESGVGIM', ip: '192.168.81.1', os.name: 'Windows 10', os.arch: 'amd64', os.version: '10.0', java.version: '11.0.7'&#10;Driver info: org.openqa.selenium.chrome.ChromeDriver&#10;Capabilities {acceptInsecureCerts: false, browserName: chrome, browserVersion: 85.0.4183.121, chrome: {chromedriverVersion: 85.0.4183.87 (cd6713ebf92fa..., userDataDir: C:\Users\REBAKH~1\AppData\L...}, goog:chromeOptions: {debuggerAddress: localhost:50715}, javascriptEnabled: true, networkConnectionEnabled: false, pageLoadStrategy: normal, platform: WINDOWS, platformName: WINDOWS, proxy: Proxy(), setWindowRect: true, strictFileInteractability: false, timeouts: {implicit: 0, pageLoad: 300000, script: 30000}, unhandledPromptBehavior: dismiss and notify, webauthn:virtualAuthenticators: true}&#10;Session ID: 59da9a7327f246943658826537753359&#10;*** Element info: {Using=xpath, value=//div[@id='errorDescArea']}" type="org.openqa.selenium.NoSuchElementException">
            <![CDATA[Given I am in att homepage..................................................passed
And I on signIn page........................................................passed
When I enter userName and passWord..........................................passed
And I click on signIn button................................................passed
Then I am getting error message.............................................failed

StackTrace:
org.openqa.selenium.NoSuchElementException: no such element: Unable to locate element: {"method":"xpath","selector":"//div[@id='errorDescArea']"}
  (Session info: chrome=85.0.4183.121)
For documentation on this error, please visit: https://www.seleniumhq.org/exceptions/no_such_element.html
Build info: version: '3.141.59', revision: 'e82be7d358', time: '2018-11-14T08:17:03'
System info: host: 'DESKTOP-ESGVGIM', ip: '192.168.81.1', os.name: 'Windows 10', os.arch: 'amd64', os.version: '10.0', java.version: '11.0.7'
Driver info: org.openqa.selenium.chrome.ChromeDriver
Capabilities {acceptInsecureCerts: false, browserName: chrome, browserVersion: 85.0.4183.121, chrome: {chromedriverVersion: 85.0.4183.87 (cd6713ebf92fa..., userDataDir: C:\Users\REBAKH~1\AppData\L...}, goog:chromeOptions: {debuggerAddress: localhost:50715}, javascriptEnabled: true, networkConnectionEnabled: false, pageLoadStrategy: normal, platform: WINDOWS, platformName: WINDOWS, proxy: Proxy(), setWindowRect: true, strictFileInteractability: false, timeouts: {implicit: 0, pageLoad: 300000, script: 30000}, unhandledPromptBehavior: dismiss and notify, webauthn:virtualAuthenticators: true}
Session ID: 59da9a7327f246943658826537753359
*** Element info: {Using=xpath, value=//div[@id='errorDescArea']}
	at java.base/jdk.internal.reflect.NativeConstructorAccessorImpl.newInstance0(Native Method)
	at java.base/jdk.internal.reflect.NativeConstructorAccessorImpl.newInstance(NativeConstructorAccessorImpl.java:62)
	at java.base/jdk.internal.reflect.DelegatingConstructorAccessorImpl.newInstance(DelegatingConstructorAccessorImpl.java:45)
	at java.base/java.lang.reflect.Constructor.newInstance(Constructor.java:490)
	at org.openqa.selenium.remote.http.W3CHttpResponseCodec.createException(W3CHttpResponseCodec.java:187)
	at org.openqa.selenium.remote.http.W3CHttpResponseCodec.decode(W3CHttpResponseCodec.java:122)
	at org.openqa.selenium.remote.http.W3CHttpResponseCodec.decode(W3CHttpResponseCodec.java:49)
	at org.openqa.selenium.remote.HttpCommandExecutor.execute(HttpCommandExecutor.java:158)
	at org.openqa.selenium.remote.service.DriverCommandExecutor.execute(DriverCommandExecutor.java:83)
	at org.openqa.selenium.remote.RemoteWebDriver.execute(RemoteWebDriver.java:552)
	at org.openqa.selenium.remote.RemoteWebDriver.findElement(RemoteWebDriver.java:323)
	at org.openqa.selenium.remote.RemoteWebDriver.findElementByXPath(RemoteWebDriver.java:428)
	at org.openqa.selenium.By$ByXPath.findElement(By.java:353)
	at org.openqa.selenium.remote.RemoteWebDriver.findElement(RemoteWebDriver.java:315)
	at atnthome.AtntHome.validateSignInPage(AtntHome.java:51)
	at stepdefinitions.RegistrationDefinition.i_am_getting_error_message(RegistrationDefinition.java:104)
	at ✽.I am getting error message(file:///C:/Users/REBA%20KHAN/IdeaProjects/BDDWebAutomationFramework_WA_NY_Team2/ATNT/src/test/java/features/AtntRegistration.feature:22)
]]>
        </failure>
    </testcase>
    <testcase classname="Atnt home page sign up Functionality check" name="Login into att using Data Driven" time="216.236">
        <failure message="no such element: Unable to locate element: {&quot;method&quot;:&quot;xpath&quot;,&quot;selector&quot;:&quot;//div[@id='errorDescArea']&quot;}&#10;  (Session info: chrome=85.0.4183.121)&#10;For documentation on this error, please visit: https://www.seleniumhq.org/exceptions/no_such_element.html&#10;Build info: version: '3.141.59', revision: 'e82be7d358', time: '2018-11-14T08:17:03'&#10;System info: host: 'DESKTOP-ESGVGIM', ip: '192.168.81.1', os.name: 'Windows 10', os.arch: 'amd64', os.version: '10.0', java.version: '11.0.7'&#10;Driver info: org.openqa.selenium.chrome.ChromeDriver&#10;Capabilities {acceptInsecureCerts: false, browserName: chrome, browserVersion: 85.0.4183.121, chrome: {chromedriverVersion: 85.0.4183.87 (cd6713ebf92fa..., userDataDir: C:\Users\REBAKH~1\AppData\L...}, goog:chromeOptions: {debuggerAddress: localhost:51444}, javascriptEnabled: true, networkConnectionEnabled: false, pageLoadStrategy: normal, platform: WINDOWS, platformName: WINDOWS, proxy: Proxy(), setWindowRect: true, strictFileInteractability: false, timeouts: {implicit: 0, pageLoad: 300000, script: 30000}, unhandledPromptBehavior: dismiss and notify, webauthn:virtualAuthenticators: true}&#10;Session ID: 3cc5f5f5b3eed0f048894a5dad0ec6ba&#10;*** Element info: {Using=xpath, value=//div[@id='errorDescArea']}" type="org.openqa.selenium.NoSuchElementException">
            <![CDATA[Given I am in att homepage..................................................passed
And I on signIn page........................................................passed
And I enter email as "admin@pnt.com" and password as "admin"................passed
And I click on signIn button................................................passed
Then I am getting error message.............................................failed

StackTrace:
org.openqa.selenium.NoSuchElementException: no such element: Unable to locate element: {"method":"xpath","selector":"//div[@id='errorDescArea']"}
  (Session info: chrome=85.0.4183.121)
For documentation on this error, please visit: https://www.seleniumhq.org/exceptions/no_such_element.html
Build info: version: '3.141.59', revision: 'e82be7d358', time: '2018-11-14T08:17:03'
System info: host: 'DESKTOP-ESGVGIM', ip: '192.168.81.1', os.name: 'Windows 10', os.arch: 'amd64', os.version: '10.0', java.version: '11.0.7'
Driver info: org.openqa.selenium.chrome.ChromeDriver
Capabilities {acceptInsecureCerts: false, browserName: chrome, browserVersion: 85.0.4183.121, chrome: {chromedriverVersion: 85.0.4183.87 (cd6713ebf92fa..., userDataDir: C:\Users\REBAKH~1\AppData\L...}, goog:chromeOptions: {debuggerAddress: localhost:51444}, javascriptEnabled: true, networkConnectionEnabled: false, pageLoadStrategy: normal, platform: WINDOWS, platformName: WINDOWS, proxy: Proxy(), setWindowRect: true, strictFileInteractability: false, timeouts: {implicit: 0, pageLoad: 300000, script: 30000}, unhandledPromptBehavior: dismiss and notify, webauthn:virtualAuthenticators: true}
Session ID: 3cc5f5f5b3eed0f048894a5dad0ec6ba
*** Element info: {Using=xpath, value=//div[@id='errorDescArea']}
	at jdk.internal.reflect.GeneratedConstructorAccessor15.newInstance(Unknown Source)
	at java.base/jdk.internal.reflect.DelegatingConstructorAccessorImpl.newInstance(DelegatingConstructorAccessorImpl.java:45)
	at java.base/java.lang.reflect.Constructor.newInstance(Constructor.java:490)
	at org.openqa.selenium.remote.http.W3CHttpResponseCodec.createException(W3CHttpResponseCodec.java:187)
	at org.openqa.selenium.remote.http.W3CHttpResponseCodec.decode(W3CHttpResponseCodec.java:122)
	at org.openqa.selenium.remote.http.W3CHttpResponseCodec.decode(W3CHttpResponseCodec.java:49)
	at org.openqa.selenium.remote.HttpCommandExecutor.execute(HttpCommandExecutor.java:158)
	at org.openqa.selenium.remote.service.DriverCommandExecutor.execute(DriverCommandExecutor.java:83)
	at org.openqa.selenium.remote.RemoteWebDriver.execute(RemoteWebDriver.java:552)
	at org.openqa.selenium.remote.RemoteWebDriver.findElement(RemoteWebDriver.java:323)
	at org.openqa.selenium.remote.RemoteWebDriver.findElementByXPath(RemoteWebDriver.java:428)
	at org.openqa.selenium.By$ByXPath.findElement(By.java:353)
	at org.openqa.selenium.remote.RemoteWebDriver.findElement(RemoteWebDriver.java:315)
	at atnthome.AtntHome.validateSignInPage(AtntHome.java:51)
	at stepdefinitions.RegistrationDefinition.i_am_getting_error_message(RegistrationDefinition.java:104)
	at ✽.I am getting error message(file:///C:/Users/REBA%20KHAN/IdeaProjects/BDDWebAutomationFramework_WA_NY_Team2/ATNT/src/test/java/features/AtntRegistration.feature:29)
]]>
        </failure>
    </testcase>
    <testcase classname="Atnt home page sign up Functionality check" name="Login into att using Data Driven 2" time="217.13">
        <failure message="no such element: Unable to locate element: {&quot;method&quot;:&quot;xpath&quot;,&quot;selector&quot;:&quot;//div[@id='errorDescArea']&quot;}&#10;  (Session info: chrome=85.0.4183.121)&#10;For documentation on this error, please visit: https://www.seleniumhq.org/exceptions/no_such_element.html&#10;Build info: version: '3.141.59', revision: 'e82be7d358', time: '2018-11-14T08:17:03'&#10;System info: host: 'DESKTOP-ESGVGIM', ip: '192.168.81.1', os.name: 'Windows 10', os.arch: 'amd64', os.version: '10.0', java.version: '11.0.7'&#10;Driver info: org.openqa.selenium.chrome.ChromeDriver&#10;Capabilities {acceptInsecureCerts: false, browserName: chrome, browserVersion: 85.0.4183.121, chrome: {chromedriverVersion: 85.0.4183.87 (cd6713ebf92fa..., userDataDir: C:\Users\REBAKH~1\AppData\L...}, goog:chromeOptions: {debuggerAddress: localhost:51779}, javascriptEnabled: true, networkConnectionEnabled: false, pageLoadStrategy: normal, platform: WINDOWS, platformName: WINDOWS, proxy: Proxy(), setWindowRect: true, strictFileInteractability: false, timeouts: {implicit: 0, pageLoad: 300000, script: 30000}, unhandledPromptBehavior: dismiss and notify, webauthn:virtualAuthenticators: true}&#10;Session ID: 7cfa4e4c43bfe0849f1e0cf0df7599d2&#10;*** Element info: {Using=xpath, value=//div[@id='errorDescArea']}" type="org.openqa.selenium.NoSuchElementException">
            <![CDATA[Given I am in att homepage..................................................passed
And I on signIn page........................................................passed
And I enter email as "oalKarim@gmail.com" and password as "15021972"........passed
And I click on signIn button................................................passed
Then I am getting error message.............................................failed

StackTrace:
org.openqa.selenium.NoSuchElementException: no such element: Unable to locate element: {"method":"xpath","selector":"//div[@id='errorDescArea']"}
  (Session info: chrome=85.0.4183.121)
For documentation on this error, please visit: https://www.seleniumhq.org/exceptions/no_such_element.html
Build info: version: '3.141.59', revision: 'e82be7d358', time: '2018-11-14T08:17:03'
System info: host: 'DESKTOP-ESGVGIM', ip: '192.168.81.1', os.name: 'Windows 10', os.arch: 'amd64', os.version: '10.0', java.version: '11.0.7'
Driver info: org.openqa.selenium.chrome.ChromeDriver
Capabilities {acceptInsecureCerts: false, browserName: chrome, browserVersion: 85.0.4183.121, chrome: {chromedriverVersion: 85.0.4183.87 (cd6713ebf92fa..., userDataDir: C:\Users\REBAKH~1\AppData\L...}, goog:chromeOptions: {debuggerAddress: localhost:51779}, javascriptEnabled: true, networkConnectionEnabled: false, pageLoadStrategy: normal, platform: WINDOWS, platformName: WINDOWS, proxy: Proxy(), setWindowRect: true, strictFileInteractability: false, timeouts: {implicit: 0, pageLoad: 300000, script: 30000}, unhandledPromptBehavior: dismiss and notify, webauthn:virtualAuthenticators: true}
Session ID: 7cfa4e4c43bfe0849f1e0cf0df7599d2
*** Element info: {Using=xpath, value=//div[@id='errorDescArea']}
	at jdk.internal.reflect.GeneratedConstructorAccessor15.newInstance(Unknown Source)
	at java.base/jdk.internal.reflect.DelegatingConstructorAccessorImpl.newInstance(DelegatingConstructorAccessorImpl.java:45)
	at java.base/java.lang.reflect.Constructor.newInstance(Constructor.java:490)
	at org.openqa.selenium.remote.http.W3CHttpResponseCodec.createException(W3CHttpResponseCodec.java:187)
	at org.openqa.selenium.remote.http.W3CHttpResponseCodec.decode(W3CHttpResponseCodec.java:122)
	at org.openqa.selenium.remote.http.W3CHttpResponseCodec.decode(W3CHttpResponseCodec.java:49)
	at org.openqa.selenium.remote.HttpCommandExecutor.execute(HttpCommandExecutor.java:158)
	at org.openqa.selenium.remote.service.DriverCommandExecutor.execute(DriverCommandExecutor.java:83)
	at org.openqa.selenium.remote.RemoteWebDriver.execute(RemoteWebDriver.java:552)
	at org.openqa.selenium.remote.RemoteWebDriver.findElement(RemoteWebDriver.java:323)
	at org.openqa.selenium.remote.RemoteWebDriver.findElementByXPath(RemoteWebDriver.java:428)
	at org.openqa.selenium.By$ByXPath.findElement(By.java:353)
	at org.openqa.selenium.remote.RemoteWebDriver.findElement(RemoteWebDriver.java:315)
	at atnthome.AtntHome.validateSignInPage(AtntHome.java:51)
	at stepdefinitions.RegistrationDefinition.i_am_getting_error_message(RegistrationDefinition.java:104)
	at ✽.I am getting error message(file:///C:/Users/REBA%20KHAN/IdeaProjects/BDDWebAutomationFramework_WA_NY_Team2/ATNT/src/test/java/features/AtntRegistration.feature:29)
]]>
        </failure>
    </testcase>
    <testcase classname="Atnt home page sign up Functionality check" name="Login into att using Data Driven 3" time="215.951">
        <failure message="no such element: Unable to locate element: {&quot;method&quot;:&quot;xpath&quot;,&quot;selector&quot;:&quot;//div[@id='errorDescArea']&quot;}&#10;  (Session info: chrome=85.0.4183.121)&#10;For documentation on this error, please visit: https://www.seleniumhq.org/exceptions/no_such_element.html&#10;Build info: version: '3.141.59', revision: 'e82be7d358', time: '2018-11-14T08:17:03'&#10;System info: host: 'DESKTOP-ESGVGIM', ip: '192.168.81.1', os.name: 'Windows 10', os.arch: 'amd64', os.version: '10.0', java.version: '11.0.7'&#10;Driver info: org.openqa.selenium.chrome.ChromeDriver&#10;Capabilities {acceptInsecureCerts: false, browserName: chrome, browserVersion: 85.0.4183.121, chrome: {chromedriverVersion: 85.0.4183.87 (cd6713ebf92fa..., userDataDir: C:\Users\REBAKH~1\AppData\L...}, goog:chromeOptions: {debuggerAddress: localhost:51907}, javascriptEnabled: true, networkConnectionEnabled: false, pageLoadStrategy: normal, platform: WINDOWS, platformName: WINDOWS, proxy: Proxy(), setWindowRect: true, strictFileInteractability: false, timeouts: {implicit: 0, pageLoad: 300000, script: 30000}, unhandledPromptBehavior: dismiss and notify, webauthn:virtualAuthenticators: true}&#10;Session ID: 5f5a1f0334a2946b1361a5ad867846fd&#10;*** Element info: {Using=xpath, value=//div[@id='errorDescArea']}" type="org.openqa.selenium.NoSuchElementException">
            <![CDATA[Given I am in att homepage..................................................passed
And I on signIn page........................................................passed
And I enter email as "mikedavid@gmail.com" and password as "01012010".......passed
And I click on signIn button................................................passed
Then I am getting error message.............................................failed

StackTrace:
org.openqa.selenium.NoSuchElementException: no such element: Unable to locate element: {"method":"xpath","selector":"//div[@id='errorDescArea']"}
  (Session info: chrome=85.0.4183.121)
For documentation on this error, please visit: https://www.seleniumhq.org/exceptions/no_such_element.html
Build info: version: '3.141.59', revision: 'e82be7d358', time: '2018-11-14T08:17:03'
System info: host: 'DESKTOP-ESGVGIM', ip: '192.168.81.1', os.name: 'Windows 10', os.arch: 'amd64', os.version: '10.0', java.version: '11.0.7'
Driver info: org.openqa.selenium.chrome.ChromeDriver
Capabilities {acceptInsecureCerts: false, browserName: chrome, browserVersion: 85.0.4183.121, chrome: {chromedriverVersion: 85.0.4183.87 (cd6713ebf92fa..., userDataDir: C:\Users\REBAKH~1\AppData\L...}, goog:chromeOptions: {debuggerAddress: localhost:51907}, javascriptEnabled: true, networkConnectionEnabled: false, pageLoadStrategy: normal, platform: WINDOWS, platformName: WINDOWS, proxy: Proxy(), setWindowRect: true, strictFileInteractability: false, timeouts: {implicit: 0, pageLoad: 300000, script: 30000}, unhandledPromptBehavior: dismiss and notify, webauthn:virtualAuthenticators: true}
Session ID: 5f5a1f0334a2946b1361a5ad867846fd
*** Element info: {Using=xpath, value=//div[@id='errorDescArea']}
	at jdk.internal.reflect.GeneratedConstructorAccessor15.newInstance(Unknown Source)
	at java.base/jdk.internal.reflect.DelegatingConstructorAccessorImpl.newInstance(DelegatingConstructorAccessorImpl.java:45)
	at java.base/java.lang.reflect.Constructor.newInstance(Constructor.java:490)
	at org.openqa.selenium.remote.http.W3CHttpResponseCodec.createException(W3CHttpResponseCodec.java:187)
	at org.openqa.selenium.remote.http.W3CHttpResponseCodec.decode(W3CHttpResponseCodec.java:122)
	at org.openqa.selenium.remote.http.W3CHttpResponseCodec.decode(W3CHttpResponseCodec.java:49)
	at org.openqa.selenium.remote.HttpCommandExecutor.execute(HttpCommandExecutor.java:158)
	at org.openqa.selenium.remote.service.DriverCommandExecutor.execute(DriverCommandExecutor.java:83)
	at org.openqa.selenium.remote.RemoteWebDriver.execute(RemoteWebDriver.java:552)
	at org.openqa.selenium.remote.RemoteWebDriver.findElement(RemoteWebDriver.java:323)
	at org.openqa.selenium.remote.RemoteWebDriver.findElementByXPath(RemoteWebDriver.java:428)
	at org.openqa.selenium.By$ByXPath.findElement(By.java:353)
	at org.openqa.selenium.remote.RemoteWebDriver.findElement(RemoteWebDriver.java:315)
	at atnthome.AtntHome.validateSignInPage(AtntHome.java:51)
	at stepdefinitions.RegistrationDefinition.i_am_getting_error_message(RegistrationDefinition.java:104)
	at ✽.I am getting error message(file:///C:/Users/REBA%20KHAN/IdeaProjects/BDDWebAutomationFramework_WA_NY_Team2/ATNT/src/test/java/features/AtntRegistration.feature:29)
]]>
        </failure>
    </testcase>
    <testcase classname="Atnt home page sign up Functionality check" name="Att menu burgerButton test" time="12.087">
        <system-out>
            <![CDATA[Given I am in att homepage..................................................passed
When I click on burgerButton................................................passed
And I select wireless and click on Explore Wireless.........................passed
And I verify page title.....................................................passed
]]>
        </system-out>
    </testcase>
</testsuite>
