<?xml version="1.0" encoding="UTF-8" standalone="no"?>
<testsuite errors="0" failures="6" name="io.cucumber.core.plugin.JUnitFormatter" skipped="0" tests="22" time="700.615">
    <testcase classname="Feature: Att HomePage Functionality check" name="Att SearchBox Functionality check with valid data" time="12.641">
        <system-out>
            <![CDATA[Given I am in at&t homepage.................................................passed
And I enter Samsung Phones in searchBox.....................................passed
When I click searchButton...................................................passed
Then I verify Samsung Phones is appear properly.............................passed
And I verify page title as Samsung Phones...................................passed
]]>
        </system-out>
    </testcase>
    <testcase classname="Feature: Att HomePage Functionality check" name="Att deals button Functionality check with valid data" time="7.557">
        <system-out>
            <![CDATA[Given I am in at&t homepage.................................................passed
When I click Deals Button...................................................passed
Then I verify Wireless is appear properly...................................passed
And I verify page title as AT&T Deals on Phones, Wireless Plans, Internet & TV Services.passed
]]>
        </system-out>
    </testcase>
    <testcase classname="Feature: Att HomePage Functionality check" name="Att Wireless button Functionality check with valid data" time="7.585">
        <system-out>
            <![CDATA[Given I am in at&t homepage.................................................passed
When I click Wireless Button................................................passed
Then I verify LEARN HOW TO is appear properly...............................passed
And I verify page title as AT&T Wireless – Latest Phones & Best Wireless Plans.passed
]]>
        </system-out>
    </testcase>
    <testcase classname="Feature: Att HomePage Functionality check" name="Att Internet button Functionality check with valid data" time="7.501">
        <system-out>
            <![CDATA[Given I am in at&t homepage.................................................passed
When I click internet Button................................................passed
Then I verify AT&T INTERNET is appear properly..............................passed
And I verify page title as AT&T Internet Plans - Home Internet - AT&T® Official Site.passed
]]>
        </system-out>
    </testcase>
    <testcase classname="Feature: Att HomePage Functionality check" name="Att TV button Functionality check with valid data" time="22.045">
        <system-out>
            <![CDATA[Given I am in at&t homepage.................................................passed
When I click TV Button......................................................passed
And I click on shop now button..............................................passed
Then I verify Choose a TV package is appear properly........................passed
And I verify page title as Shop AT&T Bundles................................passed
]]>
        </system-out>
    </testcase>
    <testcase classname="Feature: Att HomePage Functionality check" name="Atnt SearchBox Functionality check with multiple products" time="8.986">
        <system-out>
            <![CDATA[Given I am in at&t homepage.................................................passed
And I enter "AT&T PREPAID" in searchBox.....................................passed
When I click searchButton...................................................passed
]]>
        </system-out>
    </testcase>
    <testcase classname="Feature: Att HomePage Functionality check" name="Atnt SearchBox Functionality check with multiple products 2" time="8.732">
        <system-out>
            <![CDATA[Given I am in at&t homepage.................................................passed
And I enter "AT&T Deals" in searchBox.......................................passed
When I click searchButton...................................................passed
]]>
        </system-out>
    </testcase>
    <testcase classname="Feature: Att HomePage Functionality check" name="Atnt SearchBox Functionality check with multiple products 3" time="9.289">
        <system-out>
            <![CDATA[Given I am in at&t homepage.................................................passed
And I enter "TV & internet bundles" in searchBox............................passed
When I click searchButton...................................................passed
]]>
        </system-out>
    </testcase>
    <testcase classname="Feature: Att HomePage Functionality check" name="Atnt SearchBox Functionality check with multiple products 4" time="8.014">
        <system-out>
            <![CDATA[Given I am in at&t homepage.................................................passed
And I enter "Upgrade a device" in searchBox.................................passed
When I click searchButton...................................................passed
]]>
        </system-out>
    </testcase>
    <testcase classname="Feature: Att HomePage Functionality check" name="Atnt SearchBox Functionality check with multiple products 5" time="8.161">
        <system-out>
            <![CDATA[Given I am in at&t homepage.................................................passed
And I enter "iphone 11" in searchBox........................................passed
When I click searchButton...................................................passed
Then I verify "\"iphone 11\"" and "Results for iphone 11 - AT&T Search".....passed
]]>
        </system-out>
    </testcase>
    <testcase classname="Feature: Att HomePage Functionality check" name="Atnt SearchBox Functionality check with multiple products 6" time="11.904">
        <system-out>
            <![CDATA[Given I am in at&t homepage.................................................passed
And I enter "iphone x" in searchBox.........................................passed
When I click searchButton...................................................passed
Then I verify "\"iphone x\"" and "Results for iphone x - AT&T Search".......passed
]]>
        </system-out>
    </testcase>
    <testcase classname="Feature: Att HomePage Functionality check" name="Atnt SearchBox Functionality check with multiple products 7" time="7.982">
        <system-out>
            <![CDATA[Given I am in at&t homepage.................................................passed
And I enter "Apple ipad" in searchBox.......................................passed
When I click searchButton...................................................passed
Then I verify "\"Apple ipad\"" and "Results for Apple ipad - AT&T Search"...passed
]]>
        </system-out>
    </testcase>
    <testcase classname="Feature: Att HomePage Functionality check" name="Atnt SearchBox Functionality check with multiple products 8" time="8.283">
        <system-out>
            <![CDATA[Given I am in at&t homepage.................................................passed
And I enter "iphone 11 Pro Max" in searchBox................................passed
When I click searchButton...................................................passed
Then I verify "\"iphone 11 Pro Max\"" and "Results for iphone 11 Pro Max - AT&T Search".passed
]]>
        </system-out>
    </testcase>
    <testcase classname="Feature: Att HomePage Functionality check" name="Atnt SearchBox Functionality check with multiple products 9" time="19.273">
        <system-out>
            <![CDATA[Given I am in at&t homepage.................................................passed
And I enter "Samsung s20" in searchBox......................................passed
When I click searchButton...................................................passed
Then I verify "\"Samsung s20\"" and "Results for Samsung s20 - AT&T Search".passed
]]>
        </system-out>
    </testcase>
    <testcase classname="Atnt HomePage Account functionality check" name="Atnt HomePage signUp functionality check with invalid data" time="28.215">
        <failure message="no such element: Unable to locate element: {&quot;method&quot;:&quot;css selector&quot;,&quot;selector&quot;:&quot;#signInHeaderText&quot;}&#10;  (Session info: chrome=85.0.4183.121)&#10;For documentation on this error, please visit: https://www.seleniumhq.org/exceptions/no_such_element.html&#10;Build info: version: '3.141.59', revision: 'e82be7d358', time: '2018-11-14T08:17:03'&#10;System info: host: 'Syeds-MacBook-Pro.local', ip: '2604:2000:b102:8800:24ab:2c28:90a:c5df%en0', os.name: 'Mac OS X', os.arch: 'x86_64', os.version: '10.14.6', java.version: '11.0.8'&#10;Driver info: org.openqa.selenium.chrome.ChromeDriver&#10;Capabilities {acceptInsecureCerts: false, browserName: chrome, browserVersion: 85.0.4183.121, chrome: {chromedriverVersion: 85.0.4183.87 (cd6713ebf92fa..., userDataDir: /var/folders/4y/llbfbmfx3tv...}, goog:chromeOptions: {debuggerAddress: localhost:59983}, javascriptEnabled: true, networkConnectionEnabled: false, pageLoadStrategy: normal, platform: MAC, platformName: MAC, proxy: Proxy(), setWindowRect: true, strictFileInteractability: false, timeouts: {implicit: 0, pageLoad: 300000, script: 30000}, unhandledPromptBehavior: dismiss and notify, webauthn:virtualAuthenticators: true}&#10;Session ID: 7ef57ff77391584c69d4b679b32e0379&#10;*** Element info: {Using=id, value=signInHeaderText}" type="org.openqa.selenium.NoSuchElementException">
            <![CDATA[Given I am in at&t homepage.................................................passed
And I click the Account dropdown button.....................................passed
And I click signIn..........................................................passed
And I enter admin1234 in user Id box........................................passed
And I enter admin1234 in password box.......................................passed
When I click signIn button..................................................passed
Then I verified "Sign In" ia appeared properly..............................failed
And I verify page title as Login Screen.....................................skipped

StackTrace:
org.openqa.selenium.NoSuchElementException: no such element: Unable to locate element: {"method":"css selector","selector":"#signInHeaderText"}
  (Session info: chrome=85.0.4183.121)
For documentation on this error, please visit: https://www.seleniumhq.org/exceptions/no_such_element.html
Build info: version: '3.141.59', revision: 'e82be7d358', time: '2018-11-14T08:17:03'
System info: host: 'Syeds-MacBook-Pro.local', ip: '2604:2000:b102:8800:24ab:2c28:90a:c5df%en0', os.name: 'Mac OS X', os.arch: 'x86_64', os.version: '10.14.6', java.version: '11.0.8'
Driver info: org.openqa.selenium.chrome.ChromeDriver
Capabilities {acceptInsecureCerts: false, browserName: chrome, browserVersion: 85.0.4183.121, chrome: {chromedriverVersion: 85.0.4183.87 (cd6713ebf92fa..., userDataDir: /var/folders/4y/llbfbmfx3tv...}, goog:chromeOptions: {debuggerAddress: localhost:59983}, javascriptEnabled: true, networkConnectionEnabled: false, pageLoadStrategy: normal, platform: MAC, platformName: MAC, proxy: Proxy(), setWindowRect: true, strictFileInteractability: false, timeouts: {implicit: 0, pageLoad: 300000, script: 30000}, unhandledPromptBehavior: dismiss and notify, webauthn:virtualAuthenticators: true}
Session ID: 7ef57ff77391584c69d4b679b32e0379
*** Element info: {Using=id, value=signInHeaderText}
	at java.base/jdk.internal.reflect.NativeConstructorAccessorImpl.newInstance0(Native Method)
	at java.base/jdk.internal.reflect.NativeConstructorAccessorImpl.newInstance(NativeConstructorAccessorImpl.java:62)
	at java.base/jdk.internal.reflect.DelegatingConstructorAccessorImpl.newInstance(DelegatingConstructorAccessorImpl.java:45)
	at java.base/java.lang.reflect.Constructor.newInstance(Constructor.java:490)
	at org.openqa.selenium.remote.http.W3CHttpResponseCodec.createException(W3CHttpResponseCodec.java:187)
	at org.openqa.selenium.remote.http.W3CHttpResponseCodec.decode(W3CHttpResponseCodec.java:122)
	at org.openqa.selenium.remote.http.W3CHttpResponseCodec.decode(W3CHttpResponseCodec.java:49)
	at org.openqa.selenium.remote.HttpCommandExecutor.execute(HttpCommandExecutor.java:158)
	at org.openqa.selenium.remote.service.DriverCommandExecutor.execute(DriverCommandExecutor.java:83)
	at org.openqa.selenium.remote.RemoteWebDriver.execute(RemoteWebDriver.java:552)
	at org.openqa.selenium.remote.RemoteWebDriver.findElement(RemoteWebDriver.java:323)
	at org.openqa.selenium.remote.RemoteWebDriver.findElementById(RemoteWebDriver.java:372)
	at org.openqa.selenium.By$ById.findElement(By.java:188)
	at org.openqa.selenium.remote.RemoteWebDriver.findElement(RemoteWebDriver.java:315)
	at org.openqa.selenium.support.pagefactory.DefaultElementLocator.findElement(DefaultElementLocator.java:69)
	at org.openqa.selenium.support.pagefactory.internal.LocatingElementHandler.invoke(LocatingElementHandler.java:38)
	at com.sun.proxy.$Proxy26.getText(Unknown Source)
	at registration.RegistrationPage.validateLoginAccount(RegistrationPage.java:51)
	at stepdefinitions.RegistrationStepDefinition.i_verified_ia_appeared_properly(RegistrationStepDefinition.java:68)
	at ✽.I verified "Sign In" ia appeared properly(file:///Users/syedhussain/IdeaProjects/BDDWebAutomationFramework_WA_NY_Team2/ATNT/src/test/java/features/RegistrationPage.feature:13)
]]>
        </failure>
    </testcase>
    <testcase classname="Atnt HomePage Account functionality check" name="Atnt HomePage signUp functionality check with invalid data 2" time="23.931">
        <failure message="no such element: Unable to locate element: {&quot;method&quot;:&quot;xpath&quot;,&quot;selector&quot;:&quot;//*[@id=&quot;recaptcha-anchor&quot;]/div[4]&quot;}&#10;  (Session info: chrome=85.0.4183.121)&#10;For documentation on this error, please visit: https://www.seleniumhq.org/exceptions/no_such_element.html&#10;Build info: version: '3.141.59', revision: 'e82be7d358', time: '2018-11-14T08:17:03'&#10;System info: host: 'Syeds-MacBook-Pro.local', ip: '2604:2000:b102:8800:24ab:2c28:90a:c5df%en0', os.name: 'Mac OS X', os.arch: 'x86_64', os.version: '10.14.6', java.version: '11.0.8'&#10;Driver info: org.openqa.selenium.chrome.ChromeDriver&#10;Capabilities {acceptInsecureCerts: false, browserName: chrome, browserVersion: 85.0.4183.121, chrome: {chromedriverVersion: 85.0.4183.87 (cd6713ebf92fa..., userDataDir: /var/folders/4y/llbfbmfx3tv...}, goog:chromeOptions: {debuggerAddress: localhost:60187}, javascriptEnabled: true, networkConnectionEnabled: false, pageLoadStrategy: normal, platform: MAC, platformName: MAC, proxy: Proxy(), setWindowRect: true, strictFileInteractability: false, timeouts: {implicit: 0, pageLoad: 300000, script: 30000}, unhandledPromptBehavior: dismiss and notify, webauthn:virtualAuthenticators: true}&#10;Session ID: 7581424eec7491ceaa448b15989eafbe&#10;*** Element info: {Using=xpath, value=//*[@id=&quot;recaptcha-anchor&quot;]/div[4]}" type="org.openqa.selenium.NoSuchElementException">
            <![CDATA[Given I am in at&t homepage.................................................passed
And I click the Account dropdown button.....................................passed
And I click Pay without signing in..........................................passed
And I enter "3471114321" Active AT&T phone number box.......................passed
And I enter "11435" Billing ZIP Code........................................passed
And I click capcha box......................................................failed
When I click signIn button..................................................skipped
Then I verified "Sign In" ia appeared properly..............................skipped
And I verify page title as Login Screen.....................................skipped

StackTrace:
org.openqa.selenium.NoSuchElementException: no such element: Unable to locate element: {"method":"xpath","selector":"//*[@id="recaptcha-anchor"]/div[4]"}
  (Session info: chrome=85.0.4183.121)
For documentation on this error, please visit: https://www.seleniumhq.org/exceptions/no_such_element.html
Build info: version: '3.141.59', revision: 'e82be7d358', time: '2018-11-14T08:17:03'
System info: host: 'Syeds-MacBook-Pro.local', ip: '2604:2000:b102:8800:24ab:2c28:90a:c5df%en0', os.name: 'Mac OS X', os.arch: 'x86_64', os.version: '10.14.6', java.version: '11.0.8'
Driver info: org.openqa.selenium.chrome.ChromeDriver
Capabilities {acceptInsecureCerts: false, browserName: chrome, browserVersion: 85.0.4183.121, chrome: {chromedriverVersion: 85.0.4183.87 (cd6713ebf92fa..., userDataDir: /var/folders/4y/llbfbmfx3tv...}, goog:chromeOptions: {debuggerAddress: localhost:60187}, javascriptEnabled: true, networkConnectionEnabled: false, pageLoadStrategy: normal, platform: MAC, platformName: MAC, proxy: Proxy(), setWindowRect: true, strictFileInteractability: false, timeouts: {implicit: 0, pageLoad: 300000, script: 30000}, unhandledPromptBehavior: dismiss and notify, webauthn:virtualAuthenticators: true}
Session ID: 7581424eec7491ceaa448b15989eafbe
*** Element info: {Using=xpath, value=//*[@id="recaptcha-anchor"]/div[4]}
	at java.base/jdk.internal.reflect.NativeConstructorAccessorImpl.newInstance0(Native Method)
	at java.base/jdk.internal.reflect.NativeConstructorAccessorImpl.newInstance(NativeConstructorAccessorImpl.java:62)
	at java.base/jdk.internal.reflect.DelegatingConstructorAccessorImpl.newInstance(DelegatingConstructorAccessorImpl.java:45)
	at java.base/java.lang.reflect.Constructor.newInstance(Constructor.java:490)
	at org.openqa.selenium.remote.http.W3CHttpResponseCodec.createException(W3CHttpResponseCodec.java:187)
	at org.openqa.selenium.remote.http.W3CHttpResponseCodec.decode(W3CHttpResponseCodec.java:122)
	at org.openqa.selenium.remote.http.W3CHttpResponseCodec.decode(W3CHttpResponseCodec.java:49)
	at org.openqa.selenium.remote.HttpCommandExecutor.execute(HttpCommandExecutor.java:158)
	at org.openqa.selenium.remote.service.DriverCommandExecutor.execute(DriverCommandExecutor.java:83)
	at org.openqa.selenium.remote.RemoteWebDriver.execute(RemoteWebDriver.java:552)
	at org.openqa.selenium.remote.RemoteWebDriver.findElement(RemoteWebDriver.java:323)
	at org.openqa.selenium.remote.RemoteWebDriver.findElementByXPath(RemoteWebDriver.java:428)
	at org.openqa.selenium.By$ByXPath.findElement(By.java:353)
	at org.openqa.selenium.remote.RemoteWebDriver.findElement(RemoteWebDriver.java:315)
	at org.openqa.selenium.support.pagefactory.DefaultElementLocator.findElement(DefaultElementLocator.java:69)
	at org.openqa.selenium.support.pagefactory.internal.LocatingElementHandler.invoke(LocatingElementHandler.java:38)
	at com.sun.proxy.$Proxy26.click(Unknown Source)
	at registration.RegistrationPage.capChaClick(RegistrationPage.java:89)
	at stepdefinitions.RegistrationStepDefinition.i_click_capcha_box(RegistrationStepDefinition.java:94)
	at ✽.I click capcha box(file:///Users/syedhussain/IdeaProjects/BDDWebAutomationFramework_WA_NY_Team2/ATNT/src/test/java/features/RegistrationPage.feature:23)
]]>
        </failure>
    </testcase>
    <testcase classname="Atnt HomePage Account functionality check" name="Atnt Sign Up Functionality check with invalid credentials" time="144.163">
        <system-out>
            <![CDATA[Given I am in at&t homepage.................................................passed
And I click accountIcon.....................................................passed
And I click singInButton....................................................passed
When I click on CreateButton................................................passed
And I click wireless radioButton and continueButton.........................passed
Then I enter phoneNumber and zipCode........................................passed
When I click continueButton.................................................passed
And I should be get en error message........................................passed
]]>
        </system-out>
    </testcase>
    <testcase classname="Atnt HomePage Account functionality check" name="Check signIn with invalid credentials" time="88.327">
        <failure message="no such element: Unable to locate element: {&quot;method&quot;:&quot;xpath&quot;,&quot;selector&quot;:&quot;//div[@id='errorDescArea']&quot;}&#10;  (Session info: chrome=85.0.4183.121)&#10;For documentation on this error, please visit: https://www.seleniumhq.org/exceptions/no_such_element.html&#10;Build info: version: '3.141.59', revision: 'e82be7d358', time: '2018-11-14T08:17:03'&#10;System info: host: 'Syeds-MacBook-Pro.local', ip: '2604:2000:b102:8800:24ab:2c28:90a:c5df%en0', os.name: 'Mac OS X', os.arch: 'x86_64', os.version: '10.14.6', java.version: '11.0.8'&#10;Driver info: org.openqa.selenium.chrome.ChromeDriver&#10;Capabilities {acceptInsecureCerts: false, browserName: chrome, browserVersion: 85.0.4183.121, chrome: {chromedriverVersion: 85.0.4183.87 (cd6713ebf92fa..., userDataDir: /var/folders/4y/llbfbmfx3tv...}, goog:chromeOptions: {debuggerAddress: localhost:61162}, javascriptEnabled: true, networkConnectionEnabled: false, pageLoadStrategy: normal, platform: MAC, platformName: MAC, proxy: Proxy(), setWindowRect: true, strictFileInteractability: false, timeouts: {implicit: 0, pageLoad: 300000, script: 30000}, unhandledPromptBehavior: dismiss and notify, webauthn:virtualAuthenticators: true}&#10;Session ID: d2a43e17af8e32dd60985bf48d4efe48&#10;*** Element info: {Using=xpath, value=//div[@id='errorDescArea']}" type="org.openqa.selenium.NoSuchElementException">
            <![CDATA[Given I am in at&t homepage.................................................passed
And I on signIn page........................................................passed
When I enter userName and passWord..........................................passed
And I click on signIn button................................................passed
Then I am getting error message.............................................failed

StackTrace:
org.openqa.selenium.NoSuchElementException: no such element: Unable to locate element: {"method":"xpath","selector":"//div[@id='errorDescArea']"}
  (Session info: chrome=85.0.4183.121)
For documentation on this error, please visit: https://www.seleniumhq.org/exceptions/no_such_element.html
Build info: version: '3.141.59', revision: 'e82be7d358', time: '2018-11-14T08:17:03'
System info: host: 'Syeds-MacBook-Pro.local', ip: '2604:2000:b102:8800:24ab:2c28:90a:c5df%en0', os.name: 'Mac OS X', os.arch: 'x86_64', os.version: '10.14.6', java.version: '11.0.8'
Driver info: org.openqa.selenium.chrome.ChromeDriver
Capabilities {acceptInsecureCerts: false, browserName: chrome, browserVersion: 85.0.4183.121, chrome: {chromedriverVersion: 85.0.4183.87 (cd6713ebf92fa..., userDataDir: /var/folders/4y/llbfbmfx3tv...}, goog:chromeOptions: {debuggerAddress: localhost:61162}, javascriptEnabled: true, networkConnectionEnabled: false, pageLoadStrategy: normal, platform: MAC, platformName: MAC, proxy: Proxy(), setWindowRect: true, strictFileInteractability: false, timeouts: {implicit: 0, pageLoad: 300000, script: 30000}, unhandledPromptBehavior: dismiss and notify, webauthn:virtualAuthenticators: true}
Session ID: d2a43e17af8e32dd60985bf48d4efe48
*** Element info: {Using=xpath, value=//div[@id='errorDescArea']}
	at java.base/jdk.internal.reflect.NativeConstructorAccessorImpl.newInstance0(Native Method)
	at java.base/jdk.internal.reflect.NativeConstructorAccessorImpl.newInstance(NativeConstructorAccessorImpl.java:62)
	at java.base/jdk.internal.reflect.DelegatingConstructorAccessorImpl.newInstance(DelegatingConstructorAccessorImpl.java:45)
	at java.base/java.lang.reflect.Constructor.newInstance(Constructor.java:490)
	at org.openqa.selenium.remote.http.W3CHttpResponseCodec.createException(W3CHttpResponseCodec.java:187)
	at org.openqa.selenium.remote.http.W3CHttpResponseCodec.decode(W3CHttpResponseCodec.java:122)
	at org.openqa.selenium.remote.http.W3CHttpResponseCodec.decode(W3CHttpResponseCodec.java:49)
	at org.openqa.selenium.remote.HttpCommandExecutor.execute(HttpCommandExecutor.java:158)
	at org.openqa.selenium.remote.service.DriverCommandExecutor.execute(DriverCommandExecutor.java:83)
	at org.openqa.selenium.remote.RemoteWebDriver.execute(RemoteWebDriver.java:552)
	at org.openqa.selenium.remote.RemoteWebDriver.findElement(RemoteWebDriver.java:323)
	at org.openqa.selenium.remote.RemoteWebDriver.findElementByXPath(RemoteWebDriver.java:428)
	at org.openqa.selenium.By$ByXPath.findElement(By.java:353)
	at org.openqa.selenium.remote.RemoteWebDriver.findElement(RemoteWebDriver.java:315)
	at registration.RegistrationPage.validateSignInPage(RegistrationPage.java:139)
	at stepdefinitions.RegistrationStepDefinition.i_am_getting_error_message(RegistrationStepDefinition.java:160)
	at ✽.I am getting error message(file:///Users/syedhussain/IdeaProjects/BDDWebAutomationFramework_WA_NY_Team2/ATNT/src/test/java/features/RegistrationPage.feature:44)
]]>
        </failure>
    </testcase>
    <testcase classname="Atnt HomePage Account functionality check" name="Login into att using Data Driven" time="87.301">
        <failure message="no such element: Unable to locate element: {&quot;method&quot;:&quot;xpath&quot;,&quot;selector&quot;:&quot;//div[@id='errorDescArea']&quot;}&#10;  (Session info: chrome=85.0.4183.121)&#10;For documentation on this error, please visit: https://www.seleniumhq.org/exceptions/no_such_element.html&#10;Build info: version: '3.141.59', revision: 'e82be7d358', time: '2018-11-14T08:17:03'&#10;System info: host: 'Syeds-MacBook-Pro.local', ip: '2604:2000:b102:8800:24ab:2c28:90a:c5df%en0', os.name: 'Mac OS X', os.arch: 'x86_64', os.version: '10.14.6', java.version: '11.0.8'&#10;Driver info: org.openqa.selenium.chrome.ChromeDriver&#10;Capabilities {acceptInsecureCerts: false, browserName: chrome, browserVersion: 85.0.4183.121, chrome: {chromedriverVersion: 85.0.4183.87 (cd6713ebf92fa..., userDataDir: /var/folders/4y/llbfbmfx3tv...}, goog:chromeOptions: {debuggerAddress: localhost:61715}, javascriptEnabled: true, networkConnectionEnabled: false, pageLoadStrategy: normal, platform: MAC, platformName: MAC, proxy: Proxy(), setWindowRect: true, strictFileInteractability: false, timeouts: {implicit: 0, pageLoad: 300000, script: 30000}, unhandledPromptBehavior: dismiss and notify, webauthn:virtualAuthenticators: true}&#10;Session ID: f49a3de4e51d9b7cb8e2565d087a4d1d&#10;*** Element info: {Using=xpath, value=//div[@id='errorDescArea']}" type="org.openqa.selenium.NoSuchElementException">
            <![CDATA[Given I am in at&t homepage.................................................passed
And I on signIn page........................................................passed
And I enter email as "pnt12@gmail.com" and password as "test1234"...........passed
And I click on signIn button................................................passed
Then I am getting error message.............................................failed

StackTrace:
org.openqa.selenium.NoSuchElementException: no such element: Unable to locate element: {"method":"xpath","selector":"//div[@id='errorDescArea']"}
  (Session info: chrome=85.0.4183.121)
For documentation on this error, please visit: https://www.seleniumhq.org/exceptions/no_such_element.html
Build info: version: '3.141.59', revision: 'e82be7d358', time: '2018-11-14T08:17:03'
System info: host: 'Syeds-MacBook-Pro.local', ip: '2604:2000:b102:8800:24ab:2c28:90a:c5df%en0', os.name: 'Mac OS X', os.arch: 'x86_64', os.version: '10.14.6', java.version: '11.0.8'
Driver info: org.openqa.selenium.chrome.ChromeDriver
Capabilities {acceptInsecureCerts: false, browserName: chrome, browserVersion: 85.0.4183.121, chrome: {chromedriverVersion: 85.0.4183.87 (cd6713ebf92fa..., userDataDir: /var/folders/4y/llbfbmfx3tv...}, goog:chromeOptions: {debuggerAddress: localhost:61715}, javascriptEnabled: true, networkConnectionEnabled: false, pageLoadStrategy: normal, platform: MAC, platformName: MAC, proxy: Proxy(), setWindowRect: true, strictFileInteractability: false, timeouts: {implicit: 0, pageLoad: 300000, script: 30000}, unhandledPromptBehavior: dismiss and notify, webauthn:virtualAuthenticators: true}
Session ID: f49a3de4e51d9b7cb8e2565d087a4d1d
*** Element info: {Using=xpath, value=//div[@id='errorDescArea']}
	at jdk.internal.reflect.GeneratedConstructorAccessor21.newInstance(Unknown Source)
	at java.base/jdk.internal.reflect.DelegatingConstructorAccessorImpl.newInstance(DelegatingConstructorAccessorImpl.java:45)
	at java.base/java.lang.reflect.Constructor.newInstance(Constructor.java:490)
	at org.openqa.selenium.remote.http.W3CHttpResponseCodec.createException(W3CHttpResponseCodec.java:187)
	at org.openqa.selenium.remote.http.W3CHttpResponseCodec.decode(W3CHttpResponseCodec.java:122)
	at org.openqa.selenium.remote.http.W3CHttpResponseCodec.decode(W3CHttpResponseCodec.java:49)
	at org.openqa.selenium.remote.HttpCommandExecutor.execute(HttpCommandExecutor.java:158)
	at org.openqa.selenium.remote.service.DriverCommandExecutor.execute(DriverCommandExecutor.java:83)
	at org.openqa.selenium.remote.RemoteWebDriver.execute(RemoteWebDriver.java:552)
	at org.openqa.selenium.remote.RemoteWebDriver.findElement(RemoteWebDriver.java:323)
	at org.openqa.selenium.remote.RemoteWebDriver.findElementByXPath(RemoteWebDriver.java:428)
	at org.openqa.selenium.By$ByXPath.findElement(By.java:353)
	at org.openqa.selenium.remote.RemoteWebDriver.findElement(RemoteWebDriver.java:315)
	at registration.RegistrationPage.validateSignInPage(RegistrationPage.java:139)
	at stepdefinitions.RegistrationStepDefinition.i_am_getting_error_message(RegistrationStepDefinition.java:160)
	at ✽.I am getting error message(file:///Users/syedhussain/IdeaProjects/BDDWebAutomationFramework_WA_NY_Team2/ATNT/src/test/java/features/RegistrationPage.feature:51)
]]>
        </failure>
    </testcase>
    <testcase classname="Atnt HomePage Account functionality check" name="Login into att using Data Driven 2" time="86.059">
        <failure message="no such element: Unable to locate element: {&quot;method&quot;:&quot;xpath&quot;,&quot;selector&quot;:&quot;//div[@id='errorDescArea']&quot;}&#10;  (Session info: chrome=85.0.4183.121)&#10;For documentation on this error, please visit: https://www.seleniumhq.org/exceptions/no_such_element.html&#10;Build info: version: '3.141.59', revision: 'e82be7d358', time: '2018-11-14T08:17:03'&#10;System info: host: 'Syeds-MacBook-Pro.local', ip: '2604:2000:b102:8800:24ab:2c28:90a:c5df%en0', os.name: 'Mac OS X', os.arch: 'x86_64', os.version: '10.14.6', java.version: '11.0.8'&#10;Driver info: org.openqa.selenium.chrome.ChromeDriver&#10;Capabilities {acceptInsecureCerts: false, browserName: chrome, browserVersion: 85.0.4183.121, chrome: {chromedriverVersion: 85.0.4183.87 (cd6713ebf92fa..., userDataDir: /var/folders/4y/llbfbmfx3tv...}, goog:chromeOptions: {debuggerAddress: localhost:62169}, javascriptEnabled: true, networkConnectionEnabled: false, pageLoadStrategy: normal, platform: MAC, platformName: MAC, proxy: Proxy(), setWindowRect: true, strictFileInteractability: false, timeouts: {implicit: 0, pageLoad: 300000, script: 30000}, unhandledPromptBehavior: dismiss and notify, webauthn:virtualAuthenticators: true}&#10;Session ID: 06f5dcf9c7aeee87a3e31ab1461e7076&#10;*** Element info: {Using=xpath, value=//div[@id='errorDescArea']}" type="org.openqa.selenium.NoSuchElementException">
            <![CDATA[Given I am in at&t homepage.................................................passed
And I on signIn page........................................................passed
And I enter email as "ant20@gmail.com" and password as "6543210"............passed
And I click on signIn button................................................passed
Then I am getting error message.............................................failed

StackTrace:
org.openqa.selenium.NoSuchElementException: no such element: Unable to locate element: {"method":"xpath","selector":"//div[@id='errorDescArea']"}
  (Session info: chrome=85.0.4183.121)
For documentation on this error, please visit: https://www.seleniumhq.org/exceptions/no_such_element.html
Build info: version: '3.141.59', revision: 'e82be7d358', time: '2018-11-14T08:17:03'
System info: host: 'Syeds-MacBook-Pro.local', ip: '2604:2000:b102:8800:24ab:2c28:90a:c5df%en0', os.name: 'Mac OS X', os.arch: 'x86_64', os.version: '10.14.6', java.version: '11.0.8'
Driver info: org.openqa.selenium.chrome.ChromeDriver
Capabilities {acceptInsecureCerts: false, browserName: chrome, browserVersion: 85.0.4183.121, chrome: {chromedriverVersion: 85.0.4183.87 (cd6713ebf92fa..., userDataDir: /var/folders/4y/llbfbmfx3tv...}, goog:chromeOptions: {debuggerAddress: localhost:62169}, javascriptEnabled: true, networkConnectionEnabled: false, pageLoadStrategy: normal, platform: MAC, platformName: MAC, proxy: Proxy(), setWindowRect: true, strictFileInteractability: false, timeouts: {implicit: 0, pageLoad: 300000, script: 30000}, unhandledPromptBehavior: dismiss and notify, webauthn:virtualAuthenticators: true}
Session ID: 06f5dcf9c7aeee87a3e31ab1461e7076
*** Element info: {Using=xpath, value=//div[@id='errorDescArea']}
	at jdk.internal.reflect.GeneratedConstructorAccessor21.newInstance(Unknown Source)
	at java.base/jdk.internal.reflect.DelegatingConstructorAccessorImpl.newInstance(DelegatingConstructorAccessorImpl.java:45)
	at java.base/java.lang.reflect.Constructor.newInstance(Constructor.java:490)
	at org.openqa.selenium.remote.http.W3CHttpResponseCodec.createException(W3CHttpResponseCodec.java:187)
	at org.openqa.selenium.remote.http.W3CHttpResponseCodec.decode(W3CHttpResponseCodec.java:122)
	at org.openqa.selenium.remote.http.W3CHttpResponseCodec.decode(W3CHttpResponseCodec.java:49)
	at org.openqa.selenium.remote.HttpCommandExecutor.execute(HttpCommandExecutor.java:158)
	at org.openqa.selenium.remote.service.DriverCommandExecutor.execute(DriverCommandExecutor.java:83)
	at org.openqa.selenium.remote.RemoteWebDriver.execute(RemoteWebDriver.java:552)
	at org.openqa.selenium.remote.RemoteWebDriver.findElement(RemoteWebDriver.java:323)
	at org.openqa.selenium.remote.RemoteWebDriver.findElementByXPath(RemoteWebDriver.java:428)
	at org.openqa.selenium.By$ByXPath.findElement(By.java:353)
	at org.openqa.selenium.remote.RemoteWebDriver.findElement(RemoteWebDriver.java:315)
	at registration.RegistrationPage.validateSignInPage(RegistrationPage.java:139)
	at stepdefinitions.RegistrationStepDefinition.i_am_getting_error_message(RegistrationStepDefinition.java:160)
	at ✽.I am getting error message(file:///Users/syedhussain/IdeaProjects/BDDWebAutomationFramework_WA_NY_Team2/ATNT/src/test/java/features/RegistrationPage.feature:51)
]]>
        </failure>
    </testcase>
    <testcase classname="Atnt HomePage Account functionality check" name="Login into att using Data Driven 3" time="86.927">
        <failure message="no such element: Unable to locate element: {&quot;method&quot;:&quot;xpath&quot;,&quot;selector&quot;:&quot;//div[@id='errorDescArea']&quot;}&#10;  (Session info: chrome=85.0.4183.121)&#10;For documentation on this error, please visit: https://www.seleniumhq.org/exceptions/no_such_element.html&#10;Build info: version: '3.141.59', revision: 'e82be7d358', time: '2018-11-14T08:17:03'&#10;System info: host: 'Syeds-MacBook-Pro.local', ip: '2604:2000:b102:8800:24ab:2c28:90a:c5df%en0', os.name: 'Mac OS X', os.arch: 'x86_64', os.version: '10.14.6', java.version: '11.0.8'&#10;Driver info: org.openqa.selenium.chrome.ChromeDriver&#10;Capabilities {acceptInsecureCerts: false, browserName: chrome, browserVersion: 85.0.4183.121, chrome: {chromedriverVersion: 85.0.4183.87 (cd6713ebf92fa..., userDataDir: /var/folders/4y/llbfbmfx3tv...}, goog:chromeOptions: {debuggerAddress: localhost:62652}, javascriptEnabled: true, networkConnectionEnabled: false, pageLoadStrategy: normal, platform: MAC, platformName: MAC, proxy: Proxy(), setWindowRect: true, strictFileInteractability: false, timeouts: {implicit: 0, pageLoad: 300000, script: 30000}, unhandledPromptBehavior: dismiss and notify, webauthn:virtualAuthenticators: true}&#10;Session ID: 6c3fed31c6d54bc1854b86eff5b504f6&#10;*** Element info: {Using=xpath, value=//div[@id='errorDescArea']}" type="org.openqa.selenium.NoSuchElementException">
            <![CDATA[Given I am in at&t homepage.................................................passed
And I on signIn page........................................................passed
And I enter email as "ptn22@gmail.com" and password as "4567890"............passed
And I click on signIn button................................................passed
Then I am getting error message.............................................failed

StackTrace:
org.openqa.selenium.NoSuchElementException: no such element: Unable to locate element: {"method":"xpath","selector":"//div[@id='errorDescArea']"}
  (Session info: chrome=85.0.4183.121)
For documentation on this error, please visit: https://www.seleniumhq.org/exceptions/no_such_element.html
Build info: version: '3.141.59', revision: 'e82be7d358', time: '2018-11-14T08:17:03'
System info: host: 'Syeds-MacBook-Pro.local', ip: '2604:2000:b102:8800:24ab:2c28:90a:c5df%en0', os.name: 'Mac OS X', os.arch: 'x86_64', os.version: '10.14.6', java.version: '11.0.8'
Driver info: org.openqa.selenium.chrome.ChromeDriver
Capabilities {acceptInsecureCerts: false, browserName: chrome, browserVersion: 85.0.4183.121, chrome: {chromedriverVersion: 85.0.4183.87 (cd6713ebf92fa..., userDataDir: /var/folders/4y/llbfbmfx3tv...}, goog:chromeOptions: {debuggerAddress: localhost:62652}, javascriptEnabled: true, networkConnectionEnabled: false, pageLoadStrategy: normal, platform: MAC, platformName: MAC, proxy: Proxy(), setWindowRect: true, strictFileInteractability: false, timeouts: {implicit: 0, pageLoad: 300000, script: 30000}, unhandledPromptBehavior: dismiss and notify, webauthn:virtualAuthenticators: true}
Session ID: 6c3fed31c6d54bc1854b86eff5b504f6
*** Element info: {Using=xpath, value=//div[@id='errorDescArea']}
	at jdk.internal.reflect.GeneratedConstructorAccessor21.newInstance(Unknown Source)
	at java.base/jdk.internal.reflect.DelegatingConstructorAccessorImpl.newInstance(DelegatingConstructorAccessorImpl.java:45)
	at java.base/java.lang.reflect.Constructor.newInstance(Constructor.java:490)
	at org.openqa.selenium.remote.http.W3CHttpResponseCodec.createException(W3CHttpResponseCodec.java:187)
	at org.openqa.selenium.remote.http.W3CHttpResponseCodec.decode(W3CHttpResponseCodec.java:122)
	at org.openqa.selenium.remote.http.W3CHttpResponseCodec.decode(W3CHttpResponseCodec.java:49)
	at org.openqa.selenium.remote.HttpCommandExecutor.execute(HttpCommandExecutor.java:158)
	at org.openqa.selenium.remote.service.DriverCommandExecutor.execute(DriverCommandExecutor.java:83)
	at org.openqa.selenium.remote.RemoteWebDriver.execute(RemoteWebDriver.java:552)
	at org.openqa.selenium.remote.RemoteWebDriver.findElement(RemoteWebDriver.java:323)
	at org.openqa.selenium.remote.RemoteWebDriver.findElementByXPath(RemoteWebDriver.java:428)
	at org.openqa.selenium.By$ByXPath.findElement(By.java:353)
	at org.openqa.selenium.remote.RemoteWebDriver.findElement(RemoteWebDriver.java:315)
	at registration.RegistrationPage.validateSignInPage(RegistrationPage.java:139)
	at stepdefinitions.RegistrationStepDefinition.i_am_getting_error_message(RegistrationStepDefinition.java:160)
	at ✽.I am getting error message(file:///Users/syedhussain/IdeaProjects/BDDWebAutomationFramework_WA_NY_Team2/ATNT/src/test/java/features/RegistrationPage.feature:51)
]]>
        </failure>
    </testcase>
    <testcase classname="Atnt HomePage Account functionality check" name="Att menu burgerButton test" time="6.725">
        <system-out>
            <![CDATA[Given I am in at&t homepage.................................................passed
When I click on burgerButton................................................passed
And I select wireless and click on Explore Wireless.........................passed
And I verify page title.....................................................passed
]]>
        </system-out>
    </testcase>
</testsuite>
