<?xml version="1.0" encoding="UTF-8" standalone="no"?>
<testsuite errors="0" failures="0" name="io.cucumber.core.plugin.JUnitFormatter" skipped="0" tests="1" time="39.101">
    <testcase classname="Trip Advisor Home Page Functionality test" name="Trip Advisor flight status functionality test" time="38.668">
        <system-out>
            <![CDATA[Given I am in Trip Advisor home page........................................passed
When I click on TravelForum.................................................passed
And I click on Flights......................................................passed
And I enter Where from and To field.........................................passed
And I enter departure and arrival date......................................passed
And I enter person field and close person field.............................passed
And I click on find flight button...........................................passed
Then I verify COVID-19 Policies is appeared properly........................passed
]]>
        </system-out>
    </testcase>
</testsuite>
