<?xml version="1.0" encoding="UTF-8" standalone="no"?>
<testsuite errors="0" failures="1" name="io.cucumber.core.plugin.JUnitFormatter" skipped="0" tests="1" time="14.897">
    <testcase classname="TripAdvisor HomePage Functionality check" name="TripAdvisor SearchBox Functionality  check with Valid Data" time="14.246">
        <failure message="Don't Exist expected:&lt;...earch results: Dhaka[1] - Tripadvisor&gt; but was:&lt;...earch results: Dhaka[] - Tripadvisor&gt;" type="org.junit.ComparisonFailure">
            <![CDATA[Given I am in TripAdvisor homepage..........................................passed
And I enter "Dhaka" in searchBox............................................passed
When I click searchButton...................................................passed
Then I verify "\"Dhaka\"" and "Search results: Dhaka - Tripadvisor".........failed

StackTrace:
org.junit.ComparisonFailure: Don't Exist expected:<...earch results: Dhaka[1] - Tripadvisor> but was:<...earch results: Dhaka[] - Tripadvisor>
	at org.junit.Assert.assertEquals(Assert.java:117)
	at tripadvisorhome.TripAdvisorHomePage.verifyPageTitle(TripAdvisorHomePage.java:65)
	at stepdefinitions.TripAdvisorStepDefinition.i_verify_and(TripAdvisorStepDefinition.java:102)
	at ✽.I verify "\"Dhaka\"" and "Search results: Dhaka - Tripadvisor"(file:///C:/Users/REBA%20KHAN/IdeaProjects/BDDWebAutomationFramework_WA_NY_Team2/TripAdvisor/src/test/java/features/TripAdvisorHome.feature:22)
]]>
        </failure>
    </testcase>
</testsuite>
