<?xml version="1.0" encoding="UTF-8" standalone="no"?>
<testsuite errors="0" failures="1" name="io.cucumber.core.plugin.JUnitFormatter" skipped="0" tests="1" time="74.377">
    <testcase classname="Trip Advisor Home Page Functionality test" name="Trip Advisor Search box functionality test" time="73.966">
        <failure message="no such element: Unable to locate element: {&quot;method&quot;:&quot;xpath&quot;,&quot;selector&quot;:&quot;//*[@id=&quot;leftRailFilter&quot;]/div/div/div/div/div[4]&quot;}&#10;  (Session info: chrome=85.0.4183.83)&#10;For documentation on this error, please visit: https://www.seleniumhq.org/exceptions/no_such_element.html&#10;Build info: version: '3.141.59', revision: 'e82be7d358', time: '2018-11-14T08:17:03'&#10;System info: host: 'LAPTOP-6QSDTELI', ip: '192.168.1.185', os.name: 'Windows 10', os.arch: 'amd64', os.version: '10.0', java.version: '11.0.8'&#10;Driver info: org.openqa.selenium.chrome.ChromeDriver&#10;Capabilities {acceptInsecureCerts: false, browserName: chrome, browserVersion: 85.0.4183.83, chrome: {chromedriverVersion: 85.0.4183.87 (cd6713ebf92fa..., userDataDir: C:\Users\lenis\AppData\Loca...}, goog:chromeOptions: {debuggerAddress: localhost:49714}, javascriptEnabled: true, networkConnectionEnabled: false, pageLoadStrategy: normal, platform: WINDOWS, platformName: WINDOWS, proxy: Proxy(), setWindowRect: true, strictFileInteractability: false, timeouts: {implicit: 0, pageLoad: 300000, script: 30000}, unhandledPromptBehavior: dismiss and notify, webauthn:virtualAuthenticators: true}&#10;Session ID: 94c6f2640898f8fb93a71f7b9ad86195&#10;*** Element info: {Using=xpath, value=//*[@id=&quot;leftRailFilter&quot;]/div/div/div/div/div[4]}" type="org.openqa.selenium.NoSuchElementException">
            <![CDATA[Given I am in Trip Advisor home page........................................passed
When I click TravelForum....................................................passed
And I click Flights.........................................................passed
And I enter Where from and To field.........................................passed
And I enter departure and arrival date......................................passed
And I enter person field and close person field.............................passed
And I click find flight button..............................................passed
Then I varify COVID-19 Policies is appeared properly........................failed

StackTrace:
org.openqa.selenium.NoSuchElementException: no such element: Unable to locate element: {"method":"xpath","selector":"//*[@id="leftRailFilter"]/div/div/div/div/div[4]"}
  (Session info: chrome=85.0.4183.83)
For documentation on this error, please visit: https://www.seleniumhq.org/exceptions/no_such_element.html
Build info: version: '3.141.59', revision: 'e82be7d358', time: '2018-11-14T08:17:03'
System info: host: 'LAPTOP-6QSDTELI', ip: '192.168.1.185', os.name: 'Windows 10', os.arch: 'amd64', os.version: '10.0', java.version: '11.0.8'
Driver info: org.openqa.selenium.chrome.ChromeDriver
Capabilities {acceptInsecureCerts: false, browserName: chrome, browserVersion: 85.0.4183.83, chrome: {chromedriverVersion: 85.0.4183.87 (cd6713ebf92fa..., userDataDir: C:\Users\lenis\AppData\Loca...}, goog:chromeOptions: {debuggerAddress: localhost:49714}, javascriptEnabled: true, networkConnectionEnabled: false, pageLoadStrategy: normal, platform: WINDOWS, platformName: WINDOWS, proxy: Proxy(), setWindowRect: true, strictFileInteractability: false, timeouts: {implicit: 0, pageLoad: 300000, script: 30000}, unhandledPromptBehavior: dismiss and notify, webauthn:virtualAuthenticators: true}
Session ID: 94c6f2640898f8fb93a71f7b9ad86195
*** Element info: {Using=xpath, value=//*[@id="leftRailFilter"]/div/div/div/div/div[4]}
	at java.base/jdk.internal.reflect.NativeConstructorAccessorImpl.newInstance0(Native Method)
	at java.base/jdk.internal.reflect.NativeConstructorAccessorImpl.newInstance(NativeConstructorAccessorImpl.java:62)
	at java.base/jdk.internal.reflect.DelegatingConstructorAccessorImpl.newInstance(DelegatingConstructorAccessorImpl.java:45)
	at java.base/java.lang.reflect.Constructor.newInstance(Constructor.java:490)
	at org.openqa.selenium.remote.http.W3CHttpResponseCodec.createException(W3CHttpResponseCodec.java:187)
	at org.openqa.selenium.remote.http.W3CHttpResponseCodec.decode(W3CHttpResponseCodec.java:122)
	at org.openqa.selenium.remote.http.W3CHttpResponseCodec.decode(W3CHttpResponseCodec.java:49)
	at org.openqa.selenium.remote.HttpCommandExecutor.execute(HttpCommandExecutor.java:158)
	at org.openqa.selenium.remote.service.DriverCommandExecutor.execute(DriverCommandExecutor.java:83)
	at org.openqa.selenium.remote.RemoteWebDriver.execute(RemoteWebDriver.java:552)
	at org.openqa.selenium.remote.RemoteWebDriver.findElement(RemoteWebDriver.java:323)
	at org.openqa.selenium.remote.RemoteWebDriver.findElementByXPath(RemoteWebDriver.java:428)
	at org.openqa.selenium.By$ByXPath.findElement(By.java:353)
	at org.openqa.selenium.remote.RemoteWebDriver.findElement(RemoteWebDriver.java:315)
	at org.openqa.selenium.support.pagefactory.DefaultElementLocator.findElement(DefaultElementLocator.java:69)
	at org.openqa.selenium.support.pagefactory.internal.LocatingElementHandler.invoke(LocatingElementHandler.java:38)
	at com.sun.proxy.$Proxy25.getText(Unknown Source)
	at tripadvisorhome.TripAdvisorHomePage.validateTravelForum(TripAdvisorHomePage.java:201)
	at stepdefinitions.TripAdvisorStepDefinition.i_varify_covid_policies_is_appeared_properly(TripAdvisorStepDefinition.java:129)
	at ✽.I varify COVID-19 Policies is appeared properly(file:///C:/Users/lenis/IdeaProjects/BDDWebAutomationFramework_WA_NY_Team2/TripAdvisor/src/test/java/features/TripAdvisor.feature:44)
]]>
        </failure>
    </testcase>
</testsuite>
