<?xml version="1.0" encoding="UTF-8" standalone="no"?>
<testsuite errors="0" failures="9" name="io.cucumber.core.plugin.JUnitFormatter" skipped="0" tests="9" time="0.793">
    <testcase classname="Trip Advisor Home Page Functionality test" name="Trip Advisor Search box functionality test" time="0.135">
        <failure message="The scenario has pending or undefined step(s)" type="java.lang.Exception">
            <![CDATA[Given I am in Trip Advisor home page........................................undefined
When I type Texas i search box..............................................skipped
And I click search button...................................................skipped
And I click Hotels Button...................................................skipped
Then I varify "Texas" is appeared properly..................................skipped
]]>
        </failure>
    </testcase>
    <testcase classname="Trip Advisor Home Page Functionality test" name="Trip Advisor Search box functionality test 2" time="0.008">
        <failure message="The scenario has pending or undefined step(s)" type="java.lang.Exception">
            <![CDATA[Given I am in Trip Advisor home page........................................undefined
When I type Texas i search box..............................................skipped
And I click search button...................................................skipped
And I click Hotels Button...................................................skipped
And I click vacation rentals tab............................................skipped
Then I varify "Texas" is appeared properly..................................skipped
]]>
        </failure>
    </testcase>
    <testcase classname="Trip Advisor Home Page Functionality test" name="Trip Advisor Search box functionality test 3" time="0.009">
        <failure message="The scenario has pending or undefined step(s)" type="java.lang.Exception">
            <![CDATA[Given I am in Trip Advisor home page........................................undefined
When I type Texas i search box..............................................skipped
And I click search button...................................................skipped
And I click Hotels Button...................................................skipped
And I click Restaurants tab.................................................skipped
And I click Texas Roadhouse.................................................skipped
And I navigate new windows..................................................skipped
And I click food picture....................................................skipped
And I click Gallery button..................................................skipped
Then I varify food image is appeared properly...............................skipped
]]>
        </failure>
    </testcase>
    <testcase classname="Trip Advisor Home Page Functionality test" name="Trip Advisor Search box functionality test 4" time="0.014">
        <failure message="The scenario has pending or undefined step(s)" type="java.lang.Exception">
            <![CDATA[Given I am in Trip Advisor home page........................................undefined
When I click TravelForum....................................................skipped
And I click Flights.........................................................skipped
And I enter Where from and To field.........................................skipped
And I enter departure and arrival date......................................skipped
And I enter person field and close person field.............................skipped
And I click find flight button..............................................skipped
Then I varify COVID-19 Policies is appeared properly........................skipped
]]>
        </failure>
    </testcase>
    <testcase classname="Trip Advisor Home Page Functionality test" name="Trip Advisor Search box functionality test 5" time="0.02">
        <failure message="The scenario has pending or undefined step(s)" type="java.lang.Exception">
            <![CDATA[Given I am in Trip Advisor home page........................................undefined
When I click TravelForum and click Flight...................................skipped
And I click One way tab.....................................................skipped
And I enter Where from and To field.........................................skipped
And I enter departure date..................................................skipped
And I enter person field and close person field.............................skipped
And I click find flight button..............................................skipped
Then I varify COVID-19 Policies is appeared properly........................skipped
]]>
        </failure>
    </testcase>
    <testcase classname="Trip Advisor Home Page Functionality test" name="Trip Advisor Search box functionality test 6" time="0.008">
        <failure message="The scenario has pending or undefined step(s)" type="java.lang.Exception">
            <![CDATA[Given I am in Trip Advisor home page........................................undefined
When I click Things to Do...................................................skipped
And I type in searchBox and submit..........................................skipped
Then I varify Dhaka City is appeared properly...............................skipped
]]>
        </failure>
    </testcase>
    <testcase classname="Trip Advisor Home Page Functionality test" name="Trip Advisor Search box functionality test 7" time="0.005">
        <failure message="The scenario has pending or undefined step(s)" type="java.lang.Exception">
            <![CDATA[Given I am in Trip Advisor home page........................................undefined
When I click Things to Do...................................................skipped
And I type in searchBox and submit..........................................skipped
Then I varify Dhaka City is appeared properly...............................skipped
]]>
        </failure>
    </testcase>
    <testcase classname="Trip Advisor Home Page Functionality test" name="Trip Advisor Search box functionality test 8" time="0.01">
        <failure message="The scenario has pending or undefined step(s)" type="java.lang.Exception">
            <![CDATA[Given I am in Trip Advisor home page........................................undefined
When I click trip button....................................................skipped
And I click get start.......................................................skipped
Then I varify reCAPCHA is appeared properly.................................skipped
]]>
        </failure>
    </testcase>
    <testcase classname="Trip Advisor Home Page Functionality test" name="Trip Advisor Search box functionality test 9" time="0.011">
        <failure message="The scenario has pending or undefined step(s)" type="java.lang.Exception">
            <![CDATA[Given I am in Trip Advisor home page........................................undefined
When I click Post...........................................................skipped
And I click Post Photo......................................................skipped
And I click hohel radio button..............................................skipped
And I type hotel name and city name and click search button.................skipped
And select and click radio button...........................................skipped
And I click Post Photos Button and click add photo btn......................skipped
And I click select photo from your computer.................................skipped
]]>
        </failure>
    </testcase>
</testsuite>
