<?xml version="1.0" encoding="UTF-8" standalone="no"?>
<testsuite errors="0" failures="2" name="io.cucumber.core.plugin.JUnitFormatter" skipped="0" tests="9" time="148.158">
    <testcase classname="Trip Advisor Home Page Functionality test" name="Trip Advisor Search box functionality test" time="15.137">
        <system-out>
            <![CDATA[Given I am in Trip Advisor home page........................................passed
When I enter Texas in search box............................................passed
And I click on search button................................................passed
And I click on Hotels Button................................................passed
Then I verify "Texas" is appeared properly..................................passed
]]>
        </system-out>
    </testcase>
    <testcase classname="Trip Advisor Home Page Functionality test" name="Trip Advisor vacation test" time="12.098">
        <system-out>
            <![CDATA[Given I am in Trip Advisor home page........................................passed
When I enter Texas in search box............................................passed
And I click on search button................................................passed
And I click on Hotels Button................................................passed
And I click vacation rentals tab............................................passed
Then I verify "Texas" is appeared properly..................................passed
]]>
        </system-out>
    </testcase>
    <testcase classname="Trip Advisor Home Page Functionality test" name="Trip Advisor restaurants test" time="11.962">
        <failure message="stale element reference: element is not attached to the page document&#10;  (Session info: chrome=85.0.4183.121)&#10;For documentation on this error, please visit: https://www.seleniumhq.org/exceptions/stale_element_reference.html&#10;Build info: version: '3.141.59', revision: 'e82be7d358', time: '2018-11-14T08:17:03'&#10;System info: host: 'LAPTOP-6QSDTELI', ip: '192.168.1.185', os.name: 'Windows 10', os.arch: 'amd64', os.version: '10.0', java.version: '11.0.8'&#10;Driver info: org.openqa.selenium.chrome.ChromeDriver&#10;Capabilities {acceptInsecureCerts: false, browserName: chrome, browserVersion: 85.0.4183.121, chrome: {chromedriverVersion: 85.0.4183.87 (cd6713ebf92fa..., userDataDir: C:\Users\lenis\AppData\Loca...}, goog:chromeOptions: {debuggerAddress: localhost:61414}, javascriptEnabled: true, networkConnectionEnabled: false, pageLoadStrategy: normal, platform: WINDOWS, platformName: WINDOWS, proxy: Proxy(), setWindowRect: true, strictFileInteractability: false, timeouts: {implicit: 0, pageLoad: 300000, script: 30000}, unhandledPromptBehavior: dismiss and notify, webauthn:virtualAuthenticators: true}&#10;Session ID: c1b8a559fb2e90eca894410f7daf940c" type="org.openqa.selenium.StaleElementReferenceException">
            <![CDATA[Given I am in Trip Advisor home page........................................passed
When I enter Texas in search box............................................passed
And I click on search button................................................passed
And I click on Hotels Button................................................failed
And I click Restaurants tab.................................................skipped
And I click Texas Roadhouse.................................................skipped
And I navigate new windows..................................................skipped
And I click food picture....................................................skipped
And I click Gallery button..................................................skipped
Then I verify food image is appeared properly...............................skipped

StackTrace:
org.openqa.selenium.StaleElementReferenceException: stale element reference: element is not attached to the page document
  (Session info: chrome=85.0.4183.121)
For documentation on this error, please visit: https://www.seleniumhq.org/exceptions/stale_element_reference.html
Build info: version: '3.141.59', revision: 'e82be7d358', time: '2018-11-14T08:17:03'
System info: host: 'LAPTOP-6QSDTELI', ip: '192.168.1.185', os.name: 'Windows 10', os.arch: 'amd64', os.version: '10.0', java.version: '11.0.8'
Driver info: org.openqa.selenium.chrome.ChromeDriver
Capabilities {acceptInsecureCerts: false, browserName: chrome, browserVersion: 85.0.4183.121, chrome: {chromedriverVersion: 85.0.4183.87 (cd6713ebf92fa..., userDataDir: C:\Users\lenis\AppData\Loca...}, goog:chromeOptions: {debuggerAddress: localhost:61414}, javascriptEnabled: true, networkConnectionEnabled: false, pageLoadStrategy: normal, platform: WINDOWS, platformName: WINDOWS, proxy: Proxy(), setWindowRect: true, strictFileInteractability: false, timeouts: {implicit: 0, pageLoad: 300000, script: 30000}, unhandledPromptBehavior: dismiss and notify, webauthn:virtualAuthenticators: true}
Session ID: c1b8a559fb2e90eca894410f7daf940c
	at java.base/jdk.internal.reflect.NativeConstructorAccessorImpl.newInstance0(Native Method)
	at java.base/jdk.internal.reflect.NativeConstructorAccessorImpl.newInstance(NativeConstructorAccessorImpl.java:62)
	at java.base/jdk.internal.reflect.DelegatingConstructorAccessorImpl.newInstance(DelegatingConstructorAccessorImpl.java:45)
	at java.base/java.lang.reflect.Constructor.newInstance(Constructor.java:490)
	at org.openqa.selenium.remote.http.W3CHttpResponseCodec.createException(W3CHttpResponseCodec.java:187)
	at org.openqa.selenium.remote.http.W3CHttpResponseCodec.decode(W3CHttpResponseCodec.java:122)
	at org.openqa.selenium.remote.http.W3CHttpResponseCodec.decode(W3CHttpResponseCodec.java:49)
	at org.openqa.selenium.remote.HttpCommandExecutor.execute(HttpCommandExecutor.java:158)
	at org.openqa.selenium.remote.service.DriverCommandExecutor.execute(DriverCommandExecutor.java:83)
	at org.openqa.selenium.remote.RemoteWebDriver.execute(RemoteWebDriver.java:552)
	at org.openqa.selenium.remote.RemoteWebElement.execute(RemoteWebElement.java:285)
	at org.openqa.selenium.remote.RemoteWebElement.click(RemoteWebElement.java:84)
	at java.base/jdk.internal.reflect.NativeMethodAccessorImpl.invoke0(Native Method)
	at java.base/jdk.internal.reflect.NativeMethodAccessorImpl.invoke(NativeMethodAccessorImpl.java:62)
	at java.base/jdk.internal.reflect.DelegatingMethodAccessorImpl.invoke(DelegatingMethodAccessorImpl.java:43)
	at java.base/java.lang.reflect.Method.invoke(Method.java:566)
	at org.openqa.selenium.support.pagefactory.internal.LocatingElementHandler.invoke(LocatingElementHandler.java:51)
	at com.sun.proxy.$Proxy26.click(Unknown Source)
	at tripadvisorhome.TripAdvisorHomePage.hotelButtonClick(TripAdvisorHomePage.java:113)
	at stepdefinitions.TripAdvisorStepDefinition.i_click_on_hotels_button(TripAdvisorStepDefinition.java:51)
	at ✽.I click on Hotels Button(file:///C:/Users/lenis/IdeaProjects/BDDWebAutomationFramework_WA_NY_Team2/TripAdvisor/src/test/java/features/TripAdvisor.feature:25)
]]>
        </failure>
    </testcase>
    <testcase classname="Trip Advisor Home Page Functionality test" name="Trip Advisor flight status functionality test" time="39.109">
        <system-out>
            <![CDATA[Given I am in Trip Advisor home page........................................passed
When I click on TravelForum.................................................passed
And I click on Flights......................................................passed
And I enter Where from and To field.........................................passed
And I enter departure and arrival date......................................passed
And I enter person field and close person field.............................passed
And I click on find flight button...........................................passed
Then I verify COVID-19 Policies is appeared properly........................passed
]]>
        </system-out>
    </testcase>
    <testcase classname="Trip Advisor Home Page Functionality test" name="Trip Advisor find flight functionality test" time="14.88">
        <failure message="invalid selector: The result of the xpath expression &quot;//*[@id=&quot;taplc_trip_search_home_flights_0&quot;]/div[2]/div/div[1]/ul/li[2]/div/a/text()&quot; is: [object Text]. It should be an element.&#10;  (Session info: chrome=85.0.4183.121)&#10;For documentation on this error, please visit: https://www.seleniumhq.org/exceptions/invalid_selector_exception.html&#10;Build info: version: '3.141.59', revision: 'e82be7d358', time: '2018-11-14T08:17:03'&#10;System info: host: 'LAPTOP-6QSDTELI', ip: '192.168.1.185', os.name: 'Windows 10', os.arch: 'amd64', os.version: '10.0', java.version: '11.0.8'&#10;Driver info: org.openqa.selenium.chrome.ChromeDriver&#10;Capabilities {acceptInsecureCerts: false, browserName: chrome, browserVersion: 85.0.4183.121, chrome: {chromedriverVersion: 85.0.4183.87 (cd6713ebf92fa..., userDataDir: C:\Users\lenis\AppData\Loca...}, goog:chromeOptions: {debuggerAddress: localhost:61674}, javascriptEnabled: true, networkConnectionEnabled: false, pageLoadStrategy: normal, platform: WINDOWS, platformName: WINDOWS, proxy: Proxy(), setWindowRect: true, strictFileInteractability: false, timeouts: {implicit: 0, pageLoad: 300000, script: 30000}, unhandledPromptBehavior: dismiss and notify, webauthn:virtualAuthenticators: true}&#10;Session ID: 7c349c9f2dcf779fdd4e0b514bc568f1&#10;*** Element info: {Using=xpath, value=//*[@id=&quot;taplc_trip_search_home_flights_0&quot;]/div[2]/div/div[1]/ul/li[2]/div/a/text()}" type="org.openqa.selenium.InvalidSelectorException">
            <![CDATA[Given I am in Trip Advisor home page........................................passed
When I click on TravelForum and click on Flight.............................passed
And I click on One way tab..................................................failed
And I enter Where from and To field.........................................skipped
And I enter departure date..................................................skipped
And I enter person field and close person field.............................skipped
And I click on find flight button...........................................skipped
Then I verify COVID-19 Policies is appeared properly........................skipped

StackTrace:
org.openqa.selenium.InvalidSelectorException: invalid selector: The result of the xpath expression "//*[@id="taplc_trip_search_home_flights_0"]/div[2]/div/div[1]/ul/li[2]/div/a/text()" is: [object Text]. It should be an element.
  (Session info: chrome=85.0.4183.121)
For documentation on this error, please visit: https://www.seleniumhq.org/exceptions/invalid_selector_exception.html
Build info: version: '3.141.59', revision: 'e82be7d358', time: '2018-11-14T08:17:03'
System info: host: 'LAPTOP-6QSDTELI', ip: '192.168.1.185', os.name: 'Windows 10', os.arch: 'amd64', os.version: '10.0', java.version: '11.0.8'
Driver info: org.openqa.selenium.chrome.ChromeDriver
Capabilities {acceptInsecureCerts: false, browserName: chrome, browserVersion: 85.0.4183.121, chrome: {chromedriverVersion: 85.0.4183.87 (cd6713ebf92fa..., userDataDir: C:\Users\lenis\AppData\Loca...}, goog:chromeOptions: {debuggerAddress: localhost:61674}, javascriptEnabled: true, networkConnectionEnabled: false, pageLoadStrategy: normal, platform: WINDOWS, platformName: WINDOWS, proxy: Proxy(), setWindowRect: true, strictFileInteractability: false, timeouts: {implicit: 0, pageLoad: 300000, script: 30000}, unhandledPromptBehavior: dismiss and notify, webauthn:virtualAuthenticators: true}
Session ID: 7c349c9f2dcf779fdd4e0b514bc568f1
*** Element info: {Using=xpath, value=//*[@id="taplc_trip_search_home_flights_0"]/div[2]/div/div[1]/ul/li[2]/div/a/text()}
	at java.base/jdk.internal.reflect.NativeConstructorAccessorImpl.newInstance0(Native Method)
	at java.base/jdk.internal.reflect.NativeConstructorAccessorImpl.newInstance(NativeConstructorAccessorImpl.java:62)
	at java.base/jdk.internal.reflect.DelegatingConstructorAccessorImpl.newInstance(DelegatingConstructorAccessorImpl.java:45)
	at java.base/java.lang.reflect.Constructor.newInstance(Constructor.java:490)
	at org.openqa.selenium.remote.http.W3CHttpResponseCodec.createException(W3CHttpResponseCodec.java:187)
	at org.openqa.selenium.remote.http.W3CHttpResponseCodec.decode(W3CHttpResponseCodec.java:122)
	at org.openqa.selenium.remote.http.W3CHttpResponseCodec.decode(W3CHttpResponseCodec.java:49)
	at org.openqa.selenium.remote.HttpCommandExecutor.execute(HttpCommandExecutor.java:158)
	at org.openqa.selenium.remote.service.DriverCommandExecutor.execute(DriverCommandExecutor.java:83)
	at org.openqa.selenium.remote.RemoteWebDriver.execute(RemoteWebDriver.java:552)
	at org.openqa.selenium.remote.RemoteWebDriver.findElement(RemoteWebDriver.java:323)
	at org.openqa.selenium.remote.RemoteWebDriver.findElementByXPath(RemoteWebDriver.java:428)
	at org.openqa.selenium.By$ByXPath.findElement(By.java:353)
	at org.openqa.selenium.remote.RemoteWebDriver.findElement(RemoteWebDriver.java:315)
	at org.openqa.selenium.support.pagefactory.DefaultElementLocator.findElement(DefaultElementLocator.java:69)
	at org.openqa.selenium.support.pagefactory.internal.LocatingElementHandler.invoke(LocatingElementHandler.java:38)
	at com.sun.proxy.$Proxy26.click(Unknown Source)
	at tripadvisorhome.TripAdvisorHomePage.oneWayTab(TripAdvisorHomePage.java:225)
	at stepdefinitions.TripAdvisorStepDefinition.i_click_on_one_way_tab(TripAdvisorStepDefinition.java:140)
	at ✽.I click on One way tab(file:///C:/Users/lenis/IdeaProjects/BDDWebAutomationFramework_WA_NY_Team2/TripAdvisor/src/test/java/features/TripAdvisor.feature:46)
]]>
        </failure>
    </testcase>
    <testcase classname="Trip Advisor Home Page Functionality test" name="Trip Advisor things to do functionality test" time="10.933">
        <system-out>
            <![CDATA[Given I am in Trip Advisor home page........................................passed
When I click on Things to Do................................................passed
And I type in searchBox and submit..........................................passed
Then I verify Dhaka City is appeared properly...............................passed
]]>
        </system-out>
    </testcase>
    <testcase classname="Trip Advisor Home Page Functionality test" name="Trip Advisor things to do search box functionality test" time="11.179">
        <system-out>
            <![CDATA[Given I am in Trip Advisor home page........................................passed
When I click on Things to Do................................................passed
And I type in searchBox and submit..........................................passed
Then I verify Dhaka City is appeared properly...............................passed
]]>
        </system-out>
    </testcase>
    <testcase classname="Trip Advisor Home Page Functionality test" name="Trip Advisor trip button functionality test" time="9.68">
        <system-out>
            <![CDATA[Given I am in Trip Advisor home page........................................passed
When I click on trip button.................................................passed
And I click on get start....................................................passed
Then I verify reCAPCHA is appeared properly.................................passed
]]>
        </system-out>
    </testcase>
    <testcase classname="Trip Advisor Home Page Functionality test" name="Trip Advisor post tab functionality test" time="22.627">
        <system-out>
            <![CDATA[Given I am in Trip Advisor home page........................................passed
When I click on Post tab....................................................passed
And I click on Post Photo...................................................passed
And I click on hotel radio button...........................................passed
And I type hotel name and city name and click search button.................passed
And select and click radio button...........................................passed
And I click on Post Photos Button and click add photo btn...................passed
And I click on select photo from your computer..............................passed
]]>
        </system-out>
    </testcase>
</testsuite>
