<?xml version="1.0" encoding="UTF-8" standalone="no"?>
<testsuite errors="0" failures="12" name="io.cucumber.core.plugin.JUnitFormatter" skipped="0" tests="19" time="106.321">
    <testcase classname="Trip Advisor Home Page Functionality test" name="Trip Advisor Search box functionality test" time="6.622">
        <system-out>
            <![CDATA[Given I am in Trip Advisor home page........................................passed
When I enter Texas in search box............................................passed
And I click on search button................................................passed
And I click on Hotels Button................................................passed
Then I verify "Texas" is appeared properly..................................passed
]]>
        </system-out>
    </testcase>
    <testcase classname="Trip Advisor Home Page Functionality test" name="Trip Advisor vacation test" time="5.759">
        <system-out>
            <![CDATA[Given I am in Trip Advisor home page........................................passed
When I enter Texas in search box............................................passed
And I click on search button................................................passed
And I click on Hotels Button................................................passed
And I click vacation rentals tab............................................passed
Then I verify "Texas" is appeared properly..................................passed
]]>
        </system-out>
    </testcase>
    <testcase classname="Trip Advisor Home Page Functionality test" name="Trip Advisor restaurants test" time="11.791">
        <system-out>
            <![CDATA[Given I am in Trip Advisor home page........................................passed
When I enter Texas in search box............................................passed
And I click on search button................................................passed
And I click on Hotels Button................................................passed
And I click Restaurants tab.................................................passed
And I click Texas Roadhouse.................................................passed
And I navigate new windows..................................................passed
And I click food picture....................................................passed
And I click Gallery button..................................................passed
Then I verify food image is appeared properly...............................passed
]]>
        </system-out>
    </testcase>
    <testcase classname="Trip Advisor Home Page Functionality test" name="Trip Advisor flight status functionality test" time="44.21">
        <failure message="no such element: Unable to locate element: {&quot;method&quot;:&quot;xpath&quot;,&quot;selector&quot;:&quot;//*[@id=&quot;detail_4116156&quot;]&quot;}&#10;  (Session info: chrome=85.0.4183.121)&#10;For documentation on this error, please visit: https://www.seleniumhq.org/exceptions/no_such_element.html&#10;Build info: version: '3.141.59', revision: 'e82be7d358', time: '2018-11-14T08:17:03'&#10;System info: host: 'Shahs-MacBook-Pro.local', ip: '2604:2000:1000:4035:0:0:0:b0d%en0', os.name: 'Mac OS X', os.arch: 'x86_64', os.version: '10.15.6', java.version: '11.0.7'&#10;Driver info: org.openqa.selenium.chrome.ChromeDriver&#10;Capabilities {acceptInsecureCerts: false, browserName: chrome, browserVersion: 85.0.4183.121, chrome: {chromedriverVersion: 84.0.4147.30 (48b3e868b4cc0..., userDataDir: /var/folders/6v/0pdt7m190gj...}, goog:chromeOptions: {debuggerAddress: localhost:57373}, javascriptEnabled: true, networkConnectionEnabled: false, pageLoadStrategy: normal, platform: MAC, platformName: MAC, proxy: Proxy(), setWindowRect: true, strictFileInteractability: false, timeouts: {implicit: 0, pageLoad: 300000, script: 30000}, unhandledPromptBehavior: dismiss and notify, webauthn:virtualAuthenticators: true}&#10;Session ID: 83eda51a558170792c41a5ed14e36d24&#10;*** Element info: {Using=xpath, value=//*[@id=&quot;detail_4116156&quot;]}" type="org.openqa.selenium.NoSuchElementException">
            <![CDATA[Given I am in Trip Advisor home page........................................passed
When I click on TravelForum.................................................passed
And I click on Flights......................................................passed
And I enter Where from and To field.........................................passed
And I enter departure and arrival date......................................failed
And I enter person field and close person field.............................skipped
And I click on find flight button...........................................skipped
Then I verify COVID-19 Policies is appeared properly........................skipped

StackTrace:
org.openqa.selenium.NoSuchElementException: no such element: Unable to locate element: {"method":"xpath","selector":"//*[@id="detail_4116156"]"}
  (Session info: chrome=85.0.4183.121)
For documentation on this error, please visit: https://www.seleniumhq.org/exceptions/no_such_element.html
Build info: version: '3.141.59', revision: 'e82be7d358', time: '2018-11-14T08:17:03'
System info: host: 'Shahs-MacBook-Pro.local', ip: '2604:2000:1000:4035:0:0:0:b0d%en0', os.name: 'Mac OS X', os.arch: 'x86_64', os.version: '10.15.6', java.version: '11.0.7'
Driver info: org.openqa.selenium.chrome.ChromeDriver
Capabilities {acceptInsecureCerts: false, browserName: chrome, browserVersion: 85.0.4183.121, chrome: {chromedriverVersion: 84.0.4147.30 (48b3e868b4cc0..., userDataDir: /var/folders/6v/0pdt7m190gj...}, goog:chromeOptions: {debuggerAddress: localhost:57373}, javascriptEnabled: true, networkConnectionEnabled: false, pageLoadStrategy: normal, platform: MAC, platformName: MAC, proxy: Proxy(), setWindowRect: true, strictFileInteractability: false, timeouts: {implicit: 0, pageLoad: 300000, script: 30000}, unhandledPromptBehavior: dismiss and notify, webauthn:virtualAuthenticators: true}
Session ID: 83eda51a558170792c41a5ed14e36d24
*** Element info: {Using=xpath, value=//*[@id="detail_4116156"]}
	at java.base/jdk.internal.reflect.NativeConstructorAccessorImpl.newInstance0(Native Method)
	at java.base/jdk.internal.reflect.NativeConstructorAccessorImpl.newInstance(NativeConstructorAccessorImpl.java:62)
	at java.base/jdk.internal.reflect.DelegatingConstructorAccessorImpl.newInstance(DelegatingConstructorAccessorImpl.java:45)
	at java.base/java.lang.reflect.Constructor.newInstance(Constructor.java:490)
	at org.openqa.selenium.remote.http.W3CHttpResponseCodec.createException(W3CHttpResponseCodec.java:187)
	at org.openqa.selenium.remote.http.W3CHttpResponseCodec.decode(W3CHttpResponseCodec.java:122)
	at org.openqa.selenium.remote.http.W3CHttpResponseCodec.decode(W3CHttpResponseCodec.java:49)
	at org.openqa.selenium.remote.HttpCommandExecutor.execute(HttpCommandExecutor.java:158)
	at org.openqa.selenium.remote.service.DriverCommandExecutor.execute(DriverCommandExecutor.java:83)
	at org.openqa.selenium.remote.RemoteWebDriver.execute(RemoteWebDriver.java:552)
	at org.openqa.selenium.remote.RemoteWebDriver.findElement(RemoteWebDriver.java:323)
	at org.openqa.selenium.remote.RemoteWebDriver.findElementByXPath(RemoteWebDriver.java:428)
	at org.openqa.selenium.By$ByXPath.findElement(By.java:353)
	at org.openqa.selenium.remote.RemoteWebDriver.findElement(RemoteWebDriver.java:315)
	at org.openqa.selenium.support.pagefactory.DefaultElementLocator.findElement(DefaultElementLocator.java:69)
	at org.openqa.selenium.support.pagefactory.internal.LocatingElementHandler.invoke(LocatingElementHandler.java:38)
	at com.sun.proxy.$Proxy25.click(Unknown Source)
	at tripadvisorhome.TripAdvisorHomePage.calenderCheckIn(TripAdvisorHomePage.java:191)
	at stepdefinitions.TripAdvisorStepDefinition.i_enter_departure_and_arrival_date(TripAdvisorStepDefinition.java:114)
	at ✽.I enter departure and arrival date(file:///Users/shahzakerin/BDDWebAutomationFramework_WA_NY_Team2/TripAdvisor/src/test/java/features/TripAdvisor.feature:38)
]]>
        </failure>
    </testcase>
    <testcase classname="Trip Advisor Home Page Functionality test" name="Trip Advisor find flight functionality test" time="8.318">
        <failure message="invalid selector: The result of the xpath expression &quot;//*[@id=&quot;taplc_trip_search_home_flights_0&quot;]/div[2]/div/div[1]/ul/li[2]/div/a/text()&quot; is: [object Text]. It should be an element.&#10;  (Session info: chrome=85.0.4183.121)&#10;For documentation on this error, please visit: https://www.seleniumhq.org/exceptions/invalid_selector_exception.html&#10;Build info: version: '3.141.59', revision: 'e82be7d358', time: '2018-11-14T08:17:03'&#10;System info: host: 'Shahs-MacBook-Pro.local', ip: '2604:2000:1000:4035:0:0:0:b0d%en0', os.name: 'Mac OS X', os.arch: 'x86_64', os.version: '10.15.6', java.version: '11.0.7'&#10;Driver info: org.openqa.selenium.chrome.ChromeDriver&#10;Capabilities {acceptInsecureCerts: false, browserName: chrome, browserVersion: 85.0.4183.121, chrome: {chromedriverVersion: 84.0.4147.30 (48b3e868b4cc0..., userDataDir: /var/folders/6v/0pdt7m190gj...}, goog:chromeOptions: {debuggerAddress: localhost:57500}, javascriptEnabled: true, networkConnectionEnabled: false, pageLoadStrategy: normal, platform: MAC, platformName: MAC, proxy: Proxy(), setWindowRect: true, strictFileInteractability: false, timeouts: {implicit: 0, pageLoad: 300000, script: 30000}, unhandledPromptBehavior: dismiss and notify, webauthn:virtualAuthenticators: true}&#10;Session ID: 106d2dc0cc8dcc3d5edf8f17d2f1a3b0&#10;*** Element info: {Using=xpath, value=//*[@id=&quot;taplc_trip_search_home_flights_0&quot;]/div[2]/div/div[1]/ul/li[2]/div/a/text()}" type="org.openqa.selenium.InvalidSelectorException">
            <![CDATA[Given I am in Trip Advisor home page........................................passed
When I click on TravelForum and click on Flight.............................passed
And I click on One way tab..................................................failed
And I enter Where from and To field.........................................skipped
And I enter departure date..................................................skipped
And I enter person field and close person field.............................skipped
And I click on find flight button...........................................skipped
Then I verify COVID-19 Policies is appeared properly........................skipped

StackTrace:
org.openqa.selenium.InvalidSelectorException: invalid selector: The result of the xpath expression "//*[@id="taplc_trip_search_home_flights_0"]/div[2]/div/div[1]/ul/li[2]/div/a/text()" is: [object Text]. It should be an element.
  (Session info: chrome=85.0.4183.121)
For documentation on this error, please visit: https://www.seleniumhq.org/exceptions/invalid_selector_exception.html
Build info: version: '3.141.59', revision: 'e82be7d358', time: '2018-11-14T08:17:03'
System info: host: 'Shahs-MacBook-Pro.local', ip: '2604:2000:1000:4035:0:0:0:b0d%en0', os.name: 'Mac OS X', os.arch: 'x86_64', os.version: '10.15.6', java.version: '11.0.7'
Driver info: org.openqa.selenium.chrome.ChromeDriver
Capabilities {acceptInsecureCerts: false, browserName: chrome, browserVersion: 85.0.4183.121, chrome: {chromedriverVersion: 84.0.4147.30 (48b3e868b4cc0..., userDataDir: /var/folders/6v/0pdt7m190gj...}, goog:chromeOptions: {debuggerAddress: localhost:57500}, javascriptEnabled: true, networkConnectionEnabled: false, pageLoadStrategy: normal, platform: MAC, platformName: MAC, proxy: Proxy(), setWindowRect: true, strictFileInteractability: false, timeouts: {implicit: 0, pageLoad: 300000, script: 30000}, unhandledPromptBehavior: dismiss and notify, webauthn:virtualAuthenticators: true}
Session ID: 106d2dc0cc8dcc3d5edf8f17d2f1a3b0
*** Element info: {Using=xpath, value=//*[@id="taplc_trip_search_home_flights_0"]/div[2]/div/div[1]/ul/li[2]/div/a/text()}
	at java.base/jdk.internal.reflect.NativeConstructorAccessorImpl.newInstance0(Native Method)
	at java.base/jdk.internal.reflect.NativeConstructorAccessorImpl.newInstance(NativeConstructorAccessorImpl.java:62)
	at java.base/jdk.internal.reflect.DelegatingConstructorAccessorImpl.newInstance(DelegatingConstructorAccessorImpl.java:45)
	at java.base/java.lang.reflect.Constructor.newInstance(Constructor.java:490)
	at org.openqa.selenium.remote.http.W3CHttpResponseCodec.createException(W3CHttpResponseCodec.java:187)
	at org.openqa.selenium.remote.http.W3CHttpResponseCodec.decode(W3CHttpResponseCodec.java:122)
	at org.openqa.selenium.remote.http.W3CHttpResponseCodec.decode(W3CHttpResponseCodec.java:49)
	at org.openqa.selenium.remote.HttpCommandExecutor.execute(HttpCommandExecutor.java:158)
	at org.openqa.selenium.remote.service.DriverCommandExecutor.execute(DriverCommandExecutor.java:83)
	at org.openqa.selenium.remote.RemoteWebDriver.execute(RemoteWebDriver.java:552)
	at org.openqa.selenium.remote.RemoteWebDriver.findElement(RemoteWebDriver.java:323)
	at org.openqa.selenium.remote.RemoteWebDriver.findElementByXPath(RemoteWebDriver.java:428)
	at org.openqa.selenium.By$ByXPath.findElement(By.java:353)
	at org.openqa.selenium.remote.RemoteWebDriver.findElement(RemoteWebDriver.java:315)
	at org.openqa.selenium.support.pagefactory.DefaultElementLocator.findElement(DefaultElementLocator.java:69)
	at org.openqa.selenium.support.pagefactory.internal.LocatingElementHandler.invoke(LocatingElementHandler.java:38)
	at com.sun.proxy.$Proxy25.click(Unknown Source)
	at tripadvisorhome.TripAdvisorHomePage.oneWayTab(TripAdvisorHomePage.java:225)
	at stepdefinitions.TripAdvisorStepDefinition.i_click_on_one_way_tab(TripAdvisorStepDefinition.java:140)
	at ✽.I click on One way tab(file:///Users/shahzakerin/BDDWebAutomationFramework_WA_NY_Team2/TripAdvisor/src/test/java/features/TripAdvisor.feature:46)
]]>
        </failure>
    </testcase>
    <testcase classname="Trip Advisor Home Page Functionality test" name="Trip Advisor things to do functionality test" time="3.782">
        <system-out>
            <![CDATA[Given I am in Trip Advisor home page........................................passed
When I click on Things to Do................................................passed
And I type in searchBox and submit..........................................passed
Then I verify Dhaka City is appeared properly...............................passed
]]>
        </system-out>
    </testcase>
    <testcase classname="Trip Advisor Home Page Functionality test" name="Trip Advisor things to do search box functionality test" time="3.956">
        <system-out>
            <![CDATA[Given I am in Trip Advisor home page........................................passed
When I click on Things to Do................................................passed
And I type in searchBox and submit..........................................passed
Then I verify Dhaka City is appeared properly...............................passed
]]>
        </system-out>
    </testcase>
    <testcase classname="Trip Advisor Home Page Functionality test" name="Trip Advisor trip button functionality test" time="3.001">
        <system-out>
            <![CDATA[Given I am in Trip Advisor home page........................................passed
When I click on trip button.................................................passed
And I click on get start....................................................passed
Then I verify reCAPCHA is appeared properly.................................passed
]]>
        </system-out>
    </testcase>
    <testcase classname="Trip Advisor Home Page Functionality test" name="Trip Advisor post tab functionality test" time="16.477">
        <system-out>
            <![CDATA[Given I am in Trip Advisor home page........................................passed
When I click on Post tab....................................................passed
And I click on Post Photo...................................................passed
And I click on hotel radio button...........................................passed
And I type hotel name and city name and click search button.................passed
And select and click radio button...........................................passed
And I click on Post Photos Button and click add photo btn...................passed
And I click on select photo from your computer..............................passed
]]>
        </system-out>
    </testcase>
    <testcase classname="Trip Advisor Home Page Functionality test" name="HomePage Restaurant Button Functionality Check" time="1.764">
        <failure message="The scenario has pending or undefined step(s)" type="java.lang.Exception">
            <![CDATA[Given I am in Trip Advisor home page........................................passed
Given I am on TripAdvisor HomePage..........................................undefined
When I click on Restaurant Button...........................................skipped
And I wrote Grass Valley on the search box..................................skipped
Then I click on Grass Valley................................................skipped
And I verify Valley is appeared properly....................................skipped
And I verify page title.....................................................skipped
]]>
        </failure>
    </testcase>
    <testcase classname="Trip Advisor Home Page Functionality test" name="Trip Advisor Search box functionality test" time="0.006">
        <failure message="The scenario has pending or undefined step(s)" type="java.lang.Exception">
            <![CDATA[Given I am on TripAdvisor HomePage..........................................undefined
When I type Texas i search box..............................................skipped
And I click search button...................................................skipped
And I click Hotels Button...................................................skipped
And I click vacation rentals tab............................................skipped
Then I varify "Texas" is appeared properly..................................skipped
]]>
        </failure>
    </testcase>
    <testcase classname="Trip Advisor Home Page Functionality test" name="Trip Advisor Search box functionality test 2" time="0.002">
        <failure message="The scenario has pending or undefined step(s)" type="java.lang.Exception">
            <![CDATA[Given I am on TripAdvisor HomePage..........................................undefined
When I type Texas i search box..............................................skipped
And I click search button...................................................skipped
And I click Hotels Button...................................................skipped
And I click Restaurants tab.................................................skipped
And I click Texas Roadhouse.................................................skipped
And I navigate new windows..................................................skipped
And I click food picture....................................................skipped
And I click Gallery button..................................................skipped
Then I varify food image is appeared properly...............................skipped
]]>
        </failure>
    </testcase>
    <testcase classname="Trip Advisor Home Page Functionality test" name="Trip Advisor Search box functionality test 3" time="0.002">
        <failure message="The scenario has pending or undefined step(s)" type="java.lang.Exception">
            <![CDATA[Given I am on TripAdvisor HomePage..........................................undefined
When I click TravelForum....................................................skipped
And I click Flights.........................................................skipped
And I enter Where from and To field.........................................skipped
And I enter departure and arrival date......................................skipped
And I enter person field and close person field.............................skipped
And I click find flight button..............................................skipped
Then I varify COVID-19 Policies is appeared properly........................skipped
]]>
        </failure>
    </testcase>
    <testcase classname="Trip Advisor Home Page Functionality test" name="Trip Advisor Search box functionality test 4" time="0.002">
        <failure message="The scenario has pending or undefined step(s)" type="java.lang.Exception">
            <![CDATA[Given I am on TripAdvisor HomePage..........................................undefined
When I click TravelForum and click Flight...................................skipped
And I click One way tab.....................................................skipped
And I enter Where from and To field.........................................skipped
And I enter departure date..................................................skipped
And I enter person field and close person field.............................skipped
And I click find flight button..............................................skipped
Then I varify COVID-19 Policies is appeared properly........................skipped
]]>
        </failure>
    </testcase>
    <testcase classname="Trip Advisor Home Page Functionality test" name="Trip Advisor Search box functionality test 5" time="0.001">
        <failure message="The scenario has pending or undefined step(s)" type="java.lang.Exception">
            <![CDATA[Given I am on TripAdvisor HomePage..........................................undefined
When I click Things to Do...................................................skipped
And I type in searchBox and submit..........................................skipped
Then I varify Dhaka City is appeared properly...............................skipped
]]>
        </failure>
    </testcase>
    <testcase classname="Trip Advisor Home Page Functionality test" name="Trip Advisor Search box functionality test 6" time="0.002">
        <failure message="The scenario has pending or undefined step(s)" type="java.lang.Exception">
            <![CDATA[Given I am on TripAdvisor HomePage..........................................undefined
When I click Things to Do...................................................skipped
And I type in searchBox and submit..........................................skipped
Then I varify Dhaka City is appeared properly...............................skipped
]]>
        </failure>
    </testcase>
    <testcase classname="Trip Advisor Home Page Functionality test" name="Trip Advisor Search box functionality test 7" time="0.001">
        <failure message="The scenario has pending or undefined step(s)" type="java.lang.Exception">
            <![CDATA[Given I am on TripAdvisor HomePage..........................................undefined
When I click trip button....................................................skipped
And I click get start.......................................................skipped
Then I varify reCAPCHA is appeared properly.................................skipped
]]>
        </failure>
    </testcase>
    <testcase classname="Trip Advisor Home Page Functionality test" name="Trip Advisor post tab functionality test" time="0.002">
        <failure message="The scenario has pending or undefined step(s)" type="java.lang.Exception">
            <![CDATA[Given I am on TripAdvisor HomePage..........................................undefined
When I click on Post tab....................................................skipped
And I click on Post Photo...................................................skipped
And I click on hotel radio button...........................................skipped
And I type hotel name and city name and click search button.................skipped
And select and click radio button...........................................skipped
And I click on Post Photos Button and click add photo btn...................skipped
And I click on select photo from your computer..............................skipped
]]>
        </failure>
    </testcase>
    <testcase classname="Trip Advisor Home Page Functionality test" name="Trip Advisor Search box functionality test" time="0.002">
        <failure message="The scenario has pending or undefined step(s)" type="java.lang.Exception">
            <![CDATA[Given I am on TripAdvisor HomePage..........................................undefined
When I click Post...........................................................skipped
And I click Post Photo......................................................skipped
And I click hohel radio button..............................................skipped
And I type hotel name and city name and click search button.................skipped
And select and click radio button...........................................skipped
And I click Post Photos Button and click add photo btn......................skipped
And I click select photo from your computer.................................skipped
Then I varify reCAPCHA is appeared properly.................................skipped
]]>
        </failure>
    </testcase>
</testsuite>
