<?xml version="1.0" encoding="UTF-8" standalone="no"?>
<testsuite errors="0" failures="1" name="io.cucumber.core.plugin.JUnitFormatter" skipped="0" tests="1" time="29.608">
    <testcase classname="TD Bank Home Page functionality test" name="TD Bank signUp" time="29.238">
        <failure message="no such element: Unable to locate element: {&quot;method&quot;:&quot;xpath&quot;,&quot;selector&quot;:&quot;//*[@id=&quot;labelWrap_3444&quot;]/div/div/label&quot;}&#10;  (Session info: chrome=85.0.4183.102)&#10;For documentation on this error, please visit: https://www.seleniumhq.org/exceptions/no_such_element.html&#10;Build info: version: '3.141.59', revision: 'e82be7d358', time: '2018-11-14T08:17:03'&#10;System info: host: 'Mizans-MacBook-Pro.local', ip: '2604:2000:6087:cf00:8cf3:d836:4ce1:eb80%en0', os.name: 'Mac OS X', os.arch: 'x86_64', os.version: '10.15.6', java.version: '11.0.7'&#10;Driver info: org.openqa.selenium.chrome.ChromeDriver&#10;Capabilities {acceptInsecureCerts: false, browserName: chrome, browserVersion: 85.0.4183.102, chrome: {chromedriverVersion: 85.0.4183.87 (cd6713ebf92fa..., userDataDir: /var/folders/b7/lgzywp995gd...}, goog:chromeOptions: {debuggerAddress: localhost:59450}, javascriptEnabled: true, networkConnectionEnabled: false, pageLoadStrategy: normal, platform: MAC, platformName: MAC, proxy: Proxy(), setWindowRect: true, strictFileInteractability: false, timeouts: {implicit: 0, pageLoad: 300000, script: 30000}, unhandledPromptBehavior: dismiss and notify, webauthn:virtualAuthenticators: true}&#10;Session ID: 2730094164e7c0045f492c1cf458ce18&#10;*** Element info: {Using=xpath, value=//*[@id=&quot;labelWrap_3444&quot;]/div/div/label}" type="org.openqa.selenium.NoSuchElementException">
            <![CDATA[Given I am on TD Bank home page.............................................passed
When I click on signUp button...............................................passed
And I select Personal Accounts Radio button from PopUp......................passed
And I checked Please Confirm checkBox from PopUp............................passed
Then I click continue in PopUp..............................................passed
And I check Accept button from second PopUp.................................failed
And I Accept second PopUp...................................................skipped
And I enter FirstName LastName and Email....................................skipped
And I select Checking From Account Type.....................................skipped
And I enter ATM card Number.................................................skipped
And I enter SSN number......................................................skipped
And I enter Account Number..................................................skipped
And I check Yes from Bill Pay Option........................................skipped
And I select Yes from go paperless option...................................skipped
And I Accept the third popUp................................................skipped
Then I enter user name in Create your UserName field........................skipped
And I re enter user name In Re enter your user name field...................skipped
And I enter password in Your new password field.............................skipped
And I re enter password in Re enter password field..........................skipped
Then I click on continue....................................................skipped
And I validate error message................................................skipped

StackTrace:
org.openqa.selenium.NoSuchElementException: no such element: Unable to locate element: {"method":"xpath","selector":"//*[@id="labelWrap_3444"]/div/div/label"}
  (Session info: chrome=85.0.4183.102)
For documentation on this error, please visit: https://www.seleniumhq.org/exceptions/no_such_element.html
Build info: version: '3.141.59', revision: 'e82be7d358', time: '2018-11-14T08:17:03'
System info: host: 'Mizans-MacBook-Pro.local', ip: '2604:2000:6087:cf00:8cf3:d836:4ce1:eb80%en0', os.name: 'Mac OS X', os.arch: 'x86_64', os.version: '10.15.6', java.version: '11.0.7'
Driver info: org.openqa.selenium.chrome.ChromeDriver
Capabilities {acceptInsecureCerts: false, browserName: chrome, browserVersion: 85.0.4183.102, chrome: {chromedriverVersion: 85.0.4183.87 (cd6713ebf92fa..., userDataDir: /var/folders/b7/lgzywp995gd...}, goog:chromeOptions: {debuggerAddress: localhost:59450}, javascriptEnabled: true, networkConnectionEnabled: false, pageLoadStrategy: normal, platform: MAC, platformName: MAC, proxy: Proxy(), setWindowRect: true, strictFileInteractability: false, timeouts: {implicit: 0, pageLoad: 300000, script: 30000}, unhandledPromptBehavior: dismiss and notify, webauthn:virtualAuthenticators: true}
Session ID: 2730094164e7c0045f492c1cf458ce18
*** Element info: {Using=xpath, value=//*[@id="labelWrap_3444"]/div/div/label}
	at java.base/jdk.internal.reflect.NativeConstructorAccessorImpl.newInstance0(Native Method)
	at java.base/jdk.internal.reflect.NativeConstructorAccessorImpl.newInstance(NativeConstructorAccessorImpl.java:62)
	at java.base/jdk.internal.reflect.DelegatingConstructorAccessorImpl.newInstance(DelegatingConstructorAccessorImpl.java:45)
	at java.base/java.lang.reflect.Constructor.newInstance(Constructor.java:490)
	at org.openqa.selenium.remote.http.W3CHttpResponseCodec.createException(W3CHttpResponseCodec.java:187)
	at org.openqa.selenium.remote.http.W3CHttpResponseCodec.decode(W3CHttpResponseCodec.java:122)
	at org.openqa.selenium.remote.http.W3CHttpResponseCodec.decode(W3CHttpResponseCodec.java:49)
	at org.openqa.selenium.remote.HttpCommandExecutor.execute(HttpCommandExecutor.java:158)
	at org.openqa.selenium.remote.service.DriverCommandExecutor.execute(DriverCommandExecutor.java:83)
	at org.openqa.selenium.remote.RemoteWebDriver.execute(RemoteWebDriver.java:552)
	at org.openqa.selenium.remote.RemoteWebDriver.findElement(RemoteWebDriver.java:323)
	at org.openqa.selenium.remote.RemoteWebDriver.findElementByXPath(RemoteWebDriver.java:428)
	at org.openqa.selenium.By$ByXPath.findElement(By.java:353)
	at org.openqa.selenium.remote.RemoteWebDriver.findElement(RemoteWebDriver.java:315)
	at org.openqa.selenium.support.pagefactory.DefaultElementLocator.findElement(DefaultElementLocator.java:69)
	at org.openqa.selenium.support.pagefactory.internal.LocatingElementHandler.invoke(LocatingElementHandler.java:38)
	at com.sun.proxy.$Proxy24.click(Unknown Source)
	at tdbankhome.TDBankHome.eSignAcceptCheckBox(TDBankHome.java:72)
	at stepdefinitions.TDBankHomePageStepDefinitions.i_check_accept_button_from_second_pop_up(TDBankHomePageStepDefinitions.java:83)
	at ✽.I check Accept button from second PopUp(file:///Users/mohammadislam/IdeaProjects/BDDWebAutomationFramework_WA_NY_Team2/TDBank/src/test/java/features/TDBankHomePage.feature:20)
]]>
        </failure>
    </testcase>
</testsuite>
