<?xml version="1.0" encoding="UTF-8" standalone="no"?>
<testsuite errors="0" failures="2" name="io.cucumber.core.plugin.JUnitFormatter" skipped="0" tests="10" time="184.276">
    <testcase classname="TD Bank Credit Card Home Page feature check" name="TD bank Credit Card home page display check" time="10.933">
        <system-out>
            <![CDATA[Given I am in TD Bank home page.............................................passed
And I click on CreditCard icon..............................................passed
Then I validate Credit Card Home page Title.................................passed
]]>
        </system-out>
    </testcase>
    <testcase classname="TD Bank Credit Card Home Page feature check" name="Td Cash Credit Card home page check" time="11.024">
        <system-out>
            <![CDATA[Given I am in TD Bank home page.............................................passed
And I click on CreditCard icon..............................................passed
And I click on Td Cash Credit Card..........................................passed
Then I validate Td Cash Credit Card is display..............................passed
And I validate Td Cash Credit Card page Title...............................passed
]]>
        </system-out>
    </testcase>
    <testcase classname="TD Bank Credit Card Home Page feature check" name="TD First Class Credit Card page check" time="11.142">
        <system-out>
            <![CDATA[Given I am in TD Bank home page.............................................passed
And I click on CreditCard icon..............................................passed
And I click on TD First Class Credit Card Button............................passed
Then I validate TD First Class Credit Card Image is display.................passed
And I validate TD First Class Credit Card page Title........................passed
]]>
        </system-out>
    </testcase>
    <testcase classname="TD Bank Credit Card Home Page feature check" name="Help me choose button check" time="12.403">
        <system-out>
            <![CDATA[Given I am in TD Bank home page.............................................passed
And I click on CreditCard icon..............................................passed
When I click on Help me Choose Button.......................................passed
And I click on Cash and Next button.........................................passed
Then I validate welcome message.............................................passed
]]>
        </system-out>
    </testcase>
    <testcase classname="TD Bank Home Page functionality test" name="TD Bank Online Banking page is display" time="15.483">
        <system-out>
            <![CDATA[Given I am in TD Bank home page.............................................passed
When I mouseHover on LogIn..................................................passed
And I click on online banking...............................................passed
Then I validate log in page is displayed....................................passed
]]>
        </system-out>
    </testcase>
    <testcase classname="TD Bank Home Page functionality test" name="TD Bank signUp" time="20.005">
        <system-out>
            <![CDATA[Given I am in TD Bank home page.............................................passed
When I click on signUp button...............................................passed
And I do necessary steps to land on User info page..........................passed
And I select account type...................................................passed
And I enter user information................................................passed
And I click on continue button..............................................passed
Then I validate signUp message..............................................passed
]]>
        </system-out>
    </testcase>
    <testcase classname="TD Bank Home Page functionality test" name="TD Bank login functionality check with invalid credentials" time="17.38">
        <system-out>
            <![CDATA[Given I am in TD Bank home page.............................................passed
When I click on logIn button in homePage....................................passed
And I enter "pnt30235" and "Pnt@30235"......................................passed
And I click on login........................................................passed
Then I validate the error message...........................................passed
]]>
        </system-out>
    </testcase>
    <testcase classname="TD Bank Home Page functionality test" name="TD Bank product dropDown list check" time="15.98">
        <system-out>
            <![CDATA[Given I am in TD Bank home page.............................................passed
When I click on product.....................................................passed
And I click on checking.....................................................passed
Then I validate checking account page.......................................passed
]]>
        </system-out>
    </testcase>
    <testcase classname="TD Bank Home Page functionality test" name="TD Bank Find us Box functionality check" time="15.532">
        <failure message="Search Item not match expected:&lt;10 locations near &quot;[Ozone Park], NY&quot;&gt; but was:&lt;10 locations near &quot;[Jamaica], NY&quot;&gt;" type="org.junit.ComparisonFailure">
            <![CDATA[Given I am in TD Bank home page.............................................passed
When I click FindUs Icon....................................................passed
And I enter "11416" and click on searchIcon.................................passed
Then I validate TD bank locations appeared..................................failed

StackTrace:
org.junit.ComparisonFailure: Search Item not match expected:<10 locations near "[Ozone Park], NY"> but was:<10 locations near "[Jamaica], NY">
	at org.junit.Assert.assertEquals(Assert.java:117)
	at tdbankhome.TDBankHome.validateFindUsValidationText(TDBankHome.java:262)
	at stepdefinitions.TDBankHomeStepDefinitions.i_validate_td_bank_locations_appeared(TDBankHomeStepDefinitions.java:159)
	at ✽.I validate TD bank locations appeared(file:///C:/Users/lenis/IdeaProjects/BDDWebAutomationFramework_WA_NY_Team2/TDBank/src/test/java/features/TDBankHomePage.feature:47)
]]>
        </failure>
    </testcase>
    <testcase classname="TD Bank Home Page functionality test" name="Get Direction Button check" time="53.998">
        <failure message="no such element: Unable to locate element: {&quot;method&quot;:&quot;xpath&quot;,&quot;selector&quot;:&quot;//*[@id=&quot;js-yl-USBRANCH40244&quot;]/article/div[11]/div/div/div/a&quot;}&#10;  (Session info: chrome=85.0.4183.102)&#10;For documentation on this error, please visit: https://www.seleniumhq.org/exceptions/no_such_element.html&#10;Build info: version: '3.141.59', revision: 'e82be7d358', time: '2018-11-14T08:17:03'&#10;System info: host: 'LAPTOP-6QSDTELI', ip: '192.168.1.185', os.name: 'Windows 10', os.arch: 'amd64', os.version: '10.0', java.version: '11.0.8'&#10;Driver info: org.openqa.selenium.chrome.ChromeDriver&#10;Capabilities {acceptInsecureCerts: false, browserName: chrome, browserVersion: 85.0.4183.102, chrome: {chromedriverVersion: 85.0.4183.87 (cd6713ebf92fa..., userDataDir: C:\Users\lenis\AppData\Loca...}, goog:chromeOptions: {debuggerAddress: localhost:53192}, javascriptEnabled: true, networkConnectionEnabled: false, pageLoadStrategy: normal, platform: WINDOWS, platformName: WINDOWS, proxy: Proxy(), setWindowRect: true, strictFileInteractability: false, timeouts: {implicit: 0, pageLoad: 300000, script: 30000}, unhandledPromptBehavior: dismiss and notify, webauthn:virtualAuthenticators: true}&#10;Session ID: 4948f7b51a1fbd92854ebcc4ebd210ca&#10;*** Element info: {Using=xpath, value=//*[@id=&quot;js-yl-USBRANCH40244&quot;]/article/div[11]/div/div/div/a}" type="org.openqa.selenium.NoSuchElementException">
            <![CDATA[Given I am in TD Bank home page.............................................passed
When I take necessary steps and landed on locations page....................passed
And I click on Get Direction Button.........................................failed
Then I validate google map page Title.......................................skipped

StackTrace:
org.openqa.selenium.NoSuchElementException: no such element: Unable to locate element: {"method":"xpath","selector":"//*[@id="js-yl-USBRANCH40244"]/article/div[11]/div/div/div/a"}
  (Session info: chrome=85.0.4183.102)
For documentation on this error, please visit: https://www.seleniumhq.org/exceptions/no_such_element.html
Build info: version: '3.141.59', revision: 'e82be7d358', time: '2018-11-14T08:17:03'
System info: host: 'LAPTOP-6QSDTELI', ip: '192.168.1.185', os.name: 'Windows 10', os.arch: 'amd64', os.version: '10.0', java.version: '11.0.8'
Driver info: org.openqa.selenium.chrome.ChromeDriver
Capabilities {acceptInsecureCerts: false, browserName: chrome, browserVersion: 85.0.4183.102, chrome: {chromedriverVersion: 85.0.4183.87 (cd6713ebf92fa..., userDataDir: C:\Users\lenis\AppData\Loca...}, goog:chromeOptions: {debuggerAddress: localhost:53192}, javascriptEnabled: true, networkConnectionEnabled: false, pageLoadStrategy: normal, platform: WINDOWS, platformName: WINDOWS, proxy: Proxy(), setWindowRect: true, strictFileInteractability: false, timeouts: {implicit: 0, pageLoad: 300000, script: 30000}, unhandledPromptBehavior: dismiss and notify, webauthn:virtualAuthenticators: true}
Session ID: 4948f7b51a1fbd92854ebcc4ebd210ca
*** Element info: {Using=xpath, value=//*[@id="js-yl-USBRANCH40244"]/article/div[11]/div/div/div/a}
	at java.base/jdk.internal.reflect.NativeConstructorAccessorImpl.newInstance0(Native Method)
	at java.base/jdk.internal.reflect.NativeConstructorAccessorImpl.newInstance(NativeConstructorAccessorImpl.java:62)
	at java.base/jdk.internal.reflect.DelegatingConstructorAccessorImpl.newInstance(DelegatingConstructorAccessorImpl.java:45)
	at java.base/java.lang.reflect.Constructor.newInstance(Constructor.java:490)
	at org.openqa.selenium.remote.http.W3CHttpResponseCodec.createException(W3CHttpResponseCodec.java:187)
	at org.openqa.selenium.remote.http.W3CHttpResponseCodec.decode(W3CHttpResponseCodec.java:122)
	at org.openqa.selenium.remote.http.W3CHttpResponseCodec.decode(W3CHttpResponseCodec.java:49)
	at org.openqa.selenium.remote.HttpCommandExecutor.execute(HttpCommandExecutor.java:158)
	at org.openqa.selenium.remote.service.DriverCommandExecutor.execute(DriverCommandExecutor.java:83)
	at org.openqa.selenium.remote.RemoteWebDriver.execute(RemoteWebDriver.java:552)
	at org.openqa.selenium.remote.RemoteWebDriver.findElement(RemoteWebDriver.java:323)
	at org.openqa.selenium.remote.RemoteWebDriver.findElementByXPath(RemoteWebDriver.java:428)
	at org.openqa.selenium.By$ByXPath.findElement(By.java:353)
	at org.openqa.selenium.remote.RemoteWebDriver.findElement(RemoteWebDriver.java:315)
	at org.openqa.selenium.support.pagefactory.DefaultElementLocator.findElement(DefaultElementLocator.java:69)
	at org.openqa.selenium.support.pagefactory.internal.LocatingElementHandler.invoke(LocatingElementHandler.java:38)
	at com.sun.proxy.$Proxy25.click(Unknown Source)
	at tdbankhome.TDBankHome.clickOnGetDirection(TDBankHome.java:272)
	at stepdefinitions.TDBankHomeStepDefinitions.i_click_on_get_direction_button(TDBankHomeStepDefinitions.java:172)
	at ✽.I click on Get Direction Button(file:///C:/Users/lenis/IdeaProjects/BDDWebAutomationFramework_WA_NY_Team2/TDBank/src/test/java/features/TDBankHomePage.feature:52)
]]>
        </failure>
    </testcase>
</testsuite>
