<?xml version="1.0" encoding="UTF-8" standalone="no"?>
<testsuite errors="0" failures="2" name="io.cucumber.core.plugin.JUnitFormatter" skipped="0" tests="10" time="124.216">
    <testcase classname="TD Bank Credit Card Home Page feature check" name="TD bank Credit Card home page display check" time="8.693">
        <system-out>
            <![CDATA[Given I am on TD Bank home page.............................................passed
And I click on CreditCard icon..............................................passed
Then I validate Credit Card Home page Title.................................passed
]]>
        </system-out>
    </testcase>
    <testcase classname="TD Bank Credit Card Home Page feature check" name="Td Cash Credit Card home page check" time="6.696">
        <system-out>
            <![CDATA[Given I am on TD Bank home page.............................................passed
And I click on CreditCard icon..............................................passed
And I click on Td Cash Credit Card..........................................passed
Then I validate Td Cash Credit Card is display..............................passed
And I validate Td Cash Credit Card page Title...............................passed
]]>
        </system-out>
    </testcase>
    <testcase classname="TD Bank Credit Card Home Page feature check" name="TD First Class Credit Card page check" time="27.467">
        <failure message="no such element: Unable to locate element: {&quot;method&quot;:&quot;xpath&quot;,&quot;selector&quot;:&quot;//img[@class='td-product-image']&quot;}&#10;  (Session info: chrome=85.0.4183.121)&#10;For documentation on this error, please visit: https://www.seleniumhq.org/exceptions/no_such_element.html&#10;Build info: version: '3.141.59', revision: 'e82be7d358', time: '2018-11-14T08:17:03'&#10;System info: host: 'Armans-MacBook-Pro.local', ip: 'fe80:0:0:0:ccc:17c9:423e:5581%en0', os.name: 'Mac OS X', os.arch: 'x86_64', os.version: '10.15.6', java.version: '11.0.7'&#10;Driver info: org.openqa.selenium.chrome.ChromeDriver&#10;Capabilities {acceptInsecureCerts: false, browserName: chrome, browserVersion: 85.0.4183.121, chrome: {chromedriverVersion: 85.0.4183.87 (cd6713ebf92fa..., userDataDir: /var/folders/kc/1437tkvj79j...}, goog:chromeOptions: {debuggerAddress: localhost:53148}, javascriptEnabled: true, networkConnectionEnabled: false, pageLoadStrategy: normal, platform: MAC, platformName: MAC, proxy: Proxy(), setWindowRect: true, strictFileInteractability: false, timeouts: {implicit: 0, pageLoad: 300000, script: 30000}, unhandledPromptBehavior: dismiss and notify, webauthn:virtualAuthenticators: true}&#10;Session ID: d9a457a85b083ab638a3057745a3e0a8&#10;*** Element info: {Using=xpath, value=//img[@class='td-product-image']}" type="org.openqa.selenium.NoSuchElementException">
            <![CDATA[Given I am on TD Bank home page.............................................passed
And I click on CreditCard icon..............................................passed
And I click on TD First Class Credit Card Button............................passed
Then I validate TD First Class Credit Card Image is display.................failed
And I validate TD First Class Credit Card page Title........................skipped

StackTrace:
org.openqa.selenium.NoSuchElementException: no such element: Unable to locate element: {"method":"xpath","selector":"//img[@class='td-product-image']"}
  (Session info: chrome=85.0.4183.121)
For documentation on this error, please visit: https://www.seleniumhq.org/exceptions/no_such_element.html
Build info: version: '3.141.59', revision: 'e82be7d358', time: '2018-11-14T08:17:03'
System info: host: 'Armans-MacBook-Pro.local', ip: 'fe80:0:0:0:ccc:17c9:423e:5581%en0', os.name: 'Mac OS X', os.arch: 'x86_64', os.version: '10.15.6', java.version: '11.0.7'
Driver info: org.openqa.selenium.chrome.ChromeDriver
Capabilities {acceptInsecureCerts: false, browserName: chrome, browserVersion: 85.0.4183.121, chrome: {chromedriverVersion: 85.0.4183.87 (cd6713ebf92fa..., userDataDir: /var/folders/kc/1437tkvj79j...}, goog:chromeOptions: {debuggerAddress: localhost:53148}, javascriptEnabled: true, networkConnectionEnabled: false, pageLoadStrategy: normal, platform: MAC, platformName: MAC, proxy: Proxy(), setWindowRect: true, strictFileInteractability: false, timeouts: {implicit: 0, pageLoad: 300000, script: 30000}, unhandledPromptBehavior: dismiss and notify, webauthn:virtualAuthenticators: true}
Session ID: d9a457a85b083ab638a3057745a3e0a8
*** Element info: {Using=xpath, value=//img[@class='td-product-image']}
	at java.base/jdk.internal.reflect.NativeConstructorAccessorImpl.newInstance0(Native Method)
	at java.base/jdk.internal.reflect.NativeConstructorAccessorImpl.newInstance(NativeConstructorAccessorImpl.java:62)
	at java.base/jdk.internal.reflect.DelegatingConstructorAccessorImpl.newInstance(DelegatingConstructorAccessorImpl.java:45)
	at java.base/java.lang.reflect.Constructor.newInstance(Constructor.java:490)
	at org.openqa.selenium.remote.http.W3CHttpResponseCodec.createException(W3CHttpResponseCodec.java:187)
	at org.openqa.selenium.remote.http.W3CHttpResponseCodec.decode(W3CHttpResponseCodec.java:122)
	at org.openqa.selenium.remote.http.W3CHttpResponseCodec.decode(W3CHttpResponseCodec.java:49)
	at org.openqa.selenium.remote.HttpCommandExecutor.execute(HttpCommandExecutor.java:158)
	at org.openqa.selenium.remote.service.DriverCommandExecutor.execute(DriverCommandExecutor.java:83)
	at org.openqa.selenium.remote.RemoteWebDriver.execute(RemoteWebDriver.java:552)
	at org.openqa.selenium.remote.RemoteWebDriver.findElement(RemoteWebDriver.java:323)
	at org.openqa.selenium.remote.RemoteWebDriver.findElementByXPath(RemoteWebDriver.java:428)
	at org.openqa.selenium.By$ByXPath.findElement(By.java:353)
	at org.openqa.selenium.remote.RemoteWebDriver.findElement(RemoteWebDriver.java:315)
	at org.openqa.selenium.support.pagefactory.DefaultElementLocator.findElement(DefaultElementLocator.java:69)
	at org.openqa.selenium.support.pagefactory.internal.LocatingElementHandler.invoke(LocatingElementHandler.java:38)
	at com.sun.proxy.$Proxy25.isDisplayed(Unknown Source)
	at tdbankhome.TDBankHome.validateTdFirstClassCreditCardImage(TDBankHome.java:92)
	at stepdefinitions.StepDefinitions.i_validate_td_first_class_credit_card_image_is_display(StepDefinitions.java:74)
	at ✽.I validate TD First Class Credit Card Image is display(file:///Users/arman430/IdeaProjects/BDDWebAutomationFramework_WA_NY_Team2/TDBank/src/test/java/features/TDBankHomePage.feature:22)
]]>
        </failure>
    </testcase>
    <testcase classname="TD Bank Credit Card Home Page feature check" name="Help me choose button check" time="7.738">
        <system-out>
            <![CDATA[Given I am on TD Bank home page.............................................passed
And I click on CreditCard icon..............................................passed
When I click on Help me Choose Button.......................................passed
And I click on Cash and Next button.........................................passed
Then I validate welcome message.............................................passed
]]>
        </system-out>
    </testcase>
    <testcase classname="TD Bank Credit Card Home Page feature check" name="TD Bank Online Banking page is display" time="10.968">
        <system-out>
            <![CDATA[Given I am on TD Bank home page.............................................passed
When I mouseHover on LogIn..................................................passed
And I click on online banking...............................................passed
Then I validate log in page is displayed....................................passed
]]>
        </system-out>
    </testcase>
    <testcase classname="TD Bank Credit Card Home Page feature check" name="TD Bank signUp" time="16.955">
        <failure message="Search Item not match expected:&lt;[]&gt; but was:&lt;[The information you gave doesn't match our records. Please review and make any updates before proceeding.]&gt;" type="org.junit.ComparisonFailure">
            <![CDATA[Given I am on TD Bank home page.............................................passed
When I click on signUp button...............................................passed
And I do necessary steps to land on User info page..........................passed
And I select account type...................................................passed
And I enter user information................................................passed
And I click on continue button..............................................passed
Then I validate signUp message..............................................failed

StackTrace:
org.junit.ComparisonFailure: Search Item not match expected:<[]> but was:<[The information you gave doesn't match our records. Please review and make any updates before proceeding.]>
	at org.junit.Assert.assertEquals(Assert.java:117)
	at tdbankhome.TDBankHome.validateSignUpPageText(TDBankHome.java:231)
	at stepdefinitions.StepDefinitions.i_validate_sign_up_message(StepDefinitions.java:163)
	at ✽.I validate signUp message(file:///Users/arman430/IdeaProjects/BDDWebAutomationFramework_WA_NY_Team2/TDBank/src/test/java/features/TDBankHomePage.feature:55)
]]>
        </failure>
    </testcase>
    <testcase classname="TD Bank Credit Card Home Page feature check" name="TD Bank login functionality check with invalid credentials" time="11.514">
        <system-out>
            <![CDATA[Given I am on TD Bank home page.............................................passed
When I click on logIn button in homePage....................................passed
And I enter "Arman430" and "JustChill"......................................passed
And I click on login........................................................passed
Then I validate the error message...........................................passed
]]>
        </system-out>
    </testcase>
    <testcase classname="TD Bank Credit Card Home Page feature check" name="TD Bank product dropDown list check" time="9.51">
        <system-out>
            <![CDATA[Given I am on TD Bank home page.............................................passed
When I click on product.....................................................passed
And I click on checking.....................................................passed
Then I validate checking account page.......................................passed
]]>
        </system-out>
    </testcase>
    <testcase classname="TD Bank Credit Card Home Page feature check" name="TD Bank Find us Box functionality check" time="9.911">
        <system-out>
            <![CDATA[Given I am on TD Bank home page.............................................passed
When I click FindUs Icon....................................................passed
And I enter "11432" and click on searchIcon.................................passed
Then I validate TD bank locations appeared..................................passed
]]>
        </system-out>
    </testcase>
    <testcase classname="TD Bank Credit Card Home Page feature check" name="Get Direction Button check" time="14.373">
        <system-out>
            <![CDATA[Given I am on TD Bank home page.............................................passed
When I take necessary steps and landed on locations page....................passed
And I click on Get Direction Button.........................................passed
Then I validate google map page Title.......................................passed
]]>
        </system-out>
    </testcase>
</testsuite>
