<?xml version="1.0" encoding="UTF-8" standalone="no"?>
<testsuite errors="0" failures="0" name="io.cucumber.core.plugin.JUnitFormatter" skipped="0" tests="1" time="16.503">
    <testcase classname="TD Bank Home Page functionality test" name="Get Direction Button check" time="16.1">
        <system-out>
            <![CDATA[Given I am on TD Bank home page.............................................passed
When I take necessary steps and landed on locations page....................passed
And I click on Get Direction Button.........................................passed
Then I validate google map page Title.......................................passed
]]>
        </system-out>
    </testcase>
</testsuite>
