<?xml version="1.0" encoding="UTF-8" standalone="no"?>
<testsuite errors="0" failures="0" name="io.cucumber.core.plugin.JUnitFormatter" skipped="0" tests="1" time="21.983">
    <testcase classname="TD Bank Home Page functionality test" name="TD Bank signUp" time="21.646">
        <system-out>
            <![CDATA[Given I am in TD Bank home page.............................................passed
When I click on signUp button...............................................passed
And I do necessary steps to land on User info page..........................passed
And I select account type...................................................passed
And I enter user information................................................passed
And I click on continue button..............................................passed
Then I validate signUp message..............................................passed
]]>
        </system-out>
    </testcase>
</testsuite>
