<?xml version="1.0" encoding="UTF-8" standalone="no"?>
<testsuite errors="0" failures="0" name="io.cucumber.core.plugin.JUnitFormatter" skipped="0" tests="24" time="250.724">
    <testcase classname="Gecico LandPage Functionality Check" name="Gecio Career button Check" time="13.046">
        <system-out>
            <![CDATA[Given I am on Geico Homepage................................................passed
And I click on Career button................................................passed
When I Click on Customer Service Button.....................................passed
Then I validate Customer Service Careers text appear Properly...............passed
]]>
        </system-out>
    </testcase>
    <testcase classname="Geico homePage functionality check" name="Geico searchBox functionality Check" time="9.757">
        <system-out>
            <![CDATA[Given I am on Geico homepage................................................passed
And I click searchlogo......................................................passed
And I enter motorcycle in searchBox.........................................passed
When I click searchButton...................................................passed
Then I verify siteSearchText................................................passed
]]>
        </system-out>
    </testcase>
    <testcase classname="Geico homePage functionality check" name="Geico searchBox functionality Check 2" time="9.578">
        <system-out>
            <![CDATA[Given I am on Geico homepage................................................passed
And I click searchlogo......................................................passed
And I enter "motorcycle" in searchBox.......................................passed
When I click searchButton...................................................passed
Then I verify siteSearchText................................................passed
]]>
        </system-out>
    </testcase>
    <testcase classname="Geico homePage functionality check" name="Geico searchBox functionality Check 3" time="8.792">
        <system-out>
            <![CDATA[Given I am on Geico homepage................................................passed
And I click searchlogo......................................................passed
And I enter "Motorcycle Insurance" in searchBox.............................passed
When I click searchButton...................................................passed
Then I verify siteSearchText................................................passed
]]>
        </system-out>
    </testcase>
    <testcase classname="Geico homePage functionality check" name="Geico searchBox functionality Check 4" time="8.755">
        <system-out>
            <![CDATA[Given I am on Geico homepage................................................passed
And I click searchlogo......................................................passed
And I enter "Car Insurance" in searchBox....................................passed
When I click searchButton...................................................passed
Then I verify siteSearchText................................................passed
]]>
        </system-out>
    </testcase>
    <testcase classname="Geico homePage functionality check" name="Geico searchBox functionality Check 5" time="9.788">
        <system-out>
            <![CDATA[Given I am on Geico homepage................................................passed
And I click searchlogo......................................................passed
And I enter "Condo Insurance" in searchBox..................................passed
When I click searchButton...................................................passed
Then I verify siteSearchText................................................passed
]]>
        </system-out>
    </testcase>
    <testcase classname="Geico homePage functionality check" name="Geico searchBox functionality Check 6" time="8.96">
        <system-out>
            <![CDATA[Given I am on Geico homepage................................................passed
And I click searchlogo......................................................passed
And I enter "life Insurance" in searchBox...................................passed
When I click searchButton...................................................passed
Then I verify siteSearchText................................................passed
]]>
        </system-out>
    </testcase>
    <testcase classname="Geico homePage functionality check" name="Geico searchBox functionality Check 7" time="8.998">
        <system-out>
            <![CDATA[Given I am on Geico homepage................................................passed
And I click searchlogo......................................................passed
And I enter "RV Insurance" in searchBox.....................................passed
When I click searchButton...................................................passed
Then I verify siteSearchText................................................passed
]]>
        </system-out>
    </testcase>
    <testcase classname="Geico homePage functionality check" name="Geico searchBox functionality Check 8" time="8.779">
        <system-out>
            <![CDATA[Given I am on Geico homepage................................................passed
And I click searchlogo......................................................passed
And I enter "Flood Insurance" in searchBox..................................passed
When I click searchButton...................................................passed
Then I verify siteSearchText................................................passed
]]>
        </system-out>
    </testcase>
    <testcase classname="Geico homePage functionality check" name="Geico searchBox functionality Check 9" time="8.586">
        <system-out>
            <![CDATA[Given I am on Geico homepage................................................passed
And I click searchlogo......................................................passed
And I enter "Boat Insurance" in searchBox...................................passed
When I click searchButton...................................................passed
Then I verify siteSearchText................................................passed
]]>
        </system-out>
    </testcase>
    <testcase classname="Geico homePage functionality check" name="Geico login functionality Check" time="11.227">
        <system-out>
            <![CDATA[Given I am on Geico homepage................................................passed
And I choose click on the arrow to choose policy............................passed
And I choose accessPolicy...................................................passed
And I click on LoginOption..................................................passed
And I enter userName and password...........................................passed
When I click loginButton....................................................passed
Then I verify title.........................................................passed
]]>
        </system-out>
    </testcase>
    <testcase classname="Geico homePage functionality check" name="Geico login functionality Check 2" time="10.968">
        <system-out>
            <![CDATA[Given I am on Geico homepage................................................passed
And I choose click on the arrow to choose policy............................passed
And I choose accessPolicy...................................................passed
And I click on LoginOption..................................................passed
And I enter "stt1213" and "cbs12344556".....................................passed
When I click loginButton....................................................passed
Then I verify title.........................................................passed
]]>
        </system-out>
    </testcase>
    <testcase classname="Geico homePage functionality check" name="Geico login functionality Check 3" time="10.765">
        <system-out>
            <![CDATA[Given I am on Geico homepage................................................passed
And I choose click on the arrow to choose policy............................passed
And I choose accessPolicy...................................................passed
And I click on LoginOption..................................................passed
And I enter "stt124" and "abs214324"........................................passed
When I click loginButton....................................................passed
Then I verify title.........................................................passed
]]>
        </system-out>
    </testcase>
    <testcase classname="Geico homePage functionality check" name="Geico login functionality Check 4" time="12.148">
        <system-out>
            <![CDATA[Given I am on Geico homepage................................................passed
And I choose click on the arrow to choose policy............................passed
And I choose accessPolicy...................................................passed
And I click on LoginOption..................................................passed
And I enter "stt124324" and "12424653"......................................passed
When I click loginButton....................................................passed
Then I verify title.........................................................passed
]]>
        </system-out>
    </testcase>
    <testcase classname="Geico homePage functionality check" name="Geico login functionality Check 5" time="12.143">
        <system-out>
            <![CDATA[Given I am on Geico homepage................................................passed
And I choose click on the arrow to choose policy............................passed
And I choose accessPolicy...................................................passed
And I click on LoginOption..................................................passed
And I enter "stt12424" and "12424653".......................................passed
When I click loginButton....................................................passed
Then I verify title.........................................................passed
]]>
        </system-out>
    </testcase>
    <testcase classname="Geico homePage functionality check" name="Geico login functionality Check 6" time="11.188">
        <system-out>
            <![CDATA[Given I am on Geico homepage................................................passed
And I choose click on the arrow to choose policy............................passed
And I choose accessPolicy...................................................passed
And I click on LoginOption..................................................passed
And I enter "stt1324" and "Ewfg234".........................................passed
When I click loginButton....................................................passed
Then I verify title.........................................................passed
]]>
        </system-out>
    </testcase>
    <testcase classname="Geico homePage functionality check" name="Geico login functionality Check 7" time="12.24">
        <system-out>
            <![CDATA[Given I am on Geico homepage................................................passed
And I choose click on the arrow to choose policy............................passed
And I choose accessPolicy...................................................passed
And I click on LoginOption..................................................passed
And I enter "stt1325" and "12424fer53"......................................passed
When I click loginButton....................................................passed
Then I verify title.........................................................passed
]]>
        </system-out>
    </testcase>
    <testcase classname="Geico homePage functionality check" name="Geico login create account check with variable" time="11.761">
        <system-out>
            <![CDATA[Given I am on Geico homepage................................................passed
And I click on startHere....................................................passed
And I enter "policyNumber", "dateOfBirth" and "zipCode".....................passed
When I click continue.......................................................passed
Then I verify errorText on screen...........................................passed
]]>
        </system-out>
    </testcase>
    <testcase classname="Geico homePage functionality check" name="Geico login create account check with multiple variable" time="10.438">
        <system-out>
            <![CDATA[Given I am on Geico homepage................................................passed
And I click on startHere....................................................passed
And I enter "15170", "02141004" and "10045".................................passed
When I click continue.......................................................passed
Then I verify policyNumber on screen........................................passed
]]>
        </system-out>
    </testcase>
    <testcase classname="Geico homePage functionality check" name="Geico login create account check with multiple variable 2" time="10.413">
        <system-out>
            <![CDATA[Given I am on Geico homepage................................................passed
And I click on startHere....................................................passed
And I enter "12434", "0319919" and "10322"..................................passed
When I click continue.......................................................passed
Then I verify policyNumber on screen........................................passed
]]>
        </system-out>
    </testcase>
    <testcase classname="Geico homePage functionality check" name="Geico login create account check with multiple variable 3" time="10.134">
        <system-out>
            <![CDATA[Given I am on Geico homepage................................................passed
And I click on startHere....................................................passed
And I enter "12314", "03191996" and "10326".................................passed
When I click continue.......................................................passed
Then I verify policyNumber on screen........................................passed
]]>
        </system-out>
    </testcase>
    <testcase classname="Geico homePage functionality check" name="Geico login create account check with multiple variable 4" time="10.705">
        <system-out>
            <![CDATA[Given I am on Geico homepage................................................passed
And I click on startHere....................................................passed
And I enter "12315", "03191296" and "10329".................................passed
When I click continue.......................................................passed
Then I verify policyNumber on screen........................................passed
]]>
        </system-out>
    </testcase>
    <testcase classname="Geico homePage functionality check" name="Geico login create account check with multiple variable 5" time="10.278">
        <system-out>
            <![CDATA[Given I am on Geico homepage................................................passed
And I click on startHere....................................................passed
And I enter "12316", "01191996" and "10328".................................passed
When I click continue.......................................................passed
Then I verify policyNumber on screen........................................passed
]]>
        </system-out>
    </testcase>
    <testcase classname="Geico homePage functionality check" name="Geico login create account check with multiple variable 6" time="10.666">
        <system-out>
            <![CDATA[Given I am on Geico homepage................................................passed
And I click on startHere....................................................passed
And I enter "12317", "05191996" and "10327".................................passed
When I click continue.......................................................passed
Then I verify policyNumber on screen........................................passed
]]>
        </system-out>
    </testcase>
</testsuite>
