<?xml version="1.0" encoding="UTF-8"?>
<testsuite xmlns:xsi="http://www.w3.org/2001/XMLSchema-instance" xsi:noNamespaceSchemaLocation="https://maven.apache.org/surefire/maven-surefire-plugin/xsd/surefire-test-report-3.0.xsd" version="3.0" name="runner.TestRunner" time="223.151" tests="12" errors="4" skipped="0" failures="0">
  <properties>
[...]
</properties>
  <testcase name="Aetna Shop a plan  test #1" classname="Aetna home page functionality test" time="11.674">
    <system-out><![CDATA[
@SmokeTest
Scenario: Aetna Shop a plan  test                      # src/test/java/features/Home.feature:8
  Given I am in Aetna home page                        # stepdefinitions.HomePageStepDefinition.i_am_in_aetna_home_page()
  When I click shop for a plan                         # stepdefinitions.HomePageStepDefinition.i_click_shop_for_a_plan()
  And I go Health coverage                             # stepdefinitions.HomePageStepDefinition.i_go_health_coverage()
  And I click Student plans                            # stepdefinitions.HomePageStepDefinition.i_click_student_plans()
  Then I validate "Helpful links" is appeared properly # stepdefinitions.HomePageStepDefinition.i_validate_is_appeared_properly(java.lang.String)
]]></system-out>
    <system-err><![CDATA[Starting ChromeDriver 85.0.4183.87 (cd6713ebf92fa1cacc0f1a598df280093af0c5d7-refs/branch-heads/4183@{#1689}) on port 47264
Only local connections are allowed.
Please see https://chromedriver.chromium.org/security-considerations for suggestions on keeping ChromeDriver safe.
ChromeDriver was started successfully.
Sep 24, 2020 8:58:08 PM org.openqa.selenium.remote.ProtocolHandshake createSession
INFO: Detected dialect: W3C
]]></system-err>
  </testcase>
  <testcase name="Aetna Shop a plan  test #2" classname="Aetna home page functionality test" time="11.14">
    <system-out><![CDATA[
@SmokeTest
Scenario: Aetna Shop a plan  test                    # src/test/java/features/Home.feature:15
  Given I am in Aetna home page                      # stepdefinitions.HomePageStepDefinition.i_am_in_aetna_home_page()
  When I click shop for a plan                       # stepdefinitions.HomePageStepDefinition.i_click_shop_for_a_plan()
  And I go Health coverage                           # stepdefinitions.HomePageStepDefinition.i_go_health_coverage()
  And I click Plans through an employer              # stepdefinitions.HomePageStepDefinition.i_click_plans_through_an_employer()
  Then I validate Legal notices is appeared properly # stepdefinitions.HomePageStepDefinition.i_validate_legal_notices_is_appeared_properly()
]]></system-out>
    <system-err><![CDATA[Starting ChromeDriver 85.0.4183.87 (cd6713ebf92fa1cacc0f1a598df280093af0c5d7-refs/branch-heads/4183@{#1689}) on port 47419
Only local connections are allowed.
Please see https://chromedriver.chromium.org/security-considerations for suggestions on keeping ChromeDriver safe.
ChromeDriver was started successfully.
Sep 24, 2020 8:58:19 PM org.openqa.selenium.remote.ProtocolHandshake createSession
INFO: Detected dialect: W3C
]]></system-err>
  </testcase>
  <testcase name="Aetna Shop a plan  test #3" classname="Aetna home page functionality test" time="11.761">
    <error type="io.cucumber.core.exception.CucumberException"><![CDATA[io.cucumber.core.exception.CucumberException: 
Step [I validate Aetna Well-being is appeared properly] is defined with 1 parameters at 'stepdefinitions.HomePageStepDefinition.i_validate_aetna_well_being_is_appeared_properly(java.lang.String)'.
However, the gherkin step has 0 arguments.
Step text: I validate Aetna Well-being is appeared properly
]]></error>
    <system-out><![CDATA[
@SmokeTest
Scenario: Aetna Shop a plan  test                       # src/test/java/features/Home.feature:22
  Given I am in Aetna home page                         # stepdefinitions.HomePageStepDefinition.i_am_in_aetna_home_page()
  When I click shop for a plan                          # stepdefinitions.HomePageStepDefinition.i_click_shop_for_a_plan()
  And I go Health coverage                              # stepdefinitions.HomePageStepDefinition.i_go_health_coverage()
  And I click International Plans                       # stepdefinitions.HomePageStepDefinition.i_click_international_plans()
  Then I validate Aetna Well-being is appeared properly # stepdefinitions.HomePageStepDefinition.i_validate_aetna_well_being_is_appeared_properly(java.lang.String)
      io.cucumber.core.exception.CucumberException: Step [I validate Aetna Well-being is appeared properly] is defined with 1 parameters at 'stepdefinitions.HomePageStepDefinition.i_validate_aetna_well_being_is_appeared_properly(java.lang.String)'.
However, the gherkin step has 0 arguments.
Step text: I validate Aetna Well-being is appeared properly
	at io.cucumber.core.runner.PickleStepDefinitionMatch.arityMismatch(PickleStepDefinitionMatch.java:83)
	at io.cucumber.core.runner.PickleStepDefinitionMatch.runStep(PickleStepDefinitionMatch.java:42)
	at io.cucumber.core.runner.TestStep.executeStep(TestStep.java:92)
	at io.cucumber.core.runner.TestStep.run(TestStep.java:63)
	at io.cucumber.core.runner.PickleStepTestStep.run(PickleStepTestStep.java:49)
	at io.cucumber.core.runner.TestCase.run(TestCase.java:99)
	at io.cucumber.core.runner.Runner.runPickle(Runner.java:71)
	at io.cucumber.junit.PickleRunners$NoStepDescriptions.run(PickleRunners.java:151)
	at io.cucumber.junit.FeatureRunner.runChild(FeatureRunner.java:135)
	at io.cucumber.junit.FeatureRunner.runChild(FeatureRunner.java:27)
	at org.junit.runners.ParentRunner$4.run(ParentRunner.java:331)
	at org.junit.runners.ParentRunner$1.schedule(ParentRunner.java:79)
	at org.junit.runners.ParentRunner.runChildren(ParentRunner.java:329)
	at org.junit.runners.ParentRunner.access$100(ParentRunner.java:66)
	at org.junit.runners.ParentRunner$2.evaluate(ParentRunner.java:293)
	at org.junit.runners.ParentRunner$3.evaluate(ParentRunner.java:306)
	at org.junit.runners.ParentRunner.run(ParentRunner.java:413)
	at io.cucumber.junit.Cucumber.runChild(Cucumber.java:199)
	at io.cucumber.junit.Cucumber.runChild(Cucumber.java:90)
	at org.junit.runners.ParentRunner$4.run(ParentRunner.java:331)
	at org.junit.runners.ParentRunner$1.schedule(ParentRunner.java:79)
	at org.junit.runners.ParentRunner.runChildren(ParentRunner.java:329)
	at org.junit.runners.ParentRunner.access$100(ParentRunner.java:66)
	at org.junit.runners.ParentRunner$2.evaluate(ParentRunner.java:293)
	at io.cucumber.junit.Cucumber$RunCucumber.evaluate(Cucumber.java:234)
	at org.junit.runners.ParentRunner$3.evaluate(ParentRunner.java:306)
	at org.junit.runners.ParentRunner.run(ParentRunner.java:413)
	at org.junit.runner.JUnitCore.run(JUnitCore.java:137)
	at org.junit.runner.JUnitCore.run(JUnitCore.java:115)
	at org.junit.vintage.engine.execution.RunnerExecutor.execute(RunnerExecutor.java:43)
	at java.base/java.util.stream.ForEachOps$ForEachOp$OfRef.accept(ForEachOps.java:183)
	at java.base/java.util.stream.ReferencePipeline$3$1.accept(ReferencePipeline.java:195)
	at java.base/java.util.Iterator.forEachRemaining(Iterator.java:133)
	at java.base/java.util.Spliterators$IteratorSpliterator.forEachRemaining(Spliterators.java:1801)
	at java.base/java.util.stream.AbstractPipeline.copyInto(AbstractPipeline.java:484)
	at java.base/java.util.stream.AbstractPipeline.wrapAndCopyInto(AbstractPipeline.java:474)
	at java.base/java.util.stream.ForEachOps$ForEachOp.evaluateSequential(ForEachOps.java:150)
	at java.base/java.util.stream.ForEachOps$ForEachOp$OfRef.evaluateSequential(ForEachOps.java:173)
	at java.base/java.util.stream.AbstractPipeline.evaluate(AbstractPipeline.java:234)
	at java.base/java.util.stream.ReferencePipeline.forEach(ReferencePipeline.java:497)
	at org.junit.vintage.engine.VintageTestEngine.executeAllChildren(VintageTestEngine.java:82)
	at org.junit.vintage.engine.VintageTestEngine.execute(VintageTestEngine.java:73)
	at org.junit.platform.launcher.core.DefaultLauncher.execute(DefaultLauncher.java:248)
	at org.junit.platform.launcher.core.DefaultLauncher.lambda$execute$5(DefaultLauncher.java:211)
	at org.junit.platform.launcher.core.DefaultLauncher.withInterceptedStreams(DefaultLauncher.java:226)
	at org.junit.platform.launcher.core.DefaultLauncher.execute(DefaultLauncher.java:199)
	at org.junit.platform.launcher.core.DefaultLauncher.execute(DefaultLauncher.java:132)
	at org.apache.maven.surefire.junitplatform.JUnitPlatformProvider.execute(JUnitPlatformProvider.java:188)
	at org.apache.maven.surefire.junitplatform.JUnitPlatformProvider.invokeAllTests(JUnitPlatformProvider.java:154)
	at org.apache.maven.surefire.junitplatform.JUnitPlatformProvider.invoke(JUnitPlatformProvider.java:128)
	at org.apache.maven.surefire.booter.ForkedBooter.runSuitesInProcess(ForkedBooter.java:428)
	at org.apache.maven.surefire.booter.ForkedBooter.execute(ForkedBooter.java:162)
	at org.apache.maven.surefire.booter.ForkedBooter.run(ForkedBooter.java:562)
	at org.apache.maven.surefire.booter.ForkedBooter.main(ForkedBooter.java:548)


    Embedding Demo1 [image/png 822358 bytes]

]]></system-out>
    <system-err><![CDATA[Starting ChromeDriver 85.0.4183.87 (cd6713ebf92fa1cacc0f1a598df280093af0c5d7-refs/branch-heads/4183@{#1689}) on port 20607
Only local connections are allowed.
Please see https://chromedriver.chromium.org/security-considerations for suggestions on keeping ChromeDriver safe.
ChromeDriver was started successfully.
Sep 24, 2020 8:58:30 PM org.openqa.selenium.remote.ProtocolHandshake createSession
INFO: Detected dialect: W3C
]]></system-err>
  </testcase>
  <testcase name="Aetna Shop a plan  test #4" classname="Aetna home page functionality test" time="10.312">
    <error type="io.cucumber.core.exception.CucumberException"><![CDATA[io.cucumber.core.exception.CucumberException: 
Step [I validate COVID-{int} Alert is appeared properly] is defined with 0 parameters at 'stepdefinitions.HomePageStepDefinition.i_validate_covid_alert_is_appeared_properly()'.
However, the gherkin step has 1 arguments:
 * 19
Step text: I validate COVID-19 Alert is appeared properly
]]></error>
    <system-out><![CDATA[
@SmokeTest
Scenario: Aetna Shop a plan  test                     # src/test/java/features/Home.feature:29
  Given I am in Aetna home page                       # stepdefinitions.HomePageStepDefinition.i_am_in_aetna_home_page()
  When I click shop for a plan                        # stepdefinitions.HomePageStepDefinition.i_click_shop_for_a_plan()
  And I go Health coverage                            # stepdefinitions.HomePageStepDefinition.i_go_health_coverage()
  And I click find a doctor                           # stepdefinitions.HomePageStepDefinition.i_click_find_a_doctor()
  Then I validate COVID-19 Alert is appeared properly # stepdefinitions.HomePageStepDefinition.i_validate_covid_alert_is_appeared_properly()
      io.cucumber.core.exception.CucumberException: Step [I validate COVID-{int} Alert is appeared properly] is defined with 0 parameters at 'stepdefinitions.HomePageStepDefinition.i_validate_covid_alert_is_appeared_properly()'.
However, the gherkin step has 1 arguments:
 * 19
Step text: I validate COVID-19 Alert is appeared properly
	at io.cucumber.core.runner.PickleStepDefinitionMatch.arityMismatch(PickleStepDefinitionMatch.java:83)
	at io.cucumber.core.runner.PickleStepDefinitionMatch.runStep(PickleStepDefinitionMatch.java:42)
	at io.cucumber.core.runner.TestStep.executeStep(TestStep.java:92)
	at io.cucumber.core.runner.TestStep.run(TestStep.java:63)
	at io.cucumber.core.runner.PickleStepTestStep.run(PickleStepTestStep.java:49)
	at io.cucumber.core.runner.TestCase.run(TestCase.java:99)
	at io.cucumber.core.runner.Runner.runPickle(Runner.java:71)
	at io.cucumber.junit.PickleRunners$NoStepDescriptions.run(PickleRunners.java:151)
	at io.cucumber.junit.FeatureRunner.runChild(FeatureRunner.java:135)
	at io.cucumber.junit.FeatureRunner.runChild(FeatureRunner.java:27)
	at org.junit.runners.ParentRunner$4.run(ParentRunner.java:331)
	at org.junit.runners.ParentRunner$1.schedule(ParentRunner.java:79)
	at org.junit.runners.ParentRunner.runChildren(ParentRunner.java:329)
	at org.junit.runners.ParentRunner.access$100(ParentRunner.java:66)
	at org.junit.runners.ParentRunner$2.evaluate(ParentRunner.java:293)
	at org.junit.runners.ParentRunner$3.evaluate(ParentRunner.java:306)
	at org.junit.runners.ParentRunner.run(ParentRunner.java:413)
	at io.cucumber.junit.Cucumber.runChild(Cucumber.java:199)
	at io.cucumber.junit.Cucumber.runChild(Cucumber.java:90)
	at org.junit.runners.ParentRunner$4.run(ParentRunner.java:331)
	at org.junit.runners.ParentRunner$1.schedule(ParentRunner.java:79)
	at org.junit.runners.ParentRunner.runChildren(ParentRunner.java:329)
	at org.junit.runners.ParentRunner.access$100(ParentRunner.java:66)
	at org.junit.runners.ParentRunner$2.evaluate(ParentRunner.java:293)
	at io.cucumber.junit.Cucumber$RunCucumber.evaluate(Cucumber.java:234)
	at org.junit.runners.ParentRunner$3.evaluate(ParentRunner.java:306)
	at org.junit.runners.ParentRunner.run(ParentRunner.java:413)
	at org.junit.runner.JUnitCore.run(JUnitCore.java:137)
	at org.junit.runner.JUnitCore.run(JUnitCore.java:115)
	at org.junit.vintage.engine.execution.RunnerExecutor.execute(RunnerExecutor.java:43)
	at java.base/java.util.stream.ForEachOps$ForEachOp$OfRef.accept(ForEachOps.java:183)
	at java.base/java.util.stream.ReferencePipeline$3$1.accept(ReferencePipeline.java:195)
	at java.base/java.util.Iterator.forEachRemaining(Iterator.java:133)
	at java.base/java.util.Spliterators$IteratorSpliterator.forEachRemaining(Spliterators.java:1801)
	at java.base/java.util.stream.AbstractPipeline.copyInto(AbstractPipeline.java:484)
	at java.base/java.util.stream.AbstractPipeline.wrapAndCopyInto(AbstractPipeline.java:474)
	at java.base/java.util.stream.ForEachOps$ForEachOp.evaluateSequential(ForEachOps.java:150)
	at java.base/java.util.stream.ForEachOps$ForEachOp$OfRef.evaluateSequential(ForEachOps.java:173)
	at java.base/java.util.stream.AbstractPipeline.evaluate(AbstractPipeline.java:234)
	at java.base/java.util.stream.ReferencePipeline.forEach(ReferencePipeline.java:497)
	at org.junit.vintage.engine.VintageTestEngine.executeAllChildren(VintageTestEngine.java:82)
	at org.junit.vintage.engine.VintageTestEngine.execute(VintageTestEngine.java:73)
	at org.junit.platform.launcher.core.DefaultLauncher.execute(DefaultLauncher.java:248)
	at org.junit.platform.launcher.core.DefaultLauncher.lambda$execute$5(DefaultLauncher.java:211)
	at org.junit.platform.launcher.core.DefaultLauncher.withInterceptedStreams(DefaultLauncher.java:226)
	at org.junit.platform.launcher.core.DefaultLauncher.execute(DefaultLauncher.java:199)
	at org.junit.platform.launcher.core.DefaultLauncher.execute(DefaultLauncher.java:132)
	at org.apache.maven.surefire.junitplatform.JUnitPlatformProvider.execute(JUnitPlatformProvider.java:188)
	at org.apache.maven.surefire.junitplatform.JUnitPlatformProvider.invokeAllTests(JUnitPlatformProvider.java:154)
	at org.apache.maven.surefire.junitplatform.JUnitPlatformProvider.invoke(JUnitPlatformProvider.java:128)
	at org.apache.maven.surefire.booter.ForkedBooter.runSuitesInProcess(ForkedBooter.java:428)
	at org.apache.maven.surefire.booter.ForkedBooter.execute(ForkedBooter.java:162)
	at org.apache.maven.surefire.booter.ForkedBooter.run(ForkedBooter.java:562)
	at org.apache.maven.surefire.booter.ForkedBooter.main(ForkedBooter.java:548)


    Embedding Demo1 [image/png 1079281 bytes]

]]></system-out>
    <system-err><![CDATA[Starting ChromeDriver 85.0.4183.87 (cd6713ebf92fa1cacc0f1a598df280093af0c5d7-refs/branch-heads/4183@{#1689}) on port 25815
Only local connections are allowed.
Please see https://chromedriver.chromium.org/security-considerations for suggestions on keeping ChromeDriver safe.
ChromeDriver was started successfully.
Sep 24, 2020 8:58:42 PM org.openqa.selenium.remote.ProtocolHandshake createSession
INFO: Detected dialect: W3C
]]></system-err>
  </testcase>
  <testcase name="Aetna Shop a plan  test #5" classname="Aetna home page functionality test" time="10.535">
    <system-out><![CDATA[
@SmokeTest
Scenario: Aetna Shop a plan  test                    # src/test/java/features/Home.feature:36
  Given I am in Aetna home page                      # stepdefinitions.HomePageStepDefinition.i_am_in_aetna_home_page()
  When I click shop for a plan                       # stepdefinitions.HomePageStepDefinition.i_click_shop_for_a_plan()
  And I go dental, vision and supplemental           # stepdefinitions.HomePageStepDefinition.i_go_dental_vision_and_supplemental()
  And I click dental plans                           # stepdefinitions.HomePageStepDefinition.i_click_dental_plans()
  Then I validate Legal notices is appeared properly # stepdefinitions.HomePageStepDefinition.i_validate_legal_notices_is_appeared_properly()
]]></system-out>
    <system-err><![CDATA[Starting ChromeDriver 85.0.4183.87 (cd6713ebf92fa1cacc0f1a598df280093af0c5d7-refs/branch-heads/4183@{#1689}) on port 28546
Only local connections are allowed.
Please see https://chromedriver.chromium.org/security-considerations for suggestions on keeping ChromeDriver safe.
ChromeDriver was started successfully.
Sep 24, 2020 8:58:52 PM org.openqa.selenium.remote.ProtocolHandshake createSession
INFO: Detected dialect: W3C
]]></system-err>
  </testcase>
  <testcase name="Aetna Shop a plan test #1" classname="Aetna home page functionality test" time="51.105">
    <error type="org.openqa.selenium.NoSuchElementException"><![CDATA[org.openqa.selenium.NoSuchElementException: 
no such element: Unable to locate element: {"method":"xpath","selector":"//*[@id="textParagraph_191"]"}
  (Session info: chrome=85.0.4183.121)
For documentation on this error, please visit: https://www.seleniumhq.org/exceptions/no_such_element.html
Build info: version: '3.141.59', revision: 'e82be7d358', time: '2018-11-14T08:17:03'
System info: host: 'DESKTOP-ESGVGIM', ip: '192.168.81.1', os.name: 'Windows 10', os.arch: 'amd64', os.version: '10.0', java.version: '11.0.7'
Driver info: org.openqa.selenium.chrome.ChromeDriver
Capabilities {acceptInsecureCerts: false, browserName: chrome, browserVersion: 85.0.4183.121, chrome: {chromedriverVersion: 85.0.4183.87 (cd6713ebf92fa..., userDataDir: C:\Users\REBAKH~1\AppData\L...}, goog:chromeOptions: {debuggerAddress: localhost:58387}, javascriptEnabled: true, networkConnectionEnabled: false, pageLoadStrategy: normal, platform: WINDOWS, platformName: WINDOWS, proxy: Proxy(), setWindowRect: true, strictFileInteractability: false, timeouts: {implicit: 0, pageLoad: 300000, script: 30000}, unhandledPromptBehavior: dismiss and notify, webauthn:virtualAuthenticators: true}
Session ID: 2c23a4b2dfdfc9b564e7da97feab1950
*** Element info: {Using=xpath, value=//*[@id="textParagraph_191"]}
]]></error>
    <system-out><![CDATA[
@SmokeTest
Scenario: Aetna Shop a plan test                # src/test/java/features/Home.feature:43
  Given I am in Aetna home page                 # stepdefinitions.HomePageStepDefinition.i_am_in_aetna_home_page()
  When I click shop for a plan                  # stepdefinitions.HomePageStepDefinition.i_click_shop_for_a_plan()
  And I go dental, vision and supplemental      # stepdefinitions.HomePageStepDefinition.i_go_dental_vision_and_supplemental()
  And I click find a dentist                    # stepdefinitions.HomePageStepDefinition.i_click_find_a_dentist()
  Then I validate You Can: is appeared properly # stepdefinitions.HomePageStepDefinition.i_validate_you_can_is_appeared_properly()
      org.openqa.selenium.NoSuchElementException: no such element: Unable to locate element: {"method":"xpath","selector":"//*[@id="textParagraph_191"]"}
  (Session info: chrome=85.0.4183.121)
For documentation on this error, please visit: https://www.seleniumhq.org/exceptions/no_such_element.html
Build info: version: '3.141.59', revision: 'e82be7d358', time: '2018-11-14T08:17:03'
System info: host: 'DESKTOP-ESGVGIM', ip: '192.168.81.1', os.name: 'Windows 10', os.arch: 'amd64', os.version: '10.0', java.version: '11.0.7'
Driver info: org.openqa.selenium.chrome.ChromeDriver
Capabilities {acceptInsecureCerts: false, browserName: chrome, browserVersion: 85.0.4183.121, chrome: {chromedriverVersion: 85.0.4183.87 (cd6713ebf92fa..., userDataDir: C:\Users\REBAKH~1\AppData\L...}, goog:chromeOptions: {debuggerAddress: localhost:58387}, javascriptEnabled: true, networkConnectionEnabled: false, pageLoadStrategy: normal, platform: WINDOWS, platformName: WINDOWS, proxy: Proxy(), setWindowRect: true, strictFileInteractability: false, timeouts: {implicit: 0, pageLoad: 300000, script: 30000}, unhandledPromptBehavior: dismiss and notify, webauthn:virtualAuthenticators: true}
Session ID: 2c23a4b2dfdfc9b564e7da97feab1950
*** Element info: {Using=xpath, value=//*[@id="textParagraph_191"]}
	at java.base/jdk.internal.reflect.NativeConstructorAccessorImpl.newInstance0(Native Method)
	at java.base/jdk.internal.reflect.NativeConstructorAccessorImpl.newInstance(NativeConstructorAccessorImpl.java:62)
	at java.base/jdk.internal.reflect.DelegatingConstructorAccessorImpl.newInstance(DelegatingConstructorAccessorImpl.java:45)
	at java.base/java.lang.reflect.Constructor.newInstance(Constructor.java:490)
	at org.openqa.selenium.remote.http.W3CHttpResponseCodec.createException(W3CHttpResponseCodec.java:187)
	at org.openqa.selenium.remote.http.W3CHttpResponseCodec.decode(W3CHttpResponseCodec.java:122)
	at org.openqa.selenium.remote.http.W3CHttpResponseCodec.decode(W3CHttpResponseCodec.java:49)
	at org.openqa.selenium.remote.HttpCommandExecutor.execute(HttpCommandExecutor.java:158)
	at org.openqa.selenium.remote.service.DriverCommandExecutor.execute(DriverCommandExecutor.java:83)
	at org.openqa.selenium.remote.RemoteWebDriver.execute(RemoteWebDriver.java:552)
	at org.openqa.selenium.remote.RemoteWebDriver.findElement(RemoteWebDriver.java:323)
	at org.openqa.selenium.remote.RemoteWebDriver.findElementByXPath(RemoteWebDriver.java:428)
	at org.openqa.selenium.By$ByXPath.findElement(By.java:353)
	at org.openqa.selenium.remote.RemoteWebDriver.findElement(RemoteWebDriver.java:315)
	at org.openqa.selenium.support.pagefactory.DefaultElementLocator.findElement(DefaultElementLocator.java:69)
	at org.openqa.selenium.support.pagefactory.internal.LocatingElementHandler.invoke(LocatingElementHandler.java:38)
	at com.sun.proxy.$Proxy25.getText(Unknown Source)
	at aetnahome.HomePage.validateFindADentistCheck(HomePage.java:148)
	at stepdefinitions.HomePageStepDefinition.i_validate_you_can_is_appeared_properly(HomePageStepDefinition.java:125)
	at âœ½.I validate You Can: is appeared properly(file:///C:/Users/REBA%20KHAN/IdeaProjects/BDDWebAutomationFramework_WA_NY_Team2/Aetna/src/test/java/features/Home.feature:47)


    Embedding Demo1 [image/png 111925 bytes]

]]></system-out>
    <system-err><![CDATA[Starting ChromeDriver 85.0.4183.87 (cd6713ebf92fa1cacc0f1a598df280093af0c5d7-refs/branch-heads/4183@{#1689}) on port 35545
Only local connections are allowed.
Please see https://chromedriver.chromium.org/security-considerations for suggestions on keeping ChromeDriver safe.
ChromeDriver was started successfully.
Sep 24, 2020 8:59:03 PM org.openqa.selenium.remote.ProtocolHandshake createSession
INFO: Detected dialect: W3C
]]></system-err>
  </testcase>
  <testcase name="Aetna Shop a plan test #2" classname="Aetna home page functionality test" time="10.169">
    <system-out><![CDATA[
@SmokeTest
Scenario: Aetna Shop a plan test                                # src/test/java/features/Home.feature:50
  Given I am in Aetna home page                                 # stepdefinitions.HomePageStepDefinition.i_am_in_aetna_home_page()
  When I click shop for a plan                                  # stepdefinitions.HomePageStepDefinition.i_click_shop_for_a_plan()
  And I go dental, vision and supplemental                      # stepdefinitions.HomePageStepDefinition.i_go_dental_vision_and_supplemental()
  And I click vision plans                                      # stepdefinitions.HomePageStepDefinition.i_click_vision_plans()
  Then I validate Aetna Dental Direct plan is appeared properly # stepdefinitions.HomePageStepDefinition.i_validate_aetna_dental_direct_plan_is_appeared_properly()
]]></system-out>
    <system-err><![CDATA[Starting ChromeDriver 85.0.4183.87 (cd6713ebf92fa1cacc0f1a598df280093af0c5d7-refs/branch-heads/4183@{#1689}) on port 1995
Only local connections are allowed.
Please see https://chromedriver.chromium.org/security-considerations for suggestions on keeping ChromeDriver safe.
ChromeDriver was started successfully.
Sep 24, 2020 8:59:54 PM org.openqa.selenium.remote.ProtocolHandshake createSession
INFO: Detected dialect: W3C
]]></system-err>
  </testcase>
  <testcase name="Aetna Shop a plan test #1" classname="Aetna HomePage Functionality Test" time="12.245">
    <system-out><![CDATA[
@SmokeTest
Scenario: Aetna Shop a plan test                # src/test/java/features/ShopForPlan.feature:7
  Given I am in Aetna home page                 # stepdefinitions.HomePageStepDefinition.i_am_in_aetna_home_page()
  When I click shop for a plan                  # stepdefinitions.HomePageStepDefinition.i_click_shop_for_a_plan()
  And I go dental, vision and supplemental      # stepdefinitions.HomePageStepDefinition.i_go_dental_vision_and_supplemental()
  And I click find an eye doctor                # stepdefinitions.HomePageStepDefinition.i_click_find_an_eye_doctor()
  Then I validate You Can: is appeared properly # stepdefinitions.HomePageStepDefinition.i_validate_you_can_is_appeared_properly()
]]></system-out>
    <system-err><![CDATA[Starting ChromeDriver 85.0.4183.87 (cd6713ebf92fa1cacc0f1a598df280093af0c5d7-refs/branch-heads/4183@{#1689}) on port 16188
Only local connections are allowed.
Please see https://chromedriver.chromium.org/security-considerations for suggestions on keeping ChromeDriver safe.
ChromeDriver was started successfully.
Sep 24, 2020 9:00:04 PM org.openqa.selenium.remote.ProtocolHandshake createSession
INFO: Detected dialect: W3C
]]></system-err>
  </testcase>
  <testcase name="Aetna Shop a plan  test #1" classname="Aetna HomePage Functionality Test" time="50.829">
    <error type="org.openqa.selenium.NoSuchElementException"><![CDATA[org.openqa.selenium.NoSuchElementException: 
no such element: Unable to locate element: {"method":"xpath","selector":"//*[@id="textParagraph_191"]"}
  (Session info: chrome=85.0.4183.121)
For documentation on this error, please visit: https://www.seleniumhq.org/exceptions/no_such_element.html
Build info: version: '3.141.59', revision: 'e82be7d358', time: '2018-11-14T08:17:03'
System info: host: 'DESKTOP-ESGVGIM', ip: '192.168.81.1', os.name: 'Windows 10', os.arch: 'amd64', os.version: '10.0', java.version: '11.0.7'
Driver info: org.openqa.selenium.chrome.ChromeDriver
Capabilities {acceptInsecureCerts: false, browserName: chrome, browserVersion: 85.0.4183.121, chrome: {chromedriverVersion: 85.0.4183.87 (cd6713ebf92fa..., userDataDir: C:\Users\REBAKH~1\AppData\L...}, goog:chromeOptions: {debuggerAddress: localhost:58750}, javascriptEnabled: true, networkConnectionEnabled: false, pageLoadStrategy: normal, platform: WINDOWS, platformName: WINDOWS, proxy: Proxy(), setWindowRect: true, strictFileInteractability: false, timeouts: {implicit: 0, pageLoad: 300000, script: 30000}, unhandledPromptBehavior: dismiss and notify, webauthn:virtualAuthenticators: true}
Session ID: 270e4887e855c07a5f6848be2f1ea9f6
*** Element info: {Using=xpath, value=//*[@id="textParagraph_191"]}
]]></error>
    <system-out><![CDATA[
@SmokeTest
Scenario: Aetna Shop a plan  test               # src/test/java/features/ShopForPlan.feature:14
  Given I am in Aetna home page                 # stepdefinitions.HomePageStepDefinition.i_am_in_aetna_home_page()
  When I click shop for a plan                  # stepdefinitions.HomePageStepDefinition.i_click_shop_for_a_plan()
  And I go dental, vision and supplemental      # stepdefinitions.HomePageStepDefinition.i_go_dental_vision_and_supplemental()
  And I click supplemental plans                # stepdefinitions.HomePageStepDefinition.i_click_supplemental_plans()
  Then I validate You Can: is appeared properly # stepdefinitions.HomePageStepDefinition.i_validate_you_can_is_appeared_properly()
      org.openqa.selenium.NoSuchElementException: no such element: Unable to locate element: {"method":"xpath","selector":"//*[@id="textParagraph_191"]"}
  (Session info: chrome=85.0.4183.121)
For documentation on this error, please visit: https://www.seleniumhq.org/exceptions/no_such_element.html
Build info: version: '3.141.59', revision: 'e82be7d358', time: '2018-11-14T08:17:03'
System info: host: 'DESKTOP-ESGVGIM', ip: '192.168.81.1', os.name: 'Windows 10', os.arch: 'amd64', os.version: '10.0', java.version: '11.0.7'
Driver info: org.openqa.selenium.chrome.ChromeDriver
Capabilities {acceptInsecureCerts: false, browserName: chrome, browserVersion: 85.0.4183.121, chrome: {chromedriverVersion: 85.0.4183.87 (cd6713ebf92fa..., userDataDir: C:\Users\REBAKH~1\AppData\L...}, goog:chromeOptions: {debuggerAddress: localhost:58750}, javascriptEnabled: true, networkConnectionEnabled: false, pageLoadStrategy: normal, platform: WINDOWS, platformName: WINDOWS, proxy: Proxy(), setWindowRect: true, strictFileInteractability: false, timeouts: {implicit: 0, pageLoad: 300000, script: 30000}, unhandledPromptBehavior: dismiss and notify, webauthn:virtualAuthenticators: true}
Session ID: 270e4887e855c07a5f6848be2f1ea9f6
*** Element info: {Using=xpath, value=//*[@id="textParagraph_191"]}
	at java.base/jdk.internal.reflect.NativeConstructorAccessorImpl.newInstance0(Native Method)
	at java.base/jdk.internal.reflect.NativeConstructorAccessorImpl.newInstance(NativeConstructorAccessorImpl.java:62)
	at java.base/jdk.internal.reflect.DelegatingConstructorAccessorImpl.newInstance(DelegatingConstructorAccessorImpl.java:45)
	at java.base/java.lang.reflect.Constructor.newInstance(Constructor.java:490)
	at org.openqa.selenium.remote.http.W3CHttpResponseCodec.createException(W3CHttpResponseCodec.java:187)
	at org.openqa.selenium.remote.http.W3CHttpResponseCodec.decode(W3CHttpResponseCodec.java:122)
	at org.openqa.selenium.remote.http.W3CHttpResponseCodec.decode(W3CHttpResponseCodec.java:49)
	at org.openqa.selenium.remote.HttpCommandExecutor.execute(HttpCommandExecutor.java:158)
	at org.openqa.selenium.remote.service.DriverCommandExecutor.execute(DriverCommandExecutor.java:83)
	at org.openqa.selenium.remote.RemoteWebDriver.execute(RemoteWebDriver.java:552)
	at org.openqa.selenium.remote.RemoteWebDriver.findElement(RemoteWebDriver.java:323)
	at org.openqa.selenium.remote.RemoteWebDriver.findElementByXPath(RemoteWebDriver.java:428)
	at org.openqa.selenium.By$ByXPath.findElement(By.java:353)
	at org.openqa.selenium.remote.RemoteWebDriver.findElement(RemoteWebDriver.java:315)
	at org.openqa.selenium.support.pagefactory.DefaultElementLocator.findElement(DefaultElementLocator.java:69)
	at org.openqa.selenium.support.pagefactory.internal.LocatingElementHandler.invoke(LocatingElementHandler.java:38)
	at com.sun.proxy.$Proxy25.getText(Unknown Source)
	at aetnahome.HomePage.validateFindADentistCheck(HomePage.java:148)
	at stepdefinitions.HomePageStepDefinition.i_validate_you_can_is_appeared_properly(HomePageStepDefinition.java:125)
	at âœ½.I validate You Can: is appeared properly(file:///C:/Users/REBA%20KHAN/IdeaProjects/BDDWebAutomationFramework_WA_NY_Team2/Aetna/src/test/java/features/ShopForPlan.feature:18)


    Embedding Demo1 [image/png 661350 bytes]

]]></system-out>
    <system-err><![CDATA[Starting ChromeDriver 85.0.4183.87 (cd6713ebf92fa1cacc0f1a598df280093af0c5d7-refs/branch-heads/4183@{#1689}) on port 30756
Only local connections are allowed.
Please see https://chromedriver.chromium.org/security-considerations for suggestions on keeping ChromeDriver safe.
ChromeDriver was started successfully.
Sep 24, 2020 9:00:16 PM org.openqa.selenium.remote.ProtocolHandshake createSession
INFO: Detected dialect: W3C
]]></system-err>
  </testcase>
  <testcase name="Aetna Shop a plan  test #2" classname="Aetna HomePage Functionality Test" time="11.521">
    <system-out><![CDATA[
@SmokeTest
Scenario: Aetna Shop a plan  test                     # src/test/java/features/ShopForPlan.feature:21
  Given I am in Aetna home page                       # stepdefinitions.HomePageStepDefinition.i_am_in_aetna_home_page()
  When I click shop for a plan                        # stepdefinitions.HomePageStepDefinition.i_click_shop_for_a_plan()
  And I go pharmacy element                           # stepdefinitions.HomePageStepDefinition.i_go_pharmacy_element()
  And I click Get pharmacy plan information           # stepdefinitions.HomePageStepDefinition.i_click_get_pharmacy_plan_information()
  Then I validate Aetna Medicare is appeared properly # stepdefinitions.HomePageStepDefinition.i_validate_aetna_medicare_is_appeared_properly()
]]></system-out>
    <system-err><![CDATA[Starting ChromeDriver 85.0.4183.87 (cd6713ebf92fa1cacc0f1a598df280093af0c5d7-refs/branch-heads/4183@{#1689}) on port 40653
Only local connections are allowed.
Please see https://chromedriver.chromium.org/security-considerations for suggestions on keeping ChromeDriver safe.
ChromeDriver was started successfully.
Sep 24, 2020 9:01:07 PM org.openqa.selenium.remote.ProtocolHandshake createSession
INFO: Detected dialect: W3C
]]></system-err>
  </testcase>
  <testcase name="Aetna Shop a plan  test #3" classname="Aetna HomePage Functionality Test" time="10.299">
    <system-out><![CDATA[
@SmokeTest
Scenario: Aetna Shop a plan  test                           # src/test/java/features/ShopForPlan.feature:28
  Given I am in Aetna home page                             # stepdefinitions.HomePageStepDefinition.i_am_in_aetna_home_page()
  When I click shop for a plan                              # stepdefinitions.HomePageStepDefinition.i_click_shop_for_a_plan()
  And I go pharmacy element                                 # stepdefinitions.HomePageStepDefinition.i_go_pharmacy_element()
  And I click find a pharmacy                               # stepdefinitions.HomePageStepDefinition.i_click_find_a_pharmacy()
  Then I validate *Required Selections is appeared properly # stepdefinitions.HomePageStepDefinition.i_validate_required_selections_is_appeared_properly()
]]></system-out>
    <system-err><![CDATA[Starting ChromeDriver 85.0.4183.87 (cd6713ebf92fa1cacc0f1a598df280093af0c5d7-refs/branch-heads/4183@{#1689}) on port 43334
Only local connections are allowed.
Please see https://chromedriver.chromium.org/security-considerations for suggestions on keeping ChromeDriver safe.
ChromeDriver was started successfully.
Sep 24, 2020 9:01:19 PM org.openqa.selenium.remote.ProtocolHandshake createSession
INFO: Detected dialect: W3C
]]></system-err>
  </testcase>
  <testcase name="Aetna Shop a plan test #2" classname="Aetna HomePage Functionality Test" time="16.65">
    <system-out><![CDATA[
@SmokeTest
Scenario: Aetna Shop a plan test                         # src/test/java/features/ShopForPlan.feature:35
  Given I am in Aetna home page                          # stepdefinitions.HomePageStepDefinition.i_am_in_aetna_home_page()
  When I click shop for a plan                           # stepdefinitions.HomePageStepDefinition.i_click_shop_for_a_plan()
  And I go pharmacy element                              # stepdefinitions.HomePageStepDefinition.i_go_pharmacy_element()
  And I click find medicine and costs                    # stepdefinitions.HomePageStepDefinition.i_click_find_medicine_and_costs()
  Then I validate Already a member? is appeared properly # stepdefinitions.HomePageStepDefinition.i_validate_already_a_member_is_appeared_properly()
]]></system-out>
    <system-err><![CDATA[Starting ChromeDriver 85.0.4183.87 (cd6713ebf92fa1cacc0f1a598df280093af0c5d7-refs/branch-heads/4183@{#1689}) on port 4509
Only local connections are allowed.
Please see https://chromedriver.chromium.org/security-considerations for suggestions on keeping ChromeDriver safe.
ChromeDriver was started successfully.
Sep 24, 2020 9:01:29 PM org.openqa.selenium.remote.ProtocolHandshake createSession
INFO: Detected dialect: W3C
]]></system-err>
  </testcase>
</testsuite>