<?xml version="1.0" encoding="UTF-8" standalone="no"?>
<testsuite errors="0" failures="3" name="io.cucumber.core.plugin.JUnitFormatter" skipped="0" tests="20" time="579.07">
    <testcase classname="United Airlines home page signIn functionality test" name="United Airlines SignIn functionality test" time="56.984">
        <system-out>
            <![CDATA[Given I am on United Airlines home page.....................................passed
When I click on signIn button...............................................passed
And I click on join now and use title.......................................passed
And I use data in member information field..................................passed
And month and gender field is selected......................................passed
Then I validate Contact Information is appeared properly....................passed
]]>
        </system-out>
    </testcase>
    <testcase classname="United Airlines home page signIn functionality test" name="United Airlines contact information test" time="43.055">
        <system-out>
            <![CDATA[Given I am on United Airlines home page.....................................passed
When I click on signIn button...............................................passed
And I click on join now and use title.......................................passed
When I entered data in Contact Information field............................passed
Then I validate "Phone number" appear properly..............................passed
]]>
        </system-out>
    </testcase>
    <testcase classname="United Airlines home page signIn functionality test" name="United Airlines contact information test 2" time="33.333">
        <system-out>
            <![CDATA[Given I am on United Airlines home page.....................................passed
When I click on signIn button...............................................passed
And I click on join now and use title.......................................passed
And I entered data in phone number field....................................passed
And I click on check box field..............................................passed
Then I verify "Email information" appear properly...........................passed
]]>
        </system-out>
    </testcase>
    <testcase classname="United Airlines home page signIn functionality test" name="United Airlines contact information test 3" time="37.106">
        <system-out>
            <![CDATA[Given I am on United Airlines home page.....................................passed
When I click on signIn button...............................................passed
And I click on join now and use title.......................................passed
And I entered data in email field...........................................passed
And I click on check box and uncheck box....................................passed
And I entered data in password field........................................passed
And I click on Show button..................................................passed
Then I verify "Security questions" display properly.........................passed
]]>
        </system-out>
    </testcase>
    <testcase classname="United Airlines home page signIn functionality test" name="United Airlines contact information test 4" time="71.051">
        <failure message="Cannot locate element with text: What is your favorite sport?&#10;For documentation on this error, please visit: https://www.seleniumhq.org/exceptions/no_such_element.html&#10;Build info: version: '3.141.59', revision: 'e82be7d358', time: '2018-11-14T08:17:03'&#10;System info: host: 'LAPTOP-16QDF0HT', ip: '192.168.1.159', os.name: 'Windows 10', os.arch: 'amd64', os.version: '10.0', java.version: '11.0.4'&#10;Driver info: driver.version: unknown" type="org.openqa.selenium.NoSuchElementException">
            <![CDATA[Given I am on United Airlines home page.....................................passed
When I click on signIn button...............................................passed
And I click on join now and use title.......................................passed
And I entered data in answer field..........................................failed
And I click on accept and enroll button.....................................skipped

StackTrace:
org.openqa.selenium.NoSuchElementException: Cannot locate element with text: What is your favorite sport?
For documentation on this error, please visit: https://www.seleniumhq.org/exceptions/no_such_element.html
Build info: version: '3.141.59', revision: 'e82be7d358', time: '2018-11-14T08:17:03'
System info: host: 'LAPTOP-16QDF0HT', ip: '192.168.1.159', os.name: 'Windows 10', os.arch: 'amd64', os.version: '10.0', java.version: '11.0.4'
Driver info: driver.version: unknown
	at org.openqa.selenium.support.ui.Select.selectByVisibleText(Select.java:147)
	at common.WebAPI.selectOptionByVisibleText(WebAPI.java:416)
	at unitedairregistration.UnitedAirRegistrationPage.questionAndAnswer1(UnitedAirRegistrationPage.java:185)
	at stepdefinitions.UnitedAirStepDefinition.i_entered_data_in_answer_field(UnitedAirStepDefinition.java:134)
	at ✽.I entered data in answer field(file:///C:/Users/jonho/IdeaProjects/BDDWebAutomationFramework_WA_NY_Team2/UnitedAirlines/src/test/java/features/UnitedAirRegistration.feature:50)
]]>
        </failure>
    </testcase>
    <testcase classname="UnitedAirlines home page functionality test" name="UnitedAirlines Book a hotel functionality check" time="23.814">
        <failure message="The scenario has pending or undefined step(s)" type="java.lang.Exception">
            <![CDATA[Given I am on United Airlines home page.....................................passed
When I click on Book button.................................................passed
And I click on Hotels button................................................passed
And I entered "Miami Beach" on searchBox & submit...........................passed
Then I verify  Miami Beach landing page.....................................passed
Given I am on United homepage...............................................undefined
]]>
        </failure>
    </testcase>
    <testcase classname="UnitedAirlines home page functionality test" name="United login functionality Check" time="15.435">
        <system-out>
            <![CDATA[Given I am on United Airlines home page.....................................passed
And I click on signInOption.................................................passed
And I enter userName and password...........................................passed
When I click loginButton....................................................passed
Then I verify image.........................................................passed
]]>
        </system-out>
    </testcase>
    <testcase classname="UnitedAirlines home page functionality test" name="United login functionality Check with variable" time="15.247">
        <system-out>
            <![CDATA[Given I am on United Airlines home page.....................................passed
And I click on signInOption.................................................passed
And I enter "userName" and "password".......................................passed
When I click loginButton....................................................passed
Then I verify image.........................................................passed
]]>
        </system-out>
    </testcase>
    <testcase classname="UnitedAirlines home page functionality test" name="United login functionality Check with multiple variable" time="15.832">
        <system-out>
            <![CDATA[Given I am on United Airlines home page.....................................passed
And I click on signInOption.................................................passed
And I enter "jhosn01" and "abc123"..........................................passed
When I click loginButton....................................................passed
Then I verify image.........................................................passed
]]>
        </system-out>
    </testcase>
    <testcase classname="UnitedAirlines home page functionality test" name="United login functionality Check with multiple variable 2" time="15.267">
        <system-out>
            <![CDATA[Given I am on United Airlines home page.....................................passed
And I click on signInOption.................................................passed
And I enter "jhosn12" and "def124"..........................................passed
When I click loginButton....................................................passed
Then I verify image.........................................................passed
]]>
        </system-out>
    </testcase>
    <testcase classname="UnitedAirlines home page functionality test" name="United login functionality Check with multiple variable 3" time="16.072">
        <system-out>
            <![CDATA[Given I am on United Airlines home page.....................................passed
And I click on signInOption.................................................passed
And I enter "jhosn03" and "ght125"..........................................passed
When I click loginButton....................................................passed
Then I verify image.........................................................passed
]]>
        </system-out>
    </testcase>
    <testcase classname="UnitedAirlines home page functionality test" name="United login functionality Check with multiple variable 4" time="14.152">
        <system-out>
            <![CDATA[Given I am on United Airlines home page.....................................passed
And I click on signInOption.................................................passed
And I enter "jhosn04" and "fjk126"..........................................passed
When I click loginButton....................................................passed
Then I verify image.........................................................passed
]]>
        </system-out>
    </testcase>
    <testcase classname="UnitedAirlines home page functionality test" name="United login functionality Check with multiple variable 5" time="15.1">
        <system-out>
            <![CDATA[Given I am on United Airlines home page.....................................passed
And I click on signInOption.................................................passed
And I enter "jhosn05" and "dac127"..........................................passed
When I click loginButton....................................................passed
Then I verify image.........................................................passed
]]>
        </system-out>
    </testcase>
    <testcase classname="UnitedAirlines home page functionality test" name="United login functionality Check with multiple variable 6" time="14.909">
        <system-out>
            <![CDATA[Given I am on United Airlines home page.....................................passed
And I click on signInOption.................................................passed
And I enter "jhosn07" and "ert123"..........................................passed
When I click loginButton....................................................passed
Then I verify image.........................................................passed
]]>
        </system-out>
    </testcase>
    <testcase classname="UnitedAirlines home page functionality test" name="United search functionality Check with variable" time="27.995">
        <system-out>
            <![CDATA[Given I am on United Airlines home page.....................................passed
And i click on the searchLogo...............................................passed
And I enter "airlines" in the searchBox.....................................passed
When I click searchButton...................................................passed
Then I verify searchText....................................................passed
]]>
        </system-out>
    </testcase>
    <testcase classname="UnitedAirlines home page functionality test" name="United search functionality Check with variable 2" time="28.71">
        <system-out>
            <![CDATA[Given I am on United Airlines home page.....................................passed
And i click on the searchLogo...............................................passed
And I enter "airlines" in the searchBox.....................................passed
When I click searchButton...................................................passed
Then I verify searchText....................................................passed
]]>
        </system-out>
    </testcase>
    <testcase classname="UnitedAirlines home page functionality test" name="United search functionality Check with variable 3" time="24.2">
        <system-out>
            <![CDATA[Given I am on United Airlines home page.....................................passed
And i click on the searchLogo...............................................passed
And I enter "flights" in the searchBox......................................passed
When I click searchButton...................................................passed
Then I verify searchText....................................................passed
]]>
        </system-out>
    </testcase>
    <testcase classname="UnitedAirlines home page functionality test" name="United search functionality Check with variable 4" time="28.983">
        <system-out>
            <![CDATA[Given I am on United Airlines home page.....................................passed
And i click on the searchLogo...............................................passed
And I enter "airline partner" in the searchBox..............................passed
When I click searchButton...................................................passed
Then I verify searchText....................................................passed
]]>
        </system-out>
    </testcase>
    <testcase classname="UnitedAirlines home page functionality test" name="United search functionality Check with variable 5" time="24.77">
        <system-out>
            <![CDATA[Given I am on United Airlines home page.....................................passed
And i click on the searchLogo...............................................passed
And I enter "flight delays" in the searchBox................................passed
When I click searchButton...................................................passed
Then I verify searchText....................................................passed
]]>
        </system-out>
    </testcase>
    <testcase classname="UnitedAirlines home page functionality test" name="United round trip flights functionality Check" time="55.526">
        <failure message="no such element: Unable to locate element: {&quot;method&quot;:&quot;css selector&quot;,&quot;selector&quot;:&quot;#\/\/input\[\@placeholder\=\'To\*\'\]&quot;}&#10;  (Session info: chrome=85.0.4183.121)&#10;For documentation on this error, please visit: https://www.seleniumhq.org/exceptions/no_such_element.html&#10;Build info: version: '3.141.59', revision: 'e82be7d358', time: '2018-11-14T08:17:03'&#10;System info: host: 'LAPTOP-16QDF0HT', ip: '192.168.1.159', os.name: 'Windows 10', os.arch: 'amd64', os.version: '10.0', java.version: '11.0.4'&#10;Driver info: org.openqa.selenium.chrome.ChromeDriver&#10;Capabilities {acceptInsecureCerts: false, browserName: chrome, browserVersion: 85.0.4183.121, chrome: {chromedriverVersion: 85.0.4183.87 (cd6713ebf92fa..., userDataDir: C:\Users\jonho\AppData\Loca...}, goog:chromeOptions: {debuggerAddress: localhost:55202}, javascriptEnabled: true, networkConnectionEnabled: false, pageLoadStrategy: normal, platform: WINDOWS, platformName: WINDOWS, proxy: Proxy(), setWindowRect: true, strictFileInteractability: false, timeouts: {implicit: 0, pageLoad: 300000, script: 30000}, unhandledPromptBehavior: dismiss and notify, webauthn:virtualAuthenticators: true}&#10;Session ID: 6919097066da9941492893e22aea27c2&#10;*** Element info: {Using=id, value=//input[@placeholder='To*']}" type="org.openqa.selenium.NoSuchElementException">
            <![CDATA[Given I am on United Airlines home page.....................................passed
And I enter location To*....................................................failed
And I clear enter departDate................................................skipped
And I clear enter returnDate................................................skipped
When I click findFlights....................................................skipped
Then I verify SearchFlightsTitle............................................skipped

StackTrace:
org.openqa.selenium.NoSuchElementException: no such element: Unable to locate element: {"method":"css selector","selector":"#\/\/input\[\@placeholder\=\'To\*\'\]"}
  (Session info: chrome=85.0.4183.121)
For documentation on this error, please visit: https://www.seleniumhq.org/exceptions/no_such_element.html
Build info: version: '3.141.59', revision: 'e82be7d358', time: '2018-11-14T08:17:03'
System info: host: 'LAPTOP-16QDF0HT', ip: '192.168.1.159', os.name: 'Windows 10', os.arch: 'amd64', os.version: '10.0', java.version: '11.0.4'
Driver info: org.openqa.selenium.chrome.ChromeDriver
Capabilities {acceptInsecureCerts: false, browserName: chrome, browserVersion: 85.0.4183.121, chrome: {chromedriverVersion: 85.0.4183.87 (cd6713ebf92fa..., userDataDir: C:\Users\jonho\AppData\Loca...}, goog:chromeOptions: {debuggerAddress: localhost:55202}, javascriptEnabled: true, networkConnectionEnabled: false, pageLoadStrategy: normal, platform: WINDOWS, platformName: WINDOWS, proxy: Proxy(), setWindowRect: true, strictFileInteractability: false, timeouts: {implicit: 0, pageLoad: 300000, script: 30000}, unhandledPromptBehavior: dismiss and notify, webauthn:virtualAuthenticators: true}
Session ID: 6919097066da9941492893e22aea27c2
*** Element info: {Using=id, value=//input[@placeholder='To*']}
	at java.base/jdk.internal.reflect.NativeConstructorAccessorImpl.newInstance0(Native Method)
	at java.base/jdk.internal.reflect.NativeConstructorAccessorImpl.newInstance(NativeConstructorAccessorImpl.java:62)
	at java.base/jdk.internal.reflect.DelegatingConstructorAccessorImpl.newInstance(DelegatingConstructorAccessorImpl.java:45)
	at java.base/java.lang.reflect.Constructor.newInstance(Constructor.java:490)
	at org.openqa.selenium.remote.http.W3CHttpResponseCodec.createException(W3CHttpResponseCodec.java:187)
	at org.openqa.selenium.remote.http.W3CHttpResponseCodec.decode(W3CHttpResponseCodec.java:122)
	at org.openqa.selenium.remote.http.W3CHttpResponseCodec.decode(W3CHttpResponseCodec.java:49)
	at org.openqa.selenium.remote.HttpCommandExecutor.execute(HttpCommandExecutor.java:158)
	at org.openqa.selenium.remote.service.DriverCommandExecutor.execute(DriverCommandExecutor.java:83)
	at org.openqa.selenium.remote.RemoteWebDriver.execute(RemoteWebDriver.java:552)
	at org.openqa.selenium.remote.RemoteWebDriver.findElement(RemoteWebDriver.java:323)
	at org.openqa.selenium.remote.RemoteWebDriver.findElementById(RemoteWebDriver.java:372)
	at org.openqa.selenium.By$ById.findElement(By.java:188)
	at org.openqa.selenium.remote.RemoteWebDriver.findElement(RemoteWebDriver.java:315)
	at common.WebAPI.clearField(WebAPI.java:279)
	at unitedairlineshome.UnitedAirlinesHomePage.enterToLocationToSearchFlight(UnitedAirlinesHomePage.java:140)
	at stepdefinitions.UAHomeStepDefinition.i_enter_location_to(UAHomeStepDefinition.java:114)
	at ✽.I enter location To*(file:///C:/Users/jonho/IdeaProjects/BDDWebAutomationFramework_WA_NY_Team2/UnitedAirlines/src/test/java/features/UnitedAirlinesHome.feature:71)
]]>
        </failure>
    </testcase>
</testsuite>
