<?xml version="1.0" encoding="UTF-8" standalone="no"?>
<testsuite errors="0" failures="0" name="io.cucumber.core.plugin.JUnitFormatter" skipped="0" tests="1" time="16.352">
    <testcase classname="United Airlines home page functionality test" name="United Airlines Book Button functionality test" time="15.919">
        <system-out>
            <![CDATA[Given I am in home page.....................................................passed
When I click on Book Button.................................................passed
And I click on Hotels Button................................................passed
And I enter "Las Vegas, Nevada, United States of America" in searchBox and submit.passed
Then I validate Landed page properly........................................passed
]]>
        </system-out>
    </testcase>
</testsuite>
