<?xml version="1.0" encoding="UTF-8" standalone="no"?>
<testsuite errors="0" failures="1" name="io.cucumber.core.plugin.JUnitFormatter" skipped="0" tests="5" time="252.2">
    <testcase classname="United Airlines home page signIn functionality test" name="United Airlines SignIn functionality test" time="57.767">
        <system-out>
            <![CDATA[Given I am in United Airlines home page.....................................passed
When I click on signIn button...............................................passed
And I click on join now and use title.......................................passed
And I use data in member information field..................................passed
And month and gender field is selected......................................passed
Then I validate Contact Information is appeared properly....................passed
]]>
        </system-out>
    </testcase>
    <testcase classname="United Airlines home page signIn functionality test" name="United Airlines contact information test" time="39.374">
        <system-out>
            <![CDATA[Given I am in United Airlines home page.....................................passed
When I click on signIn button...............................................passed
And I click on join now and use title.......................................passed
When I entered data in Contact Information field............................passed
Then I validate "Phone number" appear properly..............................passed
]]>
        </system-out>
    </testcase>
    <testcase classname="United Airlines home page signIn functionality test" name="United Airlines contact information test 2" time="32.488">
        <system-out>
            <![CDATA[Given I am in United Airlines home page.....................................passed
When I click on signIn button...............................................passed
And I click on join now and use title.......................................passed
And I entered data in phone number field....................................passed
And I click on check box field..............................................passed
Then I verify "Email information" appear properly...........................passed
]]>
        </system-out>
    </testcase>
    <testcase classname="United Airlines home page signIn functionality test" name="United Airlines contact information test 3" time="37.944">
        <system-out>
            <![CDATA[Given I am in United Airlines home page.....................................passed
When I click on signIn button...............................................passed
And I click on join now and use title.......................................passed
And I entered data in email field...........................................passed
And I click on check box and uncheck box....................................passed
And I entered data in password field........................................passed
And I click on Show button..................................................passed
Then I verify "Security questions" display properly.........................passed
]]>
        </system-out>
    </testcase>
    <testcase classname="United Airlines home page signIn functionality test" name="United Airlines contact information test 4" time="84.045">
        <failure message="Cannot locate element with text: What is your favorite type of reading?&#10;For documentation on this error, please visit: https://www.seleniumhq.org/exceptions/no_such_element.html&#10;Build info: version: '3.141.59', revision: 'e82be7d358', time: '2018-11-14T08:17:03'&#10;System info: host: 'LAPTOP-6QSDTELI', ip: '192.168.1.185', os.name: 'Windows 10', os.arch: 'amd64', os.version: '10.0', java.version: '11.0.8'&#10;Driver info: driver.version: unknown" type="org.openqa.selenium.NoSuchElementException">
            <![CDATA[Given I am in United Airlines home page.....................................passed
When I click on signIn button...............................................passed
And I click on join now and use title.......................................passed
And I entered data in answer field..........................................failed
And I click on accept and enroll button.....................................skipped

StackTrace:
org.openqa.selenium.NoSuchElementException: Cannot locate element with text: What is your favorite type of reading?
For documentation on this error, please visit: https://www.seleniumhq.org/exceptions/no_such_element.html
Build info: version: '3.141.59', revision: 'e82be7d358', time: '2018-11-14T08:17:03'
System info: host: 'LAPTOP-6QSDTELI', ip: '192.168.1.185', os.name: 'Windows 10', os.arch: 'amd64', os.version: '10.0', java.version: '11.0.8'
Driver info: driver.version: unknown
	at org.openqa.selenium.support.ui.Select.selectByVisibleText(Select.java:147)
	at common.WebAPI.selectOptionByVisibleText(WebAPI.java:432)
	at unitedAirfunction.UnitedAirFunctionPage.questionAndAnswer2(UnitedAirFunctionPage.java:191)
	at stepdefinitions.UnitedAirFunctionStepDefinition.i_entered_data_in_answer_field(UnitedAirFunctionStepDefinition.java:134)
	at ✽.I entered data in answer field(file:///C:/Users/lenis/IdeaProjects/BDDWebAutomationFramework_WA_NY_Team2/UnitedAirlines/src/test/java/features/UnitedAirFunction.feature:50)
]]>
        </failure>
    </testcase>
</testsuite>
