<?xml version="1.0" encoding="UTF-8" standalone="no"?>
<testsuite errors="0" failures="4" name="io.cucumber.core.plugin.JUnitFormatter" skipped="0" tests="12" time="378.646">
    <testcase classname="United Airlines home page signIn functionality test" name="United Airlines SignIn functionality test" time="45.381">
        <system-out>
            <![CDATA[Given I am in home page.....................................................passed
When I click on signIn button...............................................passed
And I click on join now and use title.......................................passed
And I use data in member information field..................................passed
And month and gender field is selected......................................passed
Then I validate Contact Information is appeared properly....................passed
]]>
        </system-out>
    </testcase>
    <testcase classname="United Airlines home page signIn functionality test" name="United Airlines contact information test" time="36.493">
        <system-out>
            <![CDATA[Given I am in home page.....................................................passed
When I click on signIn button...............................................passed
And I click on join now and use title.......................................passed
When I entered data in Contact Information field............................passed
Then I validate "Phone number" appear properly..............................passed
]]>
        </system-out>
    </testcase>
    <testcase classname="United Airlines home page signIn functionality test" name="United Airlines contact information test 2" time="27.228">
        <system-out>
            <![CDATA[Given I am in home page.....................................................passed
When I click on signIn button...............................................passed
And I click on join now and use title.......................................passed
And I entered data in phone number field....................................passed
And I click on check box field..............................................passed
Then I verify "Email information" appear properly...........................passed
]]>
        </system-out>
    </testcase>
    <testcase classname="United Airlines home page signIn functionality test" name="United Airlines contact information test 3" time="32.984">
        <system-out>
            <![CDATA[Given I am in home page.....................................................passed
When I click on signIn button...............................................passed
And I click on join now and use title.......................................passed
And I entered data in email field...........................................passed
And I click on check box and uncheck box....................................passed
And I entered data in password field........................................passed
And I click on Show button..................................................passed
And I click on accept and enroll button.....................................passed
Then I verify "Security questions" display properly.........................passed
]]>
        </system-out>
    </testcase>
    <testcase classname="United Airlines home page signIn functionality test" name="United Airlines contact information test 4" time="69.181">
        <failure message="Cannot locate element with text: What is your favorite sport?&#10;For documentation on this error, please visit: https://www.seleniumhq.org/exceptions/no_such_element.html&#10;Build info: version: '3.141.59', revision: 'e82be7d358', time: '2018-11-14T08:17:03'&#10;System info: host: 'DESKTOP-ESGVGIM', ip: '192.168.81.1', os.name: 'Windows 10', os.arch: 'amd64', os.version: '10.0', java.version: '11.0.7'&#10;Driver info: driver.version: unknown" type="org.openqa.selenium.NoSuchElementException">
            <![CDATA[Given I am in home page.....................................................passed
When I click on signIn button...............................................passed
And I click on join now and use title.......................................passed
And I entered data in answer field..........................................failed

StackTrace:
org.openqa.selenium.NoSuchElementException: Cannot locate element with text: What is your favorite sport?
For documentation on this error, please visit: https://www.seleniumhq.org/exceptions/no_such_element.html
Build info: version: '3.141.59', revision: 'e82be7d358', time: '2018-11-14T08:17:03'
System info: host: 'DESKTOP-ESGVGIM', ip: '192.168.81.1', os.name: 'Windows 10', os.arch: 'amd64', os.version: '10.0', java.version: '11.0.7'
Driver info: driver.version: unknown
	at org.openqa.selenium.support.ui.Select.selectByVisibleText(Select.java:147)
	at common.WebAPI.selectOptionByVisibleText(WebAPI.java:415)
	at unitedairregistration.UnitedAirRegistration.questionAndAnswer1(UnitedAirRegistration.java:185)
	at stepdefinitions.UnitedAirRegStepDefinition.i_entered_data_in_answer_field(UnitedAirRegStepDefinition.java:132)
	at ✽.I entered data in answer field(file:///C:/Users/REBA%20KHAN/IdeaProjects/BDDWebAutomationFramework_WA_NY_Team2/UnitedAirlines/src/test/java/features/Registration.feature:51)
]]>
        </failure>
    </testcase>
    <testcase classname="United Airlines home page functionality test" name="United Airlines Flight Status functionality test" time="13.231">
        <failure message="stale element reference: element is not attached to the page document&#10;  (Session info: chrome=85.0.4183.121)&#10;For documentation on this error, please visit: https://www.seleniumhq.org/exceptions/stale_element_reference.html&#10;Build info: version: '3.141.59', revision: 'e82be7d358', time: '2018-11-14T08:17:03'&#10;System info: host: 'DESKTOP-ESGVGIM', ip: '192.168.81.1', os.name: 'Windows 10', os.arch: 'amd64', os.version: '10.0', java.version: '11.0.7'&#10;Driver info: org.openqa.selenium.chrome.ChromeDriver&#10;Capabilities {acceptInsecureCerts: false, browserName: chrome, browserVersion: 85.0.4183.121, chrome: {chromedriverVersion: 85.0.4183.87 (cd6713ebf92fa..., userDataDir: C:\Users\REBAKH~1\AppData\L...}, goog:chromeOptions: {debuggerAddress: localhost:64767}, javascriptEnabled: true, networkConnectionEnabled: false, pageLoadStrategy: normal, platform: WINDOWS, platformName: WINDOWS, proxy: Proxy(), setWindowRect: true, strictFileInteractability: false, timeouts: {implicit: 0, pageLoad: 300000, script: 30000}, unhandledPromptBehavior: dismiss and notify, webauthn:virtualAuthenticators: true}&#10;Session ID: 02ce285029c981be721195d3ceacd962" type="org.openqa.selenium.StaleElementReferenceException">
            <![CDATA[Given I am in home page.....................................................passed
When I click Flight status..................................................failed
And I enter City in From field and To field.................................skipped
And I enter Flight number and Date..........................................skipped
And I click Search Button...................................................skipped
Then I validate  flight status is appeared properly.........................skipped

StackTrace:
org.openqa.selenium.StaleElementReferenceException: stale element reference: element is not attached to the page document
  (Session info: chrome=85.0.4183.121)
For documentation on this error, please visit: https://www.seleniumhq.org/exceptions/stale_element_reference.html
Build info: version: '3.141.59', revision: 'e82be7d358', time: '2018-11-14T08:17:03'
System info: host: 'DESKTOP-ESGVGIM', ip: '192.168.81.1', os.name: 'Windows 10', os.arch: 'amd64', os.version: '10.0', java.version: '11.0.7'
Driver info: org.openqa.selenium.chrome.ChromeDriver
Capabilities {acceptInsecureCerts: false, browserName: chrome, browserVersion: 85.0.4183.121, chrome: {chromedriverVersion: 85.0.4183.87 (cd6713ebf92fa..., userDataDir: C:\Users\REBAKH~1\AppData\L...}, goog:chromeOptions: {debuggerAddress: localhost:64767}, javascriptEnabled: true, networkConnectionEnabled: false, pageLoadStrategy: normal, platform: WINDOWS, platformName: WINDOWS, proxy: Proxy(), setWindowRect: true, strictFileInteractability: false, timeouts: {implicit: 0, pageLoad: 300000, script: 30000}, unhandledPromptBehavior: dismiss and notify, webauthn:virtualAuthenticators: true}
Session ID: 02ce285029c981be721195d3ceacd962
	at java.base/jdk.internal.reflect.NativeConstructorAccessorImpl.newInstance0(Native Method)
	at java.base/jdk.internal.reflect.NativeConstructorAccessorImpl.newInstance(NativeConstructorAccessorImpl.java:62)
	at java.base/jdk.internal.reflect.DelegatingConstructorAccessorImpl.newInstance(DelegatingConstructorAccessorImpl.java:45)
	at java.base/java.lang.reflect.Constructor.newInstance(Constructor.java:490)
	at org.openqa.selenium.remote.http.W3CHttpResponseCodec.createException(W3CHttpResponseCodec.java:187)
	at org.openqa.selenium.remote.http.W3CHttpResponseCodec.decode(W3CHttpResponseCodec.java:122)
	at org.openqa.selenium.remote.http.W3CHttpResponseCodec.decode(W3CHttpResponseCodec.java:49)
	at org.openqa.selenium.remote.HttpCommandExecutor.execute(HttpCommandExecutor.java:158)
	at org.openqa.selenium.remote.service.DriverCommandExecutor.execute(DriverCommandExecutor.java:83)
	at org.openqa.selenium.remote.RemoteWebDriver.execute(RemoteWebDriver.java:552)
	at org.openqa.selenium.remote.RemoteWebElement.execute(RemoteWebElement.java:285)
	at org.openqa.selenium.remote.RemoteWebElement.click(RemoteWebElement.java:84)
	at java.base/jdk.internal.reflect.NativeMethodAccessorImpl.invoke0(Native Method)
	at java.base/jdk.internal.reflect.NativeMethodAccessorImpl.invoke(NativeMethodAccessorImpl.java:62)
	at java.base/jdk.internal.reflect.DelegatingMethodAccessorImpl.invoke(DelegatingMethodAccessorImpl.java:43)
	at java.base/java.lang.reflect.Method.invoke(Method.java:566)
	at org.openqa.selenium.support.pagefactory.internal.LocatingElementHandler.invoke(LocatingElementHandler.java:51)
	at com.sun.proxy.$Proxy25.click(Unknown Source)
	at unitedairlineshome.UnitedAirlinesHomePage.clickOnFlightStatusBtn(UnitedAirlinesHomePage.java:87)
	at stepdefinitions.UnitedAirHomeStepDefinition.i_click_flight_status(UnitedAirHomeStepDefinition.java:44)
	at ✽.I click Flight status(file:///C:/Users/REBA%20KHAN/IdeaProjects/BDDWebAutomationFramework_WA_NY_Team2/UnitedAirlines/src/test/java/features/UnitedAirlinesHome.feature:8)
]]>
        </failure>
    </testcase>
    <testcase classname="United Airlines home page functionality test" name="United Airlines Book Hotels test" time="16.193">
        <system-out>
            <![CDATA[Given I am in home page.....................................................passed
When I click on book button.................................................passed
And I click on Hotels button................................................passed
And I enter "Las Vegas" in where to searchBox and submit....................passed
Then I validate Las Vegas landed page properly..............................passed
]]>
        </system-out>
    </testcase>
    <testcase classname="United Airlines home page functionality test" name="United Airlines flight status functionality test" time="53.665">
        <failure message="no such element: Unable to locate element: {&quot;method&quot;:&quot;xpath&quot;,&quot;selector&quot;:&quot;//button[@type='submit'][@aria-label='Search']&quot;}&#10;  (Session info: chrome=85.0.4183.121)&#10;For documentation on this error, please visit: https://www.seleniumhq.org/exceptions/no_such_element.html&#10;Build info: version: '3.141.59', revision: 'e82be7d358', time: '2018-11-14T08:17:03'&#10;System info: host: 'DESKTOP-ESGVGIM', ip: '192.168.81.1', os.name: 'Windows 10', os.arch: 'amd64', os.version: '10.0', java.version: '11.0.7'&#10;Driver info: org.openqa.selenium.chrome.ChromeDriver&#10;Capabilities {acceptInsecureCerts: false, browserName: chrome, browserVersion: 85.0.4183.121, chrome: {chromedriverVersion: 85.0.4183.87 (cd6713ebf92fa..., userDataDir: C:\Users\REBAKH~1\AppData\L...}, goog:chromeOptions: {debuggerAddress: localhost:64889}, javascriptEnabled: true, networkConnectionEnabled: false, pageLoadStrategy: normal, platform: WINDOWS, platformName: WINDOWS, proxy: Proxy(), setWindowRect: true, strictFileInteractability: false, timeouts: {implicit: 0, pageLoad: 300000, script: 30000}, unhandledPromptBehavior: dismiss and notify, webauthn:virtualAuthenticators: true}&#10;Session ID: 639c5863ec15ba338b99f924512f3da8&#10;*** Element info: {Using=xpath, value=//button[@type='submit'][@aria-label='Search']}" type="org.openqa.selenium.NoSuchElementException">
            <![CDATA[Given I am in home page.....................................................passed
When I click on CheckIn tab.................................................passed
And I enter ticket number in confirmation field.............................passed
And I enter last name in Last name field....................................passed
And I click search box......................................................failed
Then I validate We couldn't find a reservation with the provided information. is appeared properly.skipped

StackTrace:
org.openqa.selenium.NoSuchElementException: no such element: Unable to locate element: {"method":"xpath","selector":"//button[@type='submit'][@aria-label='Search']"}
  (Session info: chrome=85.0.4183.121)
For documentation on this error, please visit: https://www.seleniumhq.org/exceptions/no_such_element.html
Build info: version: '3.141.59', revision: 'e82be7d358', time: '2018-11-14T08:17:03'
System info: host: 'DESKTOP-ESGVGIM', ip: '192.168.81.1', os.name: 'Windows 10', os.arch: 'amd64', os.version: '10.0', java.version: '11.0.7'
Driver info: org.openqa.selenium.chrome.ChromeDriver
Capabilities {acceptInsecureCerts: false, browserName: chrome, browserVersion: 85.0.4183.121, chrome: {chromedriverVersion: 85.0.4183.87 (cd6713ebf92fa..., userDataDir: C:\Users\REBAKH~1\AppData\L...}, goog:chromeOptions: {debuggerAddress: localhost:64889}, javascriptEnabled: true, networkConnectionEnabled: false, pageLoadStrategy: normal, platform: WINDOWS, platformName: WINDOWS, proxy: Proxy(), setWindowRect: true, strictFileInteractability: false, timeouts: {implicit: 0, pageLoad: 300000, script: 30000}, unhandledPromptBehavior: dismiss and notify, webauthn:virtualAuthenticators: true}
Session ID: 639c5863ec15ba338b99f924512f3da8
*** Element info: {Using=xpath, value=//button[@type='submit'][@aria-label='Search']}
	at java.base/jdk.internal.reflect.NativeConstructorAccessorImpl.newInstance0(Native Method)
	at java.base/jdk.internal.reflect.NativeConstructorAccessorImpl.newInstance(NativeConstructorAccessorImpl.java:62)
	at java.base/jdk.internal.reflect.DelegatingConstructorAccessorImpl.newInstance(DelegatingConstructorAccessorImpl.java:45)
	at java.base/java.lang.reflect.Constructor.newInstance(Constructor.java:490)
	at org.openqa.selenium.remote.http.W3CHttpResponseCodec.createException(W3CHttpResponseCodec.java:187)
	at org.openqa.selenium.remote.http.W3CHttpResponseCodec.decode(W3CHttpResponseCodec.java:122)
	at org.openqa.selenium.remote.http.W3CHttpResponseCodec.decode(W3CHttpResponseCodec.java:49)
	at org.openqa.selenium.remote.HttpCommandExecutor.execute(HttpCommandExecutor.java:158)
	at org.openqa.selenium.remote.service.DriverCommandExecutor.execute(DriverCommandExecutor.java:83)
	at org.openqa.selenium.remote.RemoteWebDriver.execute(RemoteWebDriver.java:552)
	at org.openqa.selenium.remote.RemoteWebDriver.findElement(RemoteWebDriver.java:323)
	at org.openqa.selenium.remote.RemoteWebDriver.findElementByXPath(RemoteWebDriver.java:428)
	at org.openqa.selenium.By$ByXPath.findElement(By.java:353)
	at org.openqa.selenium.remote.RemoteWebDriver.findElement(RemoteWebDriver.java:315)
	at org.openqa.selenium.support.pagefactory.DefaultElementLocator.findElement(DefaultElementLocator.java:69)
	at org.openqa.selenium.support.pagefactory.internal.LocatingElementHandler.invoke(LocatingElementHandler.java:38)
	at com.sun.proxy.$Proxy25.submit(Unknown Source)
	at unitedairlineshome.UnitedAirlinesHomePage.searchButtonClick(UnitedAirlinesHomePage.java:156)
	at stepdefinitions.UnitedAirHomeStepDefinition.i_click_search_box(UnitedAirHomeStepDefinition.java:109)
	at ✽.I click search box(file:///C:/Users/REBA%20KHAN/IdeaProjects/BDDWebAutomationFramework_WA_NY_Team2/UnitedAirlines/src/test/java/features/UnitedAirlinesHome.feature:26)
]]>
        </failure>
    </testcase>
    <testcase classname="United Airlines home page functionality test" name="United Airlines flight status functionality test 2" time="12.688">
        <failure message="stale element reference: element is not attached to the page document&#10;  (Session info: chrome=85.0.4183.121)&#10;For documentation on this error, please visit: https://www.seleniumhq.org/exceptions/stale_element_reference.html&#10;Build info: version: '3.141.59', revision: 'e82be7d358', time: '2018-11-14T08:17:03'&#10;System info: host: 'DESKTOP-ESGVGIM', ip: '192.168.81.1', os.name: 'Windows 10', os.arch: 'amd64', os.version: '10.0', java.version: '11.0.7'&#10;Driver info: org.openqa.selenium.chrome.ChromeDriver&#10;Capabilities {acceptInsecureCerts: false, browserName: chrome, browserVersion: 85.0.4183.121, chrome: {chromedriverVersion: 85.0.4183.87 (cd6713ebf92fa..., userDataDir: C:\Users\REBAKH~1\AppData\L...}, goog:chromeOptions: {debuggerAddress: localhost:64960}, javascriptEnabled: true, networkConnectionEnabled: false, pageLoadStrategy: normal, platform: WINDOWS, platformName: WINDOWS, proxy: Proxy(), setWindowRect: true, strictFileInteractability: false, timeouts: {implicit: 0, pageLoad: 300000, script: 30000}, unhandledPromptBehavior: dismiss and notify, webauthn:virtualAuthenticators: true}&#10;Session ID: 4187f21cdb3cfa246b3cecfa27b9aa08" type="org.openqa.selenium.StaleElementReferenceException">
            <![CDATA[Given I am in home page.....................................................passed
When I click on My trips tab................................................failed
And I enter confirmation number in confirmation field.......................skipped
And I type last name in Last name field.....................................skipped
And I click search box tab..................................................skipped

StackTrace:
org.openqa.selenium.StaleElementReferenceException: stale element reference: element is not attached to the page document
  (Session info: chrome=85.0.4183.121)
For documentation on this error, please visit: https://www.seleniumhq.org/exceptions/stale_element_reference.html
Build info: version: '3.141.59', revision: 'e82be7d358', time: '2018-11-14T08:17:03'
System info: host: 'DESKTOP-ESGVGIM', ip: '192.168.81.1', os.name: 'Windows 10', os.arch: 'amd64', os.version: '10.0', java.version: '11.0.7'
Driver info: org.openqa.selenium.chrome.ChromeDriver
Capabilities {acceptInsecureCerts: false, browserName: chrome, browserVersion: 85.0.4183.121, chrome: {chromedriverVersion: 85.0.4183.87 (cd6713ebf92fa..., userDataDir: C:\Users\REBAKH~1\AppData\L...}, goog:chromeOptions: {debuggerAddress: localhost:64960}, javascriptEnabled: true, networkConnectionEnabled: false, pageLoadStrategy: normal, platform: WINDOWS, platformName: WINDOWS, proxy: Proxy(), setWindowRect: true, strictFileInteractability: false, timeouts: {implicit: 0, pageLoad: 300000, script: 30000}, unhandledPromptBehavior: dismiss and notify, webauthn:virtualAuthenticators: true}
Session ID: 4187f21cdb3cfa246b3cecfa27b9aa08
	at java.base/jdk.internal.reflect.NativeConstructorAccessorImpl.newInstance0(Native Method)
	at java.base/jdk.internal.reflect.NativeConstructorAccessorImpl.newInstance(NativeConstructorAccessorImpl.java:62)
	at java.base/jdk.internal.reflect.DelegatingConstructorAccessorImpl.newInstance(DelegatingConstructorAccessorImpl.java:45)
	at java.base/java.lang.reflect.Constructor.newInstance(Constructor.java:490)
	at org.openqa.selenium.remote.http.W3CHttpResponseCodec.createException(W3CHttpResponseCodec.java:187)
	at org.openqa.selenium.remote.http.W3CHttpResponseCodec.decode(W3CHttpResponseCodec.java:122)
	at org.openqa.selenium.remote.http.W3CHttpResponseCodec.decode(W3CHttpResponseCodec.java:49)
	at org.openqa.selenium.remote.HttpCommandExecutor.execute(HttpCommandExecutor.java:158)
	at org.openqa.selenium.remote.service.DriverCommandExecutor.execute(DriverCommandExecutor.java:83)
	at org.openqa.selenium.remote.RemoteWebDriver.execute(RemoteWebDriver.java:552)
	at org.openqa.selenium.remote.RemoteWebElement.execute(RemoteWebElement.java:285)
	at org.openqa.selenium.remote.RemoteWebElement.click(RemoteWebElement.java:84)
	at jdk.internal.reflect.GeneratedMethodAccessor109.invoke(Unknown Source)
	at java.base/jdk.internal.reflect.DelegatingMethodAccessorImpl.invoke(DelegatingMethodAccessorImpl.java:43)
	at java.base/java.lang.reflect.Method.invoke(Method.java:566)
	at org.openqa.selenium.support.pagefactory.internal.LocatingElementHandler.invoke(LocatingElementHandler.java:51)
	at com.sun.proxy.$Proxy25.click(Unknown Source)
	at unitedairlineshome.UnitedAirlinesHomePage.myTripTab(UnitedAirlinesHomePage.java:167)
	at stepdefinitions.UnitedAirHomeStepDefinition.i_click_on_my_trips_tab(UnitedAirHomeStepDefinition.java:119)
	at ✽.I click on My trips tab(file:///C:/Users/REBA%20KHAN/IdeaProjects/BDDWebAutomationFramework_WA_NY_Team2/UnitedAirlines/src/test/java/features/UnitedAirlinesHome.feature:31)
]]>
        </failure>
    </testcase>
    <testcase classname="United Airlines home page functionality test" name="United Airlines search button functionality test" time="25.037">
        <system-out>
            <![CDATA[Given I am in home page.....................................................passed
When I click on search button...............................................passed
And I click on covid-19 update..............................................passed
And I click on request a refund.............................................passed
Then I validate Refund policies is appeared properly........................passed
]]>
        </system-out>
    </testcase>
    <testcase classname="United Airlines home page functionality test" name="United Airlines search button functionality test 2" time="25.213">
        <system-out>
            <![CDATA[Given I am in home page.....................................................passed
When I click on search button...............................................passed
And I click on get a flight receipt.........................................passed
And I click searchButton box................................................passed
Then I validate We couldn't find your receipt is appeared properly..........passed
]]>
        </system-out>
    </testcase>
    <testcase classname="United Airlines home page functionality test" name="United Airlines Book Button Check" time="20.518">
        <system-out>
            <![CDATA[Given I am in home page.....................................................passed
When I click on Book Button Tab.............................................passed
And I click on Hotels Button Tab............................................passed
And I enter "Miami Beach" in where to search box and enter submit...........passed
Then I validate Miami Beach landing properly................................passed
]]>
        </system-out>
    </testcase>
</testsuite>
