<?xml version="1.0" encoding="UTF-8" standalone="no"?>
<testsuite errors="0" failures="6" name="io.cucumber.core.plugin.JUnitFormatter" skipped="0" tests="12" time="425.502">
    <testcase classname="United Airlines home page signIn functionality test" name="United Airlines SignIn functionality test" time="55.761">
        <system-out>
            <![CDATA[Given I am in home page.....................................................passed
When I click on signIn button...............................................passed
And I click on join now and use title.......................................passed
And I use data in member information field..................................passed
And month and gender field is selected......................................passed
Then I validate Contact Information is appeared properly....................passed
]]>
        </system-out>
    </testcase>
    <testcase classname="United Airlines home page signIn functionality test" name="United Airlines contact information test" time="40.192">
        <system-out>
            <![CDATA[Given I am in home page.....................................................passed
When I click on signIn button...............................................passed
And I click on join now and use title.......................................passed
When I entered data in Contact Information field............................passed
Then I validate "Phone number" appear properly..............................passed
]]>
        </system-out>
    </testcase>
    <testcase classname="United Airlines home page signIn functionality test" name="United Airlines contact information test 2" time="30.899">
        <system-out>
            <![CDATA[Given I am in home page.....................................................passed
When I click on signIn button...............................................passed
And I click on join now and use title.......................................passed
And I entered data in phone number field....................................passed
And I click on check box field..............................................passed
Then I verify "Email information" appear properly...........................passed
]]>
        </system-out>
    </testcase>
    <testcase classname="United Airlines home page signIn functionality test" name="United Airlines contact information test 3" time="36.785">
        <system-out>
            <![CDATA[Given I am in home page.....................................................passed
When I click on signIn button...............................................passed
And I click on join now and use title.......................................passed
And I entered data in email field...........................................passed
And I click on check box and uncheck box....................................passed
And I entered data in password field........................................passed
And I click on Show button..................................................passed
And I click on accept and enroll button.....................................passed
Then I verify "Security questions" display properly.........................passed
]]>
        </system-out>
    </testcase>
    <testcase classname="United Airlines home page signIn functionality test" name="United Airlines contact information test 4" time="145.823">
        <failure message="Cannot locate element with text: What is your favorite type of vacation?&#10;For documentation on this error, please visit: https://www.seleniumhq.org/exceptions/no_such_element.html&#10;Build info: version: '3.141.59', revision: 'e82be7d358', time: '2018-11-14T08:17:03'&#10;System info: host: 'DESKTOP-ESGVGIM', ip: '192.168.81.1', os.name: 'Windows 10', os.arch: 'amd64', os.version: '10.0', java.version: '11.0.7'&#10;Driver info: driver.version: unknown" type="org.openqa.selenium.NoSuchElementException">
            <![CDATA[Given I am in home page.....................................................passed
When I click on signIn button...............................................passed
And I click on join now and use title.......................................passed
And I entered data in answer field..........................................failed

StackTrace:
org.openqa.selenium.NoSuchElementException: Cannot locate element with text: What is your favorite type of vacation?
For documentation on this error, please visit: https://www.seleniumhq.org/exceptions/no_such_element.html
Build info: version: '3.141.59', revision: 'e82be7d358', time: '2018-11-14T08:17:03'
System info: host: 'DESKTOP-ESGVGIM', ip: '192.168.81.1', os.name: 'Windows 10', os.arch: 'amd64', os.version: '10.0', java.version: '11.0.7'
Driver info: driver.version: unknown
	at org.openqa.selenium.support.ui.Select.selectByVisibleText(Select.java:147)
	at common.WebAPI.selectOptionByVisibleText(WebAPI.java:415)
	at unitedairregistration.UnitedAirRegistration.questionAndAnswer4(UnitedAirRegistration.java:206)
	at stepdefinitions.UnitedAirRegStepDefinition.i_entered_data_in_answer_field(UnitedAirRegStepDefinition.java:135)
	at ✽.I entered data in answer field(file:///C:/Users/REBA%20KHAN/IdeaProjects/BDDWebAutomationFramework_WA_NY_Team2/UnitedAirlines/src/test/java/features/Registration.feature:51)
]]>
        </failure>
    </testcase>
    <testcase classname="United Airlines home page functionality test" name="United Airlines Flight Status functionality test" time="12.78">
        <failure message="stale element reference: element is not attached to the page document&#10;  (Session info: chrome=85.0.4183.121)&#10;For documentation on this error, please visit: https://www.seleniumhq.org/exceptions/stale_element_reference.html&#10;Build info: version: '3.141.59', revision: 'e82be7d358', time: '2018-11-14T08:17:03'&#10;System info: host: 'DESKTOP-ESGVGIM', ip: '192.168.81.1', os.name: 'Windows 10', os.arch: 'amd64', os.version: '10.0', java.version: '11.0.7'&#10;Driver info: org.openqa.selenium.chrome.ChromeDriver&#10;Capabilities {acceptInsecureCerts: false, browserName: chrome, browserVersion: 85.0.4183.121, chrome: {chromedriverVersion: 85.0.4183.87 (cd6713ebf92fa..., userDataDir: C:\Users\REBAKH~1\AppData\L...}, goog:chromeOptions: {debuggerAddress: localhost:53602}, javascriptEnabled: true, networkConnectionEnabled: false, pageLoadStrategy: normal, platform: WINDOWS, platformName: WINDOWS, proxy: Proxy(), setWindowRect: true, strictFileInteractability: false, timeouts: {implicit: 0, pageLoad: 300000, script: 30000}, unhandledPromptBehavior: dismiss and notify, webauthn:virtualAuthenticators: true}&#10;Session ID: 0ba0ea4b24d0575711dbf2ba99a49a37" type="org.openqa.selenium.StaleElementReferenceException">
            <![CDATA[Given I am in home page.....................................................passed
When I click Flight status..................................................failed
And I enter City in From field and To field.................................skipped
And I enter Flight number and Date..........................................skipped
And I click Search Button...................................................skipped
Then I validate  flight status is appeared properly.........................skipped

StackTrace:
org.openqa.selenium.StaleElementReferenceException: stale element reference: element is not attached to the page document
  (Session info: chrome=85.0.4183.121)
For documentation on this error, please visit: https://www.seleniumhq.org/exceptions/stale_element_reference.html
Build info: version: '3.141.59', revision: 'e82be7d358', time: '2018-11-14T08:17:03'
System info: host: 'DESKTOP-ESGVGIM', ip: '192.168.81.1', os.name: 'Windows 10', os.arch: 'amd64', os.version: '10.0', java.version: '11.0.7'
Driver info: org.openqa.selenium.chrome.ChromeDriver
Capabilities {acceptInsecureCerts: false, browserName: chrome, browserVersion: 85.0.4183.121, chrome: {chromedriverVersion: 85.0.4183.87 (cd6713ebf92fa..., userDataDir: C:\Users\REBAKH~1\AppData\L...}, goog:chromeOptions: {debuggerAddress: localhost:53602}, javascriptEnabled: true, networkConnectionEnabled: false, pageLoadStrategy: normal, platform: WINDOWS, platformName: WINDOWS, proxy: Proxy(), setWindowRect: true, strictFileInteractability: false, timeouts: {implicit: 0, pageLoad: 300000, script: 30000}, unhandledPromptBehavior: dismiss and notify, webauthn:virtualAuthenticators: true}
Session ID: 0ba0ea4b24d0575711dbf2ba99a49a37
	at java.base/jdk.internal.reflect.NativeConstructorAccessorImpl.newInstance0(Native Method)
	at java.base/jdk.internal.reflect.NativeConstructorAccessorImpl.newInstance(NativeConstructorAccessorImpl.java:62)
	at java.base/jdk.internal.reflect.DelegatingConstructorAccessorImpl.newInstance(DelegatingConstructorAccessorImpl.java:45)
	at java.base/java.lang.reflect.Constructor.newInstance(Constructor.java:490)
	at org.openqa.selenium.remote.http.W3CHttpResponseCodec.createException(W3CHttpResponseCodec.java:187)
	at org.openqa.selenium.remote.http.W3CHttpResponseCodec.decode(W3CHttpResponseCodec.java:122)
	at org.openqa.selenium.remote.http.W3CHttpResponseCodec.decode(W3CHttpResponseCodec.java:49)
	at org.openqa.selenium.remote.HttpCommandExecutor.execute(HttpCommandExecutor.java:158)
	at org.openqa.selenium.remote.service.DriverCommandExecutor.execute(DriverCommandExecutor.java:83)
	at org.openqa.selenium.remote.RemoteWebDriver.execute(RemoteWebDriver.java:552)
	at org.openqa.selenium.remote.RemoteWebElement.execute(RemoteWebElement.java:285)
	at org.openqa.selenium.remote.RemoteWebElement.click(RemoteWebElement.java:84)
	at java.base/jdk.internal.reflect.NativeMethodAccessorImpl.invoke0(Native Method)
	at java.base/jdk.internal.reflect.NativeMethodAccessorImpl.invoke(NativeMethodAccessorImpl.java:62)
	at java.base/jdk.internal.reflect.DelegatingMethodAccessorImpl.invoke(DelegatingMethodAccessorImpl.java:43)
	at java.base/java.lang.reflect.Method.invoke(Method.java:566)
	at org.openqa.selenium.support.pagefactory.internal.LocatingElementHandler.invoke(LocatingElementHandler.java:51)
	at com.sun.proxy.$Proxy25.click(Unknown Source)
	at unitedairlineshome.UnitedAirlinesHomePage.clickOnFlightStatusBtn(UnitedAirlinesHomePage.java:87)
	at stepdefinitions.UnitedAirHomeStepDefinition.i_click_flight_status(UnitedAirHomeStepDefinition.java:44)
	at ✽.I click Flight status(file:///C:/Users/REBA%20KHAN/IdeaProjects/BDDWebAutomationFramework_WA_NY_Team2/UnitedAirlines/src/test/java/features/UnitedAirlinesHome.feature:8)
]]>
        </failure>
    </testcase>
    <testcase classname="United Airlines home page functionality test" name="United Airlines Book Hotels test" time="12.449">
        <failure message="stale element reference: element is not attached to the page document&#10;  (Session info: chrome=85.0.4183.121)&#10;For documentation on this error, please visit: https://www.seleniumhq.org/exceptions/stale_element_reference.html&#10;Build info: version: '3.141.59', revision: 'e82be7d358', time: '2018-11-14T08:17:03'&#10;System info: host: 'DESKTOP-ESGVGIM', ip: '192.168.81.1', os.name: 'Windows 10', os.arch: 'amd64', os.version: '10.0', java.version: '11.0.7'&#10;Driver info: org.openqa.selenium.chrome.ChromeDriver&#10;Capabilities {acceptInsecureCerts: false, browserName: chrome, browserVersion: 85.0.4183.121, chrome: {chromedriverVersion: 85.0.4183.87 (cd6713ebf92fa..., userDataDir: C:\Users\REBAKH~1\AppData\L...}, goog:chromeOptions: {debuggerAddress: localhost:53653}, javascriptEnabled: true, networkConnectionEnabled: false, pageLoadStrategy: normal, platform: WINDOWS, platformName: WINDOWS, proxy: Proxy(), setWindowRect: true, strictFileInteractability: false, timeouts: {implicit: 0, pageLoad: 300000, script: 30000}, unhandledPromptBehavior: dismiss and notify, webauthn:virtualAuthenticators: true}&#10;Session ID: a4b1dbbae719dd81354d913a34fe2d4e" type="org.openqa.selenium.StaleElementReferenceException">
            <![CDATA[Given I am in home page.....................................................passed
When I click on book button.................................................passed
And I click on Hotels button................................................failed
And I enter "Las Vegas" in where to searchBox and submit....................skipped
Then I validate Las Vegas landed page properly..............................skipped

StackTrace:
org.openqa.selenium.StaleElementReferenceException: stale element reference: element is not attached to the page document
  (Session info: chrome=85.0.4183.121)
For documentation on this error, please visit: https://www.seleniumhq.org/exceptions/stale_element_reference.html
Build info: version: '3.141.59', revision: 'e82be7d358', time: '2018-11-14T08:17:03'
System info: host: 'DESKTOP-ESGVGIM', ip: '192.168.81.1', os.name: 'Windows 10', os.arch: 'amd64', os.version: '10.0', java.version: '11.0.7'
Driver info: org.openqa.selenium.chrome.ChromeDriver
Capabilities {acceptInsecureCerts: false, browserName: chrome, browserVersion: 85.0.4183.121, chrome: {chromedriverVersion: 85.0.4183.87 (cd6713ebf92fa..., userDataDir: C:\Users\REBAKH~1\AppData\L...}, goog:chromeOptions: {debuggerAddress: localhost:53653}, javascriptEnabled: true, networkConnectionEnabled: false, pageLoadStrategy: normal, platform: WINDOWS, platformName: WINDOWS, proxy: Proxy(), setWindowRect: true, strictFileInteractability: false, timeouts: {implicit: 0, pageLoad: 300000, script: 30000}, unhandledPromptBehavior: dismiss and notify, webauthn:virtualAuthenticators: true}
Session ID: a4b1dbbae719dd81354d913a34fe2d4e
	at java.base/jdk.internal.reflect.NativeConstructorAccessorImpl.newInstance0(Native Method)
	at java.base/jdk.internal.reflect.NativeConstructorAccessorImpl.newInstance(NativeConstructorAccessorImpl.java:62)
	at java.base/jdk.internal.reflect.DelegatingConstructorAccessorImpl.newInstance(DelegatingConstructorAccessorImpl.java:45)
	at java.base/java.lang.reflect.Constructor.newInstance(Constructor.java:490)
	at org.openqa.selenium.remote.http.W3CHttpResponseCodec.createException(W3CHttpResponseCodec.java:187)
	at org.openqa.selenium.remote.http.W3CHttpResponseCodec.decode(W3CHttpResponseCodec.java:122)
	at org.openqa.selenium.remote.http.W3CHttpResponseCodec.decode(W3CHttpResponseCodec.java:49)
	at org.openqa.selenium.remote.HttpCommandExecutor.execute(HttpCommandExecutor.java:158)
	at org.openqa.selenium.remote.service.DriverCommandExecutor.execute(DriverCommandExecutor.java:83)
	at org.openqa.selenium.remote.RemoteWebDriver.execute(RemoteWebDriver.java:552)
	at org.openqa.selenium.remote.RemoteWebElement.execute(RemoteWebElement.java:285)
	at org.openqa.selenium.remote.RemoteWebElement.click(RemoteWebElement.java:84)
	at jdk.internal.reflect.GeneratedMethodAccessor109.invoke(Unknown Source)
	at java.base/jdk.internal.reflect.DelegatingMethodAccessorImpl.invoke(DelegatingMethodAccessorImpl.java:43)
	at java.base/java.lang.reflect.Method.invoke(Method.java:566)
	at org.openqa.selenium.support.pagefactory.internal.LocatingElementHandler.invoke(LocatingElementHandler.java:51)
	at com.sun.proxy.$Proxy25.click(Unknown Source)
	at unitedairlineshome.UnitedAirlinesHomePage.clickHotelsButton(UnitedAirlinesHomePage.java:124)
	at stepdefinitions.UnitedAirHomeStepDefinition.i_click_on_hotels_button(UnitedAirHomeStepDefinition.java:77)
	at ✽.I click on Hotels button(file:///C:/Users/REBA%20KHAN/IdeaProjects/BDDWebAutomationFramework_WA_NY_Team2/UnitedAirlines/src/test/java/features/UnitedAirlinesHome.feature:17)
]]>
        </failure>
    </testcase>
    <testcase classname="United Airlines home page functionality test" name="United Airlines flight status functionality test" time="12.736">
        <failure message="stale element reference: element is not attached to the page document&#10;  (Session info: chrome=85.0.4183.121)&#10;For documentation on this error, please visit: https://www.seleniumhq.org/exceptions/stale_element_reference.html&#10;Build info: version: '3.141.59', revision: 'e82be7d358', time: '2018-11-14T08:17:03'&#10;System info: host: 'DESKTOP-ESGVGIM', ip: '192.168.81.1', os.name: 'Windows 10', os.arch: 'amd64', os.version: '10.0', java.version: '11.0.7'&#10;Driver info: org.openqa.selenium.chrome.ChromeDriver&#10;Capabilities {acceptInsecureCerts: false, browserName: chrome, browserVersion: 85.0.4183.121, chrome: {chromedriverVersion: 85.0.4183.87 (cd6713ebf92fa..., userDataDir: C:\Users\REBAKH~1\AppData\L...}, goog:chromeOptions: {debuggerAddress: localhost:53698}, javascriptEnabled: true, networkConnectionEnabled: false, pageLoadStrategy: normal, platform: WINDOWS, platformName: WINDOWS, proxy: Proxy(), setWindowRect: true, strictFileInteractability: false, timeouts: {implicit: 0, pageLoad: 300000, script: 30000}, unhandledPromptBehavior: dismiss and notify, webauthn:virtualAuthenticators: true}&#10;Session ID: acf996e54751394e057274f2a07a3323" type="org.openqa.selenium.StaleElementReferenceException">
            <![CDATA[Given I am in home page.....................................................passed
When I click on CheckIn tab.................................................passed
And I enter ticket number in confirmation field.............................failed
And I enter last name in Last name field....................................skipped
And I click search box......................................................skipped
Then I validate We couldn't find a reservation with the provided information. is appeared properly.skipped

StackTrace:
org.openqa.selenium.StaleElementReferenceException: stale element reference: element is not attached to the page document
  (Session info: chrome=85.0.4183.121)
For documentation on this error, please visit: https://www.seleniumhq.org/exceptions/stale_element_reference.html
Build info: version: '3.141.59', revision: 'e82be7d358', time: '2018-11-14T08:17:03'
System info: host: 'DESKTOP-ESGVGIM', ip: '192.168.81.1', os.name: 'Windows 10', os.arch: 'amd64', os.version: '10.0', java.version: '11.0.7'
Driver info: org.openqa.selenium.chrome.ChromeDriver
Capabilities {acceptInsecureCerts: false, browserName: chrome, browserVersion: 85.0.4183.121, chrome: {chromedriverVersion: 85.0.4183.87 (cd6713ebf92fa..., userDataDir: C:\Users\REBAKH~1\AppData\L...}, goog:chromeOptions: {debuggerAddress: localhost:53698}, javascriptEnabled: true, networkConnectionEnabled: false, pageLoadStrategy: normal, platform: WINDOWS, platformName: WINDOWS, proxy: Proxy(), setWindowRect: true, strictFileInteractability: false, timeouts: {implicit: 0, pageLoad: 300000, script: 30000}, unhandledPromptBehavior: dismiss and notify, webauthn:virtualAuthenticators: true}
Session ID: acf996e54751394e057274f2a07a3323
	at java.base/jdk.internal.reflect.NativeConstructorAccessorImpl.newInstance0(Native Method)
	at java.base/jdk.internal.reflect.NativeConstructorAccessorImpl.newInstance(NativeConstructorAccessorImpl.java:62)
	at java.base/jdk.internal.reflect.DelegatingConstructorAccessorImpl.newInstance(DelegatingConstructorAccessorImpl.java:45)
	at java.base/java.lang.reflect.Constructor.newInstance(Constructor.java:490)
	at org.openqa.selenium.remote.http.W3CHttpResponseCodec.createException(W3CHttpResponseCodec.java:187)
	at org.openqa.selenium.remote.http.W3CHttpResponseCodec.decode(W3CHttpResponseCodec.java:122)
	at org.openqa.selenium.remote.http.W3CHttpResponseCodec.decode(W3CHttpResponseCodec.java:49)
	at org.openqa.selenium.remote.HttpCommandExecutor.execute(HttpCommandExecutor.java:158)
	at org.openqa.selenium.remote.service.DriverCommandExecutor.execute(DriverCommandExecutor.java:83)
	at org.openqa.selenium.remote.RemoteWebDriver.execute(RemoteWebDriver.java:552)
	at org.openqa.selenium.remote.RemoteWebElement.execute(RemoteWebElement.java:285)
	at org.openqa.selenium.remote.RemoteWebElement.sendKeys(RemoteWebElement.java:106)
	at jdk.internal.reflect.GeneratedMethodAccessor107.invoke(Unknown Source)
	at java.base/jdk.internal.reflect.DelegatingMethodAccessorImpl.invoke(DelegatingMethodAccessorImpl.java:43)
	at java.base/java.lang.reflect.Method.invoke(Method.java:566)
	at org.openqa.selenium.support.pagefactory.internal.LocatingElementHandler.invoke(LocatingElementHandler.java:51)
	at com.sun.proxy.$Proxy25.sendKeys(Unknown Source)
	at unitedairlineshome.UnitedAirlinesHomePage.ticketNumberField(UnitedAirlinesHomePage.java:148)
	at stepdefinitions.UnitedAirHomeStepDefinition.i_enter_ticket_number_in_confirmation_field(UnitedAirHomeStepDefinition.java:99)
	at ✽.I enter ticket number in confirmation field(file:///C:/Users/REBA%20KHAN/IdeaProjects/BDDWebAutomationFramework_WA_NY_Team2/UnitedAirlines/src/test/java/features/UnitedAirlinesHome.feature:24)
]]>
        </failure>
    </testcase>
    <testcase classname="United Airlines home page functionality test" name="United Airlines flight status functionality test 2" time="12.152">
        <failure message="stale element reference: element is not attached to the page document&#10;  (Session info: chrome=85.0.4183.121)&#10;For documentation on this error, please visit: https://www.seleniumhq.org/exceptions/stale_element_reference.html&#10;Build info: version: '3.141.59', revision: 'e82be7d358', time: '2018-11-14T08:17:03'&#10;System info: host: 'DESKTOP-ESGVGIM', ip: '192.168.81.1', os.name: 'Windows 10', os.arch: 'amd64', os.version: '10.0', java.version: '11.0.7'&#10;Driver info: org.openqa.selenium.chrome.ChromeDriver&#10;Capabilities {acceptInsecureCerts: false, browserName: chrome, browserVersion: 85.0.4183.121, chrome: {chromedriverVersion: 85.0.4183.87 (cd6713ebf92fa..., userDataDir: C:\Users\REBAKH~1\AppData\L...}, goog:chromeOptions: {debuggerAddress: localhost:53741}, javascriptEnabled: true, networkConnectionEnabled: false, pageLoadStrategy: normal, platform: WINDOWS, platformName: WINDOWS, proxy: Proxy(), setWindowRect: true, strictFileInteractability: false, timeouts: {implicit: 0, pageLoad: 300000, script: 30000}, unhandledPromptBehavior: dismiss and notify, webauthn:virtualAuthenticators: true}&#10;Session ID: 60109eb461b4671f28f05e75cbebaf30" type="org.openqa.selenium.StaleElementReferenceException">
            <![CDATA[Given I am in home page.....................................................passed
When I click on My trips tab................................................passed
And I enter confirmation number in confirmation field.......................failed
And I type last name in Last name field.....................................skipped
And I click search box tab..................................................skipped

StackTrace:
org.openqa.selenium.StaleElementReferenceException: stale element reference: element is not attached to the page document
  (Session info: chrome=85.0.4183.121)
For documentation on this error, please visit: https://www.seleniumhq.org/exceptions/stale_element_reference.html
Build info: version: '3.141.59', revision: 'e82be7d358', time: '2018-11-14T08:17:03'
System info: host: 'DESKTOP-ESGVGIM', ip: '192.168.81.1', os.name: 'Windows 10', os.arch: 'amd64', os.version: '10.0', java.version: '11.0.7'
Driver info: org.openqa.selenium.chrome.ChromeDriver
Capabilities {acceptInsecureCerts: false, browserName: chrome, browserVersion: 85.0.4183.121, chrome: {chromedriverVersion: 85.0.4183.87 (cd6713ebf92fa..., userDataDir: C:\Users\REBAKH~1\AppData\L...}, goog:chromeOptions: {debuggerAddress: localhost:53741}, javascriptEnabled: true, networkConnectionEnabled: false, pageLoadStrategy: normal, platform: WINDOWS, platformName: WINDOWS, proxy: Proxy(), setWindowRect: true, strictFileInteractability: false, timeouts: {implicit: 0, pageLoad: 300000, script: 30000}, unhandledPromptBehavior: dismiss and notify, webauthn:virtualAuthenticators: true}
Session ID: 60109eb461b4671f28f05e75cbebaf30
	at java.base/jdk.internal.reflect.NativeConstructorAccessorImpl.newInstance0(Native Method)
	at java.base/jdk.internal.reflect.NativeConstructorAccessorImpl.newInstance(NativeConstructorAccessorImpl.java:62)
	at java.base/jdk.internal.reflect.DelegatingConstructorAccessorImpl.newInstance(DelegatingConstructorAccessorImpl.java:45)
	at java.base/java.lang.reflect.Constructor.newInstance(Constructor.java:490)
	at org.openqa.selenium.remote.http.W3CHttpResponseCodec.createException(W3CHttpResponseCodec.java:187)
	at org.openqa.selenium.remote.http.W3CHttpResponseCodec.decode(W3CHttpResponseCodec.java:122)
	at org.openqa.selenium.remote.http.W3CHttpResponseCodec.decode(W3CHttpResponseCodec.java:49)
	at org.openqa.selenium.remote.HttpCommandExecutor.execute(HttpCommandExecutor.java:158)
	at org.openqa.selenium.remote.service.DriverCommandExecutor.execute(DriverCommandExecutor.java:83)
	at org.openqa.selenium.remote.RemoteWebDriver.execute(RemoteWebDriver.java:552)
	at org.openqa.selenium.remote.RemoteWebElement.execute(RemoteWebElement.java:285)
	at org.openqa.selenium.remote.RemoteWebElement.sendKeys(RemoteWebElement.java:106)
	at jdk.internal.reflect.GeneratedMethodAccessor107.invoke(Unknown Source)
	at java.base/jdk.internal.reflect.DelegatingMethodAccessorImpl.invoke(DelegatingMethodAccessorImpl.java:43)
	at java.base/java.lang.reflect.Method.invoke(Method.java:566)
	at org.openqa.selenium.support.pagefactory.internal.LocatingElementHandler.invoke(LocatingElementHandler.java:51)
	at com.sun.proxy.$Proxy25.sendKeys(Unknown Source)
	at unitedairlineshome.UnitedAirlinesHomePage.confirmationNumberField(UnitedAirlinesHomePage.java:171)
	at stepdefinitions.UnitedAirHomeStepDefinition.i_enter_confirmation_number_in_confirmation_field(UnitedAirHomeStepDefinition.java:124)
	at ✽.I enter confirmation number in confirmation field(file:///C:/Users/REBA%20KHAN/IdeaProjects/BDDWebAutomationFramework_WA_NY_Team2/UnitedAirlines/src/test/java/features/UnitedAirlinesHome.feature:32)
]]>
        </failure>
    </testcase>
    <testcase classname="United Airlines home page functionality test" name="United Airlines search button functionality test" time="26.055">
        <system-out>
            <![CDATA[Given I am in home page.....................................................passed
When I click on search button...............................................passed
And I click on covid-19 update..............................................passed
And I click on request a refund.............................................passed
Then I validate Refund policies is appeared properly........................passed
]]>
        </system-out>
    </testcase>
    <testcase classname="United Airlines home page functionality test" name="United Airlines search button functionality test 2" time="26.806">
        <system-out>
            <![CDATA[Given I am in home page.....................................................passed
When I click on search button...............................................passed
And I click on get a flight receipt.........................................passed
And I click searchButton box................................................passed
Then I validate We couldn't find your receipt is appeared properly..........passed
]]>
        </system-out>
    </testcase>
    <testcase classname="United Airlines home page functionality test" name="United Airlines Book Button Check" time="12.311">
        <failure message="stale element reference: element is not attached to the page document&#10;  (Session info: chrome=85.0.4183.121)&#10;For documentation on this error, please visit: https://www.seleniumhq.org/exceptions/stale_element_reference.html&#10;Build info: version: '3.141.59', revision: 'e82be7d358', time: '2018-11-14T08:17:03'&#10;System info: host: 'DESKTOP-ESGVGIM', ip: '192.168.81.1', os.name: 'Windows 10', os.arch: 'amd64', os.version: '10.0', java.version: '11.0.7'&#10;Driver info: org.openqa.selenium.chrome.ChromeDriver&#10;Capabilities {acceptInsecureCerts: false, browserName: chrome, browserVersion: 85.0.4183.121, chrome: {chromedriverVersion: 85.0.4183.87 (cd6713ebf92fa..., userDataDir: C:\Users\REBAKH~1\AppData\L...}, goog:chromeOptions: {debuggerAddress: localhost:53889}, javascriptEnabled: true, networkConnectionEnabled: false, pageLoadStrategy: normal, platform: WINDOWS, platformName: WINDOWS, proxy: Proxy(), setWindowRect: true, strictFileInteractability: false, timeouts: {implicit: 0, pageLoad: 300000, script: 30000}, unhandledPromptBehavior: dismiss and notify, webauthn:virtualAuthenticators: true}&#10;Session ID: 5c2a491569697b10fa654a6487495e07" type="org.openqa.selenium.StaleElementReferenceException">
            <![CDATA[Given I am in home page.....................................................passed
When I click on Book Button Tab.............................................passed
And I click on Hotels Button Tab............................................failed
And I enter "Miami Beach" in where to search box and enter submit...........skipped
Then I validate Miami Beach landing properly................................skipped

StackTrace:
org.openqa.selenium.StaleElementReferenceException: stale element reference: element is not attached to the page document
  (Session info: chrome=85.0.4183.121)
For documentation on this error, please visit: https://www.seleniumhq.org/exceptions/stale_element_reference.html
Build info: version: '3.141.59', revision: 'e82be7d358', time: '2018-11-14T08:17:03'
System info: host: 'DESKTOP-ESGVGIM', ip: '192.168.81.1', os.name: 'Windows 10', os.arch: 'amd64', os.version: '10.0', java.version: '11.0.7'
Driver info: org.openqa.selenium.chrome.ChromeDriver
Capabilities {acceptInsecureCerts: false, browserName: chrome, browserVersion: 85.0.4183.121, chrome: {chromedriverVersion: 85.0.4183.87 (cd6713ebf92fa..., userDataDir: C:\Users\REBAKH~1\AppData\L...}, goog:chromeOptions: {debuggerAddress: localhost:53889}, javascriptEnabled: true, networkConnectionEnabled: false, pageLoadStrategy: normal, platform: WINDOWS, platformName: WINDOWS, proxy: Proxy(), setWindowRect: true, strictFileInteractability: false, timeouts: {implicit: 0, pageLoad: 300000, script: 30000}, unhandledPromptBehavior: dismiss and notify, webauthn:virtualAuthenticators: true}
Session ID: 5c2a491569697b10fa654a6487495e07
	at java.base/jdk.internal.reflect.NativeConstructorAccessorImpl.newInstance0(Native Method)
	at java.base/jdk.internal.reflect.NativeConstructorAccessorImpl.newInstance(NativeConstructorAccessorImpl.java:62)
	at java.base/jdk.internal.reflect.DelegatingConstructorAccessorImpl.newInstance(DelegatingConstructorAccessorImpl.java:45)
	at java.base/java.lang.reflect.Constructor.newInstance(Constructor.java:490)
	at org.openqa.selenium.remote.http.W3CHttpResponseCodec.createException(W3CHttpResponseCodec.java:187)
	at org.openqa.selenium.remote.http.W3CHttpResponseCodec.decode(W3CHttpResponseCodec.java:122)
	at org.openqa.selenium.remote.http.W3CHttpResponseCodec.decode(W3CHttpResponseCodec.java:49)
	at org.openqa.selenium.remote.HttpCommandExecutor.execute(HttpCommandExecutor.java:158)
	at org.openqa.selenium.remote.service.DriverCommandExecutor.execute(DriverCommandExecutor.java:83)
	at org.openqa.selenium.remote.RemoteWebDriver.execute(RemoteWebDriver.java:552)
	at org.openqa.selenium.remote.RemoteWebElement.execute(RemoteWebElement.java:285)
	at org.openqa.selenium.remote.RemoteWebElement.click(RemoteWebElement.java:84)
	at jdk.internal.reflect.GeneratedMethodAccessor109.invoke(Unknown Source)
	at java.base/jdk.internal.reflect.DelegatingMethodAccessorImpl.invoke(DelegatingMethodAccessorImpl.java:43)
	at java.base/java.lang.reflect.Method.invoke(Method.java:566)
	at org.openqa.selenium.support.pagefactory.internal.LocatingElementHandler.invoke(LocatingElementHandler.java:51)
	at com.sun.proxy.$Proxy25.click(Unknown Source)
	at unitedairlineshome.UnitedAirlinesHomePage.clickOnHotelButton(UnitedAirlinesHomePage.java:246)
	at stepdefinitions.UnitedAirHomeStepDefinition.i_click_on_hotels_button_Tab(UnitedAirHomeStepDefinition.java:205)
	at ✽.I click on Hotels Button Tab(file:///C:/Users/REBA%20KHAN/IdeaProjects/BDDWebAutomationFramework_WA_NY_Team2/UnitedAirlines/src/test/java/features/UnitedAirlinesHome.feature:58)
]]>
        </failure>
    </testcase>
</testsuite>
