<?xml version="1.0" encoding="UTF-8" standalone="no"?>
<testsuite errors="0" failures="1" name="io.cucumber.core.plugin.JUnitFormatter" skipped="0" tests="10" time="303.466">
    <testcase classname="United Airlines home page signIn functionality test" name="United Airlines SignIn functionality test" time="51.066">
        <system-out>
            <![CDATA[Given I am in United Airlines home page.....................................passed
When I click on signIn button...............................................passed
And I click on join now and use title.......................................passed
And I use data in member information field..................................passed
And month and gender field is selected......................................passed
Then I validate Contact Information is appeared properly....................passed
]]>
        </system-out>
    </testcase>
    <testcase classname="United Airlines home page signIn functionality test" name="United Airlines contact information test" time="39.166">
        <system-out>
            <![CDATA[Given I am in United Airlines home page.....................................passed
When I click on signIn button...............................................passed
And I click on join now and use title.......................................passed
When I entered data in Contact Information field............................passed
Then I validate "Phone number" appear properly..............................passed
]]>
        </system-out>
    </testcase>
    <testcase classname="United Airlines home page signIn functionality test" name="United Airlines contact information test 2" time="30.731">
        <system-out>
            <![CDATA[Given I am in United Airlines home page.....................................passed
When I click on signIn button...............................................passed
And I click on join now and use title.......................................passed
And I entered data in phone number field....................................passed
And I click on check box field..............................................passed
Then I verify "Email information" appear properly...........................passed
]]>
        </system-out>
    </testcase>
    <testcase classname="United Airlines home page signIn functionality test" name="United Airlines contact information test 3" time="35.389">
        <system-out>
            <![CDATA[Given I am in United Airlines home page.....................................passed
When I click on signIn button...............................................passed
And I click on join now and use title.......................................passed
And I entered data in email field...........................................passed
And I click on check box and uncheck box....................................passed
And I entered data in password field........................................passed
And I click on Show button..................................................passed
And I click on accept and enroll button.....................................passed
Then I verify "Security questions" display properly.........................passed
]]>
        </system-out>
    </testcase>
    <testcase classname="United Airlines home page functionality test" name="United Airlines flight status functionality test" time="54.2">
        <failure message="no such element: Unable to locate element: {&quot;method&quot;:&quot;xpath&quot;,&quot;selector&quot;:&quot;//div[contains(text(),'Sep 12, 2020')]&quot;}&#10;  (Session info: chrome=85.0.4183.102)&#10;For documentation on this error, please visit: https://www.seleniumhq.org/exceptions/no_such_element.html&#10;Build info: version: '3.141.59', revision: 'e82be7d358', time: '2018-11-14T08:17:03'&#10;System info: host: 'LAPTOP-6QSDTELI', ip: '192.168.1.185', os.name: 'Windows 10', os.arch: 'amd64', os.version: '10.0', java.version: '11.0.8'&#10;Driver info: org.openqa.selenium.chrome.ChromeDriver&#10;Capabilities {acceptInsecureCerts: false, browserName: chrome, browserVersion: 85.0.4183.102, chrome: {chromedriverVersion: 85.0.4183.87 (cd6713ebf92fa..., userDataDir: C:\Users\lenis\AppData\Loca...}, goog:chromeOptions: {debuggerAddress: localhost:50786}, javascriptEnabled: true, networkConnectionEnabled: false, pageLoadStrategy: normal, platform: WINDOWS, platformName: WINDOWS, proxy: Proxy(), setWindowRect: true, strictFileInteractability: false, timeouts: {implicit: 0, pageLoad: 300000, script: 30000}, unhandledPromptBehavior: dismiss and notify, webauthn:virtualAuthenticators: true}&#10;Session ID: ebe9bdaf01ca8d27955f2264d557f3f2&#10;*** Element info: {Using=xpath, value=//div[contains(text(),'Sep 12, 2020')]}" type="org.openqa.selenium.NoSuchElementException">
            <![CDATA[Given I am in United Airlines home page.....................................passed
When I click on flight status tab...........................................passed
And I enter city name in from field and To field............................passed
And I enter flight number and date..........................................failed
And I click search button...................................................skipped
Then I validate DEPARTURE is appeared properly..............................skipped

StackTrace:
org.openqa.selenium.NoSuchElementException: no such element: Unable to locate element: {"method":"xpath","selector":"//div[contains(text(),'Sep 12, 2020')]"}
  (Session info: chrome=85.0.4183.102)
For documentation on this error, please visit: https://www.seleniumhq.org/exceptions/no_such_element.html
Build info: version: '3.141.59', revision: 'e82be7d358', time: '2018-11-14T08:17:03'
System info: host: 'LAPTOP-6QSDTELI', ip: '192.168.1.185', os.name: 'Windows 10', os.arch: 'amd64', os.version: '10.0', java.version: '11.0.8'
Driver info: org.openqa.selenium.chrome.ChromeDriver
Capabilities {acceptInsecureCerts: false, browserName: chrome, browserVersion: 85.0.4183.102, chrome: {chromedriverVersion: 85.0.4183.87 (cd6713ebf92fa..., userDataDir: C:\Users\lenis\AppData\Loca...}, goog:chromeOptions: {debuggerAddress: localhost:50786}, javascriptEnabled: true, networkConnectionEnabled: false, pageLoadStrategy: normal, platform: WINDOWS, platformName: WINDOWS, proxy: Proxy(), setWindowRect: true, strictFileInteractability: false, timeouts: {implicit: 0, pageLoad: 300000, script: 30000}, unhandledPromptBehavior: dismiss and notify, webauthn:virtualAuthenticators: true}
Session ID: ebe9bdaf01ca8d27955f2264d557f3f2
*** Element info: {Using=xpath, value=//div[contains(text(),'Sep 12, 2020')]}
	at java.base/jdk.internal.reflect.NativeConstructorAccessorImpl.newInstance0(Native Method)
	at java.base/jdk.internal.reflect.NativeConstructorAccessorImpl.newInstance(NativeConstructorAccessorImpl.java:62)
	at java.base/jdk.internal.reflect.DelegatingConstructorAccessorImpl.newInstance(DelegatingConstructorAccessorImpl.java:45)
	at java.base/java.lang.reflect.Constructor.newInstance(Constructor.java:490)
	at org.openqa.selenium.remote.http.W3CHttpResponseCodec.createException(W3CHttpResponseCodec.java:187)
	at org.openqa.selenium.remote.http.W3CHttpResponseCodec.decode(W3CHttpResponseCodec.java:122)
	at org.openqa.selenium.remote.http.W3CHttpResponseCodec.decode(W3CHttpResponseCodec.java:49)
	at org.openqa.selenium.remote.HttpCommandExecutor.execute(HttpCommandExecutor.java:158)
	at org.openqa.selenium.remote.service.DriverCommandExecutor.execute(DriverCommandExecutor.java:83)
	at org.openqa.selenium.remote.RemoteWebDriver.execute(RemoteWebDriver.java:552)
	at org.openqa.selenium.remote.RemoteWebDriver.findElement(RemoteWebDriver.java:323)
	at org.openqa.selenium.remote.RemoteWebDriver.findElementByXPath(RemoteWebDriver.java:428)
	at org.openqa.selenium.By$ByXPath.findElement(By.java:353)
	at org.openqa.selenium.remote.RemoteWebDriver.findElement(RemoteWebDriver.java:315)
	at org.openqa.selenium.support.pagefactory.DefaultElementLocator.findElement(DefaultElementLocator.java:69)
	at org.openqa.selenium.support.pagefactory.internal.LocatingElementHandler.invoke(LocatingElementHandler.java:38)
	at com.sun.proxy.$Proxy25.click(Unknown Source)
	at unitedairlineshome.UnitedAirHomePage.flightNumberAndDateField(UnitedAirHomePage.java:64)
	at stepdefinitions.UnitedAirStepDefinition.i_enter_flight_number_and_date(UnitedAirStepDefinition.java:51)
	at ✽.I enter flight number and date(file:///C:/Users/lenis/IdeaProjects/BDDWebAutomationFramework_WA_NY_Team2/UnitedAirlines/src/test/java/features/UnitedAirlinesHome.feature:10)
]]>
        </failure>
    </testcase>
    <testcase classname="United Airlines home page functionality test" name="United Airlines flight status functionality test 2" time="14.127">
        <system-out>
            <![CDATA[Given I am in United Airlines home page.....................................passed
When I click on CheckIn tab.................................................passed
And I enter ticket number in confirmation field.............................passed
And I enter last name in Last name field....................................passed
And I click search box......................................................passed
Then I validate We couldn't find a reservation with the provided information. is appeared properly.passed
]]>
        </system-out>
    </testcase>
    <testcase classname="United Airlines home page functionality test" name="United Airlines flight status functionality test 3" time="10.139">
        <system-out>
            <![CDATA[Given I am in United Airlines home page.....................................passed
When I click on My trips tab................................................passed
And I enter confirmation number in confirmation field.......................passed
And I type last name in Last name field.....................................passed
And I click search box tab..................................................passed
]]>
        </system-out>
    </testcase>
    <testcase classname="United Airlines home page functionality test" name="United Airlines search button functionality test" time="25.991">
        <system-out>
            <![CDATA[Given I am in United Airlines home page.....................................passed
When I click on search button...............................................passed
And I click on covid-19 update..............................................passed
And I click on request a refund.............................................passed
Then I validate Refund policies is appeared properly........................passed
]]>
        </system-out>
    </testcase>
    <testcase classname="United Airlines home page functionality test" name="United Airlines search button functionality test 2" time="24.628">
        <system-out>
            <![CDATA[Given I am in United Airlines home page.....................................passed
When I click on search button...............................................passed
And I click on get a flight receipt.........................................passed
And I click searchButton box................................................passed
Then I validate We couldn't find your receipt is appeared properly..........passed
]]>
        </system-out>
    </testcase>
    <testcase classname="United Airlines home page functionality test" name="United Airlines Book Button Check" time="17.657">
        <system-out>
            <![CDATA[Given I am in United Airlines home page.....................................passed
When I click on Book Button.................................................passed
And I click on Hotels Button................................................passed
And I enter "Miami Beach" in where to search box and submit.................passed
Then I validate Miami Beach landing properly................................passed
]]>
        </system-out>
    </testcase>
</testsuite>
