<?xml version="1.0" encoding="UTF-8" standalone="no"?>
<testsuite errors="0" failures="10" name="io.cucumber.core.plugin.JUnitFormatter" skipped="0" tests="16" time="530.275">
    <testcase classname="TargetEcommerce Home page Functionality" name="Target home page search box functionality test" time="12.113">
        <system-out>
            <![CDATA[Given I am on targetEcommerce home page.....................................passed
When I enter Samsung Phones.................................................passed
And I click on search button................................................passed
Then I validate “Samsung Phone” is appeared properly........................passed
]]>
        </system-out>
    </testcase>
    <testcase classname="TargetEcommerce Home page Functionality" name="Target home page Clearance Tab functionality test" time="19.142">
        <failure message="element click intercepted: Element &lt;div class=&quot;ItemTitle-yw3r8r-0 lgEvqc&quot;&gt;...&lt;/div&gt; is not clickable at point (657, 687). Other element would receive the click: &lt;iframe frameborder=&quot;0&quot; src=&quot;https://tpc.googlesyndication.com/safeframe/1-0-37/html/container.html&quot; id=&quot;google_ads_iframe_/7079046/tgt/5q0ga_0&quot; title=&quot;3rd party ad content&quot; name=&quot;&quot; scrolling=&quot;no&quot; marginwidth=&quot;0&quot; marginheight=&quot;0&quot; width=&quot;0&quot; height=&quot;114&quot; data-is-safeframe=&quot;true&quot; sandbox=&quot;allow-forms allow-popups allow-popups-to-escape-sandbox allow-same-origin allow-scripts allow-top-navigation-by-user-activation&quot; data-google-container-id=&quot;a&quot; style=&quot;border: 0px; vertical-align: bottom; min-width: 100%; min-height: 93px;&quot; data-load-complete=&quot;true&quot;&gt;&lt;/iframe&gt;&#10;  (Session info: chrome=85.0.4183.121)&#10;Build info: version: '3.141.59', revision: 'e82be7d358', time: '2018-11-14T08:17:03'&#10;System info: host: 'LAPTOP-6QSDTELI', ip: '192.168.1.185', os.name: 'Windows 10', os.arch: 'amd64', os.version: '10.0', java.version: '11.0.8'&#10;Driver info: org.openqa.selenium.chrome.ChromeDriver&#10;Capabilities {acceptInsecureCerts: false, browserName: chrome, browserVersion: 85.0.4183.121, chrome: {chromedriverVersion: 85.0.4183.87 (cd6713ebf92fa..., userDataDir: C:\Users\lenis\AppData\Loca...}, goog:chromeOptions: {debuggerAddress: localhost:57937}, javascriptEnabled: true, networkConnectionEnabled: false, pageLoadStrategy: normal, platform: WINDOWS, platformName: WINDOWS, proxy: Proxy(), setWindowRect: true, strictFileInteractability: false, timeouts: {implicit: 0, pageLoad: 300000, script: 30000}, unhandledPromptBehavior: dismiss and notify, webauthn:virtualAuthenticators: true}&#10;Session ID: 37753c547beac414acb3f9ec9d486970" type="org.openqa.selenium.ElementClickInterceptedException">
            <![CDATA[Given I am on targetEcommerce home page.....................................passed
When I click on clearance tab...............................................passed
And I click on Furniture clearance..........................................failed
Then I validate “Filter results” is appeared properly.......................skipped

StackTrace:
org.openqa.selenium.ElementClickInterceptedException: element click intercepted: Element <div class="ItemTitle-yw3r8r-0 lgEvqc">...</div> is not clickable at point (657, 687). Other element would receive the click: <iframe frameborder="0" src="https://tpc.googlesyndication.com/safeframe/1-0-37/html/container.html" id="google_ads_iframe_/7079046/tgt/5q0ga_0" title="3rd party ad content" name="" scrolling="no" marginwidth="0" marginheight="0" width="0" height="114" data-is-safeframe="true" sandbox="allow-forms allow-popups allow-popups-to-escape-sandbox allow-same-origin allow-scripts allow-top-navigation-by-user-activation" data-google-container-id="a" style="border: 0px; vertical-align: bottom; min-width: 100%; min-height: 93px;" data-load-complete="true"></iframe>
  (Session info: chrome=85.0.4183.121)
Build info: version: '3.141.59', revision: 'e82be7d358', time: '2018-11-14T08:17:03'
System info: host: 'LAPTOP-6QSDTELI', ip: '192.168.1.185', os.name: 'Windows 10', os.arch: 'amd64', os.version: '10.0', java.version: '11.0.8'
Driver info: org.openqa.selenium.chrome.ChromeDriver
Capabilities {acceptInsecureCerts: false, browserName: chrome, browserVersion: 85.0.4183.121, chrome: {chromedriverVersion: 85.0.4183.87 (cd6713ebf92fa..., userDataDir: C:\Users\lenis\AppData\Loca...}, goog:chromeOptions: {debuggerAddress: localhost:57937}, javascriptEnabled: true, networkConnectionEnabled: false, pageLoadStrategy: normal, platform: WINDOWS, platformName: WINDOWS, proxy: Proxy(), setWindowRect: true, strictFileInteractability: false, timeouts: {implicit: 0, pageLoad: 300000, script: 30000}, unhandledPromptBehavior: dismiss and notify, webauthn:virtualAuthenticators: true}
Session ID: 37753c547beac414acb3f9ec9d486970
	at java.base/jdk.internal.reflect.NativeConstructorAccessorImpl.newInstance0(Native Method)
	at java.base/jdk.internal.reflect.NativeConstructorAccessorImpl.newInstance(NativeConstructorAccessorImpl.java:62)
	at java.base/jdk.internal.reflect.DelegatingConstructorAccessorImpl.newInstance(DelegatingConstructorAccessorImpl.java:45)
	at java.base/java.lang.reflect.Constructor.newInstance(Constructor.java:490)
	at org.openqa.selenium.remote.http.W3CHttpResponseCodec.createException(W3CHttpResponseCodec.java:187)
	at org.openqa.selenium.remote.http.W3CHttpResponseCodec.decode(W3CHttpResponseCodec.java:122)
	at org.openqa.selenium.remote.http.W3CHttpResponseCodec.decode(W3CHttpResponseCodec.java:49)
	at org.openqa.selenium.remote.HttpCommandExecutor.execute(HttpCommandExecutor.java:158)
	at org.openqa.selenium.remote.service.DriverCommandExecutor.execute(DriverCommandExecutor.java:83)
	at org.openqa.selenium.remote.RemoteWebDriver.execute(RemoteWebDriver.java:552)
	at org.openqa.selenium.remote.RemoteWebElement.execute(RemoteWebElement.java:285)
	at org.openqa.selenium.remote.RemoteWebElement.click(RemoteWebElement.java:84)
	at java.base/jdk.internal.reflect.NativeMethodAccessorImpl.invoke0(Native Method)
	at java.base/jdk.internal.reflect.NativeMethodAccessorImpl.invoke(NativeMethodAccessorImpl.java:62)
	at java.base/jdk.internal.reflect.DelegatingMethodAccessorImpl.invoke(DelegatingMethodAccessorImpl.java:43)
	at java.base/java.lang.reflect.Method.invoke(Method.java:566)
	at org.openqa.selenium.support.pagefactory.internal.LocatingElementHandler.invoke(LocatingElementHandler.java:51)
	at com.sun.proxy.$Proxy27.click(Unknown Source)
	at targethome.TargetHomePage.furnitureClearance(TargetHomePage.java:90)
	at stepdefinitions.TargetStepDefinition.i_click_on_furniture_clearance(TargetStepDefinition.java:69)
	at ✽.I click on Furniture clearance(file:///C:/Users/lenis/IdeaProjects/BDDWebAutomationFramework_WA_NY_Team2/TargetEcommerce/src/test/java/features/TargetHomePage.feature:15)
]]>
        </failure>
    </testcase>
    <testcase classname="TargetEcommerce Home page Functionality" name="Target home page Registry Tab functionality test" time="48.732">
        <failure message="no such element: Unable to locate element: {&quot;method&quot;:&quot;xpath&quot;,&quot;selector&quot;:&quot;//a[@class='Link-sc-1khjl8b-0 kPdxNk'][contains(text(),'Registry')]&quot;}&#10;  (Session info: chrome=85.0.4183.121)&#10;For documentation on this error, please visit: https://www.seleniumhq.org/exceptions/no_such_element.html&#10;Build info: version: '3.141.59', revision: 'e82be7d358', time: '2018-11-14T08:17:03'&#10;System info: host: 'LAPTOP-6QSDTELI', ip: '192.168.1.185', os.name: 'Windows 10', os.arch: 'amd64', os.version: '10.0', java.version: '11.0.8'&#10;Driver info: org.openqa.selenium.chrome.ChromeDriver&#10;Capabilities {acceptInsecureCerts: false, browserName: chrome, browserVersion: 85.0.4183.121, chrome: {chromedriverVersion: 85.0.4183.87 (cd6713ebf92fa..., userDataDir: C:\Users\lenis\AppData\Loca...}, goog:chromeOptions: {debuggerAddress: localhost:58023}, javascriptEnabled: true, networkConnectionEnabled: false, pageLoadStrategy: normal, platform: WINDOWS, platformName: WINDOWS, proxy: Proxy(), setWindowRect: true, strictFileInteractability: false, timeouts: {implicit: 0, pageLoad: 300000, script: 30000}, unhandledPromptBehavior: dismiss and notify, webauthn:virtualAuthenticators: true}&#10;Session ID: b79bbc4238dc1152dd5df511410b50f6&#10;*** Element info: {Using=xpath, value=//a[@class='Link-sc-1khjl8b-0 kPdxNk'][contains(text(),'Registry')]}" type="org.openqa.selenium.NoSuchElementException">
            <![CDATA[Given I am on targetEcommerce home page.....................................passed
When I click on registry tab................................................failed
And I click on Create a Baby box............................................skipped
Then I validate EASY FOR EVERYONE is appeared properly......................skipped

StackTrace:
org.openqa.selenium.NoSuchElementException: no such element: Unable to locate element: {"method":"xpath","selector":"//a[@class='Link-sc-1khjl8b-0 kPdxNk'][contains(text(),'Registry')]"}
  (Session info: chrome=85.0.4183.121)
For documentation on this error, please visit: https://www.seleniumhq.org/exceptions/no_such_element.html
Build info: version: '3.141.59', revision: 'e82be7d358', time: '2018-11-14T08:17:03'
System info: host: 'LAPTOP-6QSDTELI', ip: '192.168.1.185', os.name: 'Windows 10', os.arch: 'amd64', os.version: '10.0', java.version: '11.0.8'
Driver info: org.openqa.selenium.chrome.ChromeDriver
Capabilities {acceptInsecureCerts: false, browserName: chrome, browserVersion: 85.0.4183.121, chrome: {chromedriverVersion: 85.0.4183.87 (cd6713ebf92fa..., userDataDir: C:\Users\lenis\AppData\Loca...}, goog:chromeOptions: {debuggerAddress: localhost:58023}, javascriptEnabled: true, networkConnectionEnabled: false, pageLoadStrategy: normal, platform: WINDOWS, platformName: WINDOWS, proxy: Proxy(), setWindowRect: true, strictFileInteractability: false, timeouts: {implicit: 0, pageLoad: 300000, script: 30000}, unhandledPromptBehavior: dismiss and notify, webauthn:virtualAuthenticators: true}
Session ID: b79bbc4238dc1152dd5df511410b50f6
*** Element info: {Using=xpath, value=//a[@class='Link-sc-1khjl8b-0 kPdxNk'][contains(text(),'Registry')]}
	at java.base/jdk.internal.reflect.NativeConstructorAccessorImpl.newInstance0(Native Method)
	at java.base/jdk.internal.reflect.NativeConstructorAccessorImpl.newInstance(NativeConstructorAccessorImpl.java:62)
	at java.base/jdk.internal.reflect.DelegatingConstructorAccessorImpl.newInstance(DelegatingConstructorAccessorImpl.java:45)
	at java.base/java.lang.reflect.Constructor.newInstance(Constructor.java:490)
	at org.openqa.selenium.remote.http.W3CHttpResponseCodec.createException(W3CHttpResponseCodec.java:187)
	at org.openqa.selenium.remote.http.W3CHttpResponseCodec.decode(W3CHttpResponseCodec.java:122)
	at org.openqa.selenium.remote.http.W3CHttpResponseCodec.decode(W3CHttpResponseCodec.java:49)
	at org.openqa.selenium.remote.HttpCommandExecutor.execute(HttpCommandExecutor.java:158)
	at org.openqa.selenium.remote.service.DriverCommandExecutor.execute(DriverCommandExecutor.java:83)
	at org.openqa.selenium.remote.RemoteWebDriver.execute(RemoteWebDriver.java:552)
	at org.openqa.selenium.remote.RemoteWebDriver.findElement(RemoteWebDriver.java:323)
	at org.openqa.selenium.remote.RemoteWebDriver.findElementByXPath(RemoteWebDriver.java:428)
	at org.openqa.selenium.By$ByXPath.findElement(By.java:353)
	at org.openqa.selenium.remote.RemoteWebDriver.findElement(RemoteWebDriver.java:315)
	at org.openqa.selenium.support.pagefactory.DefaultElementLocator.findElement(DefaultElementLocator.java:69)
	at org.openqa.selenium.support.pagefactory.internal.LocatingElementHandler.invoke(LocatingElementHandler.java:38)
	at com.sun.proxy.$Proxy27.click(Unknown Source)
	at targethome.TargetHomePage.appsRegistryTab(TargetHomePage.java:103)
	at stepdefinitions.TargetStepDefinition.i_click_on_registry_tab(TargetStepDefinition.java:82)
	at ✽.I click on registry tab(file:///C:/Users/lenis/IdeaProjects/BDDWebAutomationFramework_WA_NY_Team2/TargetEcommerce/src/test/java/features/TargetHomePage.feature:20)
]]>
        </failure>
    </testcase>
    <testcase classname="TargetEcommerce Home page Functionality" name="TargetEcommerce Shopping Cart functionality test with valid data" time="52.428">
        <failure message="no such element: Unable to locate element: {&quot;method&quot;:&quot;xpath&quot;,&quot;selector&quot;:&quot;//span[@class='sc-AxjAm hhuVxr']//div[@class='sc-AxiKw eSbheu']&quot;}&#10;  (Session info: chrome=85.0.4183.121)&#10;For documentation on this error, please visit: https://www.seleniumhq.org/exceptions/no_such_element.html&#10;Build info: version: '3.141.59', revision: 'e82be7d358', time: '2018-11-14T08:17:03'&#10;System info: host: 'LAPTOP-6QSDTELI', ip: '192.168.1.185', os.name: 'Windows 10', os.arch: 'amd64', os.version: '10.0', java.version: '11.0.8'&#10;Driver info: org.openqa.selenium.chrome.ChromeDriver&#10;Capabilities {acceptInsecureCerts: false, browserName: chrome, browserVersion: 85.0.4183.121, chrome: {chromedriverVersion: 85.0.4183.87 (cd6713ebf92fa..., userDataDir: C:\Users\lenis\AppData\Loca...}, goog:chromeOptions: {debuggerAddress: localhost:58086}, javascriptEnabled: true, networkConnectionEnabled: false, pageLoadStrategy: normal, platform: WINDOWS, platformName: WINDOWS, proxy: Proxy(), setWindowRect: true, strictFileInteractability: false, timeouts: {implicit: 0, pageLoad: 300000, script: 30000}, unhandledPromptBehavior: dismiss and notify, webauthn:virtualAuthenticators: true}&#10;Session ID: 1e9f3e7bd0f5cccb01ebc4a101717734&#10;*** Element info: {Using=xpath, value=//span[@class='sc-AxjAm hhuVxr']//div[@class='sc-AxiKw eSbheu']}" type="org.openqa.selenium.NoSuchElementException">
            <![CDATA[Given I am on targetEcommerce home page.....................................passed
When I do necessary steps to Target create Account page.....................failed
And I enter invalid credentials.............................................skipped
And I Click on create account...............................................skipped
Then I validate Keep me signed in message...................................skipped

StackTrace:
org.openqa.selenium.NoSuchElementException: no such element: Unable to locate element: {"method":"xpath","selector":"//span[@class='sc-AxjAm hhuVxr']//div[@class='sc-AxiKw eSbheu']"}
  (Session info: chrome=85.0.4183.121)
For documentation on this error, please visit: https://www.seleniumhq.org/exceptions/no_such_element.html
Build info: version: '3.141.59', revision: 'e82be7d358', time: '2018-11-14T08:17:03'
System info: host: 'LAPTOP-6QSDTELI', ip: '192.168.1.185', os.name: 'Windows 10', os.arch: 'amd64', os.version: '10.0', java.version: '11.0.8'
Driver info: org.openqa.selenium.chrome.ChromeDriver
Capabilities {acceptInsecureCerts: false, browserName: chrome, browserVersion: 85.0.4183.121, chrome: {chromedriverVersion: 85.0.4183.87 (cd6713ebf92fa..., userDataDir: C:\Users\lenis\AppData\Loca...}, goog:chromeOptions: {debuggerAddress: localhost:58086}, javascriptEnabled: true, networkConnectionEnabled: false, pageLoadStrategy: normal, platform: WINDOWS, platformName: WINDOWS, proxy: Proxy(), setWindowRect: true, strictFileInteractability: false, timeouts: {implicit: 0, pageLoad: 300000, script: 30000}, unhandledPromptBehavior: dismiss and notify, webauthn:virtualAuthenticators: true}
Session ID: 1e9f3e7bd0f5cccb01ebc4a101717734
*** Element info: {Using=xpath, value=//span[@class='sc-AxjAm hhuVxr']//div[@class='sc-AxiKw eSbheu']}
	at java.base/jdk.internal.reflect.NativeConstructorAccessorImpl.newInstance0(Native Method)
	at java.base/jdk.internal.reflect.NativeConstructorAccessorImpl.newInstance(NativeConstructorAccessorImpl.java:62)
	at java.base/jdk.internal.reflect.DelegatingConstructorAccessorImpl.newInstance(DelegatingConstructorAccessorImpl.java:45)
	at java.base/java.lang.reflect.Constructor.newInstance(Constructor.java:490)
	at org.openqa.selenium.remote.http.W3CHttpResponseCodec.createException(W3CHttpResponseCodec.java:187)
	at org.openqa.selenium.remote.http.W3CHttpResponseCodec.decode(W3CHttpResponseCodec.java:122)
	at org.openqa.selenium.remote.http.W3CHttpResponseCodec.decode(W3CHttpResponseCodec.java:49)
	at org.openqa.selenium.remote.HttpCommandExecutor.execute(HttpCommandExecutor.java:158)
	at org.openqa.selenium.remote.service.DriverCommandExecutor.execute(DriverCommandExecutor.java:83)
	at org.openqa.selenium.remote.RemoteWebDriver.execute(RemoteWebDriver.java:552)
	at org.openqa.selenium.remote.RemoteWebDriver.findElement(RemoteWebDriver.java:323)
	at org.openqa.selenium.remote.RemoteWebDriver.findElementByXPath(RemoteWebDriver.java:428)
	at org.openqa.selenium.By$ByXPath.findElement(By.java:353)
	at org.openqa.selenium.remote.RemoteWebDriver.findElement(RemoteWebDriver.java:315)
	at org.openqa.selenium.support.pagefactory.DefaultElementLocator.findElement(DefaultElementLocator.java:69)
	at org.openqa.selenium.support.pagefactory.internal.LocatingElementHandler.invoke(LocatingElementHandler.java:38)
	at com.sun.proxy.$Proxy27.click(Unknown Source)
	at targethome.TargetHomePage.shoppingCart(TargetHomePage.java:123)
	at stepdefinitions.TargetStepDefinition.i_do_necessary_steps_to_target_create_account_page(TargetStepDefinition.java:100)
	at ✽.I do necessary steps to Target create Account page(file:///C:/Users/lenis/IdeaProjects/BDDWebAutomationFramework_WA_NY_Team2/TargetEcommerce/src/test/java/features/TargetHomePage.feature:26)
]]>
        </failure>
    </testcase>
    <testcase classname="TargetEcommerce Home page Functionality" name="TargetEcommerce Shopping Cart functionality test with invalid data" time="49.333">
        <failure message="no such element: Unable to locate element: {&quot;method&quot;:&quot;xpath&quot;,&quot;selector&quot;:&quot;//span[@class='sc-AxjAm hhuVxr']//div[@class='sc-AxiKw eSbheu']&quot;}&#10;  (Session info: chrome=85.0.4183.121)&#10;For documentation on this error, please visit: https://www.seleniumhq.org/exceptions/no_such_element.html&#10;Build info: version: '3.141.59', revision: 'e82be7d358', time: '2018-11-14T08:17:03'&#10;System info: host: 'LAPTOP-6QSDTELI', ip: '192.168.1.185', os.name: 'Windows 10', os.arch: 'amd64', os.version: '10.0', java.version: '11.0.8'&#10;Driver info: org.openqa.selenium.chrome.ChromeDriver&#10;Capabilities {acceptInsecureCerts: false, browserName: chrome, browserVersion: 85.0.4183.121, chrome: {chromedriverVersion: 85.0.4183.87 (cd6713ebf92fa..., userDataDir: C:\Users\lenis\AppData\Loca...}, goog:chromeOptions: {debuggerAddress: localhost:58178}, javascriptEnabled: true, networkConnectionEnabled: false, pageLoadStrategy: normal, platform: WINDOWS, platformName: WINDOWS, proxy: Proxy(), setWindowRect: true, strictFileInteractability: false, timeouts: {implicit: 0, pageLoad: 300000, script: 30000}, unhandledPromptBehavior: dismiss and notify, webauthn:virtualAuthenticators: true}&#10;Session ID: c31f65b965933e99bbcae1984475f12f&#10;*** Element info: {Using=xpath, value=//span[@class='sc-AxjAm hhuVxr']//div[@class='sc-AxiKw eSbheu']}" type="org.openqa.selenium.NoSuchElementException">
            <![CDATA[Given I am on targetEcommerce home page.....................................passed
When I do necessary steps to land sign In page..............................failed
And I enter invalid email in email field....................................skipped
And I enter invalid password in email field.................................skipped
And I Click on sign In Button...............................................skipped

StackTrace:
org.openqa.selenium.NoSuchElementException: no such element: Unable to locate element: {"method":"xpath","selector":"//span[@class='sc-AxjAm hhuVxr']//div[@class='sc-AxiKw eSbheu']"}
  (Session info: chrome=85.0.4183.121)
For documentation on this error, please visit: https://www.seleniumhq.org/exceptions/no_such_element.html
Build info: version: '3.141.59', revision: 'e82be7d358', time: '2018-11-14T08:17:03'
System info: host: 'LAPTOP-6QSDTELI', ip: '192.168.1.185', os.name: 'Windows 10', os.arch: 'amd64', os.version: '10.0', java.version: '11.0.8'
Driver info: org.openqa.selenium.chrome.ChromeDriver
Capabilities {acceptInsecureCerts: false, browserName: chrome, browserVersion: 85.0.4183.121, chrome: {chromedriverVersion: 85.0.4183.87 (cd6713ebf92fa..., userDataDir: C:\Users\lenis\AppData\Loca...}, goog:chromeOptions: {debuggerAddress: localhost:58178}, javascriptEnabled: true, networkConnectionEnabled: false, pageLoadStrategy: normal, platform: WINDOWS, platformName: WINDOWS, proxy: Proxy(), setWindowRect: true, strictFileInteractability: false, timeouts: {implicit: 0, pageLoad: 300000, script: 30000}, unhandledPromptBehavior: dismiss and notify, webauthn:virtualAuthenticators: true}
Session ID: c31f65b965933e99bbcae1984475f12f
*** Element info: {Using=xpath, value=//span[@class='sc-AxjAm hhuVxr']//div[@class='sc-AxiKw eSbheu']}
	at java.base/jdk.internal.reflect.NativeConstructorAccessorImpl.newInstance0(Native Method)
	at java.base/jdk.internal.reflect.NativeConstructorAccessorImpl.newInstance(NativeConstructorAccessorImpl.java:62)
	at java.base/jdk.internal.reflect.DelegatingConstructorAccessorImpl.newInstance(DelegatingConstructorAccessorImpl.java:45)
	at java.base/java.lang.reflect.Constructor.newInstance(Constructor.java:490)
	at org.openqa.selenium.remote.http.W3CHttpResponseCodec.createException(W3CHttpResponseCodec.java:187)
	at org.openqa.selenium.remote.http.W3CHttpResponseCodec.decode(W3CHttpResponseCodec.java:122)
	at org.openqa.selenium.remote.http.W3CHttpResponseCodec.decode(W3CHttpResponseCodec.java:49)
	at org.openqa.selenium.remote.HttpCommandExecutor.execute(HttpCommandExecutor.java:158)
	at org.openqa.selenium.remote.service.DriverCommandExecutor.execute(DriverCommandExecutor.java:83)
	at org.openqa.selenium.remote.RemoteWebDriver.execute(RemoteWebDriver.java:552)
	at org.openqa.selenium.remote.RemoteWebDriver.findElement(RemoteWebDriver.java:323)
	at org.openqa.selenium.remote.RemoteWebDriver.findElementByXPath(RemoteWebDriver.java:428)
	at org.openqa.selenium.By$ByXPath.findElement(By.java:353)
	at org.openqa.selenium.remote.RemoteWebDriver.findElement(RemoteWebDriver.java:315)
	at org.openqa.selenium.support.pagefactory.DefaultElementLocator.findElement(DefaultElementLocator.java:69)
	at org.openqa.selenium.support.pagefactory.internal.LocatingElementHandler.invoke(LocatingElementHandler.java:38)
	at com.sun.proxy.$Proxy27.click(Unknown Source)
	at targethome.TargetHomePage.cartSignInNegative(TargetHomePage.java:154)
	at stepdefinitions.TargetStepDefinition.i_do_necessary_steps_to_land_sign_in_page(TargetStepDefinition.java:122)
	at ✽.I do necessary steps to land sign In page(file:///C:/Users/lenis/IdeaProjects/BDDWebAutomationFramework_WA_NY_Team2/TargetEcommerce/src/test/java/features/TargetHomePage.feature:35)
]]>
        </failure>
    </testcase>
    <testcase classname="TargetEcommerce Home page Functionality" name="TargetEcommerce Create Account functionality test with valid data" time="48.96">
        <failure message="no such element: Unable to locate element: {&quot;method&quot;:&quot;xpath&quot;,&quot;selector&quot;:&quot;//span[@class='styles__AccountName-sc-1kk0q5l-0 gIhNhN']&quot;}&#10;  (Session info: chrome=85.0.4183.121)&#10;For documentation on this error, please visit: https://www.seleniumhq.org/exceptions/no_such_element.html&#10;Build info: version: '3.141.59', revision: 'e82be7d358', time: '2018-11-14T08:17:03'&#10;System info: host: 'LAPTOP-6QSDTELI', ip: '192.168.1.185', os.name: 'Windows 10', os.arch: 'amd64', os.version: '10.0', java.version: '11.0.8'&#10;Driver info: org.openqa.selenium.chrome.ChromeDriver&#10;Capabilities {acceptInsecureCerts: false, browserName: chrome, browserVersion: 85.0.4183.121, chrome: {chromedriverVersion: 85.0.4183.87 (cd6713ebf92fa..., userDataDir: C:\Users\lenis\AppData\Loca...}, goog:chromeOptions: {debuggerAddress: localhost:58241}, javascriptEnabled: true, networkConnectionEnabled: false, pageLoadStrategy: normal, platform: WINDOWS, platformName: WINDOWS, proxy: Proxy(), setWindowRect: true, strictFileInteractability: false, timeouts: {implicit: 0, pageLoad: 300000, script: 30000}, unhandledPromptBehavior: dismiss and notify, webauthn:virtualAuthenticators: true}&#10;Session ID: 752f80aa6c68bebb8f05124b1039e5f3&#10;*** Element info: {Using=xpath, value=//span[@class='styles__AccountName-sc-1kk0q5l-0 gIhNhN']}" type="org.openqa.selenium.NoSuchElementException">
            <![CDATA[Given I am on targetEcommerce home page.....................................passed
When I do necessary steps to land on User info page.........................failed
And I enter user credentials................................................skipped
And I Click on create account...............................................skipped
Then I validate signUp message..............................................skipped

StackTrace:
org.openqa.selenium.NoSuchElementException: no such element: Unable to locate element: {"method":"xpath","selector":"//span[@class='styles__AccountName-sc-1kk0q5l-0 gIhNhN']"}
  (Session info: chrome=85.0.4183.121)
For documentation on this error, please visit: https://www.seleniumhq.org/exceptions/no_such_element.html
Build info: version: '3.141.59', revision: 'e82be7d358', time: '2018-11-14T08:17:03'
System info: host: 'LAPTOP-6QSDTELI', ip: '192.168.1.185', os.name: 'Windows 10', os.arch: 'amd64', os.version: '10.0', java.version: '11.0.8'
Driver info: org.openqa.selenium.chrome.ChromeDriver
Capabilities {acceptInsecureCerts: false, browserName: chrome, browserVersion: 85.0.4183.121, chrome: {chromedriverVersion: 85.0.4183.87 (cd6713ebf92fa..., userDataDir: C:\Users\lenis\AppData\Loca...}, goog:chromeOptions: {debuggerAddress: localhost:58241}, javascriptEnabled: true, networkConnectionEnabled: false, pageLoadStrategy: normal, platform: WINDOWS, platformName: WINDOWS, proxy: Proxy(), setWindowRect: true, strictFileInteractability: false, timeouts: {implicit: 0, pageLoad: 300000, script: 30000}, unhandledPromptBehavior: dismiss and notify, webauthn:virtualAuthenticators: true}
Session ID: 752f80aa6c68bebb8f05124b1039e5f3
*** Element info: {Using=xpath, value=//span[@class='styles__AccountName-sc-1kk0q5l-0 gIhNhN']}
	at java.base/jdk.internal.reflect.NativeConstructorAccessorImpl.newInstance0(Native Method)
	at java.base/jdk.internal.reflect.NativeConstructorAccessorImpl.newInstance(NativeConstructorAccessorImpl.java:62)
	at java.base/jdk.internal.reflect.DelegatingConstructorAccessorImpl.newInstance(DelegatingConstructorAccessorImpl.java:45)
	at java.base/java.lang.reflect.Constructor.newInstance(Constructor.java:490)
	at org.openqa.selenium.remote.http.W3CHttpResponseCodec.createException(W3CHttpResponseCodec.java:187)
	at org.openqa.selenium.remote.http.W3CHttpResponseCodec.decode(W3CHttpResponseCodec.java:122)
	at org.openqa.selenium.remote.http.W3CHttpResponseCodec.decode(W3CHttpResponseCodec.java:49)
	at org.openqa.selenium.remote.HttpCommandExecutor.execute(HttpCommandExecutor.java:158)
	at org.openqa.selenium.remote.service.DriverCommandExecutor.execute(DriverCommandExecutor.java:83)
	at org.openqa.selenium.remote.RemoteWebDriver.execute(RemoteWebDriver.java:552)
	at org.openqa.selenium.remote.RemoteWebDriver.findElement(RemoteWebDriver.java:323)
	at org.openqa.selenium.remote.RemoteWebDriver.findElementByXPath(RemoteWebDriver.java:428)
	at org.openqa.selenium.By$ByXPath.findElement(By.java:353)
	at org.openqa.selenium.remote.RemoteWebDriver.findElement(RemoteWebDriver.java:315)
	at org.openqa.selenium.support.pagefactory.DefaultElementLocator.findElement(DefaultElementLocator.java:69)
	at org.openqa.selenium.support.pagefactory.internal.LocatingElementHandler.invoke(LocatingElementHandler.java:38)
	at com.sun.proxy.$Proxy27.click(Unknown Source)
	at targethome.TargetHomePage.dropDownSignInButton(TargetHomePage.java:178)
	at stepdefinitions.TargetStepDefinition.i_do_necessary_steps_to_land_on_user_info_page(TargetStepDefinition.java:151)
	at ✽.I do necessary steps to land on User info page(file:///C:/Users/lenis/IdeaProjects/BDDWebAutomationFramework_WA_NY_Team2/TargetEcommerce/src/test/java/features/TargetHomePage.feature:43)
]]>
        </failure>
    </testcase>
    <testcase classname="TargetEcommerce Home page Functionality" name="TargetEcommerce signIn functionality test with validate" time="49.697">
        <failure message="no such element: Unable to locate element: {&quot;method&quot;:&quot;xpath&quot;,&quot;selector&quot;:&quot;//span[@class='styles__AccountName-sc-1kk0q5l-0 gIhNhN']&quot;}&#10;  (Session info: chrome=85.0.4183.121)&#10;For documentation on this error, please visit: https://www.seleniumhq.org/exceptions/no_such_element.html&#10;Build info: version: '3.141.59', revision: 'e82be7d358', time: '2018-11-14T08:17:03'&#10;System info: host: 'LAPTOP-6QSDTELI', ip: '192.168.1.185', os.name: 'Windows 10', os.arch: 'amd64', os.version: '10.0', java.version: '11.0.8'&#10;Driver info: org.openqa.selenium.chrome.ChromeDriver&#10;Capabilities {acceptInsecureCerts: false, browserName: chrome, browserVersion: 85.0.4183.121, chrome: {chromedriverVersion: 85.0.4183.87 (cd6713ebf92fa..., userDataDir: C:\Users\lenis\AppData\Loca...}, goog:chromeOptions: {debuggerAddress: localhost:58301}, javascriptEnabled: true, networkConnectionEnabled: false, pageLoadStrategy: normal, platform: WINDOWS, platformName: WINDOWS, proxy: Proxy(), setWindowRect: true, strictFileInteractability: false, timeouts: {implicit: 0, pageLoad: 300000, script: 30000}, unhandledPromptBehavior: dismiss and notify, webauthn:virtualAuthenticators: true}&#10;Session ID: b0846a805e15df823a352a66770289e4&#10;*** Element info: {Using=xpath, value=//span[@class='styles__AccountName-sc-1kk0q5l-0 gIhNhN']}" type="org.openqa.selenium.NoSuchElementException">
            <![CDATA[Given I am on targetEcommerce home page.....................................passed
When I do necessary steps to land on User info page.........................failed
And I enter use email "pnt30235_NY@gmail.com"...............................skipped
And I enter user password  "pnt30235ny".....................................skipped

StackTrace:
org.openqa.selenium.NoSuchElementException: no such element: Unable to locate element: {"method":"xpath","selector":"//span[@class='styles__AccountName-sc-1kk0q5l-0 gIhNhN']"}
  (Session info: chrome=85.0.4183.121)
For documentation on this error, please visit: https://www.seleniumhq.org/exceptions/no_such_element.html
Build info: version: '3.141.59', revision: 'e82be7d358', time: '2018-11-14T08:17:03'
System info: host: 'LAPTOP-6QSDTELI', ip: '192.168.1.185', os.name: 'Windows 10', os.arch: 'amd64', os.version: '10.0', java.version: '11.0.8'
Driver info: org.openqa.selenium.chrome.ChromeDriver
Capabilities {acceptInsecureCerts: false, browserName: chrome, browserVersion: 85.0.4183.121, chrome: {chromedriverVersion: 85.0.4183.87 (cd6713ebf92fa..., userDataDir: C:\Users\lenis\AppData\Loca...}, goog:chromeOptions: {debuggerAddress: localhost:58301}, javascriptEnabled: true, networkConnectionEnabled: false, pageLoadStrategy: normal, platform: WINDOWS, platformName: WINDOWS, proxy: Proxy(), setWindowRect: true, strictFileInteractability: false, timeouts: {implicit: 0, pageLoad: 300000, script: 30000}, unhandledPromptBehavior: dismiss and notify, webauthn:virtualAuthenticators: true}
Session ID: b0846a805e15df823a352a66770289e4
*** Element info: {Using=xpath, value=//span[@class='styles__AccountName-sc-1kk0q5l-0 gIhNhN']}
	at java.base/jdk.internal.reflect.NativeConstructorAccessorImpl.newInstance0(Native Method)
	at java.base/jdk.internal.reflect.NativeConstructorAccessorImpl.newInstance(NativeConstructorAccessorImpl.java:62)
	at java.base/jdk.internal.reflect.DelegatingConstructorAccessorImpl.newInstance(DelegatingConstructorAccessorImpl.java:45)
	at java.base/java.lang.reflect.Constructor.newInstance(Constructor.java:490)
	at org.openqa.selenium.remote.http.W3CHttpResponseCodec.createException(W3CHttpResponseCodec.java:187)
	at org.openqa.selenium.remote.http.W3CHttpResponseCodec.decode(W3CHttpResponseCodec.java:122)
	at org.openqa.selenium.remote.http.W3CHttpResponseCodec.decode(W3CHttpResponseCodec.java:49)
	at org.openqa.selenium.remote.HttpCommandExecutor.execute(HttpCommandExecutor.java:158)
	at org.openqa.selenium.remote.service.DriverCommandExecutor.execute(DriverCommandExecutor.java:83)
	at org.openqa.selenium.remote.RemoteWebDriver.execute(RemoteWebDriver.java:552)
	at org.openqa.selenium.remote.RemoteWebDriver.findElement(RemoteWebDriver.java:323)
	at org.openqa.selenium.remote.RemoteWebDriver.findElementByXPath(RemoteWebDriver.java:428)
	at org.openqa.selenium.By$ByXPath.findElement(By.java:353)
	at org.openqa.selenium.remote.RemoteWebDriver.findElement(RemoteWebDriver.java:315)
	at org.openqa.selenium.support.pagefactory.DefaultElementLocator.findElement(DefaultElementLocator.java:69)
	at org.openqa.selenium.support.pagefactory.internal.LocatingElementHandler.invoke(LocatingElementHandler.java:38)
	at com.sun.proxy.$Proxy27.click(Unknown Source)
	at targethome.TargetHomePage.dropDownSignInButton(TargetHomePage.java:178)
	at stepdefinitions.TargetStepDefinition.i_do_necessary_steps_to_land_on_user_info_page(TargetStepDefinition.java:151)
	at ✽.I do necessary steps to land on User info page(file:///C:/Users/lenis/IdeaProjects/BDDWebAutomationFramework_WA_NY_Team2/TargetEcommerce/src/test/java/features/TargetHomePage.feature:52)
]]>
        </failure>
    </testcase>
    <testcase classname="TargetEcommerce Home page Functionality" name="TargetEcommerce signIn functionality test with validate 2" time="49.872">
        <failure message="no such element: Unable to locate element: {&quot;method&quot;:&quot;xpath&quot;,&quot;selector&quot;:&quot;//span[@class='styles__AccountName-sc-1kk0q5l-0 gIhNhN']&quot;}&#10;  (Session info: chrome=85.0.4183.121)&#10;For documentation on this error, please visit: https://www.seleniumhq.org/exceptions/no_such_element.html&#10;Build info: version: '3.141.59', revision: 'e82be7d358', time: '2018-11-14T08:17:03'&#10;System info: host: 'LAPTOP-6QSDTELI', ip: '192.168.1.185', os.name: 'Windows 10', os.arch: 'amd64', os.version: '10.0', java.version: '11.0.8'&#10;Driver info: org.openqa.selenium.chrome.ChromeDriver&#10;Capabilities {acceptInsecureCerts: false, browserName: chrome, browserVersion: 85.0.4183.121, chrome: {chromedriverVersion: 85.0.4183.87 (cd6713ebf92fa..., userDataDir: C:\Users\lenis\AppData\Loca...}, goog:chromeOptions: {debuggerAddress: localhost:58398}, javascriptEnabled: true, networkConnectionEnabled: false, pageLoadStrategy: normal, platform: WINDOWS, platformName: WINDOWS, proxy: Proxy(), setWindowRect: true, strictFileInteractability: false, timeouts: {implicit: 0, pageLoad: 300000, script: 30000}, unhandledPromptBehavior: dismiss and notify, webauthn:virtualAuthenticators: true}&#10;Session ID: a594238c71b05c2fa03314ffbe1ee4fe&#10;*** Element info: {Using=xpath, value=//span[@class='styles__AccountName-sc-1kk0q5l-0 gIhNhN']}" type="org.openqa.selenium.NoSuchElementException">
            <![CDATA[Given I am on targetEcommerce home page.....................................passed
When I do necessary steps to land on User info page.........................failed
And I enter use email "pnt30236_NY@gmail.com"...............................skipped
And I enter user password  "pnt30236ny".....................................skipped

StackTrace:
org.openqa.selenium.NoSuchElementException: no such element: Unable to locate element: {"method":"xpath","selector":"//span[@class='styles__AccountName-sc-1kk0q5l-0 gIhNhN']"}
  (Session info: chrome=85.0.4183.121)
For documentation on this error, please visit: https://www.seleniumhq.org/exceptions/no_such_element.html
Build info: version: '3.141.59', revision: 'e82be7d358', time: '2018-11-14T08:17:03'
System info: host: 'LAPTOP-6QSDTELI', ip: '192.168.1.185', os.name: 'Windows 10', os.arch: 'amd64', os.version: '10.0', java.version: '11.0.8'
Driver info: org.openqa.selenium.chrome.ChromeDriver
Capabilities {acceptInsecureCerts: false, browserName: chrome, browserVersion: 85.0.4183.121, chrome: {chromedriverVersion: 85.0.4183.87 (cd6713ebf92fa..., userDataDir: C:\Users\lenis\AppData\Loca...}, goog:chromeOptions: {debuggerAddress: localhost:58398}, javascriptEnabled: true, networkConnectionEnabled: false, pageLoadStrategy: normal, platform: WINDOWS, platformName: WINDOWS, proxy: Proxy(), setWindowRect: true, strictFileInteractability: false, timeouts: {implicit: 0, pageLoad: 300000, script: 30000}, unhandledPromptBehavior: dismiss and notify, webauthn:virtualAuthenticators: true}
Session ID: a594238c71b05c2fa03314ffbe1ee4fe
*** Element info: {Using=xpath, value=//span[@class='styles__AccountName-sc-1kk0q5l-0 gIhNhN']}
	at java.base/jdk.internal.reflect.NativeConstructorAccessorImpl.newInstance0(Native Method)
	at java.base/jdk.internal.reflect.NativeConstructorAccessorImpl.newInstance(NativeConstructorAccessorImpl.java:62)
	at java.base/jdk.internal.reflect.DelegatingConstructorAccessorImpl.newInstance(DelegatingConstructorAccessorImpl.java:45)
	at java.base/java.lang.reflect.Constructor.newInstance(Constructor.java:490)
	at org.openqa.selenium.remote.http.W3CHttpResponseCodec.createException(W3CHttpResponseCodec.java:187)
	at org.openqa.selenium.remote.http.W3CHttpResponseCodec.decode(W3CHttpResponseCodec.java:122)
	at org.openqa.selenium.remote.http.W3CHttpResponseCodec.decode(W3CHttpResponseCodec.java:49)
	at org.openqa.selenium.remote.HttpCommandExecutor.execute(HttpCommandExecutor.java:158)
	at org.openqa.selenium.remote.service.DriverCommandExecutor.execute(DriverCommandExecutor.java:83)
	at org.openqa.selenium.remote.RemoteWebDriver.execute(RemoteWebDriver.java:552)
	at org.openqa.selenium.remote.RemoteWebDriver.findElement(RemoteWebDriver.java:323)
	at org.openqa.selenium.remote.RemoteWebDriver.findElementByXPath(RemoteWebDriver.java:428)
	at org.openqa.selenium.By$ByXPath.findElement(By.java:353)
	at org.openqa.selenium.remote.RemoteWebDriver.findElement(RemoteWebDriver.java:315)
	at org.openqa.selenium.support.pagefactory.DefaultElementLocator.findElement(DefaultElementLocator.java:69)
	at org.openqa.selenium.support.pagefactory.internal.LocatingElementHandler.invoke(LocatingElementHandler.java:38)
	at com.sun.proxy.$Proxy27.click(Unknown Source)
	at targethome.TargetHomePage.dropDownSignInButton(TargetHomePage.java:178)
	at stepdefinitions.TargetStepDefinition.i_do_necessary_steps_to_land_on_user_info_page(TargetStepDefinition.java:151)
	at ✽.I do necessary steps to land on User info page(file:///C:/Users/lenis/IdeaProjects/BDDWebAutomationFramework_WA_NY_Team2/TargetEcommerce/src/test/java/features/TargetHomePage.feature:52)
]]>
        </failure>
    </testcase>
    <testcase classname="TargetEcommerce Home page Functionality" name="TargetEcommerce signIn functionality test with validate 3" time="49.854">
        <failure message="no such element: Unable to locate element: {&quot;method&quot;:&quot;xpath&quot;,&quot;selector&quot;:&quot;//span[@class='styles__AccountName-sc-1kk0q5l-0 gIhNhN']&quot;}&#10;  (Session info: chrome=85.0.4183.121)&#10;For documentation on this error, please visit: https://www.seleniumhq.org/exceptions/no_such_element.html&#10;Build info: version: '3.141.59', revision: 'e82be7d358', time: '2018-11-14T08:17:03'&#10;System info: host: 'LAPTOP-6QSDTELI', ip: '192.168.1.185', os.name: 'Windows 10', os.arch: 'amd64', os.version: '10.0', java.version: '11.0.8'&#10;Driver info: org.openqa.selenium.chrome.ChromeDriver&#10;Capabilities {acceptInsecureCerts: false, browserName: chrome, browserVersion: 85.0.4183.121, chrome: {chromedriverVersion: 85.0.4183.87 (cd6713ebf92fa..., userDataDir: C:\Users\lenis\AppData\Loca...}, goog:chromeOptions: {debuggerAddress: localhost:58501}, javascriptEnabled: true, networkConnectionEnabled: false, pageLoadStrategy: normal, platform: WINDOWS, platformName: WINDOWS, proxy: Proxy(), setWindowRect: true, strictFileInteractability: false, timeouts: {implicit: 0, pageLoad: 300000, script: 30000}, unhandledPromptBehavior: dismiss and notify, webauthn:virtualAuthenticators: true}&#10;Session ID: 663faa9ca6c5d1cf40c179ab9eb45d1c&#10;*** Element info: {Using=xpath, value=//span[@class='styles__AccountName-sc-1kk0q5l-0 gIhNhN']}" type="org.openqa.selenium.NoSuchElementException">
            <![CDATA[Given I am on targetEcommerce home page.....................................passed
When I do necessary steps to land on User info page.........................failed
And I enter use email "pnt30237_NY@gmail.com"...............................skipped
And I enter user password  "pnt30237ny".....................................skipped

StackTrace:
org.openqa.selenium.NoSuchElementException: no such element: Unable to locate element: {"method":"xpath","selector":"//span[@class='styles__AccountName-sc-1kk0q5l-0 gIhNhN']"}
  (Session info: chrome=85.0.4183.121)
For documentation on this error, please visit: https://www.seleniumhq.org/exceptions/no_such_element.html
Build info: version: '3.141.59', revision: 'e82be7d358', time: '2018-11-14T08:17:03'
System info: host: 'LAPTOP-6QSDTELI', ip: '192.168.1.185', os.name: 'Windows 10', os.arch: 'amd64', os.version: '10.0', java.version: '11.0.8'
Driver info: org.openqa.selenium.chrome.ChromeDriver
Capabilities {acceptInsecureCerts: false, browserName: chrome, browserVersion: 85.0.4183.121, chrome: {chromedriverVersion: 85.0.4183.87 (cd6713ebf92fa..., userDataDir: C:\Users\lenis\AppData\Loca...}, goog:chromeOptions: {debuggerAddress: localhost:58501}, javascriptEnabled: true, networkConnectionEnabled: false, pageLoadStrategy: normal, platform: WINDOWS, platformName: WINDOWS, proxy: Proxy(), setWindowRect: true, strictFileInteractability: false, timeouts: {implicit: 0, pageLoad: 300000, script: 30000}, unhandledPromptBehavior: dismiss and notify, webauthn:virtualAuthenticators: true}
Session ID: 663faa9ca6c5d1cf40c179ab9eb45d1c
*** Element info: {Using=xpath, value=//span[@class='styles__AccountName-sc-1kk0q5l-0 gIhNhN']}
	at java.base/jdk.internal.reflect.NativeConstructorAccessorImpl.newInstance0(Native Method)
	at java.base/jdk.internal.reflect.NativeConstructorAccessorImpl.newInstance(NativeConstructorAccessorImpl.java:62)
	at java.base/jdk.internal.reflect.DelegatingConstructorAccessorImpl.newInstance(DelegatingConstructorAccessorImpl.java:45)
	at java.base/java.lang.reflect.Constructor.newInstance(Constructor.java:490)
	at org.openqa.selenium.remote.http.W3CHttpResponseCodec.createException(W3CHttpResponseCodec.java:187)
	at org.openqa.selenium.remote.http.W3CHttpResponseCodec.decode(W3CHttpResponseCodec.java:122)
	at org.openqa.selenium.remote.http.W3CHttpResponseCodec.decode(W3CHttpResponseCodec.java:49)
	at org.openqa.selenium.remote.HttpCommandExecutor.execute(HttpCommandExecutor.java:158)
	at org.openqa.selenium.remote.service.DriverCommandExecutor.execute(DriverCommandExecutor.java:83)
	at org.openqa.selenium.remote.RemoteWebDriver.execute(RemoteWebDriver.java:552)
	at org.openqa.selenium.remote.RemoteWebDriver.findElement(RemoteWebDriver.java:323)
	at org.openqa.selenium.remote.RemoteWebDriver.findElementByXPath(RemoteWebDriver.java:428)
	at org.openqa.selenium.By$ByXPath.findElement(By.java:353)
	at org.openqa.selenium.remote.RemoteWebDriver.findElement(RemoteWebDriver.java:315)
	at org.openqa.selenium.support.pagefactory.DefaultElementLocator.findElement(DefaultElementLocator.java:69)
	at org.openqa.selenium.support.pagefactory.internal.LocatingElementHandler.invoke(LocatingElementHandler.java:38)
	at com.sun.proxy.$Proxy27.click(Unknown Source)
	at targethome.TargetHomePage.dropDownSignInButton(TargetHomePage.java:178)
	at stepdefinitions.TargetStepDefinition.i_do_necessary_steps_to_land_on_user_info_page(TargetStepDefinition.java:151)
	at ✽.I do necessary steps to land on User info page(file:///C:/Users/lenis/IdeaProjects/BDDWebAutomationFramework_WA_NY_Team2/TargetEcommerce/src/test/java/features/TargetHomePage.feature:52)
]]>
        </failure>
    </testcase>
    <testcase classname="TargetEcommerce Home page Functionality" name="TargetEcommerce signIn functionality test with validate 4" time="50.579">
        <failure message="no such element: Unable to locate element: {&quot;method&quot;:&quot;xpath&quot;,&quot;selector&quot;:&quot;//span[@class='styles__AccountName-sc-1kk0q5l-0 gIhNhN']&quot;}&#10;  (Session info: chrome=85.0.4183.121)&#10;For documentation on this error, please visit: https://www.seleniumhq.org/exceptions/no_such_element.html&#10;Build info: version: '3.141.59', revision: 'e82be7d358', time: '2018-11-14T08:17:03'&#10;System info: host: 'LAPTOP-6QSDTELI', ip: '192.168.1.185', os.name: 'Windows 10', os.arch: 'amd64', os.version: '10.0', java.version: '11.0.8'&#10;Driver info: org.openqa.selenium.chrome.ChromeDriver&#10;Capabilities {acceptInsecureCerts: false, browserName: chrome, browserVersion: 85.0.4183.121, chrome: {chromedriverVersion: 85.0.4183.87 (cd6713ebf92fa..., userDataDir: C:\Users\lenis\AppData\Loca...}, goog:chromeOptions: {debuggerAddress: localhost:58576}, javascriptEnabled: true, networkConnectionEnabled: false, pageLoadStrategy: normal, platform: WINDOWS, platformName: WINDOWS, proxy: Proxy(), setWindowRect: true, strictFileInteractability: false, timeouts: {implicit: 0, pageLoad: 300000, script: 30000}, unhandledPromptBehavior: dismiss and notify, webauthn:virtualAuthenticators: true}&#10;Session ID: fca8d01259ae8744ca682dcf22ed6221&#10;*** Element info: {Using=xpath, value=//span[@class='styles__AccountName-sc-1kk0q5l-0 gIhNhN']}" type="org.openqa.selenium.NoSuchElementException">
            <![CDATA[Given I am on targetEcommerce home page.....................................passed
When I do necessary steps to land on User info page.........................failed
And I enter use email "pnt30238_NY@gmail.com"...............................skipped
And I enter user password  "pnt30238ny".....................................skipped

StackTrace:
org.openqa.selenium.NoSuchElementException: no such element: Unable to locate element: {"method":"xpath","selector":"//span[@class='styles__AccountName-sc-1kk0q5l-0 gIhNhN']"}
  (Session info: chrome=85.0.4183.121)
For documentation on this error, please visit: https://www.seleniumhq.org/exceptions/no_such_element.html
Build info: version: '3.141.59', revision: 'e82be7d358', time: '2018-11-14T08:17:03'
System info: host: 'LAPTOP-6QSDTELI', ip: '192.168.1.185', os.name: 'Windows 10', os.arch: 'amd64', os.version: '10.0', java.version: '11.0.8'
Driver info: org.openqa.selenium.chrome.ChromeDriver
Capabilities {acceptInsecureCerts: false, browserName: chrome, browserVersion: 85.0.4183.121, chrome: {chromedriverVersion: 85.0.4183.87 (cd6713ebf92fa..., userDataDir: C:\Users\lenis\AppData\Loca...}, goog:chromeOptions: {debuggerAddress: localhost:58576}, javascriptEnabled: true, networkConnectionEnabled: false, pageLoadStrategy: normal, platform: WINDOWS, platformName: WINDOWS, proxy: Proxy(), setWindowRect: true, strictFileInteractability: false, timeouts: {implicit: 0, pageLoad: 300000, script: 30000}, unhandledPromptBehavior: dismiss and notify, webauthn:virtualAuthenticators: true}
Session ID: fca8d01259ae8744ca682dcf22ed6221
*** Element info: {Using=xpath, value=//span[@class='styles__AccountName-sc-1kk0q5l-0 gIhNhN']}
	at java.base/jdk.internal.reflect.NativeConstructorAccessorImpl.newInstance0(Native Method)
	at java.base/jdk.internal.reflect.NativeConstructorAccessorImpl.newInstance(NativeConstructorAccessorImpl.java:62)
	at java.base/jdk.internal.reflect.DelegatingConstructorAccessorImpl.newInstance(DelegatingConstructorAccessorImpl.java:45)
	at java.base/java.lang.reflect.Constructor.newInstance(Constructor.java:490)
	at org.openqa.selenium.remote.http.W3CHttpResponseCodec.createException(W3CHttpResponseCodec.java:187)
	at org.openqa.selenium.remote.http.W3CHttpResponseCodec.decode(W3CHttpResponseCodec.java:122)
	at org.openqa.selenium.remote.http.W3CHttpResponseCodec.decode(W3CHttpResponseCodec.java:49)
	at org.openqa.selenium.remote.HttpCommandExecutor.execute(HttpCommandExecutor.java:158)
	at org.openqa.selenium.remote.service.DriverCommandExecutor.execute(DriverCommandExecutor.java:83)
	at org.openqa.selenium.remote.RemoteWebDriver.execute(RemoteWebDriver.java:552)
	at org.openqa.selenium.remote.RemoteWebDriver.findElement(RemoteWebDriver.java:323)
	at org.openqa.selenium.remote.RemoteWebDriver.findElementByXPath(RemoteWebDriver.java:428)
	at org.openqa.selenium.By$ByXPath.findElement(By.java:353)
	at org.openqa.selenium.remote.RemoteWebDriver.findElement(RemoteWebDriver.java:315)
	at org.openqa.selenium.support.pagefactory.DefaultElementLocator.findElement(DefaultElementLocator.java:69)
	at org.openqa.selenium.support.pagefactory.internal.LocatingElementHandler.invoke(LocatingElementHandler.java:38)
	at com.sun.proxy.$Proxy27.click(Unknown Source)
	at targethome.TargetHomePage.dropDownSignInButton(TargetHomePage.java:178)
	at stepdefinitions.TargetStepDefinition.i_do_necessary_steps_to_land_on_user_info_page(TargetStepDefinition.java:151)
	at ✽.I do necessary steps to land on User info page(file:///C:/Users/lenis/IdeaProjects/BDDWebAutomationFramework_WA_NY_Team2/TargetEcommerce/src/test/java/features/TargetHomePage.feature:52)
]]>
        </failure>
    </testcase>
    <testcase classname="TargetEcommerce Home page Functionality" name="TargetEcommerce signIn functionality test with validate 5" time="50.429">
        <failure message="no such element: Unable to locate element: {&quot;method&quot;:&quot;xpath&quot;,&quot;selector&quot;:&quot;//span[@class='styles__AccountName-sc-1kk0q5l-0 gIhNhN']&quot;}&#10;  (Session info: chrome=85.0.4183.121)&#10;For documentation on this error, please visit: https://www.seleniumhq.org/exceptions/no_such_element.html&#10;Build info: version: '3.141.59', revision: 'e82be7d358', time: '2018-11-14T08:17:03'&#10;System info: host: 'LAPTOP-6QSDTELI', ip: '192.168.1.185', os.name: 'Windows 10', os.arch: 'amd64', os.version: '10.0', java.version: '11.0.8'&#10;Driver info: org.openqa.selenium.chrome.ChromeDriver&#10;Capabilities {acceptInsecureCerts: false, browserName: chrome, browserVersion: 85.0.4183.121, chrome: {chromedriverVersion: 85.0.4183.87 (cd6713ebf92fa..., userDataDir: C:\Users\lenis\AppData\Loca...}, goog:chromeOptions: {debuggerAddress: localhost:58760}, javascriptEnabled: true, networkConnectionEnabled: false, pageLoadStrategy: normal, platform: WINDOWS, platformName: WINDOWS, proxy: Proxy(), setWindowRect: true, strictFileInteractability: false, timeouts: {implicit: 0, pageLoad: 300000, script: 30000}, unhandledPromptBehavior: dismiss and notify, webauthn:virtualAuthenticators: true}&#10;Session ID: 9017597477892b5a443b8b4324189782&#10;*** Element info: {Using=xpath, value=//span[@class='styles__AccountName-sc-1kk0q5l-0 gIhNhN']}" type="org.openqa.selenium.NoSuchElementException">
            <![CDATA[Given I am on targetEcommerce home page.....................................passed
When I do necessary steps to land on User info page.........................failed
And I enter use email "pnt30239_NY@gmail.com"...............................skipped
And I enter user password  "pnt30239ny".....................................skipped

StackTrace:
org.openqa.selenium.NoSuchElementException: no such element: Unable to locate element: {"method":"xpath","selector":"//span[@class='styles__AccountName-sc-1kk0q5l-0 gIhNhN']"}
  (Session info: chrome=85.0.4183.121)
For documentation on this error, please visit: https://www.seleniumhq.org/exceptions/no_such_element.html
Build info: version: '3.141.59', revision: 'e82be7d358', time: '2018-11-14T08:17:03'
System info: host: 'LAPTOP-6QSDTELI', ip: '192.168.1.185', os.name: 'Windows 10', os.arch: 'amd64', os.version: '10.0', java.version: '11.0.8'
Driver info: org.openqa.selenium.chrome.ChromeDriver
Capabilities {acceptInsecureCerts: false, browserName: chrome, browserVersion: 85.0.4183.121, chrome: {chromedriverVersion: 85.0.4183.87 (cd6713ebf92fa..., userDataDir: C:\Users\lenis\AppData\Loca...}, goog:chromeOptions: {debuggerAddress: localhost:58760}, javascriptEnabled: true, networkConnectionEnabled: false, pageLoadStrategy: normal, platform: WINDOWS, platformName: WINDOWS, proxy: Proxy(), setWindowRect: true, strictFileInteractability: false, timeouts: {implicit: 0, pageLoad: 300000, script: 30000}, unhandledPromptBehavior: dismiss and notify, webauthn:virtualAuthenticators: true}
Session ID: 9017597477892b5a443b8b4324189782
*** Element info: {Using=xpath, value=//span[@class='styles__AccountName-sc-1kk0q5l-0 gIhNhN']}
	at java.base/jdk.internal.reflect.NativeConstructorAccessorImpl.newInstance0(Native Method)
	at java.base/jdk.internal.reflect.NativeConstructorAccessorImpl.newInstance(NativeConstructorAccessorImpl.java:62)
	at java.base/jdk.internal.reflect.DelegatingConstructorAccessorImpl.newInstance(DelegatingConstructorAccessorImpl.java:45)
	at java.base/java.lang.reflect.Constructor.newInstance(Constructor.java:490)
	at org.openqa.selenium.remote.http.W3CHttpResponseCodec.createException(W3CHttpResponseCodec.java:187)
	at org.openqa.selenium.remote.http.W3CHttpResponseCodec.decode(W3CHttpResponseCodec.java:122)
	at org.openqa.selenium.remote.http.W3CHttpResponseCodec.decode(W3CHttpResponseCodec.java:49)
	at org.openqa.selenium.remote.HttpCommandExecutor.execute(HttpCommandExecutor.java:158)
	at org.openqa.selenium.remote.service.DriverCommandExecutor.execute(DriverCommandExecutor.java:83)
	at org.openqa.selenium.remote.RemoteWebDriver.execute(RemoteWebDriver.java:552)
	at org.openqa.selenium.remote.RemoteWebDriver.findElement(RemoteWebDriver.java:323)
	at org.openqa.selenium.remote.RemoteWebDriver.findElementByXPath(RemoteWebDriver.java:428)
	at org.openqa.selenium.By$ByXPath.findElement(By.java:353)
	at org.openqa.selenium.remote.RemoteWebDriver.findElement(RemoteWebDriver.java:315)
	at org.openqa.selenium.support.pagefactory.DefaultElementLocator.findElement(DefaultElementLocator.java:69)
	at org.openqa.selenium.support.pagefactory.internal.LocatingElementHandler.invoke(LocatingElementHandler.java:38)
	at com.sun.proxy.$Proxy27.click(Unknown Source)
	at targethome.TargetHomePage.dropDownSignInButton(TargetHomePage.java:178)
	at stepdefinitions.TargetStepDefinition.i_do_necessary_steps_to_land_on_user_info_page(TargetStepDefinition.java:151)
	at ✽.I do necessary steps to land on User info page(file:///C:/Users/lenis/IdeaProjects/BDDWebAutomationFramework_WA_NY_Team2/TargetEcommerce/src/test/java/features/TargetHomePage.feature:52)
]]>
        </failure>
    </testcase>
    <testcase classname="TargetEcommerce Home page Functionality" name="TargetEcommerce SearchBox functionality test with validate using data table" time="10.15">
        <system-out>
            <![CDATA[Given I am on targetEcommerce home page.....................................passed
And I enter "Samsung Phones" in searchBox...................................passed
When I click searchButton...................................................passed
And I validate "\"Samsung Phones\"" is appear properly......................passed
And I validate page title as "Target : Expect More. Pay Less."..............passed
]]>
        </system-out>
    </testcase>
    <testcase classname="TargetEcommerce Home page Functionality" name="TargetEcommerce SearchBox functionality test with validate using data table 2" time="9.963">
        <system-out>
            <![CDATA[Given I am on targetEcommerce home page.....................................passed
And I enter "Apple Watches" in searchBox....................................passed
When I click searchButton...................................................passed
And I validate "\"Apple Watches\"" is appear properly.......................passed
And I validate page title as "Target : Expect More. Pay Less."..............passed
]]>
        </system-out>
    </testcase>
    <testcase classname="TargetEcommerce Home page Functionality" name="TargetEcommerce SearchBox functionality test with validate using data table 3" time="9.796">
        <system-out>
            <![CDATA[Given I am on targetEcommerce home page.....................................passed
And I enter "Apple ipads" in searchBox......................................passed
When I click searchButton...................................................passed
And I validate "\"Apple ipads\"" is appear properly.........................passed
And I validate page title as "Target : Expect More. Pay Less."..............passed
]]>
        </system-out>
    </testcase>
    <testcase classname="TargetEcommerce Home page Functionality" name="TargetEcommerce SearchBox functionality test with validate using data table 4" time="8.959">
        <system-out>
            <![CDATA[Given I am on targetEcommerce home page.....................................passed
And I enter "iphone 11 Pro Max" in searchBox................................passed
When I click searchButton...................................................passed
And I validate "\"iphone 11 Pro Max\"" is appear properly...................passed
And I validate page title as "Target : Expect More. Pay Less."..............passed
]]>
        </system-out>
    </testcase>
    <testcase classname="TargetEcommerce Home page Functionality" name="TargetEcommerce SearchBox functionality test with validate using data table 5" time="9.722">
        <system-out>
            <![CDATA[Given I am on targetEcommerce home page.....................................passed
And I enter "Samsung Tablets" in searchBox..................................passed
When I click searchButton...................................................passed
And I validate "\"Samsung Tablets\"" is appear properly.....................passed
And I validate page title as "Target : Expect More. Pay Less."..............passed
]]>
        </system-out>
    </testcase>
</testsuite>
