<?xml version="1.0" encoding="UTF-8" standalone="no"?>
<testsuite errors="0" failures="0" name="io.cucumber.core.plugin.JUnitFormatter" skipped="0" tests="6" time="35.598">
    <testcase classname="TargetECommerce homePage functionality check" name="TargetECommerce login functionality Check" time="6.17">
        <system-out>
            <![CDATA[Given I am on TargetECommerce homepage......................................passed
And I click on signIn.......................................................passed
And I click on signInOption to sign in......................................passed
And I enter emailAddress and password.......................................passed
When I click keepMeSignIn...................................................passed
Then I verify text sign into your target account............................passed
]]>
        </system-out>
    </testcase>
    <testcase classname="TargetECommerce homePage functionality check" name="TargetECommerce login functionality Check 2" time="4.598">
        <system-out>
            <![CDATA[Given I am on TargetECommerce homepage......................................passed
And I click on signIn.......................................................passed
And I click on signInOption to sign in......................................passed
And I enter "mtt123@gmail.com" and "abc123".................................passed
When I click keepMeSignIn...................................................passed
Then I verify text sign into your target account............................passed
]]>
        </system-out>
    </testcase>
    <testcase classname="TargetECommerce homePage functionality check" name="TargetECommerce login functionality Check 3" time="10.377">
        <system-out>
            <![CDATA[Given I am on TargetECommerce homepage......................................passed
And I click on signIn.......................................................passed
And I click on signInOption to sign in......................................passed
And I enter "mtt124@gmail.com" and "abc124".................................passed
When I click keepMeSignIn...................................................passed
Then I verify text sign into your target account............................passed
]]>
        </system-out>
    </testcase>
    <testcase classname="TargetECommerce homePage functionality check" name="TargetECommerce login functionality Check 4" time="5.167">
        <system-out>
            <![CDATA[Given I am on TargetECommerce homepage......................................passed
And I click on signIn.......................................................passed
And I click on signInOption to sign in......................................passed
And I enter "mtt125@gmail.com" and "abc125".................................passed
When I click keepMeSignIn...................................................passed
Then I verify text sign into your target account............................passed
]]>
        </system-out>
    </testcase>
    <testcase classname="TargetECommerce homePage functionality check" name="TargetECommerce login functionality Check 5" time="4.484">
        <system-out>
            <![CDATA[Given I am on TargetECommerce homepage......................................passed
And I click on signIn.......................................................passed
And I click on signInOption to sign in......................................passed
And I enter "mtt126@gmail.com" and "abc127".................................passed
When I click keepMeSignIn...................................................passed
Then I verify text sign into your target account............................passed
]]>
        </system-out>
    </testcase>
    <testcase classname="TargetECommerce homePage functionality check" name="TargetECommerce login functionality Check 6" time="4.44">
        <system-out>
            <![CDATA[Given I am on TargetECommerce homepage......................................passed
And I click on signIn.......................................................passed
And I click on signInOption to sign in......................................passed
And I enter "mtt127@gmail.com" and "abc128".................................passed
When I click keepMeSignIn...................................................passed
Then I verify text sign into your target account............................passed
]]>
        </system-out>
    </testcase>
</testsuite>
