<?xml version="1.0" encoding="UTF-8" standalone="no"?>
<testsuite errors="0" failures="1" name="io.cucumber.core.plugin.JUnitFormatter" skipped="0" tests="14" time="314.489">
    <testcase classname="CNN Home Page Functionality Check" name="CNN SignUp functionality check" time="7.079">
        <system-out>
            <![CDATA[Given I am in Cnn home page.................................................passed
And I enter "Sports" in searchBox...........................................passed
Then I validate Sports page appear properly.................................passed
]]>
        </system-out>
    </testcase>
    <testcase classname="CNN Home Page Functionality Check" name="CNN searchBox check with multiple value using data driven" time="7.449">
        <system-out>
            <![CDATA[Given I am in Cnn home page.................................................passed
When I enter "Sports" in searchBox..........................................passed
And I validate page title as "Search CNN - Videos, Pictures, and News - CNN.com".passed
]]>
        </system-out>
    </testcase>
    <testcase classname="CNN Home Page Functionality Check" name="CNN searchBox check with multiple value using data driven 2" time="8.546">
        <system-out>
            <![CDATA[Given I am in Cnn home page.................................................passed
When I enter "Politics" in searchBox........................................passed
And I validate page title as "Search CNN - Videos, Pictures, and News - CNN.com".passed
]]>
        </system-out>
    </testcase>
    <testcase classname="CNN Home Page Functionality Check" name="CNN searchBox check with multiple value using data driven 3" time="10.572">
        <system-out>
            <![CDATA[Given I am in Cnn home page.................................................passed
When I enter "US" in searchBox..............................................passed
And I validate page title as "Search CNN - Videos, Pictures, and News - CNN.com".passed
]]>
        </system-out>
    </testcase>
    <testcase classname="CNN Home Page Functionality Check" name="CNN edition button check" time="42.195">
        <system-out>
            <![CDATA[Given I am in Cnn home page.................................................passed
When I click on edition button..............................................passed
And I click on Us International Arabic and Espanol button...................passed
Then I validate page title..................................................passed
]]>
        </system-out>
    </testcase>
    <testcase classname="CNN Home Page Functionality Check" name="CNN home page burger button functionality test" time="12.891">
        <system-out>
            <![CDATA[Given I am in Cnn home page.................................................passed
When I click on burger button...............................................passed
And I enter sports in search box............................................passed
And I click on search button................................................passed
And I click on politics radio button........................................passed
Then I validate politics page is appeared properly..........................passed
]]>
        </system-out>
    </testcase>
    <testcase classname="CNN Home Page Functionality Check" name="CNN home page Travel functionality test" time="16.797">
        <system-out>
            <![CDATA[Given I am in Cnn home page.................................................passed
When I click on travel tab..................................................passed
And I click on best beach...................................................passed
And I click on Map tab......................................................passed
And I click on radio button.................................................passed
Then I validate View All is visible.........................................passed
]]>
        </system-out>
    </testcase>
    <testcase classname="CNN Home Page Functionality Check" name="CNN home page Travel functionality test 2" time="15.283">
        <system-out>
            <![CDATA[Given I am in Cnn home page.................................................passed
When I click on edition dropDown button.....................................passed
And I click on international................................................passed
And I click on all stories..................................................passed
And I click on Covid-19 symptoms............................................passed
Then I validate By Sandee LaMotte, CNN is visible...........................passed
]]>
        </system-out>
    </testcase>
    <testcase classname="CNN Home Page Functionality Check" name="CNN home page Travel functionality test 3" time="19.063">
        <system-out>
            <![CDATA[Given I am in Cnn home page.................................................passed
When I click on live Tv button..............................................passed
And I click on back to cnn.com..............................................passed
Then I validate Covid-19 is visible.........................................passed
]]>
        </system-out>
    </testcase>
    <testcase classname="CNN Home Page Functionality Check" name="CNN home page Travel functionality test 4" time="35.372">
        <system-out>
            <![CDATA[Given I am in Cnn home page.................................................passed
When I click on live Tv button..............................................passed
And I click on Tv channel box...............................................passed
And I click on cnn channel..................................................passed
Then I validate Login is visible............................................passed
]]>
        </system-out>
    </testcase>
    <testcase classname="CNN Home Page Functionality Check" name="CNN home page Travel functionality test 5" time="44.503">
        <system-out>
            <![CDATA[Given I am in Cnn home page.................................................passed
When I click on live Tv button..............................................passed
And I click on Tv channel box...............................................passed
And I click on cnn channel..................................................passed
And I click close button....................................................passed
Then I validate News Shows is visible.......................................passed
]]>
        </system-out>
    </testcase>
    <testcase classname="CNN Home Page Functionality Check" name="CNN home page Travel functionality test 6" time="49.344">
        <failure message="no such element: Unable to locate element: {&quot;method&quot;:&quot;xpath&quot;,&quot;selector&quot;:&quot;//div[@class='close']&quot;}&#10;  (Session info: chrome=85.0.4183.121)&#10;For documentation on this error, please visit: https://www.seleniumhq.org/exceptions/no_such_element.html&#10;Build info: version: '3.141.59', revision: 'e82be7d358', time: '2018-11-14T08:17:03'&#10;System info: host: 'Mizans-MacBook-Pro.local', ip: '2604:2000:6087:cf00:11cd:59ac:3c9c:dfef%en0', os.name: 'Mac OS X', os.arch: 'x86_64', os.version: '10.15.6', java.version: '11.0.7'&#10;Driver info: org.openqa.selenium.chrome.ChromeDriver&#10;Capabilities {acceptInsecureCerts: false, browserName: chrome, browserVersion: 85.0.4183.121, chrome: {chromedriverVersion: 85.0.4183.87 (cd6713ebf92fa..., userDataDir: /var/folders/b7/lgzywp995gd...}, goog:chromeOptions: {debuggerAddress: localhost:58866}, javascriptEnabled: true, networkConnectionEnabled: false, pageLoadStrategy: normal, platform: MAC, platformName: MAC, proxy: Proxy(), setWindowRect: true, strictFileInteractability: false, timeouts: {implicit: 0, pageLoad: 300000, script: 30000}, unhandledPromptBehavior: dismiss and notify, webauthn:virtualAuthenticators: true}&#10;Session ID: 2a0381f3cb35391bb53b325a297c834b&#10;*** Element info: {Using=xpath, value=//div[@class='close']}" type="org.openqa.selenium.NoSuchElementException">
            <![CDATA[Given I am in Cnn home page.................................................passed
When I click on live Tv button..............................................passed
And I click on Tv channel box...............................................passed
And I click on cnn channel..................................................passed
And I click close button....................................................failed
And I click linda voice button..............................................skipped
And I click linda voice play button.........................................skipped
Then I validate US is visible...............................................skipped

StackTrace:
org.openqa.selenium.NoSuchElementException: no such element: Unable to locate element: {"method":"xpath","selector":"//div[@class='close']"}
  (Session info: chrome=85.0.4183.121)
For documentation on this error, please visit: https://www.seleniumhq.org/exceptions/no_such_element.html
Build info: version: '3.141.59', revision: 'e82be7d358', time: '2018-11-14T08:17:03'
System info: host: 'Mizans-MacBook-Pro.local', ip: '2604:2000:6087:cf00:11cd:59ac:3c9c:dfef%en0', os.name: 'Mac OS X', os.arch: 'x86_64', os.version: '10.15.6', java.version: '11.0.7'
Driver info: org.openqa.selenium.chrome.ChromeDriver
Capabilities {acceptInsecureCerts: false, browserName: chrome, browserVersion: 85.0.4183.121, chrome: {chromedriverVersion: 85.0.4183.87 (cd6713ebf92fa..., userDataDir: /var/folders/b7/lgzywp995gd...}, goog:chromeOptions: {debuggerAddress: localhost:58866}, javascriptEnabled: true, networkConnectionEnabled: false, pageLoadStrategy: normal, platform: MAC, platformName: MAC, proxy: Proxy(), setWindowRect: true, strictFileInteractability: false, timeouts: {implicit: 0, pageLoad: 300000, script: 30000}, unhandledPromptBehavior: dismiss and notify, webauthn:virtualAuthenticators: true}
Session ID: 2a0381f3cb35391bb53b325a297c834b
*** Element info: {Using=xpath, value=//div[@class='close']}
	at java.base/jdk.internal.reflect.NativeConstructorAccessorImpl.newInstance0(Native Method)
	at java.base/jdk.internal.reflect.NativeConstructorAccessorImpl.newInstance(NativeConstructorAccessorImpl.java:62)
	at java.base/jdk.internal.reflect.DelegatingConstructorAccessorImpl.newInstance(DelegatingConstructorAccessorImpl.java:45)
	at java.base/java.lang.reflect.Constructor.newInstance(Constructor.java:490)
	at org.openqa.selenium.remote.http.W3CHttpResponseCodec.createException(W3CHttpResponseCodec.java:187)
	at org.openqa.selenium.remote.http.W3CHttpResponseCodec.decode(W3CHttpResponseCodec.java:122)
	at org.openqa.selenium.remote.http.W3CHttpResponseCodec.decode(W3CHttpResponseCodec.java:49)
	at org.openqa.selenium.remote.HttpCommandExecutor.execute(HttpCommandExecutor.java:158)
	at org.openqa.selenium.remote.service.DriverCommandExecutor.execute(DriverCommandExecutor.java:83)
	at org.openqa.selenium.remote.RemoteWebDriver.execute(RemoteWebDriver.java:552)
	at org.openqa.selenium.remote.RemoteWebDriver.findElement(RemoteWebDriver.java:323)
	at org.openqa.selenium.remote.RemoteWebDriver.findElementByXPath(RemoteWebDriver.java:428)
	at org.openqa.selenium.By$ByXPath.findElement(By.java:353)
	at org.openqa.selenium.remote.RemoteWebDriver.findElement(RemoteWebDriver.java:315)
	at org.openqa.selenium.support.pagefactory.DefaultElementLocator.findElement(DefaultElementLocator.java:69)
	at org.openqa.selenium.support.pagefactory.internal.LocatingElementHandler.invoke(LocatingElementHandler.java:38)
	at com.sun.proxy.$Proxy25.click(Unknown Source)
	at cnnhome.CnnHomePage.channelCloseOption(CnnHomePage.java:235)
	at stepdefinitions.CnnHomeStepDefinitions.i_click_close_button(CnnHomeStepDefinitions.java:200)
	at ✽.I click close button(file:///Users/mohammadislam/IdeaProjects/BDDWebAutomationFramework_WA_NY_Team2/CNN/src/test/java/features/CnnHomePage.feature:78)
]]>
        </failure>
    </testcase>
    <testcase classname="CNN Home Page Functionality Check" name="Cnn SignUp functionality cheek" time="30.786">
        <system-out>
            <![CDATA[Given I am in Cnn home page.................................................passed
When I do all necessary steps to land on Registration page..................passed
And I enter user info.......................................................passed
And I click on registration button..........................................passed
Then I validate welcome message.............................................passed
]]>
        </system-out>
    </testcase>
    <testcase classname="CNN Home Page Functionality Check" name="Cnn SignIn functionality cheek" time="14.017">
        <system-out>
            <![CDATA[Given I am in Cnn home page.................................................passed
When I click on SingInIcon..................................................passed
And I enter "pnt30242@gmail.com" and "Pnt@30242"............................passed
Then I validate landed page title...........................................passed
]]>
        </system-out>
    </testcase>
</testsuite>
