<?xml version="1.0" encoding="UTF-8" standalone="no"?>
<testsuite errors="0" failures="0" name="io.cucumber.core.plugin.JUnitFormatter" skipped="0" tests="5" time="114.244">
    <testcase classname="CNN Home Page Functionality Check" name="CNN SignUp functionality check" time="17.98">
        <system-out>
            <![CDATA[Given I am in Cnn home page.................................................passed
And I enter "Sports" in searchBox...........................................passed
Then I validate Sports page appear properly.................................passed
]]>
        </system-out>
    </testcase>
    <testcase classname="CNN Home Page Functionality Check" name="CNN searchBox check with multiple value using data driven" time="17.872">
        <system-out>
            <![CDATA[Given I am in Cnn home page.................................................passed
When I enter "Politics" in searchBox........................................passed
And I validate page title as "Search CNN - Videos, Pictures, and News - CNN.com".passed
]]>
        </system-out>
    </testcase>
    <testcase classname="CNN Home Page Functionality Check" name="CNN searchBox check with multiple value using data driven 2" time="16.208">
        <system-out>
            <![CDATA[Given I am in Cnn home page.................................................passed
When I enter "World" in searchBox...........................................passed
And I validate page title as "Search CNN - Videos, Pictures, and News - CNN.com".passed
]]>
        </system-out>
    </testcase>
    <testcase classname="CNN Home Page Functionality Check" name="CNN searchBox check with multiple value using data driven 3" time="18.822">
        <system-out>
            <![CDATA[Given I am in Cnn home page.................................................passed
When I enter "Entertainment" in searchBox...................................passed
And I validate page title as "Search CNN - Videos, Pictures, and News - CNN.com".passed
]]>
        </system-out>
    </testcase>
    <testcase classname="CNN Home Page Functionality Check" name="CNN edition button check" time="42.673">
        <system-out>
            <![CDATA[Given I am in Cnn home page.................................................passed
When I click on edition button..............................................passed
And I click on Us International Arabic and Espanol button...................passed
Then I validate page title..................................................passed
]]>
        </system-out>
    </testcase>
</testsuite>
