<?xml version="1.0" encoding="UTF-8" standalone="no"?>
<testsuite errors="0" failures="1" name="io.cucumber.core.plugin.JUnitFormatter" skipped="0" tests="11" time="257.338">
    <testcase classname="CNN home page functionality test" name="CNN home page burger button functionality test" time="17.066">
        <system-out>
            <![CDATA[Given I am in CNN home page.................................................passed
When I click on burger button...............................................passed
And I enter sports in search box............................................passed
And I click on search button................................................passed
And I click on politics radio button........................................passed
Then I validate politics page is appeared properly..........................passed
]]>
        </system-out>
    </testcase>
    <testcase classname="CNN home page functionality test" name="CNN home page Travel functionality test" time="19.927">
        <system-out>
            <![CDATA[Given I am in CNN home page.................................................passed
When I click on travel tab..................................................passed
And I click on best beach...................................................passed
And I click on Map tab......................................................passed
And I click on radio button.................................................passed
Then I validate View All is visible.........................................passed
]]>
        </system-out>
    </testcase>
    <testcase classname="CNN home page functionality test" name="CNN home page Travel functionality test 2" time="15.838">
        <system-out>
            <![CDATA[Given I am in CNN home page.................................................passed
When I click on edition dropDown button.....................................passed
And I click on international................................................passed
And I click on all stories..................................................passed
And I click on Covid-19 symptoms............................................passed
Then I validate By Sandee LaMotte, CNN is visible...........................passed
]]>
        </system-out>
    </testcase>
    <testcase classname="CNN home page functionality test" name="CNN home page Travel functionality test 3" time="17.243">
        <system-out>
            <![CDATA[Given I am in CNN home page.................................................passed
When I click on live Tv button..............................................passed
And I click on back to cnn.com..............................................passed
Then I validate Covid-19 is visible.........................................passed
]]>
        </system-out>
    </testcase>
    <testcase classname="CNN home page functionality test" name="CNN home page Travel functionality test 4" time="22.598">
        <failure message="element click intercepted: Element &lt;div class=&quot;Text-sc-1amvtpj-0 dJJhIr&quot;&gt;...&lt;/div&gt; is not clickable at point (1406, 689). Other element would receive the click: &lt;iframe id=&quot;mvpdPickerFrame&quot; class=&quot;visible&quot; src=&quot;about:blank&quot; scrolling=&quot;no&quot;&gt;&lt;/iframe&gt;&#10;  (Session info: chrome=85.0.4183.121)&#10;Build info: version: '3.141.59', revision: 'e82be7d358', time: '2018-11-14T08:17:03'&#10;System info: host: 'LAPTOP-6QSDTELI', ip: '192.168.1.185', os.name: 'Windows 10', os.arch: 'amd64', os.version: '10.0', java.version: '11.0.8'&#10;Driver info: org.openqa.selenium.chrome.ChromeDriver&#10;Capabilities {acceptInsecureCerts: false, browserName: chrome, browserVersion: 85.0.4183.121, chrome: {chromedriverVersion: 85.0.4183.87 (cd6713ebf92fa..., userDataDir: C:\Users\lenis\AppData\Loca...}, goog:chromeOptions: {debuggerAddress: localhost:49908}, javascriptEnabled: true, networkConnectionEnabled: false, pageLoadStrategy: normal, platform: WINDOWS, platformName: WINDOWS, proxy: Proxy(), setWindowRect: true, strictFileInteractability: false, timeouts: {implicit: 0, pageLoad: 300000, script: 30000}, unhandledPromptBehavior: dismiss and notify, webauthn:virtualAuthenticators: true}&#10;Session ID: 3c557381e6affdfeaaeeeb62aed0c442" type="org.openqa.selenium.ElementClickInterceptedException">
            <![CDATA[Given I am in CNN home page.................................................passed
When I click on live Tv button..............................................passed
And I click on Tv channel box...............................................passed
And I click on cnn channel..................................................passed
And I click on back to cnn.com..............................................failed

StackTrace:
org.openqa.selenium.ElementClickInterceptedException: element click intercepted: Element <div class="Text-sc-1amvtpj-0 dJJhIr">...</div> is not clickable at point (1406, 689). Other element would receive the click: <iframe id="mvpdPickerFrame" class="visible" src="about:blank" scrolling="no"></iframe>
  (Session info: chrome=85.0.4183.121)
Build info: version: '3.141.59', revision: 'e82be7d358', time: '2018-11-14T08:17:03'
System info: host: 'LAPTOP-6QSDTELI', ip: '192.168.1.185', os.name: 'Windows 10', os.arch: 'amd64', os.version: '10.0', java.version: '11.0.8'
Driver info: org.openqa.selenium.chrome.ChromeDriver
Capabilities {acceptInsecureCerts: false, browserName: chrome, browserVersion: 85.0.4183.121, chrome: {chromedriverVersion: 85.0.4183.87 (cd6713ebf92fa..., userDataDir: C:\Users\lenis\AppData\Loca...}, goog:chromeOptions: {debuggerAddress: localhost:49908}, javascriptEnabled: true, networkConnectionEnabled: false, pageLoadStrategy: normal, platform: WINDOWS, platformName: WINDOWS, proxy: Proxy(), setWindowRect: true, strictFileInteractability: false, timeouts: {implicit: 0, pageLoad: 300000, script: 30000}, unhandledPromptBehavior: dismiss and notify, webauthn:virtualAuthenticators: true}
Session ID: 3c557381e6affdfeaaeeeb62aed0c442
	at java.base/jdk.internal.reflect.NativeConstructorAccessorImpl.newInstance0(Native Method)
	at java.base/jdk.internal.reflect.NativeConstructorAccessorImpl.newInstance(NativeConstructorAccessorImpl.java:62)
	at java.base/jdk.internal.reflect.DelegatingConstructorAccessorImpl.newInstance(DelegatingConstructorAccessorImpl.java:45)
	at java.base/java.lang.reflect.Constructor.newInstance(Constructor.java:490)
	at org.openqa.selenium.remote.http.W3CHttpResponseCodec.createException(W3CHttpResponseCodec.java:187)
	at org.openqa.selenium.remote.http.W3CHttpResponseCodec.decode(W3CHttpResponseCodec.java:122)
	at org.openqa.selenium.remote.http.W3CHttpResponseCodec.decode(W3CHttpResponseCodec.java:49)
	at org.openqa.selenium.remote.HttpCommandExecutor.execute(HttpCommandExecutor.java:158)
	at org.openqa.selenium.remote.service.DriverCommandExecutor.execute(DriverCommandExecutor.java:83)
	at org.openqa.selenium.remote.RemoteWebDriver.execute(RemoteWebDriver.java:552)
	at org.openqa.selenium.remote.RemoteWebElement.execute(RemoteWebElement.java:285)
	at org.openqa.selenium.remote.RemoteWebElement.click(RemoteWebElement.java:84)
	at java.base/jdk.internal.reflect.NativeMethodAccessorImpl.invoke0(Native Method)
	at java.base/jdk.internal.reflect.NativeMethodAccessorImpl.invoke(NativeMethodAccessorImpl.java:62)
	at java.base/jdk.internal.reflect.DelegatingMethodAccessorImpl.invoke(DelegatingMethodAccessorImpl.java:43)
	at java.base/java.lang.reflect.Method.invoke(Method.java:566)
	at org.openqa.selenium.support.pagefactory.internal.LocatingElementHandler.invoke(LocatingElementHandler.java:51)
	at com.sun.proxy.$Proxy25.click(Unknown Source)
	at cnnhome.CnnHomePage.liveTvBackHome(CnnHomePage.java:143)
	at stepdefinitions.CnnStepDefinition.i_click_on_back_to_cnn_com(CnnStepDefinition.java:141)
	at ✽.I click on back to cnn.com(file:///C:/Users/lenis/IdeaProjects/BDDWebAutomationFramework_WA_NY_Team2/CNN/src/test/java/features/CnnHomePage.feature:42)
]]>
        </failure>
    </testcase>
    <testcase classname="CNN home page functionality test" name="CNN home page Travel functionality test 5" time="27.638">
        <system-out>
            <![CDATA[Given I am in CNN home page.................................................passed
When I click on live Tv button..............................................passed
And I click on Tv channel box...............................................passed
And I click on cnn channel..................................................passed
And I click close button....................................................passed
Then I validate News Shows is visible.......................................passed
]]>
        </system-out>
    </testcase>
    <testcase classname="CNN home page functionality test" name="CNN home page Travel functionality test 6" time="46.096">
        <system-out>
            <![CDATA[Given I am in CNN home page.................................................passed
When I click on live Tv button..............................................passed
And I click on Tv channel box...............................................passed
And I click on cnn channel..................................................passed
And I click close button....................................................passed
And I click linda voice button..............................................passed
And I click linda voice play button.........................................passed
Then I validate US is visible...............................................passed
]]>
        </system-out>
    </testcase>
    <testcase classname="CNN home page functionality test" name="CNN home User Account functionality test" time="24.846">
        <system-out>
            <![CDATA[Given I am in CNN home page.................................................passed
When I do necessary steps to land on User info page.........................passed
And I enter user credentials................................................passed
Then I validate *Required message...........................................passed
]]>
        </system-out>
    </testcase>
    <testcase classname="CNN home page functionality test" name="CNN home User Account functionality test 2" time="31.481">
        <system-out>
            <![CDATA[Given I am in CNN home page.................................................passed
When I do necessary steps to land on User info page.........................passed
And I enter user credentials................................................passed
And I click on register button..............................................passed
Then I validate "This account already exists. Please log in." message.......passed
]]>
        </system-out>
    </testcase>
    <testcase classname="CNN home page functionality test" name="CNN home User Account functionality test 3" time="15.387">
        <system-out>
            <![CDATA[Given I am in CNN home page.................................................passed
When I do necessary steps to land on LogIn info page........................passed
And I enter credentials in logIn field......................................passed
Then I validate "Stay logged in" message is appeared........................passed
]]>
        </system-out>
    </testcase>
    <testcase classname="CNN home page functionality test" name="CNN home User Account functionality test 4" time="18.682">
        <system-out>
            <![CDATA[Given I am in CNN home page.................................................passed
When I do necessary steps to land on LogIn info page........................passed
And I enter credentials in logIn field......................................passed
And I click on logIn button.................................................passed
Then I validated "Your email has not been verified" message is appeared.....passed
]]>
        </system-out>
    </testcase>
</testsuite>
