
@SmokeTest
Scenario: Cnn SignIn Functionality Check with valid Data # src/test/java/features/CnnHomePage.feature:8
  Given Im in Cnn HomePage                               # stepdefinitions.StepDefinitions.i_am_in_cnn_home_page()
  And I click on AccountIcon                             # stepdefinitions.StepDefinitions.i_click_on_account_icon()
  Then I enter email and Password                        # stepdefinitions.StepDefinitions.i_enter_email_and_password()
  And I click on SignIn button                           # stepdefinitions.StepDefinitions.i_click_on_sign_in_button()

@SmokeTest
Scenario: Cnn US click Check   # src/test/java/features/CnnHomePage.feature:14
  Given Im in Cnn HomePage     # stepdefinitions.StepDefinitions.i_am_in_cnn_home_page()
  Given Im in Cnn HomePage     # stepdefinitions.StepDefinitions.i_am_in_cnn_home_page()
  And I click on US button     # stepdefinitions.StepDefinitions.i_click_on_us_button()
  Then I verify the page title # stepdefinitions.StepDefinitions.i_verify_the_page_title()

@SmokeTest
Scenario: CNN SignUp functionality check      # src/test/java/features/CnnHomePage.feature:20
  Given Im in Cnn HomePage                    # stepdefinitions.StepDefinitions.i_am_in_cnn_home_page()
  And I enter "Sports" in searchBox           # stepdefinitions.StepDefinitions.i_enter_in_search_box(java.lang.String)
  Then I validate Sports page appear properly # stepdefinitions.StepDefinitions.i_validate_sports_page_appear_properly()

@SmokeTest
Scenario Outline: CNN searchBox check with multiple value using data driven        # src/test/java/features/CnnHomePage.feature:31
  Given Im in Cnn HomePage                                                         # stepdefinitions.StepDefinitions.i_am_in_cnn_home_page()
  When I enter "Sports" in searchBox                                               # stepdefinitions.StepDefinitions.i_enter_in_search_box(java.lang.String)
  And I validate page title as "Search CNN - Videos, Pictures, and News - CNN.com" # stepdefinitions.StepDefinitions.i_validate_page_title_as(java.lang.String)

@SmokeTest
Scenario Outline: CNN searchBox check with multiple value using data driven        # src/test/java/features/CnnHomePage.feature:32
  Given Im in Cnn HomePage                                                         # stepdefinitions.StepDefinitions.i_am_in_cnn_home_page()
  When I enter "Politics" in searchBox                                             # stepdefinitions.StepDefinitions.i_enter_in_search_box(java.lang.String)
      org.openqa.selenium.ElementNotInteractableException: element not interactable
  (Session info: chrome=85.0.4183.121)
Build info: version: '3.141.59', revision: 'e82be7d358', time: '2018-11-14T08:17:03'
System info: host: 'Armans-MacBook-Pro.local', ip: 'fe80:0:0:0:ccc:17c9:423e:5581%en0', os.name: 'Mac OS X', os.arch: 'x86_64', os.version: '10.15.6', java.version: '11.0.7'
Driver info: org.openqa.selenium.chrome.ChromeDriver
Capabilities {acceptInsecureCerts: false, browserName: chrome, browserVersion: 85.0.4183.121, chrome: {chromedriverVersion: 85.0.4183.87 (cd6713ebf92fa..., userDataDir: /var/folders/kc/1437tkvj79j...}, goog:chromeOptions: {debuggerAddress: localhost:64105}, javascriptEnabled: true, networkConnectionEnabled: false, pageLoadStrategy: normal, platform: MAC, platformName: MAC, proxy: Proxy(), setWindowRect: true, strictFileInteractability: false, timeouts: {implicit: 0, pageLoad: 300000, script: 30000}, unhandledPromptBehavior: dismiss and notify, webauthn:virtualAuthenticators: true}
Session ID: c5e3e77c8177b3207ccbc42eee6ae07a
	at java.base/jdk.internal.reflect.NativeConstructorAccessorImpl.newInstance0(Native Method)
	at java.base/jdk.internal.reflect.NativeConstructorAccessorImpl.newInstance(NativeConstructorAccessorImpl.java:62)
	at java.base/jdk.internal.reflect.DelegatingConstructorAccessorImpl.newInstance(DelegatingConstructorAccessorImpl.java:45)
	at java.base/java.lang.reflect.Constructor.newInstance(Constructor.java:490)
	at org.openqa.selenium.remote.http.W3CHttpResponseCodec.createException(W3CHttpResponseCodec.java:187)
	at org.openqa.selenium.remote.http.W3CHttpResponseCodec.decode(W3CHttpResponseCodec.java:122)
	at org.openqa.selenium.remote.http.W3CHttpResponseCodec.decode(W3CHttpResponseCodec.java:49)
	at org.openqa.selenium.remote.HttpCommandExecutor.execute(HttpCommandExecutor.java:158)
	at org.openqa.selenium.remote.service.DriverCommandExecutor.execute(DriverCommandExecutor.java:83)
	at org.openqa.selenium.remote.RemoteWebDriver.execute(RemoteWebDriver.java:552)
	at org.openqa.selenium.remote.RemoteWebElement.execute(RemoteWebElement.java:285)
	at org.openqa.selenium.remote.RemoteWebElement.clear(RemoteWebElement.java:124)
	at java.base/jdk.internal.reflect.NativeMethodAccessorImpl.invoke0(Native Method)
	at java.base/jdk.internal.reflect.NativeMethodAccessorImpl.invoke(NativeMethodAccessorImpl.java:62)
	at java.base/jdk.internal.reflect.DelegatingMethodAccessorImpl.invoke(DelegatingMethodAccessorImpl.java:43)
	at java.base/java.lang.reflect.Method.invoke(Method.java:566)
	at org.openqa.selenium.support.pagefactory.internal.LocatingElementHandler.invoke(LocatingElementHandler.java:51)
	at com.sun.proxy.$Proxy25.clear(Unknown Source)
	at cnnhome.CnnHomePage.cnnSearchBoxCheck(CnnHomePage.java:117)
	at stepdefinitions.StepDefinitions.i_enter_in_search_box(StepDefinitions.java:79)
	at ✽.I enter "Politics" in searchBox(file:///Users/arman430/IdeaProjects/BDDWebAutomationFramework_WA_NY_Team2/CNN/src/test/java/features/CnnHomePage.feature:26)

  And I validate page title as "Search CNN - Videos, Pictures, and News - CNN.com" # stepdefinitions.StepDefinitions.i_validate_page_title_as(java.lang.String)
      org.openqa.selenium.NoSuchSessionException: Session ID is null. Using WebDriver after calling quit()?
Build info: version: '3.141.59', revision: 'e82be7d358', time: '2018-11-14T08:17:03'
System info: host: 'Armans-MacBook-Pro.local', ip: 'fe80:0:0:0:ccc:17c9:423e:5581%en0', os.name: 'Mac OS X', os.arch: 'x86_64', os.version: '10.15.6', java.version: '11.0.7'
Driver info: driver.version: RemoteWebDriver
	at org.openqa.selenium.remote.HttpCommandExecutor.execute(HttpCommandExecutor.java:125)
	at org.openqa.selenium.remote.service.DriverCommandExecutor.execute(DriverCommandExecutor.java:83)
	at org.openqa.selenium.remote.RemoteWebDriver.execute(RemoteWebDriver.java:552)
	at org.openqa.selenium.remote.RemoteWebDriver.execute(RemoteWebDriver.java:609)
	at org.openqa.selenium.remote.RemoteWebDriver.getScreenshotAs(RemoteWebDriver.java:295)
	at stepdefinitions.StepDefinitions.tearDown(StepDefinitions.java:29)


@SmokeTest
Scenario Outline: CNN searchBox check with multiple value using data driven        # src/test/java/features/CnnHomePage.feature:33
  Given Im in Cnn HomePage                                                         # stepdefinitions.StepDefinitions.i_am_in_cnn_home_page()
  When I enter "US" in searchBox                                                   # stepdefinitions.StepDefinitions.i_enter_in_search_box(java.lang.String)
  And I validate page title as "Search CNN - Videos, Pictures, and News - CNN.com" # stepdefinitions.StepDefinitions.i_validate_page_title_as(java.lang.String)

@SmokeTest
Scenario: CNN edition button check                          # src/test/java/features/CnnHomePage.feature:36
  Given Im in Cnn HomePage                                  # stepdefinitions.StepDefinitions.i_am_in_cnn_home_page()
  When I click on edition button                            # stepdefinitions.StepDefinitions.i_click_on_edition_button()
  And I click on Us International Arabic and Espanol button # stepdefinitions.StepDefinitions.i_click_on_us_international_arabic_and_espanol_button()
  Then I validate page title                                # stepdefinitions.StepDefinitions.i_validate_page_title()

@SmokeTest
Scenario: CNN home page burger button functionality test # src/test/java/features/CnnHomePage.feature:42
  Given Im in Cnn HomePage                               # stepdefinitions.StepDefinitions.i_am_in_cnn_home_page()
  When I click on burger button                          # stepdefinitions.StepDefinitions.i_click_on_burger_button()
  And I enter sports in search box                       # stepdefinitions.StepDefinitions.i_enter_sports_in_search_box()
  And I click on search button                           # stepdefinitions.StepDefinitions.i_click_on_search_button()
  And I click on politics radio button                   # stepdefinitions.StepDefinitions.i_click_on_politics_radio_button()
  Then I validate politics page is appeared properly     # stepdefinitions.StepDefinitions.i_validate_politics_page_is_appeared_properly()

@SmokeTest
Scenario: CNN home page Travel functionality test # src/test/java/features/CnnHomePage.feature:50
  Given Im in Cnn HomePage                        # stepdefinitions.StepDefinitions.i_am_in_cnn_home_page()
  When I click on travel tab                      # stepdefinitions.StepDefinitions.i_click_on_travel_tab()
  And I click on best beach                       # stepdefinitions.StepDefinitions.i_click_on_best_beach()
  And I click on Map tab                          # stepdefinitions.StepDefinitions.i_click_on_map_tab()
  And I click on radio button                     # stepdefinitions.StepDefinitions.i_click_on_radio_button()
  Then I validate View All is visible             # stepdefinitions.StepDefinitions.i_validate_view_all_is_visible()

@SmokeTest
Scenario: CNN home page Travel functionality test   # src/test/java/features/CnnHomePage.feature:58
  Given Im in Cnn HomePage                          # stepdefinitions.StepDefinitions.i_am_in_cnn_home_page()
  When I click on edition dropDown button           # stepdefinitions.StepDefinitions.i_click_on_edition_drop_down_button()
  And I click on international                      # stepdefinitions.StepDefinitions.i_click_on_international()
  And I click on all stories                        # stepdefinitions.StepDefinitions.i_click_on_all_stories()
  And I click on Covid-19 symptoms                  # stepdefinitions.StepDefinitions.i_click_on_covid_symptoms(java.lang.Integer)
  Then I validate By Sandee LaMotte, CNN is visible # stepdefinitions.StepDefinitions.i_validate_by_sandee_la_motte_cnn_is_visible()

@SmokeTest
Scenario: CNN home page Travel functionality test # src/test/java/features/CnnHomePage.feature:66
  Given Im in Cnn HomePage                        # stepdefinitions.StepDefinitions.i_am_in_cnn_home_page()
  When I click on live Tv button                  # stepdefinitions.StepDefinitions.i_click_on_live_tv_button()
  And I click on back to cnn.com                  # stepdefinitions.StepDefinitions.i_click_on_back_to_cnn_com()
  Then I validate Covid-19 is visible             # stepdefinitions.StepDefinitions.i_validate_covid_is_visible(java.lang.Integer)

@SmokeTest
Scenario: CNN home page Travel functionality test # src/test/java/features/CnnHomePage.feature:72
  Given Im in Cnn HomePage                        # stepdefinitions.StepDefinitions.i_am_in_cnn_home_page()
  When I click on live Tv button                  # stepdefinitions.StepDefinitions.i_click_on_live_tv_button()
  And I click on Tv channel box                   # stepdefinitions.StepDefinitions.i_click_on_tv_channel_box()
  And I click on cnn channel                      # stepdefinitions.StepDefinitions.i_click_on_cnn_channel()
  Then I validate Login is visible                # stepdefinitions.StepDefinitions.i_validate_login_is_visible()
      org.openqa.selenium.NoSuchElementException: no such element: Unable to locate element: {"method":"xpath","selector":"//span[contains(text(),'Login')]"}
  (Session info: chrome=85.0.4183.121)
For documentation on this error, please visit: https://www.seleniumhq.org/exceptions/no_such_element.html
Build info: version: '3.141.59', revision: 'e82be7d358', time: '2018-11-14T08:17:03'
System info: host: 'Armans-MacBook-Pro.local', ip: 'fe80:0:0:0:ccc:17c9:423e:5581%en0', os.name: 'Mac OS X', os.arch: 'x86_64', os.version: '10.15.6', java.version: '11.0.7'
Driver info: org.openqa.selenium.chrome.ChromeDriver
Capabilities {acceptInsecureCerts: false, browserName: chrome, browserVersion: 85.0.4183.121, chrome: {chromedriverVersion: 85.0.4183.87 (cd6713ebf92fa..., userDataDir: /var/folders/kc/1437tkvj79j...}, goog:chromeOptions: {debuggerAddress: localhost:49621}, javascriptEnabled: true, networkConnectionEnabled: false, pageLoadStrategy: normal, platform: MAC, platformName: MAC, proxy: Proxy(), setWindowRect: true, strictFileInteractability: false, timeouts: {implicit: 0, pageLoad: 300000, script: 30000}, unhandledPromptBehavior: dismiss and notify, webauthn:virtualAuthenticators: true}
Session ID: 064d17e2201fa10c05c942abf0b5cffc
*** Element info: {Using=xpath, value=//span[contains(text(),'Login')]}
	at java.base/jdk.internal.reflect.NativeConstructorAccessorImpl.newInstance0(Native Method)
	at java.base/jdk.internal.reflect.NativeConstructorAccessorImpl.newInstance(NativeConstructorAccessorImpl.java:62)
	at java.base/jdk.internal.reflect.DelegatingConstructorAccessorImpl.newInstance(DelegatingConstructorAccessorImpl.java:45)
	at java.base/java.lang.reflect.Constructor.newInstance(Constructor.java:490)
	at org.openqa.selenium.remote.http.W3CHttpResponseCodec.createException(W3CHttpResponseCodec.java:187)
	at org.openqa.selenium.remote.http.W3CHttpResponseCodec.decode(W3CHttpResponseCodec.java:122)
	at org.openqa.selenium.remote.http.W3CHttpResponseCodec.decode(W3CHttpResponseCodec.java:49)
	at org.openqa.selenium.remote.HttpCommandExecutor.execute(HttpCommandExecutor.java:158)
	at org.openqa.selenium.remote.service.DriverCommandExecutor.execute(DriverCommandExecutor.java:83)
	at org.openqa.selenium.remote.RemoteWebDriver.execute(RemoteWebDriver.java:552)
	at org.openqa.selenium.remote.RemoteWebDriver.findElement(RemoteWebDriver.java:323)
	at org.openqa.selenium.remote.RemoteWebDriver.findElementByXPath(RemoteWebDriver.java:428)
	at org.openqa.selenium.By$ByXPath.findElement(By.java:353)
	at org.openqa.selenium.remote.RemoteWebDriver.findElement(RemoteWebDriver.java:315)
	at org.openqa.selenium.support.pagefactory.DefaultElementLocator.findElement(DefaultElementLocator.java:69)
	at org.openqa.selenium.support.pagefactory.internal.LocatingElementHandler.invoke(LocatingElementHandler.java:38)
	at com.sun.proxy.$Proxy25.getText(Unknown Source)
	at cnnhome.CnnHomePage.validateTvChannelBoxCheck(CnnHomePage.java:246)
	at stepdefinitions.StepDefinitions.i_validate_login_is_visible(StepDefinitions.java:225)
	at ✽.I validate Login is visible(file:///Users/arman430/IdeaProjects/BDDWebAutomationFramework_WA_NY_Team2/CNN/src/test/java/features/CnnHomePage.feature:76)

      org.openqa.selenium.NoSuchSessionException: Session ID is null. Using WebDriver after calling quit()?
Build info: version: '3.141.59', revision: 'e82be7d358', time: '2018-11-14T08:17:03'
System info: host: 'Armans-MacBook-Pro.local', ip: 'fe80:0:0:0:ccc:17c9:423e:5581%en0', os.name: 'Mac OS X', os.arch: 'x86_64', os.version: '10.15.6', java.version: '11.0.7'
Driver info: driver.version: RemoteWebDriver
	at org.openqa.selenium.remote.HttpCommandExecutor.execute(HttpCommandExecutor.java:125)
	at org.openqa.selenium.remote.service.DriverCommandExecutor.execute(DriverCommandExecutor.java:83)
	at org.openqa.selenium.remote.RemoteWebDriver.execute(RemoteWebDriver.java:552)
	at org.openqa.selenium.remote.RemoteWebDriver.execute(RemoteWebDriver.java:609)
	at org.openqa.selenium.remote.RemoteWebDriver.getScreenshotAs(RemoteWebDriver.java:295)
	at stepdefinitions.StepDefinitions.tearDown(StepDefinitions.java:29)


@SmokeTest
Scenario: CNN home page Travel functionality test # src/test/java/features/CnnHomePage.feature:79
  Given Im in Cnn HomePage                        # stepdefinitions.StepDefinitions.i_am_in_cnn_home_page()
  When I click on live Tv button                  # stepdefinitions.StepDefinitions.i_click_on_live_tv_button()
  And I click on Tv channel box                   # stepdefinitions.StepDefinitions.i_click_on_tv_channel_box()
  And I click on cnn channel                      # stepdefinitions.StepDefinitions.i_click_on_cnn_channel()
  And I click close button                        # stepdefinitions.StepDefinitions.i_click_close_button()
      org.openqa.selenium.NoSuchElementException: no such element: Unable to locate element: {"method":"xpath","selector":"//div[@class='close']"}
  (Session info: chrome=85.0.4183.121)
For documentation on this error, please visit: https://www.seleniumhq.org/exceptions/no_such_element.html
Build info: version: '3.141.59', revision: 'e82be7d358', time: '2018-11-14T08:17:03'
System info: host: 'Armans-MacBook-Pro.local', ip: 'fe80:0:0:0:ccc:17c9:423e:5581%en0', os.name: 'Mac OS X', os.arch: 'x86_64', os.version: '10.15.6', java.version: '11.0.7'
Driver info: org.openqa.selenium.chrome.ChromeDriver
Capabilities {acceptInsecureCerts: false, browserName: chrome, browserVersion: 85.0.4183.121, chrome: {chromedriverVersion: 85.0.4183.87 (cd6713ebf92fa..., userDataDir: /var/folders/kc/1437tkvj79j...}, goog:chromeOptions: {debuggerAddress: localhost:49872}, javascriptEnabled: true, networkConnectionEnabled: false, pageLoadStrategy: normal, platform: MAC, platformName: MAC, proxy: Proxy(), setWindowRect: true, strictFileInteractability: false, timeouts: {implicit: 0, pageLoad: 300000, script: 30000}, unhandledPromptBehavior: dismiss and notify, webauthn:virtualAuthenticators: true}
Session ID: a6c024cd1f9b3d817a1c2eed3d4b7bfc
*** Element info: {Using=xpath, value=//div[@class='close']}
	at java.base/jdk.internal.reflect.NativeConstructorAccessorImpl.newInstance0(Native Method)
	at java.base/jdk.internal.reflect.NativeConstructorAccessorImpl.newInstance(NativeConstructorAccessorImpl.java:62)
	at java.base/jdk.internal.reflect.DelegatingConstructorAccessorImpl.newInstance(DelegatingConstructorAccessorImpl.java:45)
	at java.base/java.lang.reflect.Constructor.newInstance(Constructor.java:490)
	at org.openqa.selenium.remote.http.W3CHttpResponseCodec.createException(W3CHttpResponseCodec.java:187)
	at org.openqa.selenium.remote.http.W3CHttpResponseCodec.decode(W3CHttpResponseCodec.java:122)
	at org.openqa.selenium.remote.http.W3CHttpResponseCodec.decode(W3CHttpResponseCodec.java:49)
	at org.openqa.selenium.remote.HttpCommandExecutor.execute(HttpCommandExecutor.java:158)
	at org.openqa.selenium.remote.service.DriverCommandExecutor.execute(DriverCommandExecutor.java:83)
	at org.openqa.selenium.remote.RemoteWebDriver.execute(RemoteWebDriver.java:552)
	at org.openqa.selenium.remote.RemoteWebDriver.findElement(RemoteWebDriver.java:323)
	at org.openqa.selenium.remote.RemoteWebDriver.findElementByXPath(RemoteWebDriver.java:428)
	at org.openqa.selenium.By$ByXPath.findElement(By.java:353)
	at org.openqa.selenium.remote.RemoteWebDriver.findElement(RemoteWebDriver.java:315)
	at org.openqa.selenium.support.pagefactory.DefaultElementLocator.findElement(DefaultElementLocator.java:69)
	at org.openqa.selenium.support.pagefactory.internal.LocatingElementHandler.invoke(LocatingElementHandler.java:38)
	at com.sun.proxy.$Proxy25.click(Unknown Source)
	at cnnhome.CnnHomePage.channelCloseOption(CnnHomePage.java:253)
	at stepdefinitions.StepDefinitions.i_click_close_button(StepDefinitions.java:231)
	at ✽.I click close button(file:///Users/arman430/IdeaProjects/BDDWebAutomationFramework_WA_NY_Team2/CNN/src/test/java/features/CnnHomePage.feature:83)

  Then I validate News Shows is visible           # stepdefinitions.StepDefinitions.i_validate_news_shows_is_visible()
      org.openqa.selenium.NoSuchSessionException: Session ID is null. Using WebDriver after calling quit()?
Build info: version: '3.141.59', revision: 'e82be7d358', time: '2018-11-14T08:17:03'
System info: host: 'Armans-MacBook-Pro.local', ip: 'fe80:0:0:0:ccc:17c9:423e:5581%en0', os.name: 'Mac OS X', os.arch: 'x86_64', os.version: '10.15.6', java.version: '11.0.7'
Driver info: driver.version: RemoteWebDriver
	at org.openqa.selenium.remote.HttpCommandExecutor.execute(HttpCommandExecutor.java:125)
	at org.openqa.selenium.remote.service.DriverCommandExecutor.execute(DriverCommandExecutor.java:83)
	at org.openqa.selenium.remote.RemoteWebDriver.execute(RemoteWebDriver.java:552)
	at org.openqa.selenium.remote.RemoteWebDriver.execute(RemoteWebDriver.java:609)
	at org.openqa.selenium.remote.RemoteWebDriver.getScreenshotAs(RemoteWebDriver.java:295)
	at stepdefinitions.StepDefinitions.tearDown(StepDefinitions.java:29)


@SmokeTest
Scenario: CNN home page Travel functionality test # src/test/java/features/CnnHomePage.feature:87
  Given Im in Cnn HomePage                        # stepdefinitions.StepDefinitions.i_am_in_cnn_home_page()
  When I click on live Tv button                  # stepdefinitions.StepDefinitions.i_click_on_live_tv_button()
  And I click on Tv channel box                   # stepdefinitions.StepDefinitions.i_click_on_tv_channel_box()
  And I click on cnn channel                      # stepdefinitions.StepDefinitions.i_click_on_cnn_channel()
  And I click close button                        # stepdefinitions.StepDefinitions.i_click_close_button()
      org.openqa.selenium.NoSuchElementException: no such element: Unable to locate element: {"method":"xpath","selector":"//div[@class='close']"}
  (Session info: chrome=85.0.4183.121)
For documentation on this error, please visit: https://www.seleniumhq.org/exceptions/no_such_element.html
Build info: version: '3.141.59', revision: 'e82be7d358', time: '2018-11-14T08:17:03'
System info: host: 'Armans-MacBook-Pro.local', ip: 'fe80:0:0:0:ccc:17c9:423e:5581%en0', os.name: 'Mac OS X', os.arch: 'x86_64', os.version: '10.15.6', java.version: '11.0.7'
Driver info: org.openqa.selenium.chrome.ChromeDriver
Capabilities {acceptInsecureCerts: false, browserName: chrome, browserVersion: 85.0.4183.121, chrome: {chromedriverVersion: 85.0.4183.87 (cd6713ebf92fa..., userDataDir: /var/folders/kc/1437tkvj79j...}, goog:chromeOptions: {debuggerAddress: localhost:50117}, javascriptEnabled: true, networkConnectionEnabled: false, pageLoadStrategy: normal, platform: MAC, platformName: MAC, proxy: Proxy(), setWindowRect: true, strictFileInteractability: false, timeouts: {implicit: 0, pageLoad: 300000, script: 30000}, unhandledPromptBehavior: dismiss and notify, webauthn:virtualAuthenticators: true}
Session ID: a29134d081ace9ddcfa2c9481c19ea3b
*** Element info: {Using=xpath, value=//div[@class='close']}
	at java.base/jdk.internal.reflect.NativeConstructorAccessorImpl.newInstance0(Native Method)
	at java.base/jdk.internal.reflect.NativeConstructorAccessorImpl.newInstance(NativeConstructorAccessorImpl.java:62)
	at java.base/jdk.internal.reflect.DelegatingConstructorAccessorImpl.newInstance(DelegatingConstructorAccessorImpl.java:45)
	at java.base/java.lang.reflect.Constructor.newInstance(Constructor.java:490)
	at org.openqa.selenium.remote.http.W3CHttpResponseCodec.createException(W3CHttpResponseCodec.java:187)
	at org.openqa.selenium.remote.http.W3CHttpResponseCodec.decode(W3CHttpResponseCodec.java:122)
	at org.openqa.selenium.remote.http.W3CHttpResponseCodec.decode(W3CHttpResponseCodec.java:49)
	at org.openqa.selenium.remote.HttpCommandExecutor.execute(HttpCommandExecutor.java:158)
	at org.openqa.selenium.remote.service.DriverCommandExecutor.execute(DriverCommandExecutor.java:83)
	at org.openqa.selenium.remote.RemoteWebDriver.execute(RemoteWebDriver.java:552)
	at org.openqa.selenium.remote.RemoteWebDriver.findElement(RemoteWebDriver.java:323)
	at org.openqa.selenium.remote.RemoteWebDriver.findElementByXPath(RemoteWebDriver.java:428)
	at org.openqa.selenium.By$ByXPath.findElement(By.java:353)
	at org.openqa.selenium.remote.RemoteWebDriver.findElement(RemoteWebDriver.java:315)
	at org.openqa.selenium.support.pagefactory.DefaultElementLocator.findElement(DefaultElementLocator.java:69)
	at org.openqa.selenium.support.pagefactory.internal.LocatingElementHandler.invoke(LocatingElementHandler.java:38)
	at com.sun.proxy.$Proxy25.click(Unknown Source)
	at cnnhome.CnnHomePage.channelCloseOption(CnnHomePage.java:253)
	at stepdefinitions.StepDefinitions.i_click_close_button(StepDefinitions.java:231)
	at ✽.I click close button(file:///Users/arman430/IdeaProjects/BDDWebAutomationFramework_WA_NY_Team2/CNN/src/test/java/features/CnnHomePage.feature:91)

  And I click linda voice button                  # stepdefinitions.StepDefinitions.i_click_linda_voice_button()
  And I click linda voice play button             # stepdefinitions.StepDefinitions.i_click_linda_voice_play_button()
  Then I validate US is visible                   # stepdefinitions.StepDefinitions.i_validate_us_is_visible()
      org.openqa.selenium.NoSuchSessionException: Session ID is null. Using WebDriver after calling quit()?
Build info: version: '3.141.59', revision: 'e82be7d358', time: '2018-11-14T08:17:03'
System info: host: 'Armans-MacBook-Pro.local', ip: 'fe80:0:0:0:ccc:17c9:423e:5581%en0', os.name: 'Mac OS X', os.arch: 'x86_64', os.version: '10.15.6', java.version: '11.0.7'
Driver info: driver.version: RemoteWebDriver
	at org.openqa.selenium.remote.HttpCommandExecutor.execute(HttpCommandExecutor.java:125)
	at org.openqa.selenium.remote.service.DriverCommandExecutor.execute(DriverCommandExecutor.java:83)
	at org.openqa.selenium.remote.RemoteWebDriver.execute(RemoteWebDriver.java:552)
	at org.openqa.selenium.remote.RemoteWebDriver.execute(RemoteWebDriver.java:609)
	at org.openqa.selenium.remote.RemoteWebDriver.getScreenshotAs(RemoteWebDriver.java:295)
	at stepdefinitions.StepDefinitions.tearDown(StepDefinitions.java:29)


@SmokeTest
Scenario: Cnn SignUp functionality cheek                     # src/test/java/features/CnnHomePage.feature:100
  Given Im in Cnn HomePage                                   # stepdefinitions.StepDefinitions.i_am_in_cnn_home_page()
  When I do all necessary steps to land on Registration page # stepdefinitions.StepDefinitions.i_do_all_necessary_steps_to_land_on_registration_page()
  And I enter user info                                      # stepdefinitions.StepDefinitions.i_enter_user_info(io.cucumber.datatable.DataTable)
  And I click on registration button                         # stepdefinitions.StepDefinitions.i_click_on_registration_button()
  Then I validate welcome message                            # stepdefinitions.StepDefinitions.i_validate_welcome_message()
      java.lang.AssertionError: This account already exists. Please log in. expected [This account already exists. Please log in.] but found [Text do not match]
	at org.testng.Assert.fail(Assert.java:97)
	at org.testng.Assert.assertEqualsImpl(Assert.java:136)
	at org.testng.Assert.assertEquals(Assert.java:118)
	at org.testng.Assert.assertEquals(Assert.java:575)
	at cnnhome.CnnHomePage.validateRegistrationMessage(CnnHomePage.java:374)
	at stepdefinitions.StepDefinitions.i_validate_welcome_message(StepDefinitions.java:277)
	at ✽.I validate welcome message(file:///Users/arman430/IdeaProjects/BDDWebAutomationFramework_WA_NY_Team2/CNN/src/test/java/features/CnnHomePage.feature:106)

      org.openqa.selenium.NoSuchSessionException: Session ID is null. Using WebDriver after calling quit()?
Build info: version: '3.141.59', revision: 'e82be7d358', time: '2018-11-14T08:17:03'
System info: host: 'Armans-MacBook-Pro.local', ip: 'fe80:0:0:0:ccc:17c9:423e:5581%en0', os.name: 'Mac OS X', os.arch: 'x86_64', os.version: '10.15.6', java.version: '11.0.7'
Driver info: driver.version: RemoteWebDriver
	at org.openqa.selenium.remote.HttpCommandExecutor.execute(HttpCommandExecutor.java:125)
	at org.openqa.selenium.remote.service.DriverCommandExecutor.execute(DriverCommandExecutor.java:83)
	at org.openqa.selenium.remote.RemoteWebDriver.execute(RemoteWebDriver.java:552)
	at org.openqa.selenium.remote.RemoteWebDriver.execute(RemoteWebDriver.java:609)
	at org.openqa.selenium.remote.RemoteWebDriver.getScreenshotAs(RemoteWebDriver.java:295)
	at stepdefinitions.StepDefinitions.tearDown(StepDefinitions.java:29)


@SmokeTest
Scenario Outline: Cnn SignIn functionality cheek          # src/test/java/features/CnnHomePage.feature:115
  Given Im in Cnn HomePage                                # stepdefinitions.StepDefinitions.i_am_in_cnn_home_page()
  When I click on SingInIcon                              # stepdefinitions.StepDefinitions.i_click_on_sing_in_icon()
  And I enter "arman.hossain496@gmail.com" and "Cnn1234!" # stepdefinitions.StepDefinitions.i_enter_and(java.lang.String,java.lang.String)
  Then I validate landed page title                       # stepdefinitions.StepDefinitions.i_validate_landed_page_title()
      java.lang.AssertionError: CNN - Breaking News, Latest News and Videos expected [CNN - Breaking News, Latest News and Videos] but found [Title does not match]
	at org.testng.Assert.fail(Assert.java:97)
	at org.testng.Assert.assertEqualsImpl(Assert.java:136)
	at org.testng.Assert.assertEquals(Assert.java:118)
	at org.testng.Assert.assertEquals(Assert.java:575)
	at cnnhome.CnnHomePage.validateSingInPageTitle(CnnHomePage.java:403)
	at stepdefinitions.StepDefinitions.i_validate_landed_page_title(StepDefinitions.java:293)
	at ✽.I validate landed page title(file:///Users/arman430/IdeaProjects/BDDWebAutomationFramework_WA_NY_Team2/CNN/src/test/java/features/CnnHomePage.feature:112)

      org.openqa.selenium.NoSuchSessionException: Session ID is null. Using WebDriver after calling quit()?
Build info: version: '3.141.59', revision: 'e82be7d358', time: '2018-11-14T08:17:03'
System info: host: 'Armans-MacBook-Pro.local', ip: 'fe80:0:0:0:ccc:17c9:423e:5581%en0', os.name: 'Mac OS X', os.arch: 'x86_64', os.version: '10.15.6', java.version: '11.0.7'
Driver info: driver.version: RemoteWebDriver
	at org.openqa.selenium.remote.HttpCommandExecutor.execute(HttpCommandExecutor.java:125)
	at org.openqa.selenium.remote.service.DriverCommandExecutor.execute(DriverCommandExecutor.java:83)
	at org.openqa.selenium.remote.RemoteWebDriver.execute(RemoteWebDriver.java:552)
	at org.openqa.selenium.remote.RemoteWebDriver.execute(RemoteWebDriver.java:609)
	at org.openqa.selenium.remote.RemoteWebDriver.getScreenshotAs(RemoteWebDriver.java:295)
	at stepdefinitions.StepDefinitions.tearDown(StepDefinitions.java:29)

