<?xml version="1.0" encoding="UTF-8" standalone="no"?>
<testsuite errors="0" failures="0" name="io.cucumber.core.plugin.JUnitFormatter" skipped="0" tests="17" time="343.651">
    <testcase classname="CNN Home Page Functionality Check" name="CNN SignUp  check" time="14.203">
        <system-out>
            <![CDATA[Given I am in Cnn home page.................................................passed
And I enter "Sports" in searchBox...........................................passed
Then I validate Sports page appear properly.................................passed
]]>
        </system-out>
    </testcase>
    <testcase classname="CNN Home Page Functionality Check" name="CNN searchBox check with multiple value using data driven" time="15.528">
        <system-out>
            <![CDATA[Given I am in Cnn home page.................................................passed
When I enter "Politics" in searchBox........................................passed
And I validate page title as "Search CNN - Videos, Pictures, and News - CNN.com".passed
]]>
        </system-out>
    </testcase>
    <testcase classname="CNN Home Page Functionality Check" name="CNN searchBox check with multiple value using data driven 2" time="14.279">
        <system-out>
            <![CDATA[Given I am in Cnn home page.................................................passed
When I enter "World" in searchBox...........................................passed
And I validate page title as "Search CNN - Videos, Pictures, and News - CNN.com".passed
]]>
        </system-out>
    </testcase>
    <testcase classname="CNN Home Page Functionality Check" name="CNN searchBox check with multiple value using data driven 3" time="14.006">
        <system-out>
            <![CDATA[Given I am in Cnn home page.................................................passed
When I enter "Entertainment" in searchBox...................................passed
And I validate page title as "Search CNN - Videos, Pictures, and News - CNN.com".passed
]]>
        </system-out>
    </testcase>
    <testcase classname="CNN Home Page Functionality Check" name="CNN searchBox check with multiple value using data driven 4" time="13.624">
        <system-out>
            <![CDATA[Given I am in Cnn home page.................................................passed
When I enter "Health" in searchBox..........................................passed
And I validate page title as "Search CNN - Videos, Pictures, and News - CNN.com".passed
]]>
        </system-out>
    </testcase>
    <testcase classname="CNN Home Page Functionality Check" name="CNN searchBox check with multiple value using data driven 5" time="14.185">
        <system-out>
            <![CDATA[Given I am in Cnn home page.................................................passed
When I enter "Travel" in searchBox..........................................passed
And I validate page title as "Search CNN - Videos, Pictures, and News - CNN.com".passed
]]>
        </system-out>
    </testcase>
    <testcase classname="CNN Home Page Functionality Check" name="CNN searchBox check with multiple value using data driven 6" time="14.282">
        <system-out>
            <![CDATA[Given I am in Cnn home page.................................................passed
When I enter "Style" in searchBox...........................................passed
And I validate page title as "Search CNN - Videos, Pictures, and News - CNN.com".passed
]]>
        </system-out>
    </testcase>
    <testcase classname="CNN Home Page Functionality Check" name="CNN searchBox check with multiple value using data driven 7" time="13.618">
        <system-out>
            <![CDATA[Given I am in Cnn home page.................................................passed
When I enter "Sports" in searchBox..........................................passed
And I validate page title as "Search CNN - Videos, Pictures, and News - CNN.com".passed
]]>
        </system-out>
    </testcase>
    <testcase classname="CNN Home Page Functionality Check" name="CNN searchBox check with multiple value using data driven 8" time="14.756">
        <system-out>
            <![CDATA[Given I am in Cnn home page.................................................passed
When I enter "Business" in searchBox........................................passed
And I validate page title as "Search CNN - Videos, Pictures, and News - CNN.com".passed
]]>
        </system-out>
    </testcase>
    <testcase classname="CNN Home Page Functionality Check" name="CNN edition button check" time="39.908">
        <system-out>
            <![CDATA[Given I am in Cnn home page.................................................passed
When I click on edition button..............................................passed
And I click on Us International Arabic and Espanol button...................passed
Then I validate page title..................................................passed
]]>
        </system-out>
    </testcase>
    <testcase classname="CNN Home Page Functionality Check" name="CNN home page burger button check" time="15.329">
        <system-out>
            <![CDATA[Given I am in Cnn home page.................................................passed
When I click on burger button...............................................passed
And I enter sports in search box............................................passed
And I click on search button................................................passed
And I click on politics radio button........................................passed
Then I validate politics page is appeared properly..........................passed
]]>
        </system-out>
    </testcase>
    <testcase classname="CNN Home Page Functionality Check" name="CNN home page Travel check" time="20.78">
        <system-out>
            <![CDATA[Given I am in Cnn home page.................................................passed
When I click on travel tab..................................................passed
And I click on best beach...................................................passed
And I click on Map tab......................................................passed
And I click on radio button.................................................passed
Then I validate View All is visible.........................................passed
]]>
        </system-out>
    </testcase>
    <testcase classname="CNN Home Page Functionality Check" name="CNN home page Travel check 2" time="17.742">
        <system-out>
            <![CDATA[Given I am in Cnn home page.................................................passed
When I click on edition dropDown button.....................................passed
And I click on international................................................passed
And I click on all stories..................................................passed
And I click on Covid-19 symptoms............................................passed
Then I validate By Sandee LaMotte, CNN is visible...........................passed
]]>
        </system-out>
    </testcase>
    <testcase classname="CNN Home Page Functionality Check" name="CNN home page Travel check 3" time="19.523">
        <system-out>
            <![CDATA[Given I am in Cnn home page.................................................passed
When I click on live Tv button..............................................passed
And I click on back to cnn.com..............................................passed
Then I validate Covid-19 is visible.........................................passed
]]>
        </system-out>
    </testcase>
    <testcase classname="CNN Home Page Functionality Check" name="CNN home page Travel check 4" time="26.079">
        <system-out>
            <![CDATA[Given I am in Cnn home page.................................................passed
When I click on live Tv button..............................................passed
And I click on Tv channel box...............................................passed
And I click on cnn channel..................................................passed
Then I validate Login is visible............................................passed
]]>
        </system-out>
    </testcase>
    <testcase classname="CNN Home Page Functionality Check" name="CNN home page Travel check 5" time="29.096">
        <system-out>
            <![CDATA[Given I am in Cnn home page.................................................passed
When I click on live Tv button..............................................passed
And I click on Tv channel box...............................................passed
And I click on cnn channel..................................................passed
And I click close button....................................................passed
Then I validate News Shows is visible.......................................passed
]]>
        </system-out>
    </testcase>
    <testcase classname="CNN Home Page Functionality Check" name="CNN home page Travel check 6" time="45.848">
        <system-out>
            <![CDATA[Given I am in Cnn home page.................................................passed
When I click on live Tv button..............................................passed
And I click on Tv channel box...............................................passed
And I click on cnn channel..................................................passed
And I click close button....................................................passed
And I click linda voice button..............................................passed
And I click linda voice play button.........................................passed
Then I validate US is visible...............................................passed
]]>
        </system-out>
    </testcase>
</testsuite>
